#
# There is insufficient memory for the Java Runtime Environment to continue.
# Native memory allocation (mmap) failed to map 747110400 bytes for committing reserved memory.
# Possible reasons:
#   The system is out of physical RAM or swap space
#   In 32 bit mode, the process size limit was hit
# Possible solutions:
#   Reduce memory load on the system
#   Increase physical memory or swap space
#   Check if swap backing store is full
#   Use 64 bit Java on a 64 bit OS
#   Decrease Java heap size (-Xmx/-Xms)
#   Decrease number of Java threads
#   Decrease Java thread stack sizes (-Xss)
#   Set larger code cache with -XX:ReservedCodeCacheSize=
# This output file may be truncated or incomplete.
#
#  Out of Memory Error (os_linux.cpp:2627), pid=28738, tid=140521601722112
#
# JRE version: Java(TM) SE Runtime Environment (8.0_91-b14) (build 1.8.0_91-b14)
# Java VM: Java HotSpot(TM) 64-Bit Server VM (25.91-b14 mixed mode linux-amd64 compressed oops)
# Failed to write core dump. Core dumps have been disabled. To enable core dumping, try "ulimit -c unlimited" before starting Java again
#

---------------  T H R E A D  ---------------

Current thread (0x00007fcdd0085000):  VMThread [stack: 0x00007fcdbc176000,0x00007fcdbc277000] [id=28759]

Stack: [0x00007fcdbc176000,0x00007fcdbc277000],  sp=0x00007fcdbc275220,  free space=1020k
Native frames: (J=compiled Java code, j=interpreted, Vv=VM code, C=native code)
V  [libjvm.so+0xabc18a]  VMError::report_and_die()+0x2ba
V  [libjvm.so+0x4fafeb]  report_vm_out_of_memory(char const*, int, unsigned long, VMErrorType, char const*)+0x8b
V  [libjvm.so+0x91cbb3]  os::Linux::commit_memory_impl(char*, unsigned long, bool)+0x103
V  [libjvm.so+0x91d109]  os::pd_commit_memory(char*, unsigned long, unsigned long, bool)+0x29
V  [libjvm.so+0x91740a]  os::commit_memory(char*, unsigned long, unsigned long, bool)+0x2a
V  [libjvm.so+0x98b033]  PSVirtualSpace::expand_by(unsigned long)+0x53
V  [libjvm.so+0x98c438]  PSYoungGen::resize_generation(unsigned long, unsigned long)+0xf8
V  [libjvm.so+0x98b592]  PSYoungGen::resize(unsigned long, unsigned long)+0x22
V  [libjvm.so+0x98886b]  PSScavenge::invoke_no_policy()+0xf3b
V  [libjvm.so+0x988ff1]  PSScavenge::invoke()+0x41
V  [libjvm.so+0x9408b0]  ParallelScavengeHeap::failed_mem_allocate(unsigned long)+0x70
V  [libjvm.so+0xabdba7]  VM_ParallelGCFailedAllocation::doit()+0x97
V  [libjvm.so+0xac55d5]  VM_Operation::evaluate()+0x55
V  [libjvm.so+0xac39aa]  VMThread::evaluate_operation(VM_Operation*)+0xba
V  [libjvm.so+0xac3d2e]  VMThread::loop()+0x1ce
V  [libjvm.so+0xac41a0]  VMThread::run()+0x70
V  [libjvm.so+0x91ef78]  java_start(Thread*)+0x108

VM_Operation (0x00007fcdd87f4bb0): ParallelGCFailedAllocation, mode: safepoint, requested by thread 0x00007fcdd000f000


---------------  P R O C E S S  ---------------

Java Threads: ( => current thread )
  0x00007fcdd00fb000 JavaThread "Service Thread" daemon [_thread_blocked, id=28781, stack(0x00007fcd834f3000,0x00007fcd835f4000)]
  0x00007fcdd00dd800 JavaThread "C1 CompilerThread3" daemon [_thread_blocked, id=28780, stack(0x00007fcd835f4000,0x00007fcd836f5000)]
  0x00007fcdd00db000 JavaThread "C2 CompilerThread2" daemon [_thread_blocked, id=28779, stack(0x00007fcd836f5000,0x00007fcd837f6000)]
  0x00007fcdd00d9800 JavaThread "C2 CompilerThread1" daemon [_thread_blocked, id=28778, stack(0x00007fcd837f6000,0x00007fcd838f7000)]
  0x00007fcdd00d6800 JavaThread "C2 CompilerThread0" daemon [_thread_blocked, id=28777, stack(0x00007fcd838f7000,0x00007fcd839f8000)]
  0x00007fcd70001000 JavaThread "JDWP Command Reader" daemon [_thread_in_native, id=28776, stack(0x00007fcd839f8000,0x00007fcd83af9000)]
  0x00007fcdd00d4800 JavaThread "JDWP Event Helper Thread" daemon [_thread_blocked, id=28774, stack(0x00007fcd83af9000,0x00007fcd83bfa000)]
  0x00007fcdd00d1000 JavaThread "JDWP Transport Listener: dt_socket" daemon [_thread_blocked, id=28773, stack(0x00007fcd83bfa000,0x00007fcd83cfb000)]
  0x00007fcdd00c3800 JavaThread "Signal Dispatcher" daemon [_thread_blocked, id=28771, stack(0x00007fcd83eff000,0x00007fcd84000000)]
  0x00007fcdd0091800 JavaThread "Finalizer" daemon [_thread_blocked, id=28762, stack(0x00007fcd880ff000,0x00007fcd88200000)]
  0x00007fcdd008d000 JavaThread "Reference Handler" daemon [_thread_blocked, id=28761, stack(0x00007fcdbc075000,0x00007fcdbc176000)]
  0x00007fcdd000f000 JavaThread "main" [_thread_blocked, id=28739, stack(0x00007fcdd86f6000,0x00007fcdd87f7000)]

Other Threads:
=>0x00007fcdd0085000 VMThread [stack: 0x00007fcdbc176000,0x00007fcdbc277000] [id=28759]
  0x00007fcdd00fe000 WatcherThread [stack: 0x00007fcd833f2000,0x00007fcd834f3000] [id=28782]

VM state:at safepoint (normal execution)

VM Mutex/Monitor currently owned by a thread:  ([mutex/lock_event])
[0x00007fcdd000b750] Threads_lock - owner thread: 0x00007fcdd0085000
[0x00007fcdd000bc50] Heap_lock - owner thread: 0x00007fcdd000f000

Heap:
 PSYoungGen      total 1272320K, used 790K [0x0000000716b00000, 0x0000000767600000, 0x00000007c0000000)
  eden space 1222656K, 0% used [0x0000000716b00000,0x0000000716b00000,0x0000000761500000)
  from space 49664K, 1% used [0x0000000761500000,0x00000007615c5b38,0x0000000764580000)
  to   space 48640K, 0% used [0x0000000764680000,0x0000000764680000,0x0000000767600000)
 ParOldGen       total 139264K, used 79513K [0x00000005c4000000, 0x00000005cc800000, 0x0000000716b00000)
  object space 139264K, 57% used [0x00000005c4000000,0x00000005c8da6740,0x00000005cc800000)
 Metaspace       used 11120K, capacity 11320K, committed 11392K, reserved 1058816K
  class space    used 1041K, capacity 1098K, committed 1152K, reserved 1048576K

Card table byte_map: [0x00007fcdc001f000,0x00007fcdc1000000] byte_map_base: 0x00007fcdbd1ff000

Marking Bits: (ParMarkBitMap*) 0x00007fcdd7bd3d60
 Begin Bits: [0x00007fcd88200000, 0x00007fcd90100000)
 End Bits:   [0x00007fcd90100000, 0x00007fcd98000000)

Polling page: 0x00007fcdd8822000

CodeCache: size=245760Kb used=6753Kb max_used=6765Kb free=239006Kb
 bounds [0x00007fcdc1000000, 0x00007fcdc16b0000, 0x00007fcdd0000000]
 total_blobs=2535 nmethods=1474 adapters=983
 compilation: enabled

Compilation events (10 events):
Event: 4976,480 Thread 0x00007fcdd00db000 nmethod 1780 0x00007fcdc16a0f10 code [0x00007fcdc16a1140, 0x00007fcdc16a2238]
Event: 4976,484 Thread 0x00007fcdd00d6800 1781       4       java.io.ObjectOutputStream$HandleTable::<init> (45 bytes)
Event: 4976,489 Thread 0x00007fcdd00d6800 nmethod 1781 0x00007fcdc1673e50 code [0x00007fcdc1673fc0, 0x00007fcdc1674438]
Event: 4976,501 Thread 0x00007fcdd00d9800 nmethod 1778 0x00007fcdc16a3150 code [0x00007fcdc16a33c0, 0x00007fcdc16a4ff8]
Event: 4976,701 Thread 0x00007fcdd00db000 1782       4       no.uib.cipr.matrix.DenseMatrix::<init> (96 bytes)
Event: 4976,703 Thread 0x00007fcdd00db000 nmethod 1782 0x00007fcdc165ca10 code [0x00007fcdc165cb80, 0x00007fcdc165cd98]
Event: 4976,726 Thread 0x00007fcdd00d6800 1783       4       java.lang.Integer::parseInt (261 bytes)
Event: 4976,733 Thread 0x00007fcdd00d6800 nmethod 1783 0x00007fcdc169cd90 code [0x00007fcdc169cf20, 0x00007fcdc169d5e8]
Event: 4977,145 Thread 0x00007fcdd00d9800 1784       4       java.util.ArrayList::ensureCapacityInternal (23 bytes)
Event: 4977,160 Thread 0x00007fcdd00d9800 nmethod 1784 0x00007fcdc1673810 code [0x00007fcdc1673960, 0x00007fcdc1673c58]

GC Heap History (10 events):
Event: 4973,927 GC heap after
Heap after GC invocations=9 (full 0):
 PSYoungGen      total 529920K, used 8679K [0x0000000716b00000, 0x000000074b880000, 0x00000007c0000000)
  eden space 477696K, 0% used [0x0000000716b00000,0x0000000716b00000,0x0000000733d80000)
  from space 52224K, 16% used [0x0000000733d80000,0x00000007345f9e20,0x0000000737080000)
  to   space 50688K, 0% used [0x0000000748700000,0x0000000748700000,0x000000074b880000)
 ParOldGen       total 84992K, used 73702K [0x00000005c4000000, 0x00000005c9300000, 0x0000000716b00000)
  object space 84992K, 86% used [0x00000005c4000000,0x00000005c87f9a70,0x00000005c9300000)
 Metaspace       used 11106K, capacity 11320K, committed 11392K, reserved 1058816K
  class space    used 1040K, capacity 1098K, committed 1152K, reserved 1048576K
}
Event: 4973,927 GC heap before
{Heap before GC invocations=10 (full 1):
 PSYoungGen      total 529920K, used 8679K [0x0000000716b00000, 0x000000074b880000, 0x00000007c0000000)
  eden space 477696K, 0% used [0x0000000716b00000,0x0000000716b00000,0x0000000733d80000)
  from space 52224K, 16% used [0x0000000733d80000,0x00000007345f9e20,0x0000000737080000)
  to   space 50688K, 0% used [0x0000000748700000,0x0000000748700000,0x000000074b880000)
 ParOldGen       total 84992K, used 73702K [0x00000005c4000000, 0x00000005c9300000, 0x0000000716b00000)
  object space 84992K, 86% used [0x00000005c4000000,0x00000005c87f9a70,0x00000005c9300000)
 Metaspace       used 11106K, capacity 11320K, committed 11392K, reserved 1058816K
  class space    used 1040K, capacity 1098K, committed 1152K, reserved 1048576K
Event: 4974,086 GC heap after
Heap after GC invocations=10 (full 1):
 PSYoungGen      total 529920K, used 0K [0x0000000716b00000, 0x000000074b880000, 0x00000007c0000000)
  eden space 477696K, 0% used [0x0000000716b00000,0x0000000716b00000,0x0000000733d80000)
  from space 52224K, 0% used [0x0000000733d80000,0x0000000733d80000,0x0000000737080000)
  to   space 50688K, 0% used [0x0000000748700000,0x0000000748700000,0x000000074b880000)
 ParOldGen       total 139264K, used 79311K [0x00000005c4000000, 0x00000005cc800000, 0x0000000716b00000)
  object space 139264K, 56% used [0x00000005c4000000,0x00000005c8d73ff0,0x00000005cc800000)
 Metaspace       used 11106K, capacity 11320K, committed 11392K, reserved 1058816K
  class space    used 1040K, capacity 1098K, committed 1152K, reserved 1048576K
}
Event: 4974,446 GC heap before
{Heap before GC invocations=11 (full 1):
 PSYoungGen      total 529920K, used 477696K [0x0000000716b00000, 0x000000074b880000, 0x00000007c0000000)
  eden space 477696K, 100% used [0x0000000716b00000,0x0000000733d80000,0x0000000733d80000)
  from space 52224K, 0% used [0x0000000733d80000,0x0000000733d80000,0x0000000737080000)
  to   space 50688K, 0% used [0x0000000748700000,0x0000000748700000,0x000000074b880000)
 ParOldGen       total 139264K, used 79311K [0x00000005c4000000, 0x00000005cc800000, 0x0000000716b00000)
  object space 139264K, 56% used [0x00000005c4000000,0x00000005c8d73ff0,0x00000005cc800000)
 Metaspace       used 11110K, capacity 11320K, committed 11392K, reserved 1058816K
  class space    used 1041K, capacity 1098K, committed 1152K, reserved 1048576K
Event: 4974,448 GC heap after
Heap after GC invocations=11 (full 1):
 PSYoungGen      total 815104K, used 754K [0x0000000716b00000, 0x000000074b880000, 0x00000007c0000000)
  eden space 764416K, 0% used [0x0000000716b00000,0x0000000716b00000,0x0000000745580000)
  from space 50688K, 1% used [0x0000000748700000,0x00000007487bc940,0x000000074b880000)
  to   space 50688K, 0% used [0x0000000745580000,0x0000000745580000,0x0000000748700000)
 ParOldGen       total 139264K, used 79319K [0x00000005c4000000, 0x00000005cc800000, 0x0000000716b00000)
  object space 139264K, 56% used [0x00000005c4000000,0x00000005c8d75ff0,0x00000005cc800000)
 Metaspace       used 11110K, capacity 11320K, committed 11392K, reserved 1058816K
  class space    used 1041K, capacity 1098K, committed 1152K, reserved 1048576K
}
Event: 4975,256 GC heap before
{Heap before GC invocations=12 (full 1):
 PSYoungGen      total 815104K, used 765170K [0x0000000716b00000, 0x000000074b880000, 0x00000007c0000000)
  eden space 764416K, 100% used [0x0000000716b00000,0x0000000745580000,0x0000000745580000)
  from space 50688K, 1% used [0x0000000748700000,0x00000007487bc940,0x000000074b880000)
  to   space 50688K, 0% used [0x0000000745580000,0x0000000745580000,0x0000000748700000)
 ParOldGen       total 139264K, used 79319K [0x00000005c4000000, 0x00000005cc800000, 0x0000000716b00000)
  object space 139264K, 56% used [0x00000005c4000000,0x00000005c8d75ff0,0x00000005cc800000)
 Metaspace       used 11113K, capacity 11320K, committed 11392K, reserved 1058816K
  class space    used 1041K, capacity 1098K, committed 1152K, reserved 1048576K
Event: 4975,265 GC heap after
Heap after GC invocations=12 (full 1):
 PSYoungGen      total 815104K, used 635K [0x0000000716b00000, 0x0000000767800000, 0x00000007c0000000)
  eden space 764416K, 0% used [0x0000000716b00000,0x0000000716b00000,0x0000000745580000)
  from space 50688K, 1% used [0x0000000745580000,0x000000074561ed60,0x0000000748700000)
  to   space 50688K, 0% used [0x0000000764680000,0x0000000764680000,0x0000000767800000)
 ParOldGen       total 139264K, used 79497K [0x00000005c4000000, 0x00000005cc800000, 0x0000000716b00000)
  object space 139264K, 57% used [0x00000005c4000000,0x00000005c8da2740,0x00000005cc800000)
 Metaspace       used 11113K, capacity 11320K, committed 11392K, reserved 1058816K
  class space    used 1041K, capacity 1098K, committed 1152K, reserved 1048576K
}
Event: 4975,918 GC heap before
{Heap before GC invocations=13 (full 1):
 PSYoungGen      total 815104K, used 765051K [0x0000000716b00000, 0x0000000767800000, 0x00000007c0000000)
  eden space 764416K, 100% used [0x0000000716b00000,0x0000000745580000,0x0000000745580000)
  from space 50688K, 1% used [0x0000000745580000,0x000000074561ed60,0x0000000748700000)
  to   space 50688K, 0% used [0x0000000764680000,0x0000000764680000,0x0000000767800000)
 ParOldGen       total 139264K, used 79497K [0x00000005c4000000, 0x00000005cc800000, 0x0000000716b00000)
  object space 139264K, 57% used [0x00000005c4000000,0x00000005c8da2740,0x00000005cc800000)
 Metaspace       used 11116K, capacity 11320K, committed 11392K, reserved 1058816K
  class space    used 1041K, capacity 1098K, committed 1152K, reserved 1048576K
Event: 4975,920 GC heap after
Heap after GC invocations=13 (full 1):
 PSYoungGen      total 1271296K, used 436K [0x0000000716b00000, 0x0000000767600000, 0x00000007c0000000)
  eden space 1222656K, 0% used [0x0000000716b00000,0x0000000716b00000,0x0000000761500000)
  from space 48640K, 0% used [0x0000000764680000,0x00000007646ed170,0x0000000767600000)
  to   space 49664K, 0% used [0x0000000761500000,0x0000000761500000,0x0000000764580000)
 ParOldGen       total 139264K, used 79505K [0x00000005c4000000, 0x00000005cc800000, 0x0000000716b00000)
  object space 139264K, 57% used [0x00000005c4000000,0x00000005c8da4740,0x00000005cc800000)
 Metaspace       used 11116K, capacity 11320K, committed 11392K, reserved 1058816K
  class space    used 1041K, capacity 1098K, committed 1152K, reserved 1048576K
}
Event: 4977,305 GC heap before
{Heap before GC invocations=14 (full 1):
 PSYoungGen      total 1271296K, used 1223092K [0x0000000716b00000, 0x0000000767600000, 0x00000007c0000000)
  eden space 1222656K, 100% used [0x0000000716b00000,0x0000000761500000,0x0000000761500000)
  from space 48640K, 0% used [0x0000000764680000,0x00000007646ed170,0x0000000767600000)
  to   space 49664K, 0% used [0x0000000761500000,0x0000000761500000,0x0000000764580000)
 ParOldGen       total 139264K, used 79505K [0x00000005c4000000, 0x00000005cc800000, 0x0000000716b00000)
  object space 139264K, 57% used [0x00000005c4000000,0x00000005c8da4740,0x00000005cc800000)
 Metaspace       used 11120K, capacity 11320K, committed 11392K, reserved 1058816K
  class space    used 1041K, capacity 1098K, committed 1152K, reserved 1048576K

Deoptimization events (10 events):
Event: 4833,490 Thread 0x00007fcdd000f000 Uncommon trap: reason=class_check action=maybe_recompile pc=0x00007fcdc1420ac8 method=java.util.HashMap.putVal(ILjava/lang/Object;Ljava/lang/Object;ZZ)Ljava/lang/Object; @ 253
Event: 4833,490 Thread 0x00007fcdd000f000 Uncommon trap: reason=class_check action=maybe_recompile pc=0x00007fcdc1420ac8 method=java.util.HashMap.putVal(ILjava/lang/Object;Ljava/lang/Object;ZZ)Ljava/lang/Object; @ 253
Event: 4833,490 Thread 0x00007fcdd000f000 Uncommon trap: reason=class_check action=maybe_recompile pc=0x00007fcdc1420ac8 method=java.util.HashMap.putVal(ILjava/lang/Object;Ljava/lang/Object;ZZ)Ljava/lang/Object; @ 253
Event: 4833,508 Thread 0x00007fcdd000f000 Uncommon trap: reason=unstable_if action=reinterpret pc=0x00007fcdc14e3294 method=sun.misc.MetaIndex.mayContain(Ljava/lang/String;)Z @ 38
Event: 4833,509 Thread 0x00007fcdd000f000 Uncommon trap: reason=unstable_if action=reinterpret pc=0x00007fcdc13cfdf8 method=sun.misc.MetaIndex.mayContain(Ljava/lang/String;)Z @ 38
Event: 4833,613 Thread 0x00007fcdd000f000 Uncommon trap: reason=unstable_if action=reinterpret pc=0x00007fcdc14a1230 method=src.myLinearRegression.regressionPrediction(Lweka/core/Instance;[Z[D)D @ 26
Event: 4900,344 Thread 0x00007fcdd000f000 Uncommon trap: reason=unstable_if action=reinterpret pc=0x00007fcdc1475dc4 method=java.util.BitSet.clear(I)V @ 41
Event: 4905,046 Thread 0x00007fcdd000f000 Uncommon trap: reason=unstable_if action=reinterpret pc=0x00007fcdc110d654 method=weka.filters.unsupervised.attribute.ReplaceMissingValues.convertInstance(Lweka/core/Instance;)V @ 331
Event: 4905,046 Thread 0x00007fcdd000f000 Uncommon trap: reason=unstable_if action=reinterpret pc=0x00007fcdc14bf950 method=weka.core.AbstractInstance.isMissing(I)Z @ 8
Event: 4906,590 Thread 0x00007fcdd000f000 Uncommon trap: reason=unstable_if action=reinterpret pc=0x00007fcdc123064c method=weka.core.AbstractInstance.isMissingSparse(I)Z @ 8

Internal exceptions (10 events):
Event: 1,590 Thread 0x00007fcdd000f000 Exception <a 'java/lang/ClassNotFoundException': weka/filters/SimpleStreamFilterBeanInfo> (0x0000000717ffb760) thrown at [/HUDSON/workspace/8-2-build-linux-amd64/jdk8u91/6644/hotspot/src/share/vm/classfile/systemDictionary.cpp, line 210]
Event: 1,591 Thread 0x00007fcdd000f000 Exception <a 'java/lang/ClassNotFoundException': weka/filters/SimpleStreamFilterCustomizer> (0x0000000718007950) thrown at [/HUDSON/workspace/8-2-build-linux-amd64/jdk8u91/6644/hotspot/src/share/vm/classfile/systemDictionary.cpp, line 210]
Event: 1,592 Thread 0x00007fcdd000f000 Exception <a 'java/lang/ClassNotFoundException': weka/filters/SimpleFilterBeanInfo> (0x0000000718014788) thrown at [/HUDSON/workspace/8-2-build-linux-amd64/jdk8u91/6644/hotspot/src/share/vm/classfile/systemDictionary.cpp, line 210]
Event: 1,592 Thread 0x00007fcdd000f000 Exception <a 'java/lang/ClassNotFoundException': weka/filters/SimpleFilterCustomizer> (0x000000071801fe38) thrown at [/HUDSON/workspace/8-2-build-linux-amd64/jdk8u91/6644/hotspot/src/share/vm/classfile/systemDictionary.cpp, line 210]
Event: 1,594 Thread 0x00007fcdd000f000 Exception <a 'java/lang/ClassNotFoundException': weka/filters/FilterBeanInfo> (0x000000071802bf68) thrown at [/HUDSON/workspace/8-2-build-linux-amd64/jdk8u91/6644/hotspot/src/share/vm/classfile/systemDictionary.cpp, line 210]
Event: 1,594 Thread 0x00007fcdd000f000 Exception <a 'java/lang/ClassNotFoundException': weka/filters/FilterCustomizer> (0x00000007180361d0) thrown at [/HUDSON/workspace/8-2-build-linux-amd64/jdk8u91/6644/hotspot/src/share/vm/classfile/systemDictionary.cpp, line 210]
Event: 1,595 Thread 0x00007fcdd000f000 Exception <a 'java/lang/ArrayIndexOutOfBoundsException'> (0x000000071803a848) thrown at [/HUDSON/workspace/8-2-build-linux-amd64/jdk8u91/6644/hotspot/src/share/vm/runtime/sharedRuntime.cpp, line 605]
Event: 1,929 Thread 0x00007fcdd000f000 Exception <a 'java/lang/NoSuchMethodError': <clinit>> (0x000000071d535ee0) thrown at [/HUDSON/workspace/8-2-build-linux-amd64/jdk8u91/6644/hotspot/src/share/vm/prims/jni.cpp, line 1613]
Event: 1,944 Thread 0x00007fcdd000f000 Exception <a 'java/lang/NoSuchMethodError': <clinit>> (0x000000071d573aa0) thrown at [/HUDSON/workspace/8-2-build-linux-amd64/jdk8u91/6644/hotspot/src/share/vm/prims/jni.cpp, line 1613]
Event: 2,084 Thread 0x00007fcdd000f000 Implicit null exception at 0x00007fcdc137f9f9 to 0x00007fcdc137fe89

Events (10 events):
Event: 4974,644 Thread 0x00007fcdd000f000 DEOPT UNPACKING pc=0x00007fcdc1047633 sp=0x00007fcdd87f4a20 mode 0
Event: 4975,256 Executing VM operation: ParallelGCFailedAllocation
Event: 4975,265 Executing VM operation: ParallelGCFailedAllocation done
Event: 4975,275 Thread 0x00007fcdd000f000 DEOPT PACKING pc=0x00007fcdc1442b7f sp=0x00007fcdd87f4e30
Event: 4975,275 Thread 0x00007fcdd000f000 DEOPT UNPACKING pc=0x00007fcdc1047633 sp=0x00007fcdd87f4b48 mode 0
Event: 4975,918 Executing VM operation: ParallelGCFailedAllocation
Event: 4975,920 Executing VM operation: ParallelGCFailedAllocation done
Event: 4976,227 Thread 0x00007fcdd000f000 DEOPT PACKING pc=0x00007fcdc157c8f6 sp=0x00007fcdd87f4ea0
Event: 4976,227 Thread 0x00007fcdd000f000 DEOPT UNPACKING pc=0x00007fcdc1047633 sp=0x00007fcdd87f4b68 mode 0
Event: 4977,305 Executing VM operation: ParallelGCFailedAllocation


Dynamic libraries:
00400000-00401000 r-xp 00000000 08:01 527410                             /usr/lib/jvm/java-8-oracle/bin/java
00600000-00601000 rw-p 00000000 08:01 527410                             /usr/lib/jvm/java-8-oracle/bin/java
01743000-01764000 rw-p 00000000 00:00 0                                  [heap]
5c4000000-5cc800000 rw-p 00000000 00:00 0 
5cc800000-716b00000 ---p 00000000 00:00 0 
716b00000-767600000 rw-p 00000000 00:00 0 
793e80000-7c0000000 ---p 00000000 00:00 0 
7c0000000-7c0120000 rw-p 00000000 00:00 0 
7c0120000-800000000 ---p 00000000 00:00 0 
7fcd3effe000-7fcd40ffe000 rw-p 00000000 00:00 0 
7fcd40ffe000-7fcd44ffe000 rw-p 00000000 00:00 0 
7fcd44ffe000-7fcd44fff000 ---p 00000000 00:00 0 
7fcd44fff000-7fcd457ff000 rw-p 00000000 00:00 0 
7fcd457ff000-7fcd477ff000 rw-p 00000000 00:00 0 
7fcd477ff000-7fcd497ff000 rw-p 00000000 00:00 0 
7fcd497ff000-7fcd4b7ff000 rw-p 00000000 00:00 0 
7fcd4b7ff000-7fcd4d7ff000 rw-p 00000000 00:00 0 
7fcd4d7ff000-7fcd4f7ff000 rw-p 00000000 00:00 0 
7fcd4f7ff000-7fcd4f800000 ---p 00000000 00:00 0 
7fcd4f800000-7fcd50000000 rw-p 00000000 00:00 0 
7fcd50000000-7fcd50021000 rw-p 00000000 00:00 0 
7fcd50021000-7fcd54000000 ---p 00000000 00:00 0 
7fcd54769000-7fcd5476a000 ---p 00000000 00:00 0 
7fcd5476a000-7fcd54f6a000 rw-p 00000000 00:00 0 
7fcd54f6a000-7fcd54f6b000 ---p 00000000 00:00 0 
7fcd54f6b000-7fcd5576b000 rw-p 00000000 00:00 0 
7fcd5576b000-7fcd5576c000 ---p 00000000 00:00 0 
7fcd5576c000-7fcd55f6c000 rw-p 00000000 00:00 0 
7fcd55f6c000-7fcd57dd0000 r-xp 00000000 08:01 525281                     /usr/lib/libopenblasp-r0.2.18.so
7fcd57dd0000-7fcd57fcf000 ---p 01e64000 08:01 525281                     /usr/lib/libopenblasp-r0.2.18.so
7fcd57fcf000-7fcd57fd5000 r--p 01e63000 08:01 525281                     /usr/lib/libopenblasp-r0.2.18.so
7fcd57fd5000-7fcd57fe7000 rw-p 01e69000 08:01 525281                     /usr/lib/libopenblasp-r0.2.18.so
7fcd57fe7000-7fcd58000000 rw-p 00000000 00:00 0 
7fcd58000000-7fcd58644000 rw-p 00000000 00:00 0 
7fcd58644000-7fcd5c000000 ---p 00000000 00:00 0 
7fcd5c000000-7fcd5c021000 rw-p 00000000 00:00 0 
7fcd5c021000-7fcd60000000 ---p 00000000 00:00 0 
7fcd60000000-7fcd61207000 rw-p 00000000 00:00 0 
7fcd61207000-7fcd64000000 ---p 00000000 00:00 0 
7fcd64000000-7fcd645ed000 rw-p 00000000 00:00 0 
7fcd645ed000-7fcd68000000 ---p 00000000 00:00 0 
7fcd68000000-7fcd68021000 rw-p 00000000 00:00 0 
7fcd68021000-7fcd6c000000 ---p 00000000 00:00 0 
7fcd6c000000-7fcd6c61d000 rw-p 00000000 00:00 0 
7fcd6c61d000-7fcd70000000 ---p 00000000 00:00 0 
7fcd70000000-7fcd70080000 rw-p 00000000 00:00 0 
7fcd70080000-7fcd74000000 ---p 00000000 00:00 0 
7fcd74000000-7fcd74172000 rw-p 00000000 00:00 0 
7fcd74172000-7fcd78000000 ---p 00000000 00:00 0 
7fcd78000000-7fcd78021000 rw-p 00000000 00:00 0 
7fcd78021000-7fcd7c000000 ---p 00000000 00:00 0 
7fcd7c000000-7fcd7c021000 rw-p 00000000 00:00 0 
7fcd7c021000-7fcd80000000 ---p 00000000 00:00 0 
7fcd8054b000-7fcd8054c000 ---p 00000000 00:00 0 
7fcd8054c000-7fcd80d4c000 rw-p 00000000 00:00 0 
7fcd80d4c000-7fcd80d4d000 ---p 00000000 00:00 0 
7fcd80d4d000-7fcd8154d000 rw-p 00000000 00:00 0 
7fcd8154d000-7fcd81563000 r-xp 00000000 08:01 1442201                    /lib/x86_64-linux-gnu/libgcc_s.so.1
7fcd81563000-7fcd81762000 ---p 00016000 08:01 1442201                    /lib/x86_64-linux-gnu/libgcc_s.so.1
7fcd81762000-7fcd81763000 rw-p 00015000 08:01 1442201                    /lib/x86_64-linux-gnu/libgcc_s.so.1
7fcd81763000-7fcd817a1000 r-xp 00000000 08:01 527948                     /usr/lib/x86_64-linux-gnu/libquadmath.so.0.0.0
7fcd817a1000-7fcd819a0000 ---p 0003e000 08:01 527948                     /usr/lib/x86_64-linux-gnu/libquadmath.so.0.0.0
7fcd819a0000-7fcd819a1000 r--p 0003d000 08:01 527948                     /usr/lib/x86_64-linux-gnu/libquadmath.so.0.0.0
7fcd819a1000-7fcd819a2000 rw-p 0003e000 08:01 527948                     /usr/lib/x86_64-linux-gnu/libquadmath.so.0.0.0
7fcd819a2000-7fcd81f82000 r-xp 00000000 08:01 2493668                    /usr/lib/openblas-base/liblapack.so.3
7fcd81f82000-7fcd82182000 ---p 005e0000 08:01 2493668                    /usr/lib/openblas-base/liblapack.so.3
7fcd82182000-7fcd82183000 r--p 005e0000 08:01 2493668                    /usr/lib/openblas-base/liblapack.so.3
7fcd82183000-7fcd82185000 rw-p 005e1000 08:01 2493668                    /usr/lib/openblas-base/liblapack.so.3
7fcd82185000-7fcd821e0000 r-xp 00000000 08:01 2493185                    /usr/lib/openblas-base/libblas.so.3
7fcd821e0000-7fcd823e0000 ---p 0005b000 08:01 2493185                    /usr/lib/openblas-base/libblas.so.3
7fcd823e0000-7fcd823e5000 r--p 0005b000 08:01 2493185                    /usr/lib/openblas-base/libblas.so.3
7fcd823e5000-7fcd823e6000 rw-p 00060000 08:01 2493185                    /usr/lib/openblas-base/libblas.so.3
7fcd823e6000-7fcd8250f000 r-xp 00000000 08:01 528038                     /usr/lib/x86_64-linux-gnu/libgfortran.so.3.0.0
7fcd8250f000-7fcd8270e000 ---p 00129000 08:01 528038                     /usr/lib/x86_64-linux-gnu/libgfortran.so.3.0.0
7fcd8270e000-7fcd8270f000 r--p 00128000 08:01 528038                     /usr/lib/x86_64-linux-gnu/libgfortran.so.3.0.0
7fcd8270f000-7fcd82711000 rw-p 00129000 08:01 528038                     /usr/lib/x86_64-linux-gnu/libgfortran.so.3.0.0
7fcd8271d000-7fcd82739000 r--s 00393000 08:01 657780                     /usr/lib/jvm/java-8-oracle/jre/lib/ext/cldrdata.jar
7fcd82739000-7fcd828c7000 r-xp 00000000 08:01 3539113                    /tmp/jniloader5227757370913690642netlib-native_system-linux-x86_64.so
7fcd828c7000-7fcd82ac6000 ---p 0018e000 08:01 3539113                    /tmp/jniloader5227757370913690642netlib-native_system-linux-x86_64.so
7fcd82ac6000-7fcd82ac8000 rw-p 0018d000 08:01 3539113                    /tmp/jniloader5227757370913690642netlib-native_system-linux-x86_64.so
7fcd82ac8000-7fcd82ac9000 rw-p 00000000 00:00 0 
7fcd82ac9000-7fcd82ada000 r-xp 00000000 08:01 658468                     /usr/lib/jvm/java-8-oracle/jre/lib/amd64/libnio.so
7fcd82ada000-7fcd82cd9000 ---p 00011000 08:01 658468                     /usr/lib/jvm/java-8-oracle/jre/lib/amd64/libnio.so
7fcd82cd9000-7fcd82cda000 rw-p 00010000 08:01 658468                     /usr/lib/jvm/java-8-oracle/jre/lib/amd64/libnio.so
7fcd82cda000-7fcd82fdb000 rw-p 00000000 00:00 0 
7fcd82fdb000-7fcd82ff1000 r-xp 00000000 08:01 658465                     /usr/lib/jvm/java-8-oracle/jre/lib/amd64/libnet.so
7fcd82ff1000-7fcd831f1000 ---p 00016000 08:01 658465                     /usr/lib/jvm/java-8-oracle/jre/lib/amd64/libnet.so
7fcd831f1000-7fcd831f2000 rw-p 00016000 08:01 658465                     /usr/lib/jvm/java-8-oracle/jre/lib/amd64/libnet.so
7fcd831f2000-7fcd833f2000 rw-p 00000000 00:00 0 
7fcd833f2000-7fcd833f3000 ---p 00000000 00:00 0 
7fcd833f3000-7fcd834f3000 rw-p 00000000 00:00 0 
7fcd834f3000-7fcd834f6000 ---p 00000000 00:00 0 
7fcd834f6000-7fcd835f4000 rw-p 00000000 00:00 0 
7fcd835f4000-7fcd835f7000 ---p 00000000 00:00 0 
7fcd835f7000-7fcd836f5000 rw-p 00000000 00:00 0 
7fcd836f5000-7fcd836f8000 ---p 00000000 00:00 0 
7fcd836f8000-7fcd837f6000 rw-p 00000000 00:00 0 
7fcd837f6000-7fcd837f9000 ---p 00000000 00:00 0 
7fcd837f9000-7fcd838f7000 rw-p 00000000 00:00 0 
7fcd838f7000-7fcd838fa000 ---p 00000000 00:00 0 
7fcd838fa000-7fcd839f8000 rw-p 00000000 00:00 0 
7fcd839f8000-7fcd839fb000 ---p 00000000 00:00 0 
7fcd839fb000-7fcd83af9000 rw-p 00000000 00:00 0 
7fcd83af9000-7fcd83afc000 ---p 00000000 00:00 0 
7fcd83afc000-7fcd83bfa000 rw-p 00000000 00:00 0 
7fcd83bfa000-7fcd83bfd000 ---p 00000000 00:00 0 
7fcd83bfd000-7fcd83cfb000 rw-p 00000000 00:00 0 
7fcd83cfb000-7fcd83cff000 r-xp 00000000 08:01 658430                     /usr/lib/jvm/java-8-oracle/jre/lib/amd64/libdt_socket.so
7fcd83cff000-7fcd83efe000 ---p 00004000 08:01 658430                     /usr/lib/jvm/java-8-oracle/jre/lib/amd64/libdt_socket.so
7fcd83efe000-7fcd83eff000 rw-p 00003000 08:01 658430                     /usr/lib/jvm/java-8-oracle/jre/lib/amd64/libdt_socket.so
7fcd83eff000-7fcd83f02000 ---p 00000000 00:00 0 
7fcd83f02000-7fcd84000000 rw-p 00000000 00:00 0 
7fcd84000000-7fcd84021000 rw-p 00000000 00:00 0 
7fcd84021000-7fcd88000000 ---p 00000000 00:00 0 
7fcd88001000-7fcd8800b000 r--s 00116000 08:01 657787                     /usr/lib/jvm/java-8-oracle/jre/lib/ext/localedata.jar
7fcd8800b000-7fcd8800f000 r--s 00097000 08:01 657776                     /usr/lib/jvm/java-8-oracle/jre/lib/jsse.jar
7fcd8800f000-7fcd88011000 r--s 00019000 08:01 3061428                    /opt/idea/lib/idea_rt.jar
7fcd88011000-7fcd88013000 r--s 00027000 08:01 3280762                    /home/cycle/.m2/repository/com/github/fommil/netlib/core/1.1/core-1.1.jar
7fcd88013000-7fcd88025000 r--s 00112000 08:01 2105405                    /home/cycle/.m2/repository/net/sourceforge/f2j/arpack_combined_all/0.1/arpack_combined_all-0.1.jar
7fcd88025000-7fcd88084000 r--s 00835000 08:01 2099144                    /home/cycle/.m2/repository/nz/ac/waikato/cms/weka/weka-dev/3.9.0/weka-dev-3.9.0.jar
7fcd88084000-7fcd880ff000 r--s 00a02000 08:01 2108725                    /home/cycle/programs/weka-3-8-0/weka.jar
7fcd880ff000-7fcd88102000 ---p 00000000 00:00 0 
7fcd88102000-7fcd98000000 rw-p 00000000 00:00 0 
7fcd98000000-7fcd98021000 rw-p 00000000 00:00 0 
7fcd98021000-7fcd9c000000 ---p 00000000 00:00 0 
7fcd9c000000-7fcd9c296000 rw-p 00000000 00:00 0 
7fcd9c296000-7fcda0000000 ---p 00000000 00:00 0 
7fcda0000000-7fcda0021000 rw-p 00000000 00:00 0 
7fcda0021000-7fcda4000000 ---p 00000000 00:00 0 
7fcda4000000-7fcda4021000 rw-p 00000000 00:00 0 
7fcda4021000-7fcda8000000 ---p 00000000 00:00 0 
7fcda8000000-7fcda8021000 rw-p 00000000 00:00 0 
7fcda8021000-7fcdac000000 ---p 00000000 00:00 0 
7fcdac000000-7fcdac021000 rw-p 00000000 00:00 0 
7fcdac021000-7fcdb0000000 ---p 00000000 00:00 0 
7fcdb0000000-7fcdb0021000 rw-p 00000000 00:00 0 
7fcdb0021000-7fcdb4000000 ---p 00000000 00:00 0 
7fcdb4000000-7fcdb4021000 rw-p 00000000 00:00 0 
7fcdb4021000-7fcdb8000000 ---p 00000000 00:00 0 
7fcdb8000000-7fcdb8021000 rw-p 00000000 00:00 0 
7fcdb8021000-7fcdbc000000 ---p 00000000 00:00 0 
7fcdbc001000-7fcdbc003000 r--s 00016000 08:01 3296807                    /home/cycle/.m2/repository/com/googlecode/netlib-java/netlib-java/1.1/netlib-java-1.1.jar
7fcdbc003000-7fcdbc005000 r--s 00088000 08:01 3296805                    /home/cycle/.m2/repository/com/github/fommil/netlib/netlib-native_system-win-i686/1.1/netlib-native_system-win-i686-1.1-natives.jar
7fcdbc005000-7fcdbc006000 r--s 0009b000 08:01 3296804                    /home/cycle/.m2/repository/com/github/fommil/netlib/netlib-native_system-win-x86_64/1.1/netlib-native_system-win-x86_64-1.1-natives.jar
7fcdbc006000-7fcdbc007000 r--s 0004b000 08:01 3296801                    /home/cycle/.m2/repository/com/github/fommil/netlib/netlib-native_system-linux-armhf/1.1/netlib-native_system-linux-armhf-1.1-natives.jar
7fcdbc007000-7fcdbc008000 r--s 0006a000 08:01 3296800                    /home/cycle/.m2/repository/com/github/fommil/netlib/netlib-native_system-linux-i686/1.1/netlib-native_system-linux-i686-1.1-natives.jar
7fcdbc008000-7fcdbc009000 r--s 0006f000 08:01 3296797                    /home/cycle/.m2/repository/com/github/fommil/netlib/netlib-native_system-linux-x86_64/1.1/netlib-native_system-linux-x86_64-1.1-natives.jar
7fcdbc009000-7fcdbc00a000 r--s 0000d000 08:01 3296795                    /home/cycle/.m2/repository/com/github/fommil/netlib/native_system-java/1.1/native_system-java-1.1.jar
7fcdbc00a000-7fcdbc00b000 r--s 00087000 08:01 3296793                    /home/cycle/.m2/repository/com/github/fommil/netlib/netlib-native_system-osx-x86_64/1.1/netlib-native_system-osx-x86_64-1.1-natives.jar
7fcdbc00b000-7fcdbc00c000 r--s 00126000 08:01 3296792                    /home/cycle/.m2/repository/com/github/fommil/netlib/netlib-native_ref-linux-armhf/1.1/netlib-native_ref-linux-armhf-1.1-natives.jar
7fcdbc00c000-7fcdbc00d000 r--s 001bd000 08:01 3296789                    /home/cycle/.m2/repository/com/github/fommil/netlib/netlib-native_ref-win-i686/1.1/netlib-native_ref-win-i686-1.1-natives.jar
7fcdbc00d000-7fcdbc00e000 r--s 00232000 08:01 3296788                    /home/cycle/.m2/repository/com/github/fommil/netlib/netlib-native_ref-win-x86_64/1.1/netlib-native_ref-win-x86_64-1.1-natives.jar
7fcdbc00e000-7fcdbc00f000 r--s 0016b000 08:01 3296786                    /home/cycle/.m2/repository/com/github/fommil/netlib/netlib-native_ref-linux-i686/1.1/netlib-native_ref-linux-i686-1.1-natives.jar
7fcdbc00f000-7fcdbc011000 r--s 001aa000 08:01 3296784                    /home/cycle/.m2/repository/com/github/fommil/netlib/netlib-native_ref-linux-x86_64/1.1/netlib-native_ref-linux-x86_64-1.1-natives.jar
7fcdbc011000-7fcdbc013000 r--s 00001000 08:01 3296783                    /home/cycle/.m2/repository/com/github/fommil/jniloader/1.1/jniloader-1.1.jar
7fcdbc013000-7fcdbc014000 r--s 0000d000 08:01 3296780                    /home/cycle/.m2/repository/com/github/fommil/netlib/native_ref-java/1.1/native_ref-java-1.1.jar
7fcdbc014000-7fcdbc016000 r--s 001c0000 08:01 3296779                    /home/cycle/.m2/repository/com/github/fommil/netlib/netlib-native_ref-osx-x86_64/1.1/netlib-native_ref-osx-x86_64-1.1-natives.jar
7fcdbc016000-7fcdbc01b000 r--s 0003d000 08:01 3296778                    /home/cycle/.m2/repository/com/googlecode/matrix-toolkits-java/mtj/1.0.4/mtj-1.0.4.jar
7fcdbc01b000-7fcdbc01f000 r--s 0002f000 08:01 2099142                    /home/cycle/.m2/repository/nz/ac/waikato/cms/weka/thirdparty/bounce/0.18/bounce-0.18.jar
7fcdbc01f000-7fcdbc021000 r--s 00016000 08:01 2099140                    /home/cycle/.m2/repository/nz/ac/waikato/cms/weka/thirdparty/java-cup-11b/2015.03.26/java-cup-11b-2015.03.26.jar
7fcdbc021000-7fcdbc023000 r--s 00012000 08:01 3288599                    /home/cycle/.m2/repository/com/github/fracpete/multisearch-weka-package/2016.6.7/multisearch-weka-package-2016.6.7.jar
7fcdbc023000-7fcdbc034000 r--s 0016e000 08:01 2099145                    /home/cycle/.m2/repository/org/jfree/jfreechart/1.0.19/jfreechart-1.0.19.jar
7fcdbc034000-7fcdbc047000 r--s 00344000 08:01 657762                     /usr/lib/jvm/java-8-oracle/jre/lib/resources.jar
7fcdbc047000-7fcdbc05a000 r--s 000d6000 08:01 657005                     /usr/lib/jvm/java-8-oracle/jre/lib/plugin.jar
7fcdbc05a000-7fcdbc075000 r--s 00208000 08:01 656981                     /usr/lib/jvm/java-8-oracle/jre/lib/deploy.jar
7fcdbc075000-7fcdbc078000 ---p 00000000 00:00 0 
7fcdbc078000-7fcdbc176000 rw-p 00000000 00:00 0 
7fcdbc176000-7fcdbc177000 ---p 00000000 00:00 0 
7fcdbc177000-7fcdbdee9000 rw-p 00000000 00:00 0 
7fcdbdee9000-7fcdbe0c2000 r--s 03d1f000 08:01 657724                     /usr/lib/jvm/java-8-oracle/jre/lib/rt.jar
7fcdbe0c2000-7fcdbf918000 rw-p 00000000 00:00 0 
7fcdbf918000-7fcdbf919000 ---p 00000000 00:00 0 
7fcdbf919000-7fcdbfa19000 rw-p 00000000 00:00 0 
7fcdbfa19000-7fcdbfa1a000 ---p 00000000 00:00 0 
7fcdbfa1a000-7fcdbfb1a000 rw-p 00000000 00:00 0 
7fcdbfb1a000-7fcdbfb1b000 ---p 00000000 00:00 0 
7fcdbfb1b000-7fcdbfc1b000 rw-p 00000000 00:00 0 
7fcdbfc1b000-7fcdbfc1c000 ---p 00000000 00:00 0 
7fcdbfc1c000-7fcdbfd1c000 rw-p 00000000 00:00 0 
7fcdbfd1c000-7fcdbfd1d000 ---p 00000000 00:00 0 
7fcdbfd1d000-7fcdbfe1d000 rw-p 00000000 00:00 0 
7fcdbfe1d000-7fcdbfe1e000 ---p 00000000 00:00 0 
7fcdbfe1e000-7fcdbff1e000 rw-p 00000000 00:00 0 
7fcdbff1e000-7fcdbff1f000 ---p 00000000 00:00 0 
7fcdbff1f000-7fcdc0063000 rw-p 00000000 00:00 0 
7fcdc0063000-7fcdc0ab4000 ---p 00000000 00:00 0 
7fcdc0ab4000-7fcdc0d3a000 rw-p 00000000 00:00 0 
7fcdc0d3a000-7fcdc0fff000 ---p 00000000 00:00 0 
7fcdc0fff000-7fcdc1000000 rw-p 00000000 00:00 0 
7fcdc1000000-7fcdc16b0000 rwxp 00000000 00:00 0 
7fcdc16b0000-7fcdd0000000 ---p 00000000 00:00 0 
7fcdd0000000-7fcdd0645000 rw-p 00000000 00:00 0 
7fcdd0645000-7fcdd4000000 ---p 00000000 00:00 0 
7fcdd4000000-7fcdd4006000 r--s 0004b000 08:01 2099033                    /home/cycle/.m2/repository/org/jfree/jcommon/1.0.23/jcommon-1.0.23.jar
7fcdd4006000-7fcdd4008000 r--s 00009000 08:01 2366610                    /home/cycle/wekafiles/packages/multiLayerPerceptrons/multiLayerPerceptrons.jar
7fcdd4008000-7fcdd400b000 r--s 0001d000 08:01 2371352                    /home/cycle/wekafiles/rplugin/pdm-RPlugin-ce-TRUNK-SNAPSHOT.jar
7fcdd400b000-7fcdd4010000 r--s 00045000 08:01 2366296                    /home/cycle/wekafiles/packages/timeseriesForecasting/timeseriesForecasting1.0.24.jar
7fcdd4010000-7fcdd408c000 rw-p 00000000 00:00 0 
7fcdd408c000-7fcdd408d000 ---p 00000000 00:00 0 
7fcdd408d000-7fcdd41d1000 rw-p 00000000 00:00 0 
7fcdd41d1000-7fcdd4c23000 ---p 00000000 00:00 0 
7fcdd4c23000-7fcdd4c3e000 rw-p 00000000 00:00 0 
7fcdd4c3e000-7fcdd4fe3000 ---p 00000000 00:00 0 
7fcdd4fe3000-7fcdd4ffd000 r-xp 00000000 08:01 658461                     /usr/lib/jvm/java-8-oracle/jre/lib/amd64/libzip.so
7fcdd4ffd000-7fcdd51fd000 ---p 0001a000 08:01 658461                     /usr/lib/jvm/java-8-oracle/jre/lib/amd64/libzip.so
7fcdd51fd000-7fcdd51fe000 rw-p 0001a000 08:01 658461                     /usr/lib/jvm/java-8-oracle/jre/lib/amd64/libzip.so
7fcdd51fe000-7fcdd5209000 r-xp 00000000 08:01 1447430                    /lib/x86_64-linux-gnu/libnss_files-2.23.so
7fcdd5209000-7fcdd5408000 ---p 0000b000 08:01 1447430                    /lib/x86_64-linux-gnu/libnss_files-2.23.so
7fcdd5408000-7fcdd5409000 r--p 0000a000 08:01 1447430                    /lib/x86_64-linux-gnu/libnss_files-2.23.so
7fcdd5409000-7fcdd540a000 rw-p 0000b000 08:01 1447430                    /lib/x86_64-linux-gnu/libnss_files-2.23.so
7fcdd540a000-7fcdd5410000 rw-p 00000000 00:00 0 
7fcdd5410000-7fcdd541b000 r-xp 00000000 08:01 1447427                    /lib/x86_64-linux-gnu/libnss_nis-2.23.so
7fcdd541b000-7fcdd561a000 ---p 0000b000 08:01 1447427                    /lib/x86_64-linux-gnu/libnss_nis-2.23.so
7fcdd561a000-7fcdd561b000 r--p 0000a000 08:01 1447427                    /lib/x86_64-linux-gnu/libnss_nis-2.23.so
7fcdd561b000-7fcdd561c000 rw-p 0000b000 08:01 1447427                    /lib/x86_64-linux-gnu/libnss_nis-2.23.so
7fcdd561c000-7fcdd5632000 r-xp 00000000 08:01 1447425                    /lib/x86_64-linux-gnu/libnsl-2.23.so
7fcdd5632000-7fcdd5831000 ---p 00016000 08:01 1447425                    /lib/x86_64-linux-gnu/libnsl-2.23.so
7fcdd5831000-7fcdd5832000 r--p 00015000 08:01 1447425                    /lib/x86_64-linux-gnu/libnsl-2.23.so
7fcdd5832000-7fcdd5833000 rw-p 00016000 08:01 1447425                    /lib/x86_64-linux-gnu/libnsl-2.23.so
7fcdd5833000-7fcdd5835000 rw-p 00000000 00:00 0 
7fcdd5835000-7fcdd583d000 r-xp 00000000 08:01 1447423                    /lib/x86_64-linux-gnu/libnss_compat-2.23.so
7fcdd583d000-7fcdd5a3c000 ---p 00008000 08:01 1447423                    /lib/x86_64-linux-gnu/libnss_compat-2.23.so
7fcdd5a3c000-7fcdd5a3d000 r--p 00007000 08:01 1447423                    /lib/x86_64-linux-gnu/libnss_compat-2.23.so
7fcdd5a3d000-7fcdd5a3e000 rw-p 00008000 08:01 1447423                    /lib/x86_64-linux-gnu/libnss_compat-2.23.so
7fcdd5a3e000-7fcdd5e94000 r--p 00000000 08:01 525718                     /usr/lib/locale/locale-archive
7fcdd5e94000-7fcdd5e96000 r-xp 00000000 08:01 658431                     /usr/lib/jvm/java-8-oracle/jre/lib/amd64/libnpt.so
7fcdd5e96000-7fcdd6096000 ---p 00002000 08:01 658431                     /usr/lib/jvm/java-8-oracle/jre/lib/amd64/libnpt.so
7fcdd6096000-7fcdd6097000 rw-p 00002000 08:01 658431                     /usr/lib/jvm/java-8-oracle/jre/lib/amd64/libnpt.so
7fcdd6097000-7fcdd60d0000 r-xp 00000000 08:01 658450                     /usr/lib/jvm/java-8-oracle/jre/lib/amd64/libjdwp.so
7fcdd60d0000-7fcdd62cf000 ---p 00039000 08:01 658450                     /usr/lib/jvm/java-8-oracle/jre/lib/amd64/libjdwp.so
7fcdd62cf000-7fcdd62d1000 rw-p 00038000 08:01 658450                     /usr/lib/jvm/java-8-oracle/jre/lib/amd64/libjdwp.so
7fcdd62d1000-7fcdd62fb000 r-xp 00000000 08:01 658456                     /usr/lib/jvm/java-8-oracle/jre/lib/amd64/libjava.so
7fcdd62fb000-7fcdd64fb000 ---p 0002a000 08:01 658456                     /usr/lib/jvm/java-8-oracle/jre/lib/amd64/libjava.so
7fcdd64fb000-7fcdd64fd000 rw-p 0002a000 08:01 658456                     /usr/lib/jvm/java-8-oracle/jre/lib/amd64/libjava.so
7fcdd64fd000-7fcdd650a000 r-xp 00000000 08:01 658460                     /usr/lib/jvm/java-8-oracle/jre/lib/amd64/libverify.so
7fcdd650a000-7fcdd670a000 ---p 0000d000 08:01 658460                     /usr/lib/jvm/java-8-oracle/jre/lib/amd64/libverify.so
7fcdd670a000-7fcdd670c000 rw-p 0000d000 08:01 658460                     /usr/lib/jvm/java-8-oracle/jre/lib/amd64/libverify.so
7fcdd670c000-7fcdd6713000 r-xp 00000000 08:01 1447439                    /lib/x86_64-linux-gnu/librt-2.23.so
7fcdd6713000-7fcdd6912000 ---p 00007000 08:01 1447439                    /lib/x86_64-linux-gnu/librt-2.23.so
7fcdd6912000-7fcdd6913000 r--p 00006000 08:01 1447439                    /lib/x86_64-linux-gnu/librt-2.23.so
7fcdd6913000-7fcdd6914000 rw-p 00007000 08:01 1447439                    /lib/x86_64-linux-gnu/librt-2.23.so
7fcdd6914000-7fcdd6a1c000 r-xp 00000000 08:01 1447436                    /lib/x86_64-linux-gnu/libm-2.23.so
7fcdd6a1c000-7fcdd6c1b000 ---p 00108000 08:01 1447436                    /lib/x86_64-linux-gnu/libm-2.23.so
7fcdd6c1b000-7fcdd6c1c000 r--p 00107000 08:01 1447436                    /lib/x86_64-linux-gnu/libm-2.23.so
7fcdd6c1c000-7fcdd6c1d000 rw-p 00108000 08:01 1447436                    /lib/x86_64-linux-gnu/libm-2.23.so
7fcdd6c1d000-7fcdd78dd000 r-xp 00000000 08:01 658438                     /usr/lib/jvm/java-8-oracle/jre/lib/amd64/server/libjvm.so
7fcdd78dd000-7fcdd7add000 ---p 00cc0000 08:01 658438                     /usr/lib/jvm/java-8-oracle/jre/lib/amd64/server/libjvm.so
7fcdd7add000-7fcdd7bb5000 rw-p 00cc0000 08:01 658438                     /usr/lib/jvm/java-8-oracle/jre/lib/amd64/server/libjvm.so
7fcdd7bb5000-7fcdd7c00000 rw-p 00000000 00:00 0 
7fcdd7c00000-7fcdd7dc0000 r-xp 00000000 08:01 1447444                    /lib/x86_64-linux-gnu/libc-2.23.so
7fcdd7dc0000-7fcdd7fbf000 ---p 001c0000 08:01 1447444                    /lib/x86_64-linux-gnu/libc-2.23.so
7fcdd7fbf000-7fcdd7fc3000 r--p 001bf000 08:01 1447444                    /lib/x86_64-linux-gnu/libc-2.23.so
7fcdd7fc3000-7fcdd7fc5000 rw-p 001c3000 08:01 1447444                    /lib/x86_64-linux-gnu/libc-2.23.so
7fcdd7fc5000-7fcdd7fc9000 rw-p 00000000 00:00 0 
7fcdd7fc9000-7fcdd7fcc000 r-xp 00000000 08:01 1447445                    /lib/x86_64-linux-gnu/libdl-2.23.so
7fcdd7fcc000-7fcdd81cb000 ---p 00003000 08:01 1447445                    /lib/x86_64-linux-gnu/libdl-2.23.so
7fcdd81cb000-7fcdd81cc000 r--p 00002000 08:01 1447445                    /lib/x86_64-linux-gnu/libdl-2.23.so
7fcdd81cc000-7fcdd81cd000 rw-p 00003000 08:01 1447445                    /lib/x86_64-linux-gnu/libdl-2.23.so
7fcdd81cd000-7fcdd81e2000 r-xp 00000000 08:01 529189                     /usr/lib/jvm/java-8-oracle/lib/amd64/jli/libjli.so
7fcdd81e2000-7fcdd83e2000 ---p 00015000 08:01 529189                     /usr/lib/jvm/java-8-oracle/lib/amd64/jli/libjli.so
7fcdd83e2000-7fcdd83e3000 rw-p 00015000 08:01 529189                     /usr/lib/jvm/java-8-oracle/lib/amd64/jli/libjli.so
7fcdd83e3000-7fcdd83fb000 r-xp 00000000 08:01 1447443                    /lib/x86_64-linux-gnu/libpthread-2.23.so
7fcdd83fb000-7fcdd85fa000 ---p 00018000 08:01 1447443                    /lib/x86_64-linux-gnu/libpthread-2.23.so
7fcdd85fa000-7fcdd85fb000 r--p 00017000 08:01 1447443                    /lib/x86_64-linux-gnu/libpthread-2.23.so
7fcdd85fb000-7fcdd85fc000 rw-p 00018000 08:01 1447443                    /lib/x86_64-linux-gnu/libpthread-2.23.so
7fcdd85fc000-7fcdd8600000 rw-p 00000000 00:00 0 
7fcdd8600000-7fcdd8626000 r-xp 00000000 08:01 1447440                    /lib/x86_64-linux-gnu/ld-2.23.so
7fcdd8626000-7fcdd8627000 r--s 00005000 08:01 2099141                    /home/cycle/.m2/repository/nz/ac/waikato/cms/weka/thirdparty/java-cup-11b-runtime/2015.03.26/java-cup-11b-runtime-2015.03.26.jar
7fcdd8627000-7fcdd8629000 r--s 0000b000 08:01 2371202                    /home/cycle/wekafiles/rengine-weka-inject-classes.jar
7fcdd8629000-7fcdd862a000 r--s 00003000 08:01 2366363                    /home/cycle/wekafiles/packages/timeSeriesFilters/timeSeriesFilters.jar
7fcdd862a000-7fcdd862c000 r--s 00027000 08:01 3539097                    /home/cycle/programs/intellij dependencies/core-1.1.2(1).jar
7fcdd862c000-7fcdd862e000 r--s 00027000 08:01 3539096                    /home/cycle/programs/intellij dependencies/core-1.1.2.jar
7fcdd862e000-7fcdd862f000 r--s 00000000 08:01 656987                     /usr/lib/jvm/java-8-oracle/jre/lib/management-agent.jar
7fcdd862f000-7fcdd86f6000 rw-p 00000000 00:00 0 
7fcdd86f6000-7fcdd86f9000 ---p 00000000 00:00 0 
7fcdd86f9000-7fcdd87fb000 rw-p 00000000 00:00 0 
7fcdd87fb000-7fcdd87ff000 r--s 00097000 08:01 657776                     /usr/lib/jvm/java-8-oracle/jre/lib/jsse.jar
7fcdd87ff000-7fcdd8801000 r--s 00007000 08:01 658483                     /usr/lib/jvm/java-8-oracle/jre/lib/jfxswt.jar
7fcdd8801000-7fcdd8806000 r--s 00084000 08:01 656980                     /usr/lib/jvm/java-8-oracle/jre/lib/jfr.jar
7fcdd8806000-7fcdd8809000 r--s 0001a000 08:01 658481                     /usr/lib/jvm/java-8-oracle/jre/lib/jce.jar
7fcdd8809000-7fcdd8813000 r--s 0006c000 08:01 656990                     /usr/lib/jvm/java-8-oracle/jre/lib/javaws.jar
7fcdd8813000-7fcdd8819000 r--s 002f8000 08:01 657722                     /usr/lib/jvm/java-8-oracle/jre/lib/charsets.jar
7fcdd8819000-7fcdd8821000 rw-s 00000000 08:01 3539111                    /tmp/hsperfdata_cycle/28738
7fcdd8821000-7fcdd8822000 rw-p 00000000 00:00 0 
7fcdd8822000-7fcdd8823000 ---p 00000000 00:00 0 
7fcdd8823000-7fcdd8825000 rw-p 00000000 00:00 0 
7fcdd8825000-7fcdd8826000 r--p 00025000 08:01 1447440                    /lib/x86_64-linux-gnu/ld-2.23.so
7fcdd8826000-7fcdd8827000 rw-p 00026000 08:01 1447440                    /lib/x86_64-linux-gnu/ld-2.23.so
7fcdd8827000-7fcdd8828000 rw-p 00000000 00:00 0 
7ffdfb206000-7ffdfb228000 rw-p 00000000 00:00 0                          [stack]
7ffdfb2ba000-7ffdfb2bc000 r--p 00000000 00:00 0                          [vvar]
7ffdfb2bc000-7ffdfb2be000 r-xp 00000000 00:00 0                          [vdso]
ffffffffff600000-ffffffffff601000 r-xp 00000000 00:00 0                  [vsyscall]

VM Arguments:
jvm_args: -agentlib:jdwp=transport=dt_socket,address=127.0.0.1:41462,suspend=y,server=n -Xmx8128m -Dfile.encoding=UTF-8 
java_command: src.normalInput
java_class_path (initial): /usr/lib/jvm/java-8-oracle/jre/lib/charsets.jar:/usr/lib/jvm/java-8-oracle/jre/lib/deploy.jar:/usr/lib/jvm/java-8-oracle/jre/lib/ext/cldrdata.jar:/usr/lib/jvm/java-8-oracle/jre/lib/ext/dnsns.jar:/usr/lib/jvm/java-8-oracle/jre/lib/ext/jaccess.jar:/usr/lib/jvm/java-8-oracle/jre/lib/ext/jfxrt.jar:/usr/lib/jvm/java-8-oracle/jre/lib/ext/localedata.jar:/usr/lib/jvm/java-8-oracle/jre/lib/ext/nashorn.jar:/usr/lib/jvm/java-8-oracle/jre/lib/ext/sunec.jar:/usr/lib/jvm/java-8-oracle/jre/lib/ext/sunjce_provider.jar:/usr/lib/jvm/java-8-oracle/jre/lib/ext/sunpkcs11.jar:/usr/lib/jvm/java-8-oracle/jre/lib/ext/zipfs.jar:/usr/lib/jvm/java-8-oracle/jre/lib/javaws.jar:/usr/lib/jvm/java-8-oracle/jre/lib/jce.jar:/usr/lib/jvm/java-8-oracle/jre/lib/jfr.jar:/usr/lib/jvm/java-8-oracle/jre/lib/jfxswt.jar:/usr/lib/jvm/java-8-oracle/jre/lib/jsse.jar:/usr/lib/jvm/java-8-oracle/jre/lib/management-agent.jar:/usr/lib/jvm/java-8-oracle/jre/lib/plugin.jar:/usr/lib/jvm/java-8-oracle/jre/lib/resources.jar:/usr/lib/jvm/java-8-oracle/jre/lib/rt.jar:/home/cycle/workspace/wekaforecasting/target/classes:/home/cycle/programs/OpenBLAS-master:/home/cycle/programs/intellij dependencies/core-1.1.2.jar:/home/cycle/programs/intellij dependencies/core-1.1.2(1).jar:/home/cycle/wekafiles/packages/timeSeriesFilters/timeSeriesFilters.jar:/home/cycle/wekafiles/packages/timeseriesForecasting/timeseriesForecasting1.0.24.jar:/home/cycle/wekafiles/rengine-weka-inject-classes.jar:/home/cycle/wekafiles/rplugin/pdm-RPlugin-ce-TRUNK-SNAPSHOT.jar:/home/cycle/programs/weka-3-8-0/weka.jar:/home/cycle/wekafiles/packages/multiLayerPerceptrons/multiLayerPerceptrons.jar:/home/cycle/.m2/repository/org/jfree/jfreechart/1.0.19/jfreechart-1.0.19.jar:/home/cycle/.m2/repository/org/jfree/jcommon/1.0.23/jcommon-1.0.23.jar:/home/cycle/.m2/repository/com/github/fracpete/multisearch-weka-package/2016.6.7/multisearch-weka-package-2016.6.7.jar:/home/cycle/.m2/repository/nz/ac/waikato/cms/weka/weka-dev/3.9.0/weka-dev-3.
Launcher Type: SUN_STANDARD

Environment Variables:
PATH=/usr/local/sbin:/usr/local/bin:/usr/sbin:/usr/bin:/sbin:/bin:/usr/games:/usr/local/games:/snap/bin
SHELL=/bin/bash
DISPLAY=:0

Signal Handlers:
SIGSEGV: [libjvm.so+0xabca10], sa_mask[0]=11111111011111111101111111111110, sa_flags=SA_RESTART|SA_SIGINFO
SIGBUS: [libjvm.so+0xabca10], sa_mask[0]=11111111011111111101111111111110, sa_flags=SA_RESTART|SA_SIGINFO
SIGFPE: [libjvm.so+0x919a20], sa_mask[0]=11111111011111111101111111111110, sa_flags=SA_RESTART|SA_SIGINFO
SIGPIPE: [libjvm.so+0x919a20], sa_mask[0]=11111111011111111101111111111110, sa_flags=SA_RESTART|SA_SIGINFO
SIGXFSZ: [libjvm.so+0x919a20], sa_mask[0]=11111111011111111101111111111110, sa_flags=SA_RESTART|SA_SIGINFO
SIGILL: [libjvm.so+0x919a20], sa_mask[0]=11111111011111111101111111111110, sa_flags=SA_RESTART|SA_SIGINFO
SIGUSR1: SIG_DFL, sa_mask[0]=00000000000000000000000000000000, sa_flags=none
SIGUSR2: [libjvm.so+0x91b050], sa_mask[0]=00100000000000000000000000000000, sa_flags=SA_RESTART|SA_SIGINFO
SIGHUP: [libjvm.so+0x91c450], sa_mask[0]=11111111011111111101111111111110, sa_flags=SA_RESTART|SA_SIGINFO
SIGINT: [libjvm.so+0x91c450], sa_mask[0]=11111111011111111101111111111110, sa_flags=SA_RESTART|SA_SIGINFO
SIGTERM: [libjvm.so+0x91c450], sa_mask[0]=11111111011111111101111111111110, sa_flags=SA_RESTART|SA_SIGINFO
SIGQUIT: [libjvm.so+0x91c450], sa_mask[0]=11111111011111111101111111111110, sa_flags=SA_RESTART|SA_SIGINFO


---------------  S Y S T E M  ---------------

OS:DISTRIB_ID=Ubuntu
DISTRIB_RELEASE=16.04
DISTRIB_CODENAME=xenial
DISTRIB_DESCRIPTION="Ubuntu 16.04 LTS"

uname:Linux 4.4.0-53-generic #74-Ubuntu SMP Fri Dec 2 15:59:10 UTC 2016 x86_64
libc:glibc 2.23 NPTL 2.23 
rlimit: STACK 8192k, CORE 0k, NPROC 31325, NOFILE 65536, AS infinity
load average:1,35 1,14 0,85

/proc/meminfo:
MemTotal:        8057844 kB
MemFree:          456752 kB
MemAvailable:     532308 kB
Buffers:           43584 kB
Cached:           816628 kB
SwapCached:            0 kB
Active:          5973688 kB
Inactive:        1416316 kB
Active(anon):    5815696 kB
Inactive(anon):  1309132 kB
Active(file):     157992 kB
Inactive(file):   107184 kB
Unevictable:          32 kB
Mlocked:              32 kB
SwapTotal:             0 kB
SwapFree:              0 kB
Dirty:               124 kB
Writeback:             0 kB
AnonPages:       6530576 kB
Mapped:           203748 kB
Shmem:            594252 kB
Slab:             107332 kB
SReclaimable:      61576 kB
SUnreclaim:        45756 kB
KernelStack:       13296 kB
PageTables:        46264 kB
NFS_Unstable:          0 kB
Bounce:                0 kB
WritebackTmp:          0 kB
CommitLimit:     4028920 kB
Committed_AS:   12388652 kB
VmallocTotal:   34359738367 kB
VmallocUsed:           0 kB
VmallocChunk:          0 kB
HardwareCorrupted:     0 kB
AnonHugePages:   2701312 kB
CmaTotal:              0 kB
CmaFree:               0 kB
HugePages_Total:       0
HugePages_Free:        0
HugePages_Rsvd:        0
HugePages_Surp:        0
Hugepagesize:       2048 kB
DirectMap4k:      200680 kB
DirectMap2M:     8071168 kB


CPU:total 8 (4 cores per cpu, 2 threads per core) family 6 model 58 stepping 9, cmov, cx8, fxsr, mmx, sse, sse2, sse3, ssse3, sse4.1, sse4.2, popcnt, avx, aes, clmul, erms, ht, tsc, tscinvbit, tscinv

/proc/cpuinfo:
processor	: 0
vendor_id	: GenuineIntel
cpu family	: 6
model		: 58
model name	: Intel(R) Core(TM) i7-3630QM CPU @ 2.40GHz
stepping	: 9
microcode	: 0x15
cpu MHz		: 3205.406
cache size	: 6144 KB
physical id	: 0
siblings	: 8
core id		: 0
cpu cores	: 4
apicid		: 0
initial apicid	: 0
fpu		: yes
fpu_exception	: yes
cpuid level	: 13
wp		: yes
flags		: fpu vme de pse tsc msr pae mce cx8 apic sep mtrr pge mca cmov pat pse36 clflush dts acpi mmx fxsr sse sse2 ss ht tm pbe syscall nx rdtscp lm constant_tsc arch_perfmon pebs bts rep_good nopl xtopology nonstop_tsc aperfmperf eagerfpu pni pclmulqdq dtes64 monitor ds_cpl vmx est tm2 ssse3 cx16 xtpr pdcm pcid sse4_1 sse4_2 x2apic popcnt tsc_deadline_timer aes xsave avx f16c rdrand lahf_lm epb tpr_shadow vnmi flexpriority ept vpid fsgsbase smep erms xsaveopt dtherm ida arat pln pts
bugs		:
bogomips	: 4789.46
clflush size	: 64
cache_alignment	: 64
address sizes	: 36 bits physical, 48 bits virtual
power management:

processor	: 1
vendor_id	: GenuineIntel
cpu family	: 6
model		: 58
model name	: Intel(R) Core(TM) i7-3630QM CPU @ 2.40GHz
stepping	: 9
microcode	: 0x15
cpu MHz		: 3200.062
cache size	: 6144 KB
physical id	: 0
siblings	: 8
core id		: 1
cpu cores	: 4
apicid		: 2
initial apicid	: 2
fpu		: yes
fpu_exception	: yes
cpuid level	: 13
wp		: yes
flags		: fpu vme de pse tsc msr pae mce cx8 apic sep mtrr pge mca cmov pat pse36 clflush dts acpi mmx fxsr sse sse2 ss ht tm pbe syscall nx rdtscp lm constant_tsc arch_perfmon pebs bts rep_good nopl xtopology nonstop_tsc aperfmperf eagerfpu pni pclmulqdq dtes64 monitor ds_cpl vmx est tm2 ssse3 cx16 xtpr pdcm pcid sse4_1 sse4_2 x2apic popcnt tsc_deadline_timer aes xsave avx f16c rdrand lahf_lm epb tpr_shadow vnmi flexpriority ept vpid fsgsbase smep erms xsaveopt dtherm ida arat pln pts
bugs		:
bogomips	: 4789.46
clflush size	: 64
cache_alignment	: 64
address sizes	: 36 bits physical, 48 bits virtual
power management:

processor	: 2
vendor_id	: GenuineIntel
cpu family	: 6
model		: 58
model name	: Intel(R) Core(TM) i7-3630QM CPU @ 2.40GHz
stepping	: 9
microcode	: 0x15
cpu MHz		: 3199.593
cache size	: 6144 KB
physical id	: 0
siblings	: 8
core id		: 2
cpu cores	: 4
apicid		: 4
initial apicid	: 4
fpu		: yes
fpu_exception	: yes
cpuid level	: 13
wp		: yes
flags		: fpu vme de pse tsc msr pae mce cx8 apic sep mtrr pge mca cmov pat pse36 clflush dts acpi mmx fxsr sse sse2 ss ht tm pbe syscall nx rdtscp lm constant_tsc arch_perfmon pebs bts rep_good nopl xtopology nonstop_tsc aperfmperf eagerfpu pni pclmulqdq dtes64 monitor ds_cpl vmx est tm2 ssse3 cx16 xtpr pdcm pcid sse4_1 sse4_2 x2apic popcnt tsc_deadline_timer aes xsave avx f16c rdrand lahf_lm epb tpr_shadow vnmi flexpriority ept vpid fsgsbase smep erms xsaveopt dtherm ida arat pln pts
bugs		:
bogomips	: 4789.46
clflush size	: 64
cache_alignment	: 64
address sizes	: 36 bits physical, 48 bits virtual
power management:

processor	: 3
vendor_id	: GenuineIntel
cpu family	: 6
model		: 58
model name	: Intel(R) Core(TM) i7-3630QM CPU @ 2.40GHz
stepping	: 9
microcode	: 0x15
cpu MHz		: 3200.062
cache size	: 6144 KB
physical id	: 0
siblings	: 8
core id		: 3
cpu cores	: 4
apicid		: 6
initial apicid	: 6
fpu		: yes
fpu_exception	: yes
cpuid level	: 13
wp		: yes
flags		: fpu vme de pse tsc msr pae mce cx8 apic sep mtrr pge mca cmov pat pse36 clflush dts acpi mmx fxsr sse sse2 ss ht tm pbe syscall nx rdtscp lm constant_tsc arch_perfmon pebs bts rep_good nopl xtopology nonstop_tsc aperfmperf eagerfpu pni pclmulqdq dtes64 monitor ds_cpl vmx est tm2 ssse3 cx16 xtpr pdcm pcid sse4_1 sse4_2 x2apic popcnt tsc_deadline_timer aes xsave avx f16c rdrand lahf_lm epb tpr_shadow vnmi flexpriority ept vpid fsgsbase smep erms xsaveopt dtherm ida arat pln pts
bugs		:
bogomips	: 4789.46
clflush size	: 64
cache_alignment	: 64
address sizes	: 36 bits physical, 48 bits virtual
power management:

processor	: 4
vendor_id	: GenuineIntel
cpu family	: 6
model		: 58
model name	: Intel(R) Core(TM) i7-3630QM CPU @ 2.40GHz
stepping	: 9
microcode	: 0x15
cpu MHz		: 3199.968
cache size	: 6144 KB
physical id	: 0
siblings	: 8
core id		: 0
cpu cores	: 4
apicid		: 1
initial apicid	: 1
fpu		: yes
fpu_exception	: yes
cpuid level	: 13
wp		: yes
flags		: fpu vme de pse tsc msr pae mce cx8 apic sep mtrr pge mca cmov pat pse36 clflush dts acpi mmx fxsr sse sse2 ss ht tm pbe syscall nx rdtscp lm constant_tsc arch_perfmon pebs bts rep_good nopl xtopology nonstop_tsc aperfmperf eagerfpu pni pclmulqdq dtes64 monitor ds_cpl vmx est tm2 ssse3 cx16 xtpr pdcm pcid sse4_1 sse4_2 x2apic popcnt tsc_deadline_timer aes xsave avx f16c rdrand lahf_lm epb tpr_shadow vnmi flexpriority ept vpid fsgsbase smep erms xsaveopt dtherm ida arat pln pts
bugs		:
bogomips	: 4789.46
clflush size	: 64
cache_alignment	: 64
address sizes	: 36 bits physical, 48 bits virtual
power management:

processor	: 5
vendor_id	: GenuineIntel
cpu family	: 6
model		: 58
model name	: Intel(R) Core(TM) i7-3630QM CPU @ 2.40GHz
stepping	: 9
microcode	: 0x15
cpu MHz		: 3205.406
cache size	: 6144 KB
physical id	: 0
siblings	: 8
core id		: 1
cpu cores	: 4
apicid		: 3
initial apicid	: 3
fpu		: yes
fpu_exception	: yes
cpuid level	: 13
wp		: yes
flags		: fpu vme de pse tsc msr pae mce cx8 apic sep mtrr pge mca cmov pat pse36 clflush dts acpi mmx fxsr sse sse2 ss ht tm pbe syscall nx rdtscp lm constant_tsc arch_perfmon pebs bts rep_good nopl xtopology nonstop_tsc aperfmperf eagerfpu pni pclmulqdq dtes64 monitor ds_cpl vmx est tm2 ssse3 cx16 xtpr pdcm pcid sse4_1 sse4_2 x2apic popcnt tsc_deadline_timer aes xsave avx f16c rdrand lahf_lm epb tpr_shadow vnmi flexpriority ept vpid fsgsbase smep erms xsaveopt dtherm ida arat pln pts
bugs		:
bogomips	: 4789.46
clflush size	: 64
cache_alignment	: 64
address sizes	: 36 bits physical, 48 bits virtual
power management:

processor	: 6
vendor_id	: GenuineIntel
cpu family	: 6
model		: 58
model name	: Intel(R) Core(TM) i7-3630QM CPU @ 2.40GHz
stepping	: 9
microcode	: 0x15
cpu MHz		: 3199.406
cache size	: 6144 KB
physical id	: 0
siblings	: 8
core id		: 2
cpu cores	: 4
apicid		: 5
initial apicid	: 5
fpu		: yes
fpu_exception	: yes
cpuid level	: 13
wp		: yes
flags		: fpu vme de pse tsc msr pae mce cx8 apic sep mtrr pge mca cmov pat pse36 clflush dts acpi mmx fxsr sse sse2 ss ht tm pbe syscall nx rdtscp lm constant_tsc arch_perfmon pebs bts rep_good nopl xtopology nonstop_tsc aperfmperf eagerfpu pni pclmulqdq dtes64 monitor ds_cpl vmx est tm2 ssse3 cx16 xtpr pdcm pcid sse4_1 sse4_2 x2apic popcnt tsc_deadline_timer aes xsave avx f16c rdrand lahf_lm epb tpr_shadow vnmi flexpriority ept vpid fsgsbase smep erms xsaveopt dtherm ida arat pln pts
bugs		:
bogomips	: 4789.46
clflush size	: 64
cache_alignment	: 64
address sizes	: 36 bits physical, 48 bits virtual
power management:

processor	: 7
vendor_id	: GenuineIntel
cpu family	: 6
model		: 58
model name	: Intel(R) Core(TM) i7-3630QM CPU @ 2.40GHz
stepping	: 9
microcode	: 0x15
cpu MHz		: 3199.968
cache size	: 6144 KB
physical id	: 0
siblings	: 8
core id		: 3
cpu cores	: 4
apicid		: 7
initial apicid	: 7
fpu		: yes
fpu_exception	: yes
cpuid level	: 13
wp		: yes
flags		: fpu vme de pse tsc msr pae mce cx8 apic sep mtrr pge mca cmov pat pse36 clflush dts acpi mmx fxsr sse sse2 ss ht tm pbe syscall nx rdtscp lm constant_tsc arch_perfmon pebs bts rep_good nopl xtopology nonstop_tsc aperfmperf eagerfpu pni pclmulqdq dtes64 monitor ds_cpl vmx est tm2 ssse3 cx16 xtpr pdcm pcid sse4_1 sse4_2 x2apic popcnt tsc_deadline_timer aes xsave avx f16c rdrand lahf_lm epb tpr_shadow vnmi flexpriority ept vpid fsgsbase smep erms xsaveopt dtherm ida arat pln pts
bugs		:
bogomips	: 4789.46
clflush size	: 64
cache_alignment	: 64
address sizes	: 36 bits physical, 48 bits virtual
power management:



Memory: 4k page, physical 8057844k(456752k free), swap 0k(0k free)

vm_info: Java HotSpot(TM) 64-Bit Server VM (25.91-b14) for linux-amd64 JRE (1.8.0_91-b14), built on Apr  1 2016 00:57:21 by "java_re" with gcc 4.3.0 20080428 (Red Hat 4.3.0-8)

time: Sat Dec 17 18:36:02 2016
elapsed time: 4978 seconds (0d 1h 22m 58s)

