#
# There is insufficient memory for the Java Runtime Environment to continue.
# Native memory allocation (mmap) failed to map 457703424 bytes for committing reserved memory.
# Possible reasons:
#   The system is out of physical RAM or swap space
#   In 32 bit mode, the process size limit was hit
# Possible solutions:
#   Reduce memory load on the system
#   Increase physical memory or swap space
#   Check if swap backing store is full
#   Use 64 bit Java on a 64 bit OS
#   Decrease Java heap size (-Xmx/-Xms)
#   Decrease number of Java threads
#   Decrease Java thread stack sizes (-Xss)
#   Set larger code cache with -XX:ReservedCodeCacheSize=
# This output file may be truncated or incomplete.
#
#  Out of Memory Error (os_linux.cpp:2627), pid=18436, tid=0x00007f9530222700
#
# JRE version: Java(TM) SE Runtime Environment (8.0_121-b13) (build 1.8.0_121-b13)
# Java VM: Java HotSpot(TM) 64-Bit Server VM (25.121-b13 mixed mode linux-amd64 compressed oops)
# Failed to write core dump. Core dumps have been disabled. To enable core dumping, try "ulimit -c unlimited" before starting Java again
#

---------------  T H R E A D  ---------------

Current thread (0x00007f95441ca000):  VMThread [stack: 0x00007f9530122000,0x00007f9530223000] [id=18456]

Stack: [0x00007f9530122000,0x00007f9530223000],  sp=0x00007f9530221120,  free space=1020k
Native frames: (J=compiled Java code, j=interpreted, Vv=VM code, C=native code)
V  [libjvm.so+0xac703a]  VMError::report_and_die()+0x2ba
V  [libjvm.so+0x4fc7eb]  report_vm_out_of_memory(char const*, int, unsigned long, VMErrorType, char const*)+0x8b
V  [libjvm.so+0x923c43]  os::Linux::commit_memory_impl(char*, unsigned long, bool)+0x103
V  [libjvm.so+0x924199]  os::pd_commit_memory(char*, unsigned long, unsigned long, bool)+0x29
V  [libjvm.so+0x91e4aa]  os::commit_memory(char*, unsigned long, unsigned long, bool)+0x2a
V  [libjvm.so+0x992f03]  PSVirtualSpace::expand_by(unsigned long)+0x53
V  [libjvm.so+0x994308]  PSYoungGen::resize_generation(unsigned long, unsigned long)+0xf8
V  [libjvm.so+0x993462]  PSYoungGen::resize(unsigned long, unsigned long)+0x22
V  [libjvm.so+0x99073b]  PSScavenge::invoke_no_policy()+0xf3b
V  [libjvm.so+0x990ec1]  PSScavenge::invoke()+0x41
V  [libjvm.so+0x947c10]  ParallelScavengeHeap::failed_mem_allocate(unsigned long)+0x70
V  [libjvm.so+0xac8a57]  VM_ParallelGCFailedAllocation::doit()+0x97
V  [libjvm.so+0xad0535]  VM_Operation::evaluate()+0x55
V  [libjvm.so+0xace90a]  VMThread::evaluate_operation(VM_Operation*)+0xba
V  [libjvm.so+0xacec8e]  VMThread::loop()+0x1ce
V  [libjvm.so+0xacf100]  VMThread::run()+0x70
V  [libjvm.so+0x926268]  java_start(Thread*)+0x108

VM_Operation (0x00007f954c00d420): ParallelGCFailedAllocation, mode: safepoint, requested by thread 0x00007f954400c800


---------------  P R O C E S S  ---------------

Java Threads: ( => current thread )
  0x00007f95443d6800 JavaThread "Service Thread" daemon [_thread_blocked, id=18474, stack(0x00007f952adfa000,0x00007f952aefb000)]
  0x00007f95443bf000 JavaThread "C1 CompilerThread3" daemon [_thread_blocked, id=18473, stack(0x00007f952b413000,0x00007f952b514000)]
  0x00007f95443bd000 JavaThread "C2 CompilerThread2" daemon [_thread_blocked, id=18472, stack(0x00007f952b514000,0x00007f952b615000)]
  0x00007f95443bb000 JavaThread "C2 CompilerThread1" daemon [_thread_blocked, id=18471, stack(0x00007f952b615000,0x00007f952b716000)]
  0x00007f95443b1000 JavaThread "C2 CompilerThread0" daemon [_thread_blocked, id=18470, stack(0x00007f952b716000,0x00007f952b817000)]
  0x00007f95443a6800 JavaThread "Monitor Ctrl-Break" daemon [_thread_in_native, id=18469, stack(0x00007f952b817000,0x00007f952b918000)]
  0x00007f954420a000 JavaThread "Signal Dispatcher" daemon [_thread_blocked, id=18467, stack(0x00007f952b9a8000,0x00007f952baa9000)]
  0x00007f95441d6000 JavaThread "Finalizer" daemon [_thread_blocked, id=18459, stack(0x00007f952beff000,0x00007f952c000000)]
  0x00007f95441d1800 JavaThread "Reference Handler" daemon [_thread_blocked, id=18457, stack(0x00007f9530021000,0x00007f9530122000)]
  0x00007f954400c800 JavaThread "main" [_thread_blocked, id=18437, stack(0x00007f954bf0e000,0x00007f954c00f000)]

Other Threads:
=>0x00007f95441ca000 VMThread [stack: 0x00007f9530122000,0x00007f9530223000] [id=18456]
  0x00007f95443d9000 WatcherThread [stack: 0x00007f952acf9000,0x00007f952adfa000] [id=18475]

VM state:at safepoint (normal execution)

VM Mutex/Monitor currently owned by a thread:  ([mutex/lock_event])
[0x00007f9544009050] Threads_lock - owner thread: 0x00007f95441ca000
[0x00007f9544009550] Heap_lock - owner thread: 0x00007f954400c800

Heap:
 PSYoungGen      total 1517568K, used 553982K [0x0000000716b00000, 0x000000079f200000, 0x00000007c0000000)
  eden space 963584K, 0% used [0x0000000716b00000,0x0000000716b00000,0x0000000751800000)
  from space 553984K, 99% used [0x000000077d500000,0x000000079f1ff990,0x000000079f200000)
  to   space 497152K, 0% used [0x0000000751800000,0x0000000751800000,0x000000076fd80000)
 ParOldGen       total 2468352K, used 2372972K [0x00000005c4000000, 0x000000065aa80000, 0x0000000716b00000)
  object space 2468352K, 96% used [0x00000005c4000000,0x0000000654d5b028,0x000000065aa80000)
 Metaspace       used 8193K, capacity 8320K, committed 8448K, reserved 1056768K
  class space    used 871K, capacity 921K, committed 1024K, reserved 1048576K

Card table byte_map: [0x00007f953401f000,0x00007f9535000000] byte_map_base: 0x00007f95311ff000

Marking Bits: (ParMarkBitMap*) 0x00007f954b3e0c80
 Begin Bits: [0x00007f94f4200000, 0x00007f94fc100000)
 End Bits:   [0x00007f94fc100000, 0x00007f9504000000)

Polling page: 0x00007f954c030000

CodeCache: size=245760Kb used=5353Kb max_used=5365Kb free=240406Kb
 bounds [0x00007f9535000000, 0x00007f9535550000, 0x00007f9544000000]
 total_blobs=1487 nmethods=1109 adapters=292
 compilation: enabled

Compilation events (10 events):
Event: 8,751 Thread 0x00007f95443bf000 1105       3       weka.core.Instances::insertAttributeAt (370 bytes)
Event: 8,756 Thread 0x00007f95443bf000 nmethod 1105 0x00007f9535529a50 code [0x00007f953552a280, 0x00007f953552fde8]
Event: 9,050 Thread 0x00007f95443bf000 1106       3       weka.filters.unsupervised.attribute.Copy::setInputFormat (200 bytes)
Event: 9,052 Thread 0x00007f95443bf000 nmethod 1106 0x00007f9535533d10 code [0x00007f9535534040, 0x00007f95355357c8]
Event: 9,062 Thread 0x00007f95443bf000 1107       3       weka.filters.unsupervised.attribute.RenameAttribute::determineOutputFormat (160 bytes)
Event: 9,064 Thread 0x00007f95443bf000 nmethod 1107 0x00007f9535536810 code [0x00007f9535536c20, 0x00007f9535538f78]
Event: 9,064 Thread 0x00007f95443bf000 1108       3       weka.classifiers.timeseries.core.TimeSeriesTranslate::setInputFormat (178 bytes)
Event: 9,067 Thread 0x00007f95443bf000 nmethod 1108 0x00007f953553a690 code [0x00007f953553ab40, 0x00007f953553d5c8]
Event: 9,256 Thread 0x00007f95443b1000 1109 %     4       weka.core.Instances::stringFreeStructure @ 16 (201 bytes)
Event: 9,264 Thread 0x00007f95443b1000 nmethod 1109% 0x00007f953551e690 code [0x00007f953551e840, 0x00007f953551eeb8]

GC Heap History (10 events):
Event: 6,902 GC heap after
Heap after GC invocations=21 (full 6):
 PSYoungGen      total 1172992K, used 361604K [0x0000000716b00000, 0x000000078b600000, 0x00000007c0000000)
  eden space 776704K, 0% used [0x0000000716b00000,0x0000000716b00000,0x0000000746180000)
  from space 396288K, 91% used [0x0000000746180000,0x000000075c2a13f0,0x000000075e480000)
  to   space 451072K, 0% used [0x000000076fd80000,0x000000076fd80000,0x000000078b600000)
 ParOldGen       total 1527808K, used 1365222K [0x00000005c4000000, 0x0000000621400000, 0x0000000716b00000)
  object space 1527808K, 89% used [0x00000005c4000000,0x0000000617539990,0x0000000621400000)
 Metaspace       used 8171K, capacity 8320K, committed 8448K, reserved 1056768K
  class space    used 870K, capacity 921K, committed 1024K, reserved 1048576K
}
Event: 6,902 GC heap before
{Heap before GC invocations=22 (full 7):
 PSYoungGen      total 1172992K, used 361604K [0x0000000716b00000, 0x000000078b600000, 0x00000007c0000000)
  eden space 776704K, 0% used [0x0000000716b00000,0x0000000716b00000,0x0000000746180000)
  from space 396288K, 91% used [0x0000000746180000,0x000000075c2a13f0,0x000000075e480000)
  to   space 451072K, 0% used [0x000000076fd80000,0x000000076fd80000,0x000000078b600000)
 ParOldGen       total 1527808K, used 1365222K [0x00000005c4000000, 0x0000000621400000, 0x0000000716b00000)
  object space 1527808K, 89% used [0x00000005c4000000,0x0000000617539990,0x0000000621400000)
 Metaspace       used 8171K, capacity 8320K, committed 8448K, reserved 1056768K
  class space    used 870K, capacity 921K, committed 1024K, reserved 1048576K
Event: 7,277 GC heap after
Heap after GC invocations=22 (full 7):
 PSYoungGen      total 1172992K, used 185665K [0x0000000716b00000, 0x000000078b600000, 0x00000007c0000000)
  eden space 776704K, 0% used [0x0000000716b00000,0x0000000716b00000,0x0000000746180000)
  from space 396288K, 46% used [0x0000000746180000,0x00000007516d0718,0x000000075e480000)
  to   space 451072K, 0% used [0x000000076fd80000,0x000000076fd80000,0x000000078b600000)
 ParOldGen       total 1975808K, used 1527630K [0x00000005c4000000, 0x000000063c980000, 0x0000000716b00000)
  object space 1975808K, 77% used [0x00000005c4000000,0x00000006213d3b48,0x000000063c980000)
 Metaspace       used 8171K, capacity 8320K, committed 8448K, reserved 1056768K
  class space    used 870K, capacity 921K, committed 1024K, reserved 1048576K
}
Event: 7,587 GC heap before
{Heap before GC invocations=23 (full 7):
 PSYoungGen      total 1172992K, used 962369K [0x0000000716b00000, 0x000000078b600000, 0x00000007c0000000)
  eden space 776704K, 100% used [0x0000000716b00000,0x0000000746180000,0x0000000746180000)
  from space 396288K, 46% used [0x0000000746180000,0x00000007516d0718,0x000000075e480000)
  to   space 451072K, 0% used [0x000000076fd80000,0x000000076fd80000,0x000000078b600000)
 ParOldGen       total 1975808K, used 1527630K [0x00000005c4000000, 0x000000063c980000, 0x0000000716b00000)
  object space 1975808K, 77% used [0x00000005c4000000,0x00000006213d3b48,0x000000063c980000)
 Metaspace       used 8177K, capacity 8320K, committed 8448K, reserved 1056768K
  class space    used 870K, capacity 921K, committed 1024K, reserved 1048576K
Event: 7,861 GC heap after
Heap after GC invocations=23 (full 7):
 PSYoungGen      total 1414656K, used 368198K [0x0000000716b00000, 0x0000000790700000, 0x00000007c0000000)
  eden space 963584K, 0% used [0x0000000716b00000,0x0000000716b00000,0x0000000751800000)
  from space 451072K, 81% used [0x000000076fd80000,0x0000000786511ac0,0x000000078b600000)
  to   space 497152K, 0% used [0x0000000751800000,0x0000000751800000,0x000000076fd80000)
 ParOldGen       total 1975808K, used 1722863K [0x00000005c4000000, 0x000000063c980000, 0x0000000716b00000)
  object space 1975808K, 87% used [0x00000005c4000000,0x000000062d27be00,0x000000063c980000)
 Metaspace       used 8177K, capacity 8320K, committed 8448K, reserved 1056768K
  class space    used 870K, capacity 921K, committed 1024K, reserved 1048576K
}
Event: 7,861 GC heap before
{Heap before GC invocations=24 (full 8):
 PSYoungGen      total 1414656K, used 368198K [0x0000000716b00000, 0x0000000790700000, 0x00000007c0000000)
  eden space 963584K, 0% used [0x0000000716b00000,0x0000000716b00000,0x0000000751800000)
  from space 451072K, 81% used [0x000000076fd80000,0x0000000786511ac0,0x000000078b600000)
  to   space 497152K, 0% used [0x0000000751800000,0x0000000751800000,0x000000076fd80000)
 ParOldGen       total 1975808K, used 1722863K [0x00000005c4000000, 0x000000063c980000, 0x0000000716b00000)
  object space 1975808K, 87% used [0x00000005c4000000,0x000000062d27be00,0x000000063c980000)
 Metaspace       used 8177K, capacity 8320K, committed 8448K, reserved 1056768K
  class space    used 870K, capacity 921K, committed 1024K, reserved 1048576K
Event: 8,390 GC heap after
Heap after GC invocations=24 (full 8):
 PSYoungGen      total 1414656K, used 64441K [0x0000000716b00000, 0x0000000790700000, 0x00000007c0000000)
  eden space 963584K, 0% used [0x0000000716b00000,0x0000000716b00000,0x0000000751800000)
  from space 451072K, 14% used [0x000000076fd80000,0x0000000773c6e7f8,0x000000078b600000)
  to   space 497152K, 0% used [0x0000000751800000,0x0000000751800000,0x000000076fd80000)
 ParOldGen       total 2468352K, used 1975775K [0x00000005c4000000, 0x000000065aa80000, 0x0000000716b00000)
  object space 2468352K, 80% used [0x00000005c4000000,0x000000063c977f48,0x000000065aa80000)
 Metaspace       used 8177K, capacity 8320K, committed 8448K, reserved 1056768K
  class space    used 870K, capacity 921K, committed 1024K, reserved 1048576K
}
Event: 8,774 GC heap before
{Heap before GC invocations=25 (full 8):
 PSYoungGen      total 1414656K, used 1028025K [0x0000000716b00000, 0x0000000790700000, 0x00000007c0000000)
  eden space 963584K, 100% used [0x0000000716b00000,0x0000000751800000,0x0000000751800000)
  from space 451072K, 14% used [0x000000076fd80000,0x0000000773c6e7f8,0x000000078b600000)
  to   space 497152K, 0% used [0x0000000751800000,0x0000000751800000,0x000000076fd80000)
 ParOldGen       total 2468352K, used 1975775K [0x00000005c4000000, 0x000000065aa80000, 0x0000000716b00000)
  object space 2468352K, 80% used [0x00000005c4000000,0x000000063c977f48,0x000000065aa80000)
 Metaspace       used 8187K, capacity 8320K, committed 8448K, reserved 1056768K
  class space    used 871K, capacity 921K, committed 1024K, reserved 1048576K
Event: 8,960 GC heap after
Heap after GC invocations=25 (full 8):
 PSYoungGen      total 1460736K, used 423938K [0x0000000716b00000, 0x000000079f200000, 0x00000007c0000000)
  eden space 963584K, 0% used [0x0000000716b00000,0x0000000716b00000,0x0000000751800000)
  from space 497152K, 85% used [0x0000000751800000,0x000000076b600888,0x000000076fd80000)
  to   space 553984K, 0% used [0x000000077d500000,0x000000077d500000,0x000000079f200000)
 ParOldGen       total 2468352K, used 2043183K [0x00000005c4000000, 0x000000065aa80000, 0x0000000716b00000)
  object space 2468352K, 82% used [0x00000005c4000000,0x0000000640b4bf48,0x000000065aa80000)
 Metaspace       used 8187K, capacity 8320K, committed 8448K, reserved 1056768K
  class space    used 871K, capacity 921K, committed 1024K, reserved 1048576K
}
Event: 9,325 GC heap before
{Heap before GC invocations=26 (full 8):
 PSYoungGen      total 1460736K, used 1387522K [0x0000000716b00000, 0x000000079f200000, 0x00000007c0000000)
  eden space 963584K, 100% used [0x0000000716b00000,0x0000000751800000,0x0000000751800000)
  from space 497152K, 85% used [0x0000000751800000,0x000000076b600888,0x000000076fd80000)
  to   space 553984K, 0% used [0x000000077d500000,0x000000077d500000,0x000000079f200000)
 ParOldGen       total 2468352K, used 2043183K [0x00000005c4000000, 0x000000065aa80000, 0x0000000716b00000)
  object space 2468352K, 82% used [0x00000005c4000000,0x0000000640b4bf48,0x000000065aa80000)
 Metaspace       used 8193K, capacity 8320K, committed 8448K, reserved 1056768K
  class space    used 871K, capacity 921K, committed 1024K, reserved 1048576K

Deoptimization events (10 events):
Event: 1,298 Thread 0x00007f954400c800 Uncommon trap: reason=unstable_if action=reinterpret pc=0x00007f953538fc44 method=weka.core.RelationalLocator.copyRelationalValues(Lweka/core/Instance;ZLweka/core/Instances;Lweka/core/AttributeLocator;Lweka/core/Instances;Lweka/core/AttributeLocator;)V @ 
Event: 1,298 Thread 0x00007f954400c800 Uncommon trap: reason=unstable_if action=reinterpret pc=0x00007f953538ef44 method=weka.core.StringLocator.copyStringValues(Lweka/core/Instance;ZLweka/core/Instances;Lweka/core/AttributeLocator;Lweka/core/Instances;Lweka/core/AttributeLocator;)V @ 3
Event: 1,298 Thread 0x00007f954400c800 Uncommon trap: reason=unstable_if action=reinterpret pc=0x00007f9535410d0c method=weka.filters.Filter.push(Lweka/core/Instance;Z)V @ 14
Event: 1,333 Thread 0x00007f954400c800 Uncommon trap: reason=unstable_if action=reinterpret pc=0x00007f953540b258 method=weka.filters.SimpleStreamFilter.input(Lweka/core/Instance;)Z @ 21
Event: 1,343 Thread 0x00007f954400c800 Uncommon trap: reason=unstable_if action=reinterpret pc=0x00007f9535437834 method=java.util.LinkedList.linkLast(Ljava/lang/Object;)V @ 22
Event: 1,386 Thread 0x00007f954400c800 Uncommon trap: reason=unstable_if action=reinterpret pc=0x00007f9535440770 method=weka.filters.unsupervised.attribute.Copy.input(Lweka/core/Instance;)Z @ 21
Event: 1,403 Thread 0x00007f954400c800 Uncommon trap: reason=unstable_if action=reinterpret pc=0x00007f953543a188 method=weka.classifiers.timeseries.core.AbstractTimeSeriesFilter.input(Lweka/core/Instance;)Z @ 21
Event: 1,403 Thread 0x00007f954400c800 Uncommon trap: reason=unstable_if action=reinterpret pc=0x00007f953544f8c0 method=weka.classifiers.timeseries.core.TimeSeriesTranslate.mergeInstances(Lweka/core/Instance;Lweka/core/Instance;)Lweka/core/Instance; @ 46
Event: 1,416 Thread 0x00007f954400c800 Uncommon trap: reason=unstable_if action=reinterpret pc=0x00007f95354540d0 method=weka.filters.unsupervised.attribute.Copy.input(Lweka/core/Instance;)Z @ 21
Event: 1,450 Thread 0x00007f954400c800 Uncommon trap: reason=unstable_if action=reinterpret pc=0x00007f9535436a44 method=weka.classifiers.timeseries.core.TimeSeriesTranslate.mergeInstances(Lweka/core/Instance;Lweka/core/Instance;)Lweka/core/Instance; @ 46

Internal exceptions (10 events):
Event: 1,269 Thread 0x00007f954400c800 Exception <a 'java/lang/ClassNotFoundException': weka/filters/SimpleStreamFilterBeanInfo> (0x000000071876fa20) thrown at [/HUDSON3/workspace/8-2-build-linux-amd64/jdk8u121/8372/hotspot/src/share/vm/classfile/systemDictionary.cpp, line 210]
Event: 1,270 Thread 0x00007f954400c800 Exception <a 'java/lang/ClassNotFoundException': weka/filters/SimpleStreamFilterCustomizer> (0x0000000718779610) thrown at [/HUDSON3/workspace/8-2-build-linux-amd64/jdk8u121/8372/hotspot/src/share/vm/classfile/systemDictionary.cpp, line 210]
Event: 1,270 Thread 0x00007f954400c800 Exception <a 'java/lang/ClassNotFoundException': weka/filters/SimpleFilterBeanInfo> (0x00000007187841e8) thrown at [/HUDSON3/workspace/8-2-build-linux-amd64/jdk8u121/8372/hotspot/src/share/vm/classfile/systemDictionary.cpp, line 210]
Event: 1,270 Thread 0x00007f954400c800 Exception <a 'java/lang/ClassNotFoundException': weka/filters/SimpleFilterCustomizer> (0x000000071878d3e8) thrown at [/HUDSON3/workspace/8-2-build-linux-amd64/jdk8u121/8372/hotspot/src/share/vm/classfile/systemDictionary.cpp, line 210]
Event: 1,271 Thread 0x00007f954400c800 Exception <a 'java/lang/ClassNotFoundException': weka/filters/FilterBeanInfo> (0x0000000718797708) thrown at [/HUDSON3/workspace/8-2-build-linux-amd64/jdk8u121/8372/hotspot/src/share/vm/classfile/systemDictionary.cpp, line 210]
Event: 1,271 Thread 0x00007f954400c800 Exception <a 'java/lang/ClassNotFoundException': weka/filters/FilterCustomizer> (0x000000071879fa40) thrown at [/HUDSON3/workspace/8-2-build-linux-amd64/jdk8u121/8372/hotspot/src/share/vm/classfile/systemDictionary.cpp, line 210]
Event: 1,271 Thread 0x00007f954400c800 Exception <a 'java/lang/ArrayIndexOutOfBoundsException': 45> (0x00000007187a3ad0) thrown at [/HUDSON3/workspace/8-2-build-linux-amd64/jdk8u121/8372/hotspot/src/share/vm/interpreter/interpreterRuntime.cpp, line 366]
Event: 1,343 Thread 0x00007f954400c800 Implicit null exception at 0x00007f95354377d9 to 0x00007f9535437819
Event: 1,403 Thread 0x00007f954400c800 Implicit null exception at 0x00007f953544f2f6 to 0x00007f953544f899
Event: 1,450 Thread 0x00007f954400c800 Implicit null exception at 0x00007f9535436394 to 0x00007f9535436a19

Events (10 events):
Event: 6,586 Thread 0x00007f954400c800 DEOPT UNPACKING pc=0x00007f9535047633 sp=0x00007f954c00d3f8 mode 0
Event: 6,627 Executing VM operation: ParallelGCFailedAllocation
Event: 7,278 Executing VM operation: ParallelGCFailedAllocation done
Event: 7,586 Executing VM operation: ParallelGCFailedAllocation
Event: 8,390 Executing VM operation: ParallelGCFailedAllocation done
Event: 8,394 loading class weka/core/ProtectedProperties
Event: 8,394 loading class weka/core/ProtectedProperties done
Event: 8,773 Executing VM operation: ParallelGCFailedAllocation
Event: 8,960 Executing VM operation: ParallelGCFailedAllocation done
Event: 9,325 Executing VM operation: ParallelGCFailedAllocation


Dynamic libraries:
00400000-00401000 r-xp 00000000 08:01 2637110                            /usr/lib/jvm/jdk1.8.0_121/bin/java
00600000-00601000 rw-p 00000000 08:01 2637110                            /usr/lib/jvm/jdk1.8.0_121/bin/java
014a7000-014c8000 rw-p 00000000 00:00 0                                  [heap]
5c4000000-65aa80000 rw-p 00000000 00:00 0 
65aa80000-716b00000 ---p 00000000 00:00 0 
716b00000-79f200000 rw-p 00000000 00:00 0 
7ba680000-7c0000000 ---p 00000000 00:00 0 
7c0000000-7c0100000 rw-p 00000000 00:00 0 
7c0100000-800000000 ---p 00000000 00:00 0 
7f94c8000000-7f94c8021000 rw-p 00000000 00:00 0 
7f94c8021000-7f94cc000000 ---p 00000000 00:00 0 
7f94d0000000-7f94d0358000 rw-p 00000000 00:00 0 
7f94d0358000-7f94d4000000 ---p 00000000 00:00 0 
7f94d4000000-7f94d4021000 rw-p 00000000 00:00 0 
7f94d4021000-7f94d8000000 ---p 00000000 00:00 0 
7f94d8000000-7f94d826d000 rw-p 00000000 00:00 0 
7f94d826d000-7f94dc000000 ---p 00000000 00:00 0 
7f94dc000000-7f94dc344000 rw-p 00000000 00:00 0 
7f94dc344000-7f94e0000000 ---p 00000000 00:00 0 
7f94e0000000-7f94e0021000 rw-p 00000000 00:00 0 
7f94e0021000-7f94e4000000 ---p 00000000 00:00 0 
7f94e4000000-7f94e452d000 rw-p 00000000 00:00 0 
7f94e452d000-7f94e8000000 ---p 00000000 00:00 0 
7f94e8000000-7f94e8021000 rw-p 00000000 00:00 0 
7f94e8021000-7f94ec000000 ---p 00000000 00:00 0 
7f94ec000000-7f94ec021000 rw-p 00000000 00:00 0 
7f94ec021000-7f94f0000000 ---p 00000000 00:00 0 
7f94f0000000-7f94f0021000 rw-p 00000000 00:00 0 
7f94f0021000-7f94f4000000 ---p 00000000 00:00 0 
7f94f4200000-7f9504000000 rw-p 00000000 00:00 0 
7f9504000000-7f9504021000 rw-p 00000000 00:00 0 
7f9504021000-7f9508000000 ---p 00000000 00:00 0 
7f9508000000-7f950828e000 rw-p 00000000 00:00 0 
7f950828e000-7f950c000000 ---p 00000000 00:00 0 
7f950c000000-7f950c021000 rw-p 00000000 00:00 0 
7f950c021000-7f9510000000 ---p 00000000 00:00 0 
7f9510000000-7f9510021000 rw-p 00000000 00:00 0 
7f9510021000-7f9514000000 ---p 00000000 00:00 0 
7f9514000000-7f9514021000 rw-p 00000000 00:00 0 
7f9514021000-7f9518000000 ---p 00000000 00:00 0 
7f9518000000-7f9518021000 rw-p 00000000 00:00 0 
7f9518021000-7f951c000000 ---p 00000000 00:00 0 
7f951c000000-7f951c021000 rw-p 00000000 00:00 0 
7f951c021000-7f9520000000 ---p 00000000 00:00 0 
7f9524000000-7f9524021000 rw-p 00000000 00:00 0 
7f9524021000-7f9528000000 ---p 00000000 00:00 0 
7f95293d0000-7f95293ec000 r--s 00393000 08:01 2760106                    /usr/lib/jvm/jdk1.8.0_121/jre/lib/ext/cldrdata.jar
7f95293ec000-7f95293fd000 r-xp 00000000 08:01 2759529                    /usr/lib/jvm/jdk1.8.0_121/jre/lib/amd64/libnio.so
7f95293fd000-7f95295fc000 ---p 00011000 08:01 2759529                    /usr/lib/jvm/jdk1.8.0_121/jre/lib/amd64/libnio.so
7f95295fc000-7f95295fd000 rw-p 00010000 08:01 2759529                    /usr/lib/jvm/jdk1.8.0_121/jre/lib/amd64/libnio.so
7f95295fd000-7f9529602000 r-xp 00000000 08:01 2109112                    /usr/lib/x86_64-linux-gnu/libXdmcp.so.6.0.0
7f9529602000-7f9529801000 ---p 00005000 08:01 2109112                    /usr/lib/x86_64-linux-gnu/libXdmcp.so.6.0.0
7f9529801000-7f9529802000 r--p 00004000 08:01 2109112                    /usr/lib/x86_64-linux-gnu/libXdmcp.so.6.0.0
7f9529802000-7f9529803000 rw-p 00005000 08:01 2109112                    /usr/lib/x86_64-linux-gnu/libXdmcp.so.6.0.0
7f9529803000-7f9529805000 r-xp 00000000 08:01 2109101                    /usr/lib/x86_64-linux-gnu/libXau.so.6.0.0
7f9529805000-7f9529a05000 ---p 00002000 08:01 2109101                    /usr/lib/x86_64-linux-gnu/libXau.so.6.0.0
7f9529a05000-7f9529a06000 r--p 00002000 08:01 2109101                    /usr/lib/x86_64-linux-gnu/libXau.so.6.0.0
7f9529a06000-7f9529a07000 rw-p 00003000 08:01 2109101                    /usr/lib/x86_64-linux-gnu/libXau.so.6.0.0
7f9529a07000-7f9529a28000 r-xp 00000000 08:01 2110479                    /usr/lib/x86_64-linux-gnu/libxcb.so.1.1.0
7f9529a28000-7f9529c27000 ---p 00021000 08:01 2110479                    /usr/lib/x86_64-linux-gnu/libxcb.so.1.1.0
7f9529c27000-7f9529c28000 r--p 00020000 08:01 2110479                    /usr/lib/x86_64-linux-gnu/libxcb.so.1.1.0
7f9529c28000-7f9529c29000 rw-p 00021000 08:01 2110479                    /usr/lib/x86_64-linux-gnu/libxcb.so.1.1.0
7f9529c29000-7f9529c38000 r-xp 00000000 08:01 2109122                    /usr/lib/x86_64-linux-gnu/libXi.so.6.1.0
7f9529c38000-7f9529e37000 ---p 0000f000 08:01 2109122                    /usr/lib/x86_64-linux-gnu/libXi.so.6.1.0
7f9529e37000-7f9529e38000 r--p 0000e000 08:01 2109122                    /usr/lib/x86_64-linux-gnu/libXi.so.6.1.0
7f9529e38000-7f9529e39000 rw-p 0000f000 08:01 2109122                    /usr/lib/x86_64-linux-gnu/libXi.so.6.1.0
7f9529e39000-7f9529e3e000 r-xp 00000000 08:01 2109140                    /usr/lib/x86_64-linux-gnu/libXtst.so.6.1.0
7f9529e3e000-7f952a03d000 ---p 00005000 08:01 2109140                    /usr/lib/x86_64-linux-gnu/libXtst.so.6.1.0
7f952a03d000-7f952a03e000 r--p 00004000 08:01 2109140                    /usr/lib/x86_64-linux-gnu/libXtst.so.6.1.0
7f952a03e000-7f952a03f000 rw-p 00005000 08:01 2109140                    /usr/lib/x86_64-linux-gnu/libXtst.so.6.1.0
7f952a03f000-7f952a048000 r-xp 00000000 08:01 2109134                    /usr/lib/x86_64-linux-gnu/libXrender.so.1.3.0
7f952a048000-7f952a247000 ---p 00009000 08:01 2109134                    /usr/lib/x86_64-linux-gnu/libXrender.so.1.3.0
7f952a247000-7f952a248000 r--p 00008000 08:01 2109134                    /usr/lib/x86_64-linux-gnu/libXrender.so.1.3.0
7f952a248000-7f952a249000 rw-p 00009000 08:01 2109134                    /usr/lib/x86_64-linux-gnu/libXrender.so.1.3.0
7f952a249000-7f952a37e000 r-xp 00000000 08:01 2109097                    /usr/lib/x86_64-linux-gnu/libX11.so.6.3.0
7f952a37e000-7f952a57e000 ---p 00135000 08:01 2109097                    /usr/lib/x86_64-linux-gnu/libX11.so.6.3.0
7f952a57e000-7f952a57f000 r--p 00135000 08:01 2109097                    /usr/lib/x86_64-linux-gnu/libX11.so.6.3.0
7f952a57f000-7f952a583000 rw-p 00136000 08:01 2109097                    /usr/lib/x86_64-linux-gnu/libX11.so.6.3.0
7f952a583000-7f952a594000 r-xp 00000000 08:01 2109114                    /usr/lib/x86_64-linux-gnu/libXext.so.6.4.0
7f952a594000-7f952a793000 ---p 00011000 08:01 2109114                    /usr/lib/x86_64-linux-gnu/libXext.so.6.4.0
7f952a793000-7f952a794000 r--p 00010000 08:01 2109114                    /usr/lib/x86_64-linux-gnu/libXext.so.6.4.0
7f952a794000-7f952a795000 rw-p 00011000 08:01 2109114                    /usr/lib/x86_64-linux-gnu/libXext.so.6.4.0
7f952a7a5000-7f952a7af000 r--s 00116000 08:01 2760056                    /usr/lib/jvm/jdk1.8.0_121/jre/lib/ext/localedata.jar
7f952a7af000-7f952a7b3000 r--s 0009a000 08:01 2637136                    /usr/lib/jvm/jdk1.8.0_121/jre/lib/jsse.jar
7f952a7b3000-7f952a807000 r-xp 00000000 08:01 2759531                    /usr/lib/jvm/jdk1.8.0_121/jre/lib/amd64/libawt_xawt.so
7f952a807000-7f952aa07000 ---p 00054000 08:01 2759531                    /usr/lib/jvm/jdk1.8.0_121/jre/lib/amd64/libawt_xawt.so
7f952aa07000-7f952aa0b000 rw-p 00054000 08:01 2759531                    /usr/lib/jvm/jdk1.8.0_121/jre/lib/amd64/libawt_xawt.so
7f952aa0b000-7f952aa0c000 rw-p 00000000 00:00 0 
7f952aa0c000-7f952aaae000 r-xp 00000000 08:01 2759921                    /usr/lib/jvm/jdk1.8.0_121/jre/lib/amd64/libawt.so
7f952aaae000-7f952acae000 ---p 000a2000 08:01 2759921                    /usr/lib/jvm/jdk1.8.0_121/jre/lib/amd64/libawt.so
7f952acae000-7f952acba000 rw-p 000a2000 08:01 2759921                    /usr/lib/jvm/jdk1.8.0_121/jre/lib/amd64/libawt.so
7f952acba000-7f952acde000 rw-p 00000000 00:00 0 
7f952acde000-7f952acf9000 r--s 001d3000 08:01 2760055                    /usr/lib/jvm/jdk1.8.0_121/jre/lib/ext/nashorn.jar
7f952acf9000-7f952acfa000 ---p 00000000 00:00 0 
7f952acfa000-7f952adfa000 rw-p 00000000 00:00 0 
7f952adfa000-7f952adfd000 ---p 00000000 00:00 0 
7f952adfd000-7f952b1fc000 rw-p 00000000 00:00 0 
7f952b1fc000-7f952b212000 r-xp 00000000 08:01 2759316                    /usr/lib/jvm/jdk1.8.0_121/jre/lib/amd64/libnet.so
7f952b212000-7f952b412000 ---p 00016000 08:01 2759316                    /usr/lib/jvm/jdk1.8.0_121/jre/lib/amd64/libnet.so
7f952b412000-7f952b413000 rw-p 00016000 08:01 2759316                    /usr/lib/jvm/jdk1.8.0_121/jre/lib/amd64/libnet.so
7f952b413000-7f952b416000 ---p 00000000 00:00 0 
7f952b416000-7f952b514000 rw-p 00000000 00:00 0 
7f952b514000-7f952b517000 ---p 00000000 00:00 0 
7f952b517000-7f952b615000 rw-p 00000000 00:00 0 
7f952b615000-7f952b618000 ---p 00000000 00:00 0 
7f952b618000-7f952b716000 rw-p 00000000 00:00 0 
7f952b716000-7f952b719000 ---p 00000000 00:00 0 
7f952b719000-7f952b817000 rw-p 00000000 00:00 0 
7f952b817000-7f952b81a000 ---p 00000000 00:00 0 
7f952b81a000-7f952b918000 rw-p 00000000 00:00 0 
7f952b918000-7f952b91b000 r--s 00019000 08:01 9983288                    /home/nrigheriu/programs/idea-IU-171.3780.107/lib/idea_rt.jar
7f952b91b000-7f952b91d000 r--s 00027000 08:01 11163009                   /home/nrigheriu/.m2/repository/com/github/fommil/netlib/core/1.1/core-1.1.jar
7f952b91d000-7f952b91f000 r--s 00016000 08:01 11163005                   /home/nrigheriu/.m2/repository/com/googlecode/netlib-java/netlib-java/1.1/netlib-java-1.1.jar
7f952b91f000-7f952b931000 r--s 00112000 08:01 11034761                   /home/nrigheriu/.m2/repository/net/sourceforge/f2j/arpack_combined_all/0.1/arpack_combined_all-0.1.jar
7f952b931000-7f952b933000 r--s 00088000 08:01 11163003                   /home/nrigheriu/.m2/repository/com/github/fommil/netlib/netlib-native_system-win-i686/1.1/netlib-native_system-win-i686-1.1-natives.jar
7f952b933000-7f952b934000 r--s 0009b000 08:01 11163001                   /home/nrigheriu/.m2/repository/com/github/fommil/netlib/netlib-native_system-win-x86_64/1.1/netlib-native_system-win-x86_64-1.1-natives.jar
7f952b934000-7f952b935000 r--s 0004b000 08:01 11162999                   /home/nrigheriu/.m2/repository/com/github/fommil/netlib/netlib-native_system-linux-armhf/1.1/netlib-native_system-linux-armhf-1.1-natives.jar
7f952b935000-7f952b936000 r--s 0006a000 08:01 11162995                   /home/nrigheriu/.m2/repository/com/github/fommil/netlib/netlib-native_system-linux-i686/1.1/netlib-native_system-linux-i686-1.1-natives.jar
7f952b936000-7f952b937000 r--s 0006f000 08:01 11162981                   /home/nrigheriu/.m2/repository/com/github/fommil/netlib/netlib-native_system-linux-x86_64/1.1/netlib-native_system-linux-x86_64-1.1-natives.jar
7f952b937000-7f952b938000 r--s 0000d000 08:01 11163007                   /home/nrigheriu/.m2/repository/com/github/fommil/netlib/native_system-java/1.1/native_system-java-1.1.jar
7f952b938000-7f952b939000 r--s 00087000 08:01 11162993                   /home/nrigheriu/.m2/repository/com/github/fommil/netlib/netlib-native_system-osx-x86_64/1.1/netlib-native_system-osx-x86_64-1.1-natives.jar
7f952b939000-7f952b93a000 r--s 00126000 08:01 11162991                   /home/nrigheriu/.m2/repository/com/github/fommil/netlib/netlib-native_ref-linux-armhf/1.1/netlib-native_ref-linux-armhf-1.1-natives.jar
7f952b93a000-7f952b93b000 r--s 001bd000 08:01 11162989                   /home/nrigheriu/.m2/repository/com/github/fommil/netlib/netlib-native_ref-win-i686/1.1/netlib-native_ref-win-i686-1.1-natives.jar
7f952b93b000-7f952b93c000 r--s 00232000 08:01 11162987                   /home/nrigheriu/.m2/repository/com/github/fommil/netlib/netlib-native_ref-win-x86_64/1.1/netlib-native_ref-win-x86_64-1.1-natives.jar
7f952b93c000-7f952b93d000 r--s 0016b000 08:01 11162985                   /home/nrigheriu/.m2/repository/com/github/fommil/netlib/netlib-native_ref-linux-i686/1.1/netlib-native_ref-linux-i686-1.1-natives.jar
7f952b93d000-7f952b93f000 r--s 001aa000 08:01 11162983                   /home/nrigheriu/.m2/repository/com/github/fommil/netlib/netlib-native_ref-linux-x86_64/1.1/netlib-native_ref-linux-x86_64-1.1-natives.jar
7f952b93f000-7f952b941000 r--s 00001000 08:01 11162997                   /home/nrigheriu/.m2/repository/com/github/fommil/jniloader/1.1/jniloader-1.1.jar
7f952b941000-7f952b943000 r--s 001c0000 08:01 11034754                   /home/nrigheriu/.m2/repository/com/github/fommil/netlib/netlib-native_ref-osx-x86_64/1.1/netlib-native_ref-osx-x86_64-1.1-natives.jar
7f952b943000-7f952b948000 r--s 0003d000 08:01 11034314                   /home/nrigheriu/.m2/repository/com/googlecode/matrix-toolkits-java/mtj/1.0.4/mtj-1.0.4.jar
7f952b948000-7f952b9a8000 r--s 00855000 08:01 11162977                   /home/nrigheriu/.m2/repository/nz/ac/waikato/cms/weka/weka-dev/3.9.1/weka-dev-3.9.1.jar
7f952b9a8000-7f952b9ab000 ---p 00000000 00:00 0 
7f952b9ab000-7f952baa9000 rw-p 00000000 00:00 0 
7f952baa9000-7f952beff000 r--p 00000000 08:01 2107289                    /usr/lib/locale/locale-archive
7f952beff000-7f952bf02000 ---p 00000000 00:00 0 
7f952bf02000-7f952c000000 rw-p 00000000 00:00 0 
7f952c000000-7f952c021000 rw-p 00000000 00:00 0 
7f952c021000-7f9530000000 ---p 00000000 00:00 0 
7f9530000000-7f9530001000 r--s 0000d000 08:01 11034296                   /home/nrigheriu/.m2/repository/com/github/fommil/netlib/native_ref-java/1.1/native_ref-java-1.1.jar
7f9530001000-7f9530005000 r--s 0002f000 08:01 11034312                   /home/nrigheriu/.m2/repository/nz/ac/waikato/cms/weka/thirdparty/bounce/0.18/bounce-0.18.jar
7f9530005000-7f953000b000 r--s 0004b000 08:01 11034301                   /home/nrigheriu/.m2/repository/org/jfree/jcommon/1.0.23/jcommon-1.0.23.jar
7f953000b000-7f953001c000 r--s 0016e000 08:01 11034293                   /home/nrigheriu/.m2/repository/org/jfree/jfreechart/1.0.19/jfreechart-1.0.19.jar
7f953001c000-7f9530021000 r--s 00046000 08:01 10510436                   /home/nrigheriu/IdeaProjects/wekaforecasting/dependencies/timeseriesForecasting-1.0.24.jar
7f9530021000-7f9530024000 ---p 00000000 00:00 0 
7f9530024000-7f9530122000 rw-p 00000000 00:00 0 
7f9530122000-7f9530123000 ---p 00000000 00:00 0 
7f9530123000-7f9531d8d000 rw-p 00000000 00:00 0 
7f9531d8d000-7f9531f66000 r--s 03d3e000 08:01 2637161                    /usr/lib/jvm/jdk1.8.0_121/jre/lib/rt.jar
7f9531f66000-7f9532777000 rw-p 00000000 00:00 0 
7f9532777000-7f9532837000 ---p 00000000 00:00 0 
7f9532837000-7f9533817000 rw-p 00000000 00:00 0 
7f9533817000-7f9533818000 ---p 00000000 00:00 0 
7f9533818000-7f9533918000 rw-p 00000000 00:00 0 
7f9533918000-7f9533919000 ---p 00000000 00:00 0 
7f9533919000-7f9533a19000 rw-p 00000000 00:00 0 
7f9533a19000-7f9533a1a000 ---p 00000000 00:00 0 
7f9533a1a000-7f9533b1a000 rw-p 00000000 00:00 0 
7f9533b1a000-7f9533b1b000 ---p 00000000 00:00 0 
7f9533b1b000-7f9533c1b000 rw-p 00000000 00:00 0 
7f9533c1b000-7f9533c1c000 ---p 00000000 00:00 0 
7f9533c1c000-7f9533d1c000 rw-p 00000000 00:00 0 
7f9533d1c000-7f9533d1d000 ---p 00000000 00:00 0 
7f9533d1d000-7f9533e1d000 rw-p 00000000 00:00 0 
7f9533e1d000-7f9533e1e000 ---p 00000000 00:00 0 
7f9533e1e000-7f9533f1e000 rw-p 00000000 00:00 0 
7f9533f1e000-7f9533f1f000 ---p 00000000 00:00 0 
7f9533f1f000-7f95344d5000 rw-p 00000000 00:00 0 
7f95344d5000-7f9534ab4000 ---p 00000000 00:00 0 
7f9534ab4000-7f9534ef8000 rw-p 00000000 00:00 0 
7f9534ef8000-7f9534fff000 ---p 00000000 00:00 0 
7f9534fff000-7f9535000000 rw-p 00000000 00:00 0 
7f9535000000-7f9535550000 rwxp 00000000 00:00 0 
7f9535550000-7f9544000000 ---p 00000000 00:00 0 
7f9544000000-7f954476d000 rw-p 00000000 00:00 0 
7f954476d000-7f9548000000 ---p 00000000 00:00 0 
7f9548000000-7f9548001000 r--s 00005000 08:01 11034310                   /home/nrigheriu/.m2/repository/nz/ac/waikato/cms/weka/thirdparty/java-cup-11b-runtime/2015.03.26/java-cup-11b-runtime-2015.03.26.jar
7f9548001000-7f9548003000 r--s 00016000 08:01 11034308                   /home/nrigheriu/.m2/repository/nz/ac/waikato/cms/weka/thirdparty/java-cup-11b/2015.03.26/java-cup-11b-2015.03.26.jar
7f9548003000-7f9548016000 r--s 00345000 08:01 2637180                    /usr/lib/jvm/jdk1.8.0_121/jre/lib/resources.jar
7f9548016000-7f95484cc000 rw-p 00000000 00:00 0 
7f95484cc000-7f9548aac000 ---p 00000000 00:00 0 
7f9548aac000-7f9548ac2000 rw-p 00000000 00:00 0 
7f9548ac2000-7f9548e6c000 ---p 00000000 00:00 0 
7f9548e6c000-7f9548e86000 r-xp 00000000 08:01 2759526                    /usr/lib/jvm/jdk1.8.0_121/jre/lib/amd64/libzip.so
7f9548e86000-7f9549086000 ---p 0001a000 08:01 2759526                    /usr/lib/jvm/jdk1.8.0_121/jre/lib/amd64/libzip.so
7f9549086000-7f9549087000 rw-p 0001a000 08:01 2759526                    /usr/lib/jvm/jdk1.8.0_121/jre/lib/amd64/libzip.so
7f9549087000-7f9549092000 r-xp 00000000 08:01 26138766                   /lib/x86_64-linux-gnu/libnss_files-2.23.so
7f9549092000-7f9549291000 ---p 0000b000 08:01 26138766                   /lib/x86_64-linux-gnu/libnss_files-2.23.so
7f9549291000-7f9549292000 r--p 0000a000 08:01 26138766                   /lib/x86_64-linux-gnu/libnss_files-2.23.so
7f9549292000-7f9549293000 rw-p 0000b000 08:01 26138766                   /lib/x86_64-linux-gnu/libnss_files-2.23.so
7f9549293000-7f9549299000 rw-p 00000000 00:00 0 
7f9549299000-7f95492a4000 r-xp 00000000 08:01 26138701                   /lib/x86_64-linux-gnu/libnss_nis-2.23.so
7f95492a4000-7f95494a3000 ---p 0000b000 08:01 26138701                   /lib/x86_64-linux-gnu/libnss_nis-2.23.so
7f95494a3000-7f95494a4000 r--p 0000a000 08:01 26138701                   /lib/x86_64-linux-gnu/libnss_nis-2.23.so
7f95494a4000-7f95494a5000 rw-p 0000b000 08:01 26138701                   /lib/x86_64-linux-gnu/libnss_nis-2.23.so
7f95494a5000-7f95494bb000 r-xp 00000000 08:01 26138727                   /lib/x86_64-linux-gnu/libnsl-2.23.so
7f95494bb000-7f95496ba000 ---p 00016000 08:01 26138727                   /lib/x86_64-linux-gnu/libnsl-2.23.so
7f95496ba000-7f95496bb000 r--p 00015000 08:01 26138727                   /lib/x86_64-linux-gnu/libnsl-2.23.so
7f95496bb000-7f95496bc000 rw-p 00016000 08:01 26138727                   /lib/x86_64-linux-gnu/libnsl-2.23.so
7f95496bc000-7f95496be000 rw-p 00000000 00:00 0 
7f95496be000-7f95496c6000 r-xp 00000000 08:01 26138792                   /lib/x86_64-linux-gnu/libnss_compat-2.23.so
7f95496c6000-7f95498c5000 ---p 00008000 08:01 26138792                   /lib/x86_64-linux-gnu/libnss_compat-2.23.so
7f95498c5000-7f95498c6000 r--p 00007000 08:01 26138792                   /lib/x86_64-linux-gnu/libnss_compat-2.23.so
7f95498c6000-7f95498c7000 rw-p 00008000 08:01 26138792                   /lib/x86_64-linux-gnu/libnss_compat-2.23.so
7f95498c7000-7f95498d1000 r-xp 00000000 08:01 2759922                    /usr/lib/jvm/jdk1.8.0_121/jre/lib/amd64/libinstrument.so
7f95498d1000-7f9549ad0000 ---p 0000a000 08:01 2759922                    /usr/lib/jvm/jdk1.8.0_121/jre/lib/amd64/libinstrument.so
7f9549ad0000-7f9549ad1000 rw-p 00009000 08:01 2759922                    /usr/lib/jvm/jdk1.8.0_121/jre/lib/amd64/libinstrument.so
7f9549ad1000-7f9549afc000 r-xp 00000000 08:01 2759911                    /usr/lib/jvm/jdk1.8.0_121/jre/lib/amd64/libjava.so
7f9549afc000-7f9549cfb000 ---p 0002b000 08:01 2759911                    /usr/lib/jvm/jdk1.8.0_121/jre/lib/amd64/libjava.so
7f9549cfb000-7f9549cfd000 rw-p 0002a000 08:01 2759911                    /usr/lib/jvm/jdk1.8.0_121/jre/lib/amd64/libjava.so
7f9549cfd000-7f9549d0a000 r-xp 00000000 08:01 2759317                    /usr/lib/jvm/jdk1.8.0_121/jre/lib/amd64/libverify.so
7f9549d0a000-7f9549f09000 ---p 0000d000 08:01 2759317                    /usr/lib/jvm/jdk1.8.0_121/jre/lib/amd64/libverify.so
7f9549f09000-7f9549f0b000 rw-p 0000c000 08:01 2759317                    /usr/lib/jvm/jdk1.8.0_121/jre/lib/amd64/libverify.so
7f9549f0b000-7f9549f12000 r-xp 00000000 08:01 26138793                   /lib/x86_64-linux-gnu/librt-2.23.so
7f9549f12000-7f954a111000 ---p 00007000 08:01 26138793                   /lib/x86_64-linux-gnu/librt-2.23.so
7f954a111000-7f954a112000 r--p 00006000 08:01 26138793                   /lib/x86_64-linux-gnu/librt-2.23.so
7f954a112000-7f954a113000 rw-p 00007000 08:01 26138793                   /lib/x86_64-linux-gnu/librt-2.23.so
7f954a113000-7f954a21b000 r-xp 00000000 08:01 26138722                   /lib/x86_64-linux-gnu/libm-2.23.so
7f954a21b000-7f954a41a000 ---p 00108000 08:01 26138722                   /lib/x86_64-linux-gnu/libm-2.23.so
7f954a41a000-7f954a41b000 r--p 00107000 08:01 26138722                   /lib/x86_64-linux-gnu/libm-2.23.so
7f954a41b000-7f954a41c000 rw-p 00108000 08:01 26138722                   /lib/x86_64-linux-gnu/libm-2.23.so
7f954a41c000-7f954b0ea000 r-xp 00000000 08:01 2759915                    /usr/lib/jvm/jdk1.8.0_121/jre/lib/amd64/server/libjvm.so
7f954b0ea000-7f954b2ea000 ---p 00cce000 08:01 2759915                    /usr/lib/jvm/jdk1.8.0_121/jre/lib/amd64/server/libjvm.so
7f954b2ea000-7f954b3c3000 rw-p 00cce000 08:01 2759915                    /usr/lib/jvm/jdk1.8.0_121/jre/lib/amd64/server/libjvm.so
7f954b3c3000-7f954b40e000 rw-p 00000000 00:00 0 
7f954b40e000-7f954b5cd000 r-xp 00000000 08:01 26138728                   /lib/x86_64-linux-gnu/libc-2.23.so
7f954b5cd000-7f954b7cd000 ---p 001bf000 08:01 26138728                   /lib/x86_64-linux-gnu/libc-2.23.so
7f954b7cd000-7f954b7d1000 r--p 001bf000 08:01 26138728                   /lib/x86_64-linux-gnu/libc-2.23.so
7f954b7d1000-7f954b7d3000 rw-p 001c3000 08:01 26138728                   /lib/x86_64-linux-gnu/libc-2.23.so
7f954b7d3000-7f954b7d7000 rw-p 00000000 00:00 0 
7f954b7d7000-7f954b7da000 r-xp 00000000 08:01 26138700                   /lib/x86_64-linux-gnu/libdl-2.23.so
7f954b7da000-7f954b9d9000 ---p 00003000 08:01 26138700                   /lib/x86_64-linux-gnu/libdl-2.23.so
7f954b9d9000-7f954b9da000 r--p 00002000 08:01 26138700                   /lib/x86_64-linux-gnu/libdl-2.23.so
7f954b9da000-7f954b9db000 rw-p 00003000 08:01 26138700                   /lib/x86_64-linux-gnu/libdl-2.23.so
7f954b9db000-7f954b9f0000 r-xp 00000000 08:01 2239042                    /usr/lib/jvm/jdk1.8.0_121/lib/amd64/jli/libjli.so
7f954b9f0000-7f954bbf0000 ---p 00015000 08:01 2239042                    /usr/lib/jvm/jdk1.8.0_121/lib/amd64/jli/libjli.so
7f954bbf0000-7f954bbf1000 rw-p 00015000 08:01 2239042                    /usr/lib/jvm/jdk1.8.0_121/lib/amd64/jli/libjli.so
7f954bbf1000-7f954bc09000 r-xp 00000000 08:01 26138817                   /lib/x86_64-linux-gnu/libpthread-2.23.so
7f954bc09000-7f954be08000 ---p 00018000 08:01 26138817                   /lib/x86_64-linux-gnu/libpthread-2.23.so
7f954be08000-7f954be09000 r--p 00017000 08:01 26138817                   /lib/x86_64-linux-gnu/libpthread-2.23.so
7f954be09000-7f954be0a000 rw-p 00018000 08:01 26138817                   /lib/x86_64-linux-gnu/libpthread-2.23.so
7f954be0a000-7f954be0e000 rw-p 00000000 00:00 0 
7f954be0e000-7f954be34000 r-xp 00000000 08:01 26138732                   /lib/x86_64-linux-gnu/ld-2.23.so
7f954be34000-7f954be36000 r--s 00012000 08:01 11034297                   /home/nrigheriu/.m2/repository/com/github/fracpete/multisearch-weka-package/2016.6.7/multisearch-weka-package-2016.6.7.jar
7f954be36000-7f954be38000 r--s 00009000 08:01 10510435                   /home/nrigheriu/IdeaProjects/wekaforecasting/dependencies/multiLayerPerceptrons.jar
7f954be38000-7f954be4a000 r--s 000d6000 08:01 2637179                    /usr/lib/jvm/jdk1.8.0_121/jre/lib/plugin.jar
7f954be4a000-7f954be4b000 r--s 00000000 08:01 2637166                    /usr/lib/jvm/jdk1.8.0_121/jre/lib/management-agent.jar
7f954be4b000-7f954be4f000 r--s 0009a000 08:01 2637136                    /usr/lib/jvm/jdk1.8.0_121/jre/lib/jsse.jar
7f954be4f000-7f954be54000 r--s 00084000 08:01 2637172                    /usr/lib/jvm/jdk1.8.0_121/jre/lib/jfr.jar
7f954be54000-7f954be6f000 r--s 00209000 08:01 2637175                    /usr/lib/jvm/jdk1.8.0_121/jre/lib/deploy.jar
7f954be6f000-7f954bf0e000 rw-p 00000000 00:00 0 
7f954bf0e000-7f954bf11000 ---p 00000000 00:00 0 
7f954bf11000-7f954c013000 rw-p 00000000 00:00 0 
7f954c013000-7f954c015000 r--s 00007000 08:01 2637165                    /usr/lib/jvm/jdk1.8.0_121/jre/lib/jfxswt.jar
7f954c015000-7f954c018000 r--s 0001a000 08:01 2637184                    /usr/lib/jvm/jdk1.8.0_121/jre/lib/jce.jar
7f954c018000-7f954c022000 r--s 0006c000 08:01 2637174                    /usr/lib/jvm/jdk1.8.0_121/jre/lib/javaws.jar
7f954c022000-7f954c027000 r--s 002f9000 08:01 2637137                    /usr/lib/jvm/jdk1.8.0_121/jre/lib/charsets.jar
7f954c027000-7f954c02f000 rw-s 00000000 08:01 15628087                   /tmp/hsperfdata_nrigheriu/18436
7f954c02f000-7f954c030000 rw-p 00000000 00:00 0 
7f954c030000-7f954c031000 ---p 00000000 00:00 0 
7f954c031000-7f954c033000 rw-p 00000000 00:00 0 
7f954c033000-7f954c034000 r--p 00025000 08:01 26138732                   /lib/x86_64-linux-gnu/ld-2.23.so
7f954c034000-7f954c035000 rw-p 00026000 08:01 26138732                   /lib/x86_64-linux-gnu/ld-2.23.so
7f954c035000-7f954c036000 rw-p 00000000 00:00 0 
7ffce891f000-7ffce8941000 rw-p 00000000 00:00 0                          [stack]
7ffce89e9000-7ffce89eb000 r--p 00000000 00:00 0                          [vvar]
7ffce89eb000-7ffce89ed000 r-xp 00000000 00:00 0                          [vdso]
ffffffffff600000-ffffffffff601000 r-xp 00000000 00:00 0                  [vsyscall]

VM Arguments:
jvm_args: -Xmx8128m -javaagent:/home/nrigheriu/programs/idea-IU-171.3780.107/lib/idea_rt.jar=45802:/home/nrigheriu/programs/idea-IU-171.3780.107/bin -Dfile.encoding=UTF-8 
java_command: src.normalInput
java_class_path (initial): /usr/lib/jvm/jdk1.8.0_121/jre/lib/charsets.jar:/usr/lib/jvm/jdk1.8.0_121/jre/lib/deploy.jar:/usr/lib/jvm/jdk1.8.0_121/jre/lib/ext/cldrdata.jar:/usr/lib/jvm/jdk1.8.0_121/jre/lib/ext/dnsns.jar:/usr/lib/jvm/jdk1.8.0_121/jre/lib/ext/jaccess.jar:/usr/lib/jvm/jdk1.8.0_121/jre/lib/ext/jfxrt.jar:/usr/lib/jvm/jdk1.8.0_121/jre/lib/ext/localedata.jar:/usr/lib/jvm/jdk1.8.0_121/jre/lib/ext/nashorn.jar:/usr/lib/jvm/jdk1.8.0_121/jre/lib/ext/sunec.jar:/usr/lib/jvm/jdk1.8.0_121/jre/lib/ext/sunjce_provider.jar:/usr/lib/jvm/jdk1.8.0_121/jre/lib/ext/sunpkcs11.jar:/usr/lib/jvm/jdk1.8.0_121/jre/lib/ext/zipfs.jar:/usr/lib/jvm/jdk1.8.0_121/jre/lib/javaws.jar:/usr/lib/jvm/jdk1.8.0_121/jre/lib/jce.jar:/usr/lib/jvm/jdk1.8.0_121/jre/lib/jfr.jar:/usr/lib/jvm/jdk1.8.0_121/jre/lib/jfxswt.jar:/usr/lib/jvm/jdk1.8.0_121/jre/lib/jsse.jar:/usr/lib/jvm/jdk1.8.0_121/jre/lib/management-agent.jar:/usr/lib/jvm/jdk1.8.0_121/jre/lib/plugin.jar:/usr/lib/jvm/jdk1.8.0_121/jre/lib/resources.jar:/usr/lib/jvm/jdk1.8.0_121/jre/lib/rt.jar:/home/nrigheriu/IdeaProjects/wekaforecasting/target/classes:/home/nrigheriu/IdeaProjects/wekaforecasting/dependencies/multiLayerPerceptrons.jar:/home/nrigheriu/IdeaProjects/wekaforecasting/dependencies/timeseriesForecasting-1.0.24.jar:/home/nrigheriu/.m2/repository/org/jfree/jfreechart/1.0.19/jfreechart-1.0.19.jar:/home/nrigheriu/.m2/repository/org/jfree/jcommon/1.0.23/jcommon-1.0.23.jar:/home/nrigheriu/.m2/repository/com/github/fracpete/multisearch-weka-package/2016.6.7/multisearch-weka-package-2016.6.7.jar:/home/nrigheriu/.m2/repository/nz/ac/waikato/cms/weka/weka-dev/3.9.1/weka-dev-3.9.1.jar:/home/nrigheriu/.m2/repository/nz/ac/waikato/cms/weka/thirdparty/java-cup-11b/2015.03.26/java-cup-11b-2015.03.26.jar:/home/nrigheriu/.m2/repository/nz/ac/waikato/cms/weka/thirdparty/java-cup-11b-runtime/2015.03.26/java-cup-11b-runtime-2015.03.26.jar:/home/nrigheriu/.m2/repository/nz/ac/waikato/cms/weka/thirdparty/bounce/0.18/bounce-0.18.jar:/home/nrigheriu/.m2/re
Launcher Type: SUN_STANDARD

Environment Variables:
JAVA_HOME=/usr/lib/jvm/jdk1.8.0_121
PATH=/home/nrigheriu/bin:/home/nrigheriu/.local/bin:/usr/local/sbin:/usr/local/bin:/usr/sbin:/usr/bin:/sbin:/bin:/usr/games:/usr/local/games:/snap/bin:/usr/lib/jvm/jdk1.8.0_121/bin:/usr/lib/jvm/jdk1.8.0_121/db/bin:/usr/lib/jvm/jdk1.8.0_121/jre/bin
LD_LIBRARY_PATH=/home/nrigheriu/programs/idea-IU-171.3780.107/bin:
SHELL=/bin/bash
DISPLAY=:0

Signal Handlers:
SIGSEGV: [libjvm.so+0xac78c0], sa_mask[0]=11111111011111111101111111111110, sa_flags=SA_RESTART|SA_SIGINFO
SIGBUS: [libjvm.so+0xac78c0], sa_mask[0]=11111111011111111101111111111110, sa_flags=SA_RESTART|SA_SIGINFO
SIGFPE: [libjvm.so+0x920ac0], sa_mask[0]=11111111011111111101111111111110, sa_flags=SA_RESTART|SA_SIGINFO
SIGPIPE: [libjvm.so+0x920ac0], sa_mask[0]=11111111011111111101111111111110, sa_flags=SA_RESTART|SA_SIGINFO
SIGXFSZ: [libjvm.so+0x920ac0], sa_mask[0]=11111111011111111101111111111110, sa_flags=SA_RESTART|SA_SIGINFO
SIGILL: [libjvm.so+0x920ac0], sa_mask[0]=11111111011111111101111111111110, sa_flags=SA_RESTART|SA_SIGINFO
SIGUSR1: SIG_DFL, sa_mask[0]=00000000000000000000000000000000, sa_flags=none
SIGUSR2: [libjvm.so+0x922300], sa_mask[0]=00100000000000000000000000000000, sa_flags=SA_RESTART|SA_SIGINFO
SIGHUP: [libjvm.so+0x923700], sa_mask[0]=11111111011111111101111111111110, sa_flags=SA_RESTART|SA_SIGINFO
SIGINT: [libjvm.so+0x923700], sa_mask[0]=11111111011111111101111111111110, sa_flags=SA_RESTART|SA_SIGINFO
SIGTERM: [libjvm.so+0x923700], sa_mask[0]=11111111011111111101111111111110, sa_flags=SA_RESTART|SA_SIGINFO
SIGQUIT: [libjvm.so+0x923700], sa_mask[0]=11111111011111111101111111111110, sa_flags=SA_RESTART|SA_SIGINFO


---------------  S Y S T E M  ---------------

OS:DISTRIB_ID=Ubuntu
DISTRIB_RELEASE=16.04
DISTRIB_CODENAME=xenial
DISTRIB_DESCRIPTION="Ubuntu 16.04.2 LTS"

uname:Linux 4.4.0-71-generic #92-Ubuntu SMP Fri Mar 24 12:59:01 UTC 2017 x86_64
libc:glibc 2.23 NPTL 2.23 
rlimit: STACK 8192k, CORE 0k, NPROC 31294, NOFILE 65536, AS infinity
load average:1,80 0,88 0,52

/proc/meminfo:
MemTotal:        8051560 kB
MemFree:          198376 kB
MemAvailable:     204944 kB
Buffers:           60220 kB
Cached:           557828 kB
SwapCached:            0 kB
Active:          7166228 kB
Inactive:         496240 kB
Active(anon):    7064444 kB
Inactive(anon):   392988 kB
Active(file):     101784 kB
Inactive(file):   103252 kB
Unevictable:          32 kB
Mlocked:              32 kB
SwapTotal:             0 kB
SwapFree:              0 kB
Dirty:                24 kB
Writeback:           144 kB
AnonPages:       7045444 kB
Mapped:           210996 kB
Shmem:            412100 kB
Slab:              86364 kB
SReclaimable:      42672 kB
SUnreclaim:        43692 kB
KernelStack:       10896 kB
PageTables:        43988 kB
NFS_Unstable:          0 kB
Bounce:                0 kB
WritebackTmp:          0 kB
CommitLimit:     4025780 kB
Committed_AS:   11233016 kB
VmallocTotal:   34359738367 kB
VmallocUsed:           0 kB
VmallocChunk:          0 kB
HardwareCorrupted:     0 kB
AnonHugePages:   4605952 kB
CmaTotal:              0 kB
CmaFree:               0 kB
HugePages_Total:       0
HugePages_Free:        0
HugePages_Rsvd:        0
HugePages_Surp:        0
Hugepagesize:       2048 kB
DirectMap4k:      144848 kB
DirectMap2M:     8122368 kB


CPU:total 8 (4 cores per cpu, 2 threads per core) family 6 model 42 stepping 7, cmov, cx8, fxsr, mmx, sse, sse2, sse3, ssse3, sse4.1, sse4.2, popcnt, avx, aes, clmul, ht, tsc, tscinvbit

/proc/cpuinfo:
processor	: 0
vendor_id	: GenuineIntel
cpu family	: 6
model		: 42
model name	: Intel(R) Core(TM) i7-2600 CPU @ 3.40GHz
stepping	: 7
microcode	: 0x29
cpu MHz		: 1923.125
cache size	: 8192 KB
physical id	: 0
siblings	: 8
core id		: 0
cpu cores	: 4
apicid		: 0
initial apicid	: 0
fpu		: yes
fpu_exception	: yes
cpuid level	: 13
wp		: yes
flags		: fpu vme de pse tsc msr pae mce cx8 apic sep mtrr pge mca cmov pat pse36 clflush dts acpi mmx fxsr sse sse2 ss ht tm pbe syscall nx rdtscp lm constant_tsc arch_perfmon pebs bts rep_good nopl xtopology nonstop_tsc aperfmperf eagerfpu pni pclmulqdq dtes64 monitor ds_cpl vmx smx est tm2 ssse3 cx16 xtpr pdcm pcid sse4_1 sse4_2 x2apic popcnt tsc_deadline_timer aes xsave avx lahf_lm epb tpr_shadow vnmi flexpriority ept vpid xsaveopt dtherm ida arat pln pts
bugs		:
bogomips	: 6784.36
clflush size	: 64
cache_alignment	: 64
address sizes	: 36 bits physical, 48 bits virtual
power management:

processor	: 1
vendor_id	: GenuineIntel
cpu family	: 6
model		: 42
model name	: Intel(R) Core(TM) i7-2600 CPU @ 3.40GHz
stepping	: 7
microcode	: 0x29
cpu MHz		: 1616.195
cache size	: 8192 KB
physical id	: 0
siblings	: 8
core id		: 1
cpu cores	: 4
apicid		: 2
initial apicid	: 2
fpu		: yes
fpu_exception	: yes
cpuid level	: 13
wp		: yes
flags		: fpu vme de pse tsc msr pae mce cx8 apic sep mtrr pge mca cmov pat pse36 clflush dts acpi mmx fxsr sse sse2 ss ht tm pbe syscall nx rdtscp lm constant_tsc arch_perfmon pebs bts rep_good nopl xtopology nonstop_tsc aperfmperf eagerfpu pni pclmulqdq dtes64 monitor ds_cpl vmx smx est tm2 ssse3 cx16 xtpr pdcm pcid sse4_1 sse4_2 x2apic popcnt tsc_deadline_timer aes xsave avx lahf_lm epb tpr_shadow vnmi flexpriority ept vpid xsaveopt dtherm ida arat pln pts
bugs		:
bogomips	: 6784.36
clflush size	: 64
cache_alignment	: 64
address sizes	: 36 bits physical, 48 bits virtual
power management:

processor	: 2
vendor_id	: GenuineIntel
cpu family	: 6
model		: 42
model name	: Intel(R) Core(TM) i7-2600 CPU @ 3.40GHz
stepping	: 7
microcode	: 0x29
cpu MHz		: 1655.375
cache size	: 8192 KB
physical id	: 0
siblings	: 8
core id		: 2
cpu cores	: 4
apicid		: 4
initial apicid	: 4
fpu		: yes
fpu_exception	: yes
cpuid level	: 13
wp		: yes
flags		: fpu vme de pse tsc msr pae mce cx8 apic sep mtrr pge mca cmov pat pse36 clflush dts acpi mmx fxsr sse sse2 ss ht tm pbe syscall nx rdtscp lm constant_tsc arch_perfmon pebs bts rep_good nopl xtopology nonstop_tsc aperfmperf eagerfpu pni pclmulqdq dtes64 monitor ds_cpl vmx smx est tm2 ssse3 cx16 xtpr pdcm pcid sse4_1 sse4_2 x2apic popcnt tsc_deadline_timer aes xsave avx lahf_lm epb tpr_shadow vnmi flexpriority ept vpid xsaveopt dtherm ida arat pln pts
bugs		:
bogomips	: 6784.36
clflush size	: 64
cache_alignment	: 64
address sizes	: 36 bits physical, 48 bits virtual
power management:

processor	: 3
vendor_id	: GenuineIntel
cpu family	: 6
model		: 42
model name	: Intel(R) Core(TM) i7-2600 CPU @ 3.40GHz
stepping	: 7
microcode	: 0x29
cpu MHz		: 1846.890
cache size	: 8192 KB
physical id	: 0
siblings	: 8
core id		: 3
cpu cores	: 4
apicid		: 6
initial apicid	: 6
fpu		: yes
fpu_exception	: yes
cpuid level	: 13
wp		: yes
flags		: fpu vme de pse tsc msr pae mce cx8 apic sep mtrr pge mca cmov pat pse36 clflush dts acpi mmx fxsr sse sse2 ss ht tm pbe syscall nx rdtscp lm constant_tsc arch_perfmon pebs bts rep_good nopl xtopology nonstop_tsc aperfmperf eagerfpu pni pclmulqdq dtes64 monitor ds_cpl vmx smx est tm2 ssse3 cx16 xtpr pdcm pcid sse4_1 sse4_2 x2apic popcnt tsc_deadline_timer aes xsave avx lahf_lm epb tpr_shadow vnmi flexpriority ept vpid xsaveopt dtherm ida arat pln pts
bugs		:
bogomips	: 6784.36
clflush size	: 64
cache_alignment	: 64
address sizes	: 36 bits physical, 48 bits virtual
power management:

processor	: 4
vendor_id	: GenuineIntel
cpu family	: 6
model		: 42
model name	: Intel(R) Core(TM) i7-2600 CPU @ 3.40GHz
stepping	: 7
microcode	: 0x29
cpu MHz		: 1796.421
cache size	: 8192 KB
physical id	: 0
siblings	: 8
core id		: 0
cpu cores	: 4
apicid		: 1
initial apicid	: 1
fpu		: yes
fpu_exception	: yes
cpuid level	: 13
wp		: yes
flags		: fpu vme de pse tsc msr pae mce cx8 apic sep mtrr pge mca cmov pat pse36 clflush dts acpi mmx fxsr sse sse2 ss ht tm pbe syscall nx rdtscp lm constant_tsc arch_perfmon pebs bts rep_good nopl xtopology nonstop_tsc aperfmperf eagerfpu pni pclmulqdq dtes64 monitor ds_cpl vmx smx est tm2 ssse3 cx16 xtpr pdcm pcid sse4_1 sse4_2 x2apic popcnt tsc_deadline_timer aes xsave avx lahf_lm epb tpr_shadow vnmi flexpriority ept vpid xsaveopt dtherm ida arat pln pts
bugs		:
bogomips	: 6784.36
clflush size	: 64
cache_alignment	: 64
address sizes	: 36 bits physical, 48 bits virtual
power management:

processor	: 5
vendor_id	: GenuineIntel
cpu family	: 6
model		: 42
model name	: Intel(R) Core(TM) i7-2600 CPU @ 3.40GHz
stepping	: 7
microcode	: 0x29
cpu MHz		: 1839.718
cache size	: 8192 KB
physical id	: 0
siblings	: 8
core id		: 1
cpu cores	: 4
apicid		: 3
initial apicid	: 3
fpu		: yes
fpu_exception	: yes
cpuid level	: 13
wp		: yes
flags		: fpu vme de pse tsc msr pae mce cx8 apic sep mtrr pge mca cmov pat pse36 clflush dts acpi mmx fxsr sse sse2 ss ht tm pbe syscall nx rdtscp lm constant_tsc arch_perfmon pebs bts rep_good nopl xtopology nonstop_tsc aperfmperf eagerfpu pni pclmulqdq dtes64 monitor ds_cpl vmx smx est tm2 ssse3 cx16 xtpr pdcm pcid sse4_1 sse4_2 x2apic popcnt tsc_deadline_timer aes xsave avx lahf_lm epb tpr_shadow vnmi flexpriority ept vpid xsaveopt dtherm ida arat pln pts
bugs		:
bogomips	: 6784.36
clflush size	: 64
cache_alignment	: 64
address sizes	: 36 bits physical, 48 bits virtual
power management:

processor	: 6
vendor_id	: GenuineIntel
cpu family	: 6
model		: 42
model name	: Intel(R) Core(TM) i7-2600 CPU @ 3.40GHz
stepping	: 7
microcode	: 0x29
cpu MHz		: 1618.187
cache size	: 8192 KB
physical id	: 0
siblings	: 8
core id		: 2
cpu cores	: 4
apicid		: 5
initial apicid	: 5
fpu		: yes
fpu_exception	: yes
cpuid level	: 13
wp		: yes
flags		: fpu vme de pse tsc msr pae mce cx8 apic sep mtrr pge mca cmov pat pse36 clflush dts acpi mmx fxsr sse sse2 ss ht tm pbe syscall nx rdtscp lm constant_tsc arch_perfmon pebs bts rep_good nopl xtopology nonstop_tsc aperfmperf eagerfpu pni pclmulqdq dtes64 monitor ds_cpl vmx smx est tm2 ssse3 cx16 xtpr pdcm pcid sse4_1 sse4_2 x2apic popcnt tsc_deadline_timer aes xsave avx lahf_lm epb tpr_shadow vnmi flexpriority ept vpid xsaveopt dtherm ida arat pln pts
bugs		:
bogomips	: 6784.36
clflush size	: 64
cache_alignment	: 64
address sizes	: 36 bits physical, 48 bits virtual
power management:

processor	: 7
vendor_id	: GenuineIntel
cpu family	: 6
model		: 42
model name	: Intel(R) Core(TM) i7-2600 CPU @ 3.40GHz
stepping	: 7
microcode	: 0x29
cpu MHz		: 1639.304
cache size	: 8192 KB
physical id	: 0
siblings	: 8
core id		: 3
cpu cores	: 4
apicid		: 7
initial apicid	: 7
fpu		: yes
fpu_exception	: yes
cpuid level	: 13
wp		: yes
flags		: fpu vme de pse tsc msr pae mce cx8 apic sep mtrr pge mca cmov pat pse36 clflush dts acpi mmx fxsr sse sse2 ss ht tm pbe syscall nx rdtscp lm constant_tsc arch_perfmon pebs bts rep_good nopl xtopology nonstop_tsc aperfmperf eagerfpu pni pclmulqdq dtes64 monitor ds_cpl vmx smx est tm2 ssse3 cx16 xtpr pdcm pcid sse4_1 sse4_2 x2apic popcnt tsc_deadline_timer aes xsave avx lahf_lm epb tpr_shadow vnmi flexpriority ept vpid xsaveopt dtherm ida arat pln pts
bugs		:
bogomips	: 6784.36
clflush size	: 64
cache_alignment	: 64
address sizes	: 36 bits physical, 48 bits virtual
power management:



Memory: 4k page, physical 8051560k(198376k free), swap 0k(0k free)

vm_info: Java HotSpot(TM) 64-Bit Server VM (25.121-b13) for linux-amd64 JRE (1.8.0_121-b13), built on Dec 12 2016 16:36:53 by "java_re" with gcc 4.3.0 20080428 (Red Hat 4.3.0-8)

time: Wed Apr  5 19:20:56 2017
elapsed time: 11 seconds (0d 0h 0m 11s)

