#
# There is insufficient memory for the Java Runtime Environment to continue.
# Native memory allocation (mmap) failed to map 531103744 bytes for committing reserved memory.
# Possible reasons:
#   The system is out of physical RAM or swap space
#   In 32 bit mode, the process size limit was hit
# Possible solutions:
#   Reduce memory load on the system
#   Increase physical memory or swap space
#   Check if swap backing store is full
#   Use 64 bit Java on a 64 bit OS
#   Decrease Java heap size (-Xmx/-Xms)
#   Decrease number of Java threads
#   Decrease Java thread stack sizes (-Xss)
#   Set larger code cache with -XX:ReservedCodeCacheSize=
# This output file may be truncated or incomplete.
#
#  Out of Memory Error (os_linux.cpp:2627), pid=6337, tid=0x00007fee9dd8d700
#
# JRE version: Java(TM) SE Runtime Environment (8.0_111-b14) (build 1.8.0_111-b14)
# Java VM: Java HotSpot(TM) 64-Bit Server VM (25.111-b14 mixed mode linux-amd64 compressed oops)
# Failed to write core dump. Core dumps have been disabled. To enable core dumping, try "ulimit -c unlimited" before starting Java again
#

---------------  T H R E A D  ---------------

Current thread (0x00007feec4082000):  VMThread [stack: 0x00007fee9dc8d000,0x00007fee9dd8e000] [id=6358]

Stack: [0x00007fee9dc8d000,0x00007fee9dd8e000],  sp=0x00007fee9dd8c320,  free space=1020k
Native frames: (J=compiled Java code, j=interpreted, Vv=VM code, C=native code)
V  [libjvm.so+0xac5c2a]  VMError::report_and_die()+0x2ba
V  [libjvm.so+0x4fc50b]  report_vm_out_of_memory(char const*, int, unsigned long, VMErrorType, char const*)+0x8b
V  [libjvm.so+0x922ae3]  os::Linux::commit_memory_impl(char*, unsigned long, bool)+0x103
V  [libjvm.so+0x923039]  os::pd_commit_memory(char*, unsigned long, unsigned long, bool)+0x29
V  [libjvm.so+0x91d33a]  os::commit_memory(char*, unsigned long, unsigned long, bool)+0x2a
V  [libjvm.so+0x991ac3]  PSVirtualSpace::expand_by(unsigned long)+0x53
V  [libjvm.so+0x982380]  PSOldGen::expand(unsigned long)+0x170
V  [libjvm.so+0x98258b]  PSOldGen::resize(unsigned long)+0x1cb
V  [libjvm.so+0x98a291]  PSParallelCompact::invoke_no_policy(bool)+0x991
V  [libjvm.so+0x98fbed]  PSScavenge::invoke()+0x1ad
V  [libjvm.so+0x9467d0]  ParallelScavengeHeap::failed_mem_allocate(unsigned long)+0x70
V  [libjvm.so+0xac7647]  VM_ParallelGCFailedAllocation::doit()+0x97
V  [libjvm.so+0xacf125]  VM_Operation::evaluate()+0x55
V  [libjvm.so+0xacd4fa]  VMThread::evaluate_operation(VM_Operation*)+0xba
V  [libjvm.so+0xacd87e]  VMThread::loop()+0x1ce
V  [libjvm.so+0xacdcf0]  VMThread::run()+0x70
V  [libjvm.so+0x924ea8]  java_start(Thread*)+0x108

VM_Operation (0x00007feecd8a0800): ParallelGCFailedAllocation, mode: safepoint, requested by thread 0x00007feec400c000


---------------  P R O C E S S  ---------------

Java Threads: ( => current thread )
  0x00007feec42a5800 JavaThread "Monitor Ctrl-Break" daemon [_thread_in_native, id=6376, stack(0x00007fee9c474000,0x00007fee9c575000)]
  0x00007feec40d6000 JavaThread "Service Thread" daemon [_thread_blocked, id=6374, stack(0x00007fee9c948000,0x00007fee9ca49000)]
  0x00007feec40ca800 JavaThread "C1 CompilerThread3" daemon [_thread_blocked, id=6373, stack(0x00007fee9ca49000,0x00007fee9cb4a000)]
  0x00007feec40c8800 JavaThread "C2 CompilerThread2" daemon [_thread_blocked, id=6372, stack(0x00007fee9cb4a000,0x00007fee9cc4b000)]
  0x00007feec40c6800 JavaThread "C2 CompilerThread1" daemon [_thread_blocked, id=6371, stack(0x00007fee9cc4b000,0x00007fee9cd4c000)]
  0x00007feec40c3800 JavaThread "C2 CompilerThread0" daemon [_thread_blocked, id=6370, stack(0x00007fee9cd4c000,0x00007fee9ce4d000)]
  0x00007feec40c2000 JavaThread "Signal Dispatcher" daemon [_thread_blocked, id=6369, stack(0x00007fee9ce4d000,0x00007fee9cf4e000)]
  0x00007feec408e000 JavaThread "Finalizer" daemon [_thread_blocked, id=6361, stack(0x00007fee9da8b000,0x00007fee9db8c000)]
  0x00007feec4089800 JavaThread "Reference Handler" daemon [_thread_blocked, id=6360, stack(0x00007fee9db8c000,0x00007fee9dc8d000)]
  0x00007feec400c000 JavaThread "main" [_thread_blocked, id=6339, stack(0x00007feecd7a2000,0x00007feecd8a3000)]

Other Threads:
=>0x00007feec4082000 VMThread [stack: 0x00007fee9dc8d000,0x00007fee9dd8e000] [id=6358]
  0x00007feec40d8800 WatcherThread [stack: 0x00007fee9c847000,0x00007fee9c948000] [id=6375]

VM state:at safepoint (normal execution)

VM Mutex/Monitor currently owned by a thread:  ([mutex/lock_event])
[0x00007feec4007bb0] ExpandHeap_lock - owner thread: 0x00007feec4082000
[0x00007feec4008230] Threads_lock - owner thread: 0x00007feec4082000
[0x00007feec4008730] Heap_lock - owner thread: 0x00007feec400c000

Heap:
 PSYoungGen      total 1449984K, used 52747K [0x0000000716b00000, 0x000000078f200000, 0x00000007c0000000)
  eden space 1046016K, 0% used [0x0000000716b00000,0x0000000716b00000,0x0000000756880000)
  from space 403968K, 13% used [0x0000000771800000,0x0000000774b82d48,0x000000078a280000)
  to   space 441856K, 0% used [0x0000000756880000,0x0000000756880000,0x0000000771800000)
 ParOldGen       total 2199040K, used 2198716K [0x00000005c4000000, 0x000000064a380000, 0x0000000716b00000)
  object space 2199040K, 99% used [0x00000005c4000000,0x000000064a32f170,0x000000064a380000)
 Metaspace       used 9187K, capacity 9374K, committed 9472K, reserved 1058816K
  class space    used 958K, capacity 1015K, committed 1024K, reserved 1048576K

Card table byte_map: [0x00007feec956c000,0x00007feeca54d000] byte_map_base: 0x00007feec674c000

Marking Bits: (ParMarkBitMap*) 0x00007feeccc76220
 Begin Bits: [0x00007feea0200000, 0x00007feea8100000)
 End Bits:   [0x00007feea8100000, 0x00007feeb0000000)

Polling page: 0x00007feecd8c5000

CodeCache: size=245760Kb used=6391Kb max_used=6402Kb free=239368Kb
 bounds [0x00007feeb5000000, 0x00007feeb5650000, 0x00007feec4000000]
 total_blobs=1708 nmethods=1321 adapters=301
 compilation: enabled

Compilation events (10 events):
Event: 6,597 Thread 0x00007feec40c8800 1327       4       weka.core.Instances::insertAttributeAt (370 bytes)
Event: 6,658 Thread 0x00007feec40c8800 nmethod 1327 0x00007feeb563bed0 code [0x00007feeb563c260, 0x00007feeb563ebd0]
Event: 6,658 Thread 0x00007feec40c8800 1328       4       java.lang.Integer::valueOf (32 bytes)
Event: 6,660 Thread 0x00007feec40c8800 nmethod 1328 0x00007feeb5638e90 code [0x00007feeb5638fe0, 0x00007feeb56390d8]
Event: 6,660 Thread 0x00007feec40c8800 1330       4       weka.core.Instances::renameAttribute (206 bytes)
Event: 6,741 Thread 0x00007feec40c8800 nmethod 1330 0x00007feeb5643c50 code [0x00007feeb5644000, 0x00007feeb56466c0]
Event: 6,741 Thread 0x00007feec40c8800 1329       4       weka.core.Capabilities::disableAllClassDependencies (48 bytes)
Event: 6,744 Thread 0x00007feec40c8800 nmethod 1329 0x00007feeb561fbd0 code [0x00007feeb561fd40, 0x00007feeb561ffa8]
Event: 7,415 Thread 0x00007feec40c8800 1331       4       java.lang.StringBuilder::<init> (7 bytes)
Event: 7,416 Thread 0x00007feec40c8800 nmethod 1331 0x00007feeb55cc550 code [0x00007feeb55cc6a0, 0x00007feeb55cc798]

GC Heap History (10 events):
Event: 5,993 GC heap after
Heap after GC invocations=27 (full 8):
 PSYoungGen      total 1026048K, used 66926K [0x0000000716b00000, 0x0000000776880000, 0x00000007c0000000)
  eden space 745984K, 0% used [0x0000000716b00000,0x0000000716b00000,0x0000000744380000)
  from space 280064K, 23% used [0x0000000744380000,0x00000007484db808,0x0000000755500000)
  to   space 323584K, 0% used [0x0000000762c80000,0x0000000762c80000,0x0000000776880000)
 ParOldGen       total 1732096K, used 1333810K [0x00000005c4000000, 0x000000062db80000, 0x0000000716b00000)
  object space 1732096K, 77% used [0x00000005c4000000,0x000000061568c968,0x000000062db80000)
 Metaspace       used 9181K, capacity 9374K, committed 9472K, reserved 1058816K
  class space    used 958K, capacity 1015K, committed 1024K, reserved 1048576K
}
Event: 6,212 GC heap before
{Heap before GC invocations=28 (full 8):
 PSYoungGen      total 1026048K, used 812910K [0x0000000716b00000, 0x0000000776880000, 0x00000007c0000000)
  eden space 745984K, 100% used [0x0000000716b00000,0x0000000744380000,0x0000000744380000)
  from space 280064K, 23% used [0x0000000744380000,0x00000007484db808,0x0000000755500000)
  to   space 323584K, 0% used [0x0000000762c80000,0x0000000762c80000,0x0000000776880000)
 ParOldGen       total 1732096K, used 1333810K [0x00000005c4000000, 0x000000062db80000, 0x0000000716b00000)
  object space 1732096K, 77% used [0x00000005c4000000,0x000000061568c968,0x000000062db80000)
 Metaspace       used 9181K, capacity 9374K, committed 9472K, reserved 1058816K
  class space    used 958K, capacity 1015K, committed 1024K, reserved 1048576K
Event: 6,418 GC heap after
Heap after GC invocations=28 (full 8):
 PSYoungGen      total 1211392K, used 272644K [0x0000000716b00000, 0x000000077a100000, 0x00000007c0000000)
  eden space 887808K, 0% used [0x0000000716b00000,0x0000000716b00000,0x000000074ce00000)
  from space 323584K, 84% used [0x0000000762c80000,0x00000007736c1020,0x0000000776880000)
  to   space 358912K, 0% used [0x000000074ce00000,0x000000074ce00000,0x0000000762c80000)
 ParOldGen       total 1732096K, used 1419401K [0x00000005c4000000, 0x000000062db80000, 0x0000000716b00000)
  object space 1732096K, 81% used [0x00000005c4000000,0x000000061aa225f0,0x000000062db80000)
 Metaspace       used 9181K, capacity 9374K, committed 9472K, reserved 1058816K
  class space    used 958K, capacity 1015K, committed 1024K, reserved 1048576K
}
Event: 6,810 GC heap before
{Heap before GC invocations=29 (full 8):
 PSYoungGen      total 1211392K, used 1160452K [0x0000000716b00000, 0x000000077a100000, 0x00000007c0000000)
  eden space 887808K, 100% used [0x0000000716b00000,0x000000074ce00000,0x000000074ce00000)
  from space 323584K, 84% used [0x0000000762c80000,0x00000007736c1020,0x0000000776880000)
  to   space 358912K, 0% used [0x000000074ce00000,0x000000074ce00000,0x0000000762c80000)
 ParOldGen       total 1732096K, used 1419401K [0x00000005c4000000, 0x000000062db80000, 0x0000000716b00000)
  object space 1732096K, 81% used [0x00000005c4000000,0x000000061aa225f0,0x000000062db80000)
 Metaspace       used 9187K, capacity 9374K, committed 9472K, reserved 1058816K
  class space    used 958K, capacity 1015K, committed 1024K, reserved 1048576K
Event: 7,011 GC heap after
Heap after GC invocations=29 (full 8):
 PSYoungGen      total 1246720K, used 318715K [0x0000000716b00000, 0x000000078a280000, 0x00000007c0000000)
  eden space 887808K, 0% used [0x0000000716b00000,0x0000000716b00000,0x000000074ce00000)
  from space 358912K, 88% used [0x000000074ce00000,0x000000076053ee90,0x0000000762c80000)
  to   space 403968K, 0% used [0x0000000771800000,0x0000000771800000,0x000000078a280000)
 ParOldGen       total 1732096K, used 1708566K [0x00000005c4000000, 0x000000062db80000, 0x0000000716b00000)
  object space 1732096K, 98% used [0x00000005c4000000,0x000000062c485910,0x000000062db80000)
 Metaspace       used 9187K, capacity 9374K, committed 9472K, reserved 1058816K
  class space    used 958K, capacity 1015K, committed 1024K, reserved 1048576K
}
Event: 7,011 GC heap before
{Heap before GC invocations=30 (full 9):
 PSYoungGen      total 1246720K, used 318715K [0x0000000716b00000, 0x000000078a280000, 0x00000007c0000000)
  eden space 887808K, 0% used [0x0000000716b00000,0x0000000716b00000,0x000000074ce00000)
  from space 358912K, 88% used [0x000000074ce00000,0x000000076053ee90,0x0000000762c80000)
  to   space 403968K, 0% used [0x0000000771800000,0x0000000771800000,0x000000078a280000)
 ParOldGen       total 1732096K, used 1708566K [0x00000005c4000000, 0x000000062db80000, 0x0000000716b00000)
  object space 1732096K, 98% used [0x00000005c4000000,0x000000062c485910,0x000000062db80000)
 Metaspace       used 9187K, capacity 9374K, committed 9472K, reserved 1058816K
  class space    used 958K, capacity 1015K, committed 1024K, reserved 1048576K
Event: 7,294 GC heap after
Heap after GC invocations=30 (full 9):
 PSYoungGen      total 1246720K, used 220493K [0x0000000716b00000, 0x000000078a280000, 0x00000007c0000000)
  eden space 887808K, 0% used [0x0000000716b00000,0x0000000716b00000,0x000000074ce00000)
  from space 358912K, 61% used [0x000000074ce00000,0x000000075a553440,0x0000000762c80000)
  to   space 403968K, 0% used [0x0000000771800000,0x0000000771800000,0x000000078a280000)
 ParOldGen       total 2199040K, used 1732012K [0x00000005c4000000, 0x000000064a380000, 0x0000000716b00000)
  object space 2199040K, 78% used [0x00000005c4000000,0x000000062db6b0f0,0x000000064a380000)
 Metaspace       used 9187K, capacity 9374K, committed 9472K, reserved 1058816K
  class space    used 958K, capacity 1015K, committed 1024K, reserved 1048576K
}
Event: 7,553 GC heap before
{Heap before GC invocations=31 (full 9):
 PSYoungGen      total 1246720K, used 1108301K [0x0000000716b00000, 0x000000078a280000, 0x00000007c0000000)
  eden space 887808K, 100% used [0x0000000716b00000,0x000000074ce00000,0x000000074ce00000)
  from space 358912K, 61% used [0x000000074ce00000,0x000000075a553440,0x0000000762c80000)
  to   space 403968K, 0% used [0x0000000771800000,0x0000000771800000,0x000000078a280000)
 ParOldGen       total 2199040K, used 1732012K [0x00000005c4000000, 0x000000064a380000, 0x0000000716b00000)
  object space 2199040K, 78% used [0x00000005c4000000,0x000000062db6b0f0,0x000000064a380000)
 Metaspace       used 9187K, capacity 9374K, committed 9472K, reserved 1058816K
  class space    used 958K, capacity 1015K, committed 1024K, reserved 1048576K
Event: 7,842 GC heap after
Heap after GC invocations=31 (full 9):
 PSYoungGen      total 1449984K, used 324163K [0x0000000716b00000, 0x000000078f200000, 0x00000007c0000000)
  eden space 1046016K, 0% used [0x0000000716b00000,0x0000000716b00000,0x0000000756880000)
  from space 403968K, 80% used [0x0000000771800000,0x0000000785490e58,0x000000078a280000)
  to   space 441856K, 0% used [0x0000000756880000,0x0000000756880000,0x0000000771800000)
 ParOldGen       total 2199040K, used 1966215K [0x00000005c4000000, 0x000000064a380000, 0x0000000716b00000)
  object space 2199040K, 89% used [0x00000005c4000000,0x000000063c021fc8,0x000000064a380000)
 Metaspace       used 9187K, capacity 9374K, committed 9472K, reserved 1058816K
  class space    used 958K, capacity 1015K, committed 1024K, reserved 1048576K
}
Event: 7,842 GC heap before
{Heap before GC invocations=32 (full 10):
 PSYoungGen      total 1449984K, used 324163K [0x0000000716b00000, 0x000000078f200000, 0x00000007c0000000)
  eden space 1046016K, 0% used [0x0000000716b00000,0x0000000716b00000,0x0000000756880000)
  from space 403968K, 80% used [0x0000000771800000,0x0000000785490e58,0x000000078a280000)
  to   space 441856K, 0% used [0x0000000756880000,0x0000000756880000,0x0000000771800000)
 ParOldGen       total 2199040K, used 1966215K [0x00000005c4000000, 0x000000064a380000, 0x0000000716b00000)
  object space 2199040K, 89% used [0x00000005c4000000,0x000000063c021fc8,0x000000064a380000)
 Metaspace       used 9187K, capacity 9374K, committed 9472K, reserved 1058816K
  class space    used 958K, capacity 1015K, committed 1024K, reserved 1048576K

Deoptimization events (10 events):
Event: 1,786 Thread 0x00007feec400c000 Uncommon trap: reason=unstable_if action=reinterpret pc=0x00007feeb5416b68 method=weka.classifiers.timeseries.core.TimeSeriesTranslate.mergeInstances(Lweka/core/Instance;Lweka/core/Instance;)Lweka/core/Instance; @ 46
Event: 2,605 Thread 0x00007feec400c000 Uncommon trap: reason=unstable_if action=reinterpret pc=0x00007feeb5391630 method=weka.core.Queue.empty()Z @ 4
Event: 2,609 Thread 0x00007feec400c000 Uncommon trap: reason=range_check action=make_not_entrant pc=0x00007feeb52a89e0 method=java.util.ArrayList.elementData(I)Ljava/lang/Object; @ 5
Event: 2,610 Thread 0x00007feec400c000 Uncommon trap: reason=class_check action=maybe_recompile pc=0x00007feeb53a7414 method=java.util.concurrent.ConcurrentHashMap.get(Ljava/lang/Object;)Ljava/lang/Object; @ 73
Event: 2,611 Thread 0x00007feec400c000 Uncommon trap: reason=unstable_if action=reinterpret pc=0x00007feeb541c974 method=java.util.BitSet.get(I)Z @ 60
Event: 2,623 Thread 0x00007feec400c000 Uncommon trap: reason=unstable_if action=reinterpret pc=0x00007feeb5500ae0 method=java.util.HashMap.removeNode(ILjava/lang/Object;Ljava/lang/Object;ZZ)Ljava/util/HashMap$Node; @ 168
Event: 2,630 Thread 0x00007feec400c000 Uncommon trap: reason=class_check action=maybe_recompile pc=0x00007feeb53a7414 method=java.util.concurrent.ConcurrentHashMap.get(Ljava/lang/Object;)Ljava/lang/Object; @ 73
Event: 2,630 Thread 0x00007feec400c000 Uncommon trap: reason=unstable_if action=reinterpret pc=0x00007feeb54a2d84 method=java.util.BitSet.clear(I)V @ 41
Event: 2,633 Thread 0x00007feec400c000 Uncommon trap: reason=unstable_if action=reinterpret pc=0x00007feeb53efb60 method=weka.filters.Filter.copyValues(Lweka/core/Instance;Z)V @ 2
Event: 4,662 Thread 0x00007feec400c000 Uncommon trap: reason=unstable_if action=reinterpret pc=0x00007feeb54c7160 method=java.lang.Integer.valueOf(I)Ljava/lang/Integer; @ 10

Internal exceptions (10 events):
Event: 1,750 Thread 0x00007feec400c000 Exception <a 'java/lang/ArrayIndexOutOfBoundsException'> (0x0000000717492698) thrown at [/HUDSON3/workspace/8-2-build-linux-amd64/jdk8u111/7883/hotspot/src/share/vm/runtime/sharedRuntime.cpp, line 605]
Event: 1,751 Thread 0x00007feec400c000 Exception <a 'java/lang/ClassNotFoundException': weka/filters/SimpleStreamFilterBeanInfo> (0x00000007174aeaf8) thrown at [/HUDSON3/workspace/8-2-build-linux-amd64/jdk8u111/7883/hotspot/src/share/vm/classfile/systemDictionary.cpp, line 210]
Event: 1,751 Thread 0x00007feec400c000 Exception <a 'java/lang/ClassNotFoundException': weka/filters/SimpleStreamFilterCustomizer> (0x00000007174b8fc8) thrown at [/HUDSON3/workspace/8-2-build-linux-amd64/jdk8u111/7883/hotspot/src/share/vm/classfile/systemDictionary.cpp, line 210]
Event: 1,751 Thread 0x00007feec400c000 Exception <a 'java/lang/ClassNotFoundException': weka/filters/SimpleFilterBeanInfo> (0x00000007174c43a0) thrown at [/HUDSON3/workspace/8-2-build-linux-amd64/jdk8u111/7883/hotspot/src/share/vm/classfile/systemDictionary.cpp, line 210]
Event: 1,752 Thread 0x00007feec400c000 Exception <a 'java/lang/ClassNotFoundException': weka/filters/SimpleFilterCustomizer> (0x00000007174cde70) thrown at [/HUDSON3/workspace/8-2-build-linux-amd64/jdk8u111/7883/hotspot/src/share/vm/classfile/systemDictionary.cpp, line 210]
Event: 1,752 Thread 0x00007feec400c000 Exception <a 'java/lang/ClassNotFoundException': weka/filters/FilterBeanInfo> (0x00000007174d88f0) thrown at [/HUDSON3/workspace/8-2-build-linux-amd64/jdk8u111/7883/hotspot/src/share/vm/classfile/systemDictionary.cpp, line 210]
Event: 1,752 Thread 0x00007feec400c000 Exception <a 'java/lang/ClassNotFoundException': weka/filters/FilterCustomizer> (0x00000007174e1418) thrown at [/HUDSON3/workspace/8-2-build-linux-amd64/jdk8u111/7883/hotspot/src/share/vm/classfile/systemDictionary.cpp, line 210]
Event: 1,752 Thread 0x00007feec400c000 Exception <a 'java/lang/ArrayIndexOutOfBoundsException'> (0x00000007174e6748) thrown at [/HUDSON3/workspace/8-2-build-linux-amd64/jdk8u111/7883/hotspot/src/share/vm/runtime/sharedRuntime.cpp, line 605]
Event: 1,786 Thread 0x00007feec400c000 Implicit null exception at 0x00007feeb5416603 to 0x00007feeb5416b41
Event: 2,609 Thread 0x00007feec400c000 Exception <a 'java/lang/ArrayIndexOutOfBoundsException': -1> (0x000000071949bf28) thrown at [/HUDSON3/workspace/8-2-build-linux-amd64/jdk8u111/7883/hotspot/src/share/vm/interpreter/interpreterRuntime.cpp, line 366]

Events (10 events):
Event: 6,418 Executing VM operation: ParallelGCFailedAllocation done
Event: 6,461 Thread 0x00007feec400c000 DEOPT PACKING pc=0x00007feeb55a819f sp=0x00007feecd8a08e0
Event: 6,461 Thread 0x00007feec400c000 DEOPT UNPACKING pc=0x00007feeb5047633 sp=0x00007feecd8a0700 mode 0
Event: 6,597 Thread 0x00007feec400c000 DEOPT PACKING pc=0x00007feeb558f775 sp=0x00007feecd8a07b0
Event: 6,597 Thread 0x00007feec400c000 DEOPT UNPACKING pc=0x00007feeb5047633 sp=0x00007feecd8a0658 mode 0
Event: 6,601 Thread 0x00007feec400c000 DEOPT PACKING pc=0x00007feeb5597ad4 sp=0x00007feecd8a0780
Event: 6,601 Thread 0x00007feec400c000 DEOPT UNPACKING pc=0x00007feeb5047633 sp=0x00007feecd8a05a8 mode 0
Event: 6,809 Executing VM operation: ParallelGCFailedAllocation
Event: 7,294 Executing VM operation: ParallelGCFailedAllocation done
Event: 7,552 Executing VM operation: ParallelGCFailedAllocation


Dynamic libraries:
00400000-00401000 r-xp 00000000 08:01 4202095                            /lib/jvm/jdk1.8.0_111/bin/java
00600000-00601000 rw-p 00000000 08:01 4202095                            /lib/jvm/jdk1.8.0_111/bin/java
021e5000-02206000 rw-p 00000000 00:00 0                                  [heap]
5c4000000-64a380000 rw-p 00000000 00:00 0 
669e00000-716b00000 ---p 00000000 00:00 0 
716b00000-78f200000 rw-p 00000000 00:00 0 
78f200000-7c0000000 ---p 00000000 00:00 0 
7c0000000-7c0100000 rw-p 00000000 00:00 0 
7c0100000-800000000 ---p 00000000 00:00 0 
7fee50000000-7fee50021000 rw-p 00000000 00:00 0 
7fee50021000-7fee54000000 ---p 00000000 00:00 0 
7fee54ed2000-7fee54f12000 rw-p 00000000 00:00 0 
7fee54f12000-7fee550d2000 ---p 00000000 00:00 0 
7fee550d2000-7fee550ee000 r--s 00393000 08:01 4202262                    /lib/jvm/jdk1.8.0_111/jre/lib/ext/cldrdata.jar
7fee550ee000-7fee55104000 r-xp 00000000 08:01 4198895                    /lib/x86_64-linux-gnu/libgcc_s.so.1
7fee55104000-7fee55303000 ---p 00016000 08:01 4198895                    /lib/x86_64-linux-gnu/libgcc_s.so.1
7fee55303000-7fee55304000 rw-p 00015000 08:01 4198895                    /lib/x86_64-linux-gnu/libgcc_s.so.1
7fee55304000-7fee55342000 r-xp 00000000 08:01 5374292                    /usr/lib/x86_64-linux-gnu/libquadmath.so.0.0.0
7fee55342000-7fee55541000 ---p 0003e000 08:01 5374292                    /usr/lib/x86_64-linux-gnu/libquadmath.so.0.0.0
7fee55541000-7fee55542000 r--p 0003d000 08:01 5374292                    /usr/lib/x86_64-linux-gnu/libquadmath.so.0.0.0
7fee55542000-7fee55543000 rw-p 0003e000 08:01 5374292                    /usr/lib/x86_64-linux-gnu/libquadmath.so.0.0.0
7fee55543000-7fee55b37000 r-xp 00000000 08:01 5385627                    /usr/lib/lapack/liblapack.so.3.6.0
7fee55b37000-7fee55d36000 ---p 005f4000 08:01 5385627                    /usr/lib/lapack/liblapack.so.3.6.0
7fee55d36000-7fee55d37000 r--p 005f3000 08:01 5385627                    /usr/lib/lapack/liblapack.so.3.6.0
7fee55d37000-7fee55d3b000 rw-p 005f4000 08:01 5385627                    /usr/lib/lapack/liblapack.so.3.6.0
7fee55d3b000-7fee55da9000 r-xp 00000000 08:01 5385606                    /usr/lib/libblas/libblas.so.3.6.0
7fee55da9000-7fee55fa8000 ---p 0006e000 08:01 5385606                    /usr/lib/libblas/libblas.so.3.6.0
7fee55fa8000-7fee55fa9000 r--p 0006d000 08:01 5385606                    /usr/lib/libblas/libblas.so.3.6.0
7fee55fa9000-7fee55faa000 rw-p 0006e000 08:01 5385606                    /usr/lib/libblas/libblas.so.3.6.0
7fee55faa000-7fee560d3000 r-xp 00000000 08:01 5385581                    /usr/lib/x86_64-linux-gnu/libgfortran.so.3.0.0
7fee560d3000-7fee562d2000 ---p 00129000 08:01 5385581                    /usr/lib/x86_64-linux-gnu/libgfortran.so.3.0.0
7fee562d2000-7fee562d3000 r--p 00128000 08:01 5385581                    /usr/lib/x86_64-linux-gnu/libgfortran.so.3.0.0
7fee562d3000-7fee562d5000 rw-p 00129000 08:01 5385581                    /usr/lib/x86_64-linux-gnu/libgfortran.so.3.0.0
7fee562d5000-7fee56463000 r-xp 00000000 08:01 1048640                    /tmp/jniloader4969913097157304069netlib-native_system-linux-x86_64.so
7fee56463000-7fee56662000 ---p 0018e000 08:01 1048640                    /tmp/jniloader4969913097157304069netlib-native_system-linux-x86_64.so
7fee56662000-7fee56664000 rw-p 0018d000 08:01 1048640                    /tmp/jniloader4969913097157304069netlib-native_system-linux-x86_64.so
7fee56664000-7fee56665000 rw-p 00000000 00:00 0 
7fee56665000-7fee56676000 r-xp 00000000 08:01 4202204                    /lib/jvm/jdk1.8.0_111/jre/lib/amd64/libnio.so
7fee56676000-7fee56875000 ---p 00011000 08:01 4202204                    /lib/jvm/jdk1.8.0_111/jre/lib/amd64/libnio.so
7fee56875000-7fee56876000 rw-p 00010000 08:01 4202204                    /lib/jvm/jdk1.8.0_111/jre/lib/amd64/libnio.so
7fee56876000-7fee5687b000 r-xp 00000000 08:01 5382155                    /usr/lib/x86_64-linux-gnu/libXdmcp.so.6.0.0
7fee5687b000-7fee56a7a000 ---p 00005000 08:01 5382155                    /usr/lib/x86_64-linux-gnu/libXdmcp.so.6.0.0
7fee56a7a000-7fee56a7b000 r--p 00004000 08:01 5382155                    /usr/lib/x86_64-linux-gnu/libXdmcp.so.6.0.0
7fee56a7b000-7fee56a7c000 rw-p 00005000 08:01 5382155                    /usr/lib/x86_64-linux-gnu/libXdmcp.so.6.0.0
7fee56a7c000-7fee56a7e000 r-xp 00000000 08:01 5382144                    /usr/lib/x86_64-linux-gnu/libXau.so.6.0.0
7fee56a7e000-7fee56c7e000 ---p 00002000 08:01 5382144                    /usr/lib/x86_64-linux-gnu/libXau.so.6.0.0
7fee56c7e000-7fee56c7f000 r--p 00002000 08:01 5382144                    /usr/lib/x86_64-linux-gnu/libXau.so.6.0.0
7fee56c7f000-7fee56c80000 rw-p 00003000 08:01 5382144                    /usr/lib/x86_64-linux-gnu/libXau.so.6.0.0
7fee56c80000-7fee56ca1000 r-xp 00000000 08:01 5383522                    /usr/lib/x86_64-linux-gnu/libxcb.so.1.1.0
7fee56ca1000-7fee56ea0000 ---p 00021000 08:01 5383522                    /usr/lib/x86_64-linux-gnu/libxcb.so.1.1.0
7fee56ea0000-7fee56ea1000 r--p 00020000 08:01 5383522                    /usr/lib/x86_64-linux-gnu/libxcb.so.1.1.0
7fee56ea1000-7fee56ea2000 rw-p 00021000 08:01 5383522                    /usr/lib/x86_64-linux-gnu/libxcb.so.1.1.0
7fee56ea2000-7fee56eb1000 r-xp 00000000 08:01 5382165                    /usr/lib/x86_64-linux-gnu/libXi.so.6.1.0
7fee56eb1000-7fee570b0000 ---p 0000f000 08:01 5382165                    /usr/lib/x86_64-linux-gnu/libXi.so.6.1.0
7fee570b0000-7fee570b1000 r--p 0000e000 08:01 5382165                    /usr/lib/x86_64-linux-gnu/libXi.so.6.1.0
7fee570b1000-7fee570b2000 rw-p 0000f000 08:01 5382165                    /usr/lib/x86_64-linux-gnu/libXi.so.6.1.0
7fee570b2000-7fee570b7000 r-xp 00000000 08:01 5382183                    /usr/lib/x86_64-linux-gnu/libXtst.so.6.1.0
7fee570b7000-7fee572b6000 ---p 00005000 08:01 5382183                    /usr/lib/x86_64-linux-gnu/libXtst.so.6.1.0
7fee572b6000-7fee572b7000 r--p 00004000 08:01 5382183                    /usr/lib/x86_64-linux-gnu/libXtst.so.6.1.0
7fee572b7000-7fee572b8000 rw-p 00005000 08:01 5382183                    /usr/lib/x86_64-linux-gnu/libXtst.so.6.1.0
7fee572b8000-7fee572c1000 r-xp 00000000 08:01 5382177                    /usr/lib/x86_64-linux-gnu/libXrender.so.1.3.0
7fee572c1000-7fee574c0000 ---p 00009000 08:01 5382177                    /usr/lib/x86_64-linux-gnu/libXrender.so.1.3.0
7fee574c0000-7fee574c1000 r--p 00008000 08:01 5382177                    /usr/lib/x86_64-linux-gnu/libXrender.so.1.3.0
7fee574c1000-7fee574c2000 rw-p 00009000 08:01 5382177                    /usr/lib/x86_64-linux-gnu/libXrender.so.1.3.0
7fee574c2000-7fee575f7000 r-xp 00000000 08:01 5382140                    /usr/lib/x86_64-linux-gnu/libX11.so.6.3.0
7fee575f7000-7fee577f7000 ---p 00135000 08:01 5382140                    /usr/lib/x86_64-linux-gnu/libX11.so.6.3.0
7fee577f7000-7fee577f8000 r--p 00135000 08:01 5382140                    /usr/lib/x86_64-linux-gnu/libX11.so.6.3.0
7fee577f8000-7fee577fc000 rw-p 00136000 08:01 5382140                    /usr/lib/x86_64-linux-gnu/libX11.so.6.3.0
7fee577fc000-7fee5780d000 r-xp 00000000 08:01 5382157                    /usr/lib/x86_64-linux-gnu/libXext.so.6.4.0
7fee5780d000-7fee57a0c000 ---p 00011000 08:01 5382157                    /usr/lib/x86_64-linux-gnu/libXext.so.6.4.0
7fee57a0c000-7fee57a0d000 r--p 00010000 08:01 5382157                    /usr/lib/x86_64-linux-gnu/libXext.so.6.4.0
7fee57a0d000-7fee57a0e000 rw-p 00011000 08:01 5382157                    /usr/lib/x86_64-linux-gnu/libXext.so.6.4.0
7fee57a23000-7fee57a2d000 r--s 00116000 08:01 4202259                    /lib/jvm/jdk1.8.0_111/jre/lib/ext/localedata.jar
7fee57a2d000-7fee57acf000 r-xp 00000000 08:01 4202239                    /lib/jvm/jdk1.8.0_111/jre/lib/amd64/libawt.so
7fee57acf000-7fee57ccf000 ---p 000a2000 08:01 4202239                    /lib/jvm/jdk1.8.0_111/jre/lib/amd64/libawt.so
7fee57ccf000-7fee57cdb000 rw-p 000a2000 08:01 4202239                    /lib/jvm/jdk1.8.0_111/jre/lib/amd64/libawt.so
7fee57cdb000-7fee58000000 rw-p 00000000 00:00 0 
7fee58000000-7fee58021000 rw-p 00000000 00:00 0 
7fee58021000-7fee5c000000 ---p 00000000 00:00 0 
7fee5c000000-7fee5c021000 rw-p 00000000 00:00 0 
7fee5c021000-7fee60000000 ---p 00000000 00:00 0 
7fee60000000-7fee60ac2000 rw-p 00000000 00:00 0 
7fee60ac2000-7fee64000000 ---p 00000000 00:00 0 
7fee64000000-7fee64611000 rw-p 00000000 00:00 0 
7fee64611000-7fee68000000 ---p 00000000 00:00 0 
7fee68000000-7fee68c81000 rw-p 00000000 00:00 0 
7fee68c81000-7fee6c000000 ---p 00000000 00:00 0 
7fee6c000000-7fee6ca41000 rw-p 00000000 00:00 0 
7fee6ca41000-7fee70000000 ---p 00000000 00:00 0 
7fee70000000-7fee70021000 rw-p 00000000 00:00 0 
7fee70021000-7fee74000000 ---p 00000000 00:00 0 
7fee74000000-7fee74021000 rw-p 00000000 00:00 0 
7fee74021000-7fee78000000 ---p 00000000 00:00 0 
7fee78000000-7fee782cf000 rw-p 00000000 00:00 0 
7fee782cf000-7fee7c000000 ---p 00000000 00:00 0 
7fee7c000000-7fee7c021000 rw-p 00000000 00:00 0 
7fee7c021000-7fee80000000 ---p 00000000 00:00 0 
7fee80000000-7fee80021000 rw-p 00000000 00:00 0 
7fee80021000-7fee84000000 ---p 00000000 00:00 0 
7fee84000000-7fee84021000 rw-p 00000000 00:00 0 
7fee84021000-7fee88000000 ---p 00000000 00:00 0 
7fee88000000-7fee88021000 rw-p 00000000 00:00 0 
7fee88021000-7fee8c000000 ---p 00000000 00:00 0 
7fee8c000000-7fee8c021000 rw-p 00000000 00:00 0 
7fee8c021000-7fee90000000 ---p 00000000 00:00 0 
7fee90000000-7fee90021000 rw-p 00000000 00:00 0 
7fee90021000-7fee94000000 ---p 00000000 00:00 0 
7fee94000000-7fee94021000 rw-p 00000000 00:00 0 
7fee94021000-7fee98000000 ---p 00000000 00:00 0 
7fee98000000-7fee98021000 rw-p 00000000 00:00 0 
7fee98021000-7fee9c000000 ---p 00000000 00:00 0 
7fee9c000000-7fee9c004000 r--s 00097000 08:01 4202123                    /lib/jvm/jdk1.8.0_111/jre/lib/jsse.jar
7fee9c004000-7fee9c058000 r-xp 00000000 08:01 4202206                    /lib/jvm/jdk1.8.0_111/jre/lib/amd64/libawt_xawt.so
7fee9c058000-7fee9c258000 ---p 00054000 08:01 4202206                    /lib/jvm/jdk1.8.0_111/jre/lib/amd64/libawt_xawt.so
7fee9c258000-7fee9c25c000 rw-p 00054000 08:01 4202206                    /lib/jvm/jdk1.8.0_111/jre/lib/amd64/libawt_xawt.so
7fee9c25c000-7fee9c25d000 rw-p 00000000 00:00 0 
7fee9c25d000-7fee9c273000 r-xp 00000000 08:01 4202179                    /lib/jvm/jdk1.8.0_111/jre/lib/amd64/libnet.so
7fee9c273000-7fee9c473000 ---p 00016000 08:01 4202179                    /lib/jvm/jdk1.8.0_111/jre/lib/amd64/libnet.so
7fee9c473000-7fee9c474000 rw-p 00016000 08:01 4202179                    /lib/jvm/jdk1.8.0_111/jre/lib/amd64/libnet.so
7fee9c474000-7fee9c477000 ---p 00000000 00:00 0 
7fee9c477000-7fee9c575000 rw-p 00000000 00:00 0 
7fee9c575000-7fee9c576000 r-xp 00000000 08:01 5125191                    /home/cycle/programs/idea-IU-163.10154.41/bin/libbreakgen64.so
7fee9c576000-7fee9c775000 ---p 00001000 08:01 5125191                    /home/cycle/programs/idea-IU-163.10154.41/bin/libbreakgen64.so
7fee9c775000-7fee9c776000 r--p 00000000 08:01 5125191                    /home/cycle/programs/idea-IU-163.10154.41/bin/libbreakgen64.so
7fee9c776000-7fee9c777000 rw-p 00001000 08:01 5125191                    /home/cycle/programs/idea-IU-163.10154.41/bin/libbreakgen64.so
7fee9c777000-7fee9c779000 r--s 00019000 08:01 5116969                    /home/cycle/programs/idea-IU-163.10154.41/lib/idea_rt.jar
7fee9c779000-7fee9c77a000 r--s 00003000 08:01 4725519                    /home/cycle/wekafiles/classifierattrsel/classifierBasedAttributeSelection.jar
7fee9c77a000-7fee9c77c000 r--s 00027000 08:01 4990706                    /home/cycle/.m2/repository/com/github/fommil/netlib/core/1.1/core-1.1.jar
7fee9c77c000-7fee9c77e000 r--s 00016000 08:01 5515098                    /home/cycle/.m2/repository/com/googlecode/netlib-java/netlib-java/1.1/netlib-java-1.1.jar
7fee9c77e000-7fee9c790000 r--s 00112000 08:01 4855231                    /home/cycle/.m2/repository/net/sourceforge/f2j/arpack_combined_all/0.1/arpack_combined_all-0.1.jar
7fee9c790000-7fee9c792000 r--s 00088000 08:01 5515096                    /home/cycle/.m2/repository/com/github/fommil/netlib/netlib-native_system-win-i686/1.1/netlib-native_system-win-i686-1.1-natives.jar
7fee9c792000-7fee9c793000 r--s 0009b000 08:01 5515094                    /home/cycle/.m2/repository/com/github/fommil/netlib/netlib-native_system-win-x86_64/1.1/netlib-native_system-win-x86_64-1.1-natives.jar
7fee9c793000-7fee9c794000 r--s 0004b000 08:01 5515092                    /home/cycle/.m2/repository/com/github/fommil/netlib/netlib-native_system-linux-armhf/1.1/netlib-native_system-linux-armhf-1.1-natives.jar
7fee9c794000-7fee9c795000 r--s 0006a000 08:01 5515090                    /home/cycle/.m2/repository/com/github/fommil/netlib/netlib-native_system-linux-i686/1.1/netlib-native_system-linux-i686-1.1-natives.jar
7fee9c795000-7fee9c796000 r--s 0006f000 08:01 5384655                    /home/cycle/.m2/repository/com/github/fommil/netlib/netlib-native_system-linux-x86_64/1.1/netlib-native_system-linux-x86_64-1.1-natives.jar
7fee9c796000-7fee9c797000 r--s 0000d000 08:01 5384653                    /home/cycle/.m2/repository/com/github/fommil/netlib/native_system-java/1.1/native_system-java-1.1.jar
7fee9c797000-7fee9c798000 r--s 00087000 08:01 5384651                    /home/cycle/.m2/repository/com/github/fommil/netlib/netlib-native_system-osx-x86_64/1.1/netlib-native_system-osx-x86_64-1.1-natives.jar
7fee9c798000-7fee9c799000 r--s 00126000 08:01 5384650                    /home/cycle/.m2/repository/com/github/fommil/netlib/netlib-native_ref-linux-armhf/1.1/netlib-native_ref-linux-armhf-1.1-natives.jar
7fee9c799000-7fee9c79a000 r--s 001bd000 08:01 5384647                    /home/cycle/.m2/repository/com/github/fommil/netlib/netlib-native_ref-win-i686/1.1/netlib-native_ref-win-i686-1.1-natives.jar
7fee9c79a000-7fee9c79b000 r--s 00232000 08:01 5384645                    /home/cycle/.m2/repository/com/github/fommil/netlib/netlib-native_ref-win-x86_64/1.1/netlib-native_ref-win-x86_64-1.1-natives.jar
7fee9c79b000-7fee9c79c000 r--s 0016b000 08:01 5384643                    /home/cycle/.m2/repository/com/github/fommil/netlib/netlib-native_ref-linux-i686/1.1/netlib-native_ref-linux-i686-1.1-natives.jar
7fee9c79c000-7fee9c79e000 r--s 001aa000 08:01 5247342                    /home/cycle/.m2/repository/com/github/fommil/netlib/netlib-native_ref-linux-x86_64/1.1/netlib-native_ref-linux-x86_64-1.1-natives.jar
7fee9c79e000-7fee9c7a0000 r--s 00001000 08:01 4990714                    /home/cycle/.m2/repository/com/github/fommil/jniloader/1.1/jniloader-1.1.jar
7fee9c7a0000-7fee9c7a2000 r--s 001c0000 08:01 4990704                    /home/cycle/.m2/repository/com/github/fommil/netlib/netlib-native_ref-osx-x86_64/1.1/netlib-native_ref-osx-x86_64-1.1-natives.jar
7fee9c7a2000-7fee9c7a7000 r--s 0003d000 08:01 4722174                    /home/cycle/.m2/repository/com/googlecode/matrix-toolkits-java/mtj/1.0.4/mtj-1.0.4.jar
7fee9c7a7000-7fee9c7ab000 r--s 0002f000 08:01 4722171                    /home/cycle/.m2/repository/nz/ac/waikato/cms/weka/thirdparty/bounce/0.18/bounce-0.18.jar
7fee9c7ab000-7fee9c80b000 r--s 00855000 08:01 5515088                    /home/cycle/.m2/repository/nz/ac/waikato/cms/weka/weka-dev/3.9.1/weka-dev-3.9.1.jar
7fee9c80b000-7fee9c811000 r--s 0004b000 08:01 4722163                    /home/cycle/.m2/repository/org/jfree/jcommon/1.0.23/jcommon-1.0.23.jar
7fee9c811000-7fee9c822000 r--s 0016e000 08:01 4722161                    /home/cycle/.m2/repository/org/jfree/jfreechart/1.0.19/jfreechart-1.0.19.jar
7fee9c822000-7fee9c835000 r--s 00345000 08:01 4202308                    /lib/jvm/jdk1.8.0_111/jre/lib/resources.jar
7fee9c835000-7fee9c847000 r--s 000d6000 08:01 4202307                    /lib/jvm/jdk1.8.0_111/jre/lib/plugin.jar
7fee9c847000-7fee9c848000 ---p 00000000 00:00 0 
7fee9c848000-7fee9c948000 rw-p 00000000 00:00 0 
7fee9c948000-7fee9c94b000 ---p 00000000 00:00 0 
7fee9c94b000-7fee9ca49000 rw-p 00000000 00:00 0 
7fee9ca49000-7fee9ca4c000 ---p 00000000 00:00 0 
7fee9ca4c000-7fee9cb4a000 rw-p 00000000 00:00 0 
7fee9cb4a000-7fee9cb4d000 ---p 00000000 00:00 0 
7fee9cb4d000-7fee9cc4b000 rw-p 00000000 00:00 0 
7fee9cc4b000-7fee9cc4e000 ---p 00000000 00:00 0 
7fee9cc4e000-7fee9cd4c000 rw-p 00000000 00:00 0 
7fee9cd4c000-7fee9cd4f000 ---p 00000000 00:00 0 
7fee9cd4f000-7fee9ce4d000 rw-p 00000000 00:00 0 
7fee9ce4d000-7fee9ce50000 ---p 00000000 00:00 0 
7fee9ce50000-7fee9cf4e000 rw-p 00000000 00:00 0 
7fee9cf4e000-7fee9da8b000 r--p 00000000 08:01 5381162                    /usr/lib/locale/locale-archive
7fee9da8b000-7fee9da8e000 ---p 00000000 00:00 0 
7fee9da8e000-7fee9db8c000 rw-p 00000000 00:00 0 
7fee9db8c000-7fee9db8f000 ---p 00000000 00:00 0 
7fee9db8f000-7fee9dc8d000 rw-p 00000000 00:00 0 
7fee9dc8d000-7fee9dc8e000 ---p 00000000 00:00 0 
7fee9dc8e000-7feea0200000 rw-p 00000000 00:00 0 
7feea0200000-7feeb0000000 rw-p 00000000 00:00 0 
7feeb0000000-7feeb0021000 rw-p 00000000 00:00 0 
7feeb0021000-7feeb4000000 ---p 00000000 00:00 0 
7feeb4000000-7feeb4001000 r--s 0000d000 08:01 4990707                    /home/cycle/.m2/repository/com/github/fommil/netlib/native_ref-java/1.1/native_ref-java-1.1.jar
7feeb4001000-7feeb4003000 r--s 00016000 08:01 4722167                    /home/cycle/.m2/repository/nz/ac/waikato/cms/weka/thirdparty/java-cup-11b/2015.03.26/java-cup-11b-2015.03.26.jar
7feeb4003000-7feeb4005000 r--s 00012000 08:01 4722165                    /home/cycle/.m2/repository/com/github/fracpete/multisearch-weka-package/2016.6.7/multisearch-weka-package-2016.6.7.jar
7feeb4005000-7feeb4020000 r--s 00208000 08:01 4202287                    /lib/jvm/jdk1.8.0_111/jre/lib/deploy.jar
7feeb4020000-7feeb5000000 rw-p 00000000 00:00 0 
7feeb5000000-7feeb5650000 rwxp 00000000 00:00 0 
7feeb5650000-7feec4000000 ---p 00000000 00:00 0 
7feec4000000-7feec45e4000 rw-p 00000000 00:00 0 
7feec45e4000-7feec8000000 ---p 00000000 00:00 0 
7feec8000000-7feec8001000 r--s 00005000 08:01 4722170                    /home/cycle/.m2/repository/nz/ac/waikato/cms/weka/thirdparty/java-cup-11b-runtime/2015.03.26/java-cup-11b-runtime-2015.03.26.jar
7feec8001000-7feec8004000 r--s 0001d000 08:01 4854774                    /home/cycle/wekafiles/rplugin/pdm-RPlugin-ce-TRUNK-SNAPSHOT.jar
7feec8004000-7feec8025000 rw-p 00000000 00:00 0 
7feec8025000-7feec81fd000 r--s 03d2a000 08:01 4202171                    /lib/jvm/jdk1.8.0_111/jre/lib/rt.jar
7feec81fd000-7feec82ce000 rw-p 00000000 00:00 0 
7feec82ce000-7feec82cf000 ---p 00000000 00:00 0 
7feec82cf000-7feec83cf000 rw-p 00000000 00:00 0 
7feec83cf000-7feec83d0000 ---p 00000000 00:00 0 
7feec83d0000-7feec84d0000 rw-p 00000000 00:00 0 
7feec84d0000-7feec84d1000 ---p 00000000 00:00 0 
7feec84d1000-7feec85d1000 rw-p 00000000 00:00 0 
7feec85d1000-7feec85d2000 ---p 00000000 00:00 0 
7feec85d2000-7feec86d2000 rw-p 00000000 00:00 0 
7feec86d2000-7feec86d3000 ---p 00000000 00:00 0 
7feec86d3000-7feec87d3000 rw-p 00000000 00:00 0 
7feec87d3000-7feec87d4000 ---p 00000000 00:00 0 
7feec87d4000-7feec88d4000 rw-p 00000000 00:00 0 
7feec88d4000-7feec88d5000 ---p 00000000 00:00 0 
7feec88d5000-7feec89d5000 rw-p 00000000 00:00 0 
7feec89d5000-7feec89d6000 ---p 00000000 00:00 0 
7feec89d6000-7feec8f08000 rw-p 00000000 00:00 0 
7feec8f08000-7feec956c000 ---p 00000000 00:00 0 
7feec956c000-7feec999e000 rw-p 00000000 00:00 0 
7feec999e000-7feeca001000 ---p 00000000 00:00 0 
7feeca001000-7feeca3c5000 rw-p 00000000 00:00 0 
7feeca3c5000-7feeca54c000 ---p 00000000 00:00 0 
7feeca54c000-7feeca567000 rw-p 00000000 00:00 0 
7feeca567000-7feeca90d000 ---p 00000000 00:00 0 
7feeca90d000-7feeca927000 r-xp 00000000 08:01 4202202                    /lib/jvm/jdk1.8.0_111/jre/lib/amd64/libzip.so
7feeca927000-7feecab27000 ---p 0001a000 08:01 4202202                    /lib/jvm/jdk1.8.0_111/jre/lib/amd64/libzip.so
7feecab27000-7feecab28000 rw-p 0001a000 08:01 4202202                    /lib/jvm/jdk1.8.0_111/jre/lib/amd64/libzip.so
7feecab28000-7feecab33000 r-xp 00000000 08:01 4202347                    /lib/x86_64-linux-gnu/libnss_files-2.23.so
7feecab33000-7feecad32000 ---p 0000b000 08:01 4202347                    /lib/x86_64-linux-gnu/libnss_files-2.23.so
7feecad32000-7feecad33000 r--p 0000a000 08:01 4202347                    /lib/x86_64-linux-gnu/libnss_files-2.23.so
7feecad33000-7feecad34000 rw-p 0000b000 08:01 4202347                    /lib/x86_64-linux-gnu/libnss_files-2.23.so
7feecad34000-7feecad3a000 rw-p 00000000 00:00 0 
7feecad3a000-7feecad45000 r-xp 00000000 08:01 4202332                    /lib/x86_64-linux-gnu/libnss_nis-2.23.so
7feecad45000-7feecaf44000 ---p 0000b000 08:01 4202332                    /lib/x86_64-linux-gnu/libnss_nis-2.23.so
7feecaf44000-7feecaf45000 r--p 0000a000 08:01 4202332                    /lib/x86_64-linux-gnu/libnss_nis-2.23.so
7feecaf45000-7feecaf46000 rw-p 0000b000 08:01 4202332                    /lib/x86_64-linux-gnu/libnss_nis-2.23.so
7feecaf46000-7feecaf5c000 r-xp 00000000 08:01 4202343                    /lib/x86_64-linux-gnu/libnsl-2.23.so
7feecaf5c000-7feecb15b000 ---p 00016000 08:01 4202343                    /lib/x86_64-linux-gnu/libnsl-2.23.so
7feecb15b000-7feecb15c000 r--p 00015000 08:01 4202343                    /lib/x86_64-linux-gnu/libnsl-2.23.so
7feecb15c000-7feecb15d000 rw-p 00016000 08:01 4202343                    /lib/x86_64-linux-gnu/libnsl-2.23.so
7feecb15d000-7feecb15f000 rw-p 00000000 00:00 0 
7feecb15f000-7feecb167000 r-xp 00000000 08:01 4202344                    /lib/x86_64-linux-gnu/libnss_compat-2.23.so
7feecb167000-7feecb366000 ---p 00008000 08:01 4202344                    /lib/x86_64-linux-gnu/libnss_compat-2.23.so
7feecb366000-7feecb367000 r--p 00007000 08:01 4202344                    /lib/x86_64-linux-gnu/libnss_compat-2.23.so
7feecb367000-7feecb368000 rw-p 00008000 08:01 4202344                    /lib/x86_64-linux-gnu/libnss_compat-2.23.so
7feecb368000-7feecb393000 r-xp 00000000 08:01 4202229                    /lib/jvm/jdk1.8.0_111/jre/lib/amd64/libjava.so
7feecb393000-7feecb592000 ---p 0002b000 08:01 4202229                    /lib/jvm/jdk1.8.0_111/jre/lib/amd64/libjava.so
7feecb592000-7feecb594000 rw-p 0002a000 08:01 4202229                    /lib/jvm/jdk1.8.0_111/jre/lib/amd64/libjava.so
7feecb594000-7feecb5a1000 r-xp 00000000 08:01 4202180                    /lib/jvm/jdk1.8.0_111/jre/lib/amd64/libverify.so
7feecb5a1000-7feecb7a0000 ---p 0000d000 08:01 4202180                    /lib/jvm/jdk1.8.0_111/jre/lib/amd64/libverify.so
7feecb7a0000-7feecb7a2000 rw-p 0000c000 08:01 4202180                    /lib/jvm/jdk1.8.0_111/jre/lib/amd64/libverify.so
7feecb7a2000-7feecb7a9000 r-xp 00000000 08:01 4202331                    /lib/x86_64-linux-gnu/librt-2.23.so
7feecb7a9000-7feecb9a8000 ---p 00007000 08:01 4202331                    /lib/x86_64-linux-gnu/librt-2.23.so
7feecb9a8000-7feecb9a9000 r--p 00006000 08:01 4202331                    /lib/x86_64-linux-gnu/librt-2.23.so
7feecb9a9000-7feecb9aa000 rw-p 00007000 08:01 4202331                    /lib/x86_64-linux-gnu/librt-2.23.so
7feecb9aa000-7feecbab2000 r-xp 00000000 08:01 4202341                    /lib/x86_64-linux-gnu/libm-2.23.so
7feecbab2000-7feecbcb1000 ---p 00108000 08:01 4202341                    /lib/x86_64-linux-gnu/libm-2.23.so
7feecbcb1000-7feecbcb2000 r--p 00107000 08:01 4202341                    /lib/x86_64-linux-gnu/libm-2.23.so
7feecbcb2000-7feecbcb3000 rw-p 00108000 08:01 4202341                    /lib/x86_64-linux-gnu/libm-2.23.so
7feecbcb3000-7feecc980000 r-xp 00000000 08:01 4202233                    /lib/jvm/jdk1.8.0_111/jre/lib/amd64/server/libjvm.so
7feecc980000-7feeccb7f000 ---p 00ccd000 08:01 4202233                    /lib/jvm/jdk1.8.0_111/jre/lib/amd64/server/libjvm.so
7feeccb7f000-7feeccc58000 rw-p 00ccc000 08:01 4202233                    /lib/jvm/jdk1.8.0_111/jre/lib/amd64/server/libjvm.so
7feeccc58000-7feeccca3000 rw-p 00000000 00:00 0 
7feeccca3000-7feecce62000 r-xp 00000000 08:01 4202336                    /lib/x86_64-linux-gnu/libc-2.23.so
7feecce62000-7feecd062000 ---p 001bf000 08:01 4202336                    /lib/x86_64-linux-gnu/libc-2.23.so
7feecd062000-7feecd066000 r--p 001bf000 08:01 4202336                    /lib/x86_64-linux-gnu/libc-2.23.so
7feecd066000-7feecd068000 rw-p 001c3000 08:01 4202336                    /lib/x86_64-linux-gnu/libc-2.23.so
7feecd068000-7feecd06c000 rw-p 00000000 00:00 0 
7feecd06c000-7feecd06f000 r-xp 00000000 08:01 4202335                    /lib/x86_64-linux-gnu/libdl-2.23.so
7feecd06f000-7feecd26e000 ---p 00003000 08:01 4202335                    /lib/x86_64-linux-gnu/libdl-2.23.so
7feecd26e000-7feecd26f000 r--p 00002000 08:01 4202335                    /lib/x86_64-linux-gnu/libdl-2.23.so
7feecd26f000-7feecd270000 rw-p 00003000 08:01 4202335                    /lib/x86_64-linux-gnu/libdl-2.23.so
7feecd270000-7feecd285000 r-xp 00000000 08:01 4201314                    /lib/jvm/jdk1.8.0_111/lib/amd64/jli/libjli.so
7feecd285000-7feecd485000 ---p 00015000 08:01 4201314                    /lib/jvm/jdk1.8.0_111/lib/amd64/jli/libjli.so
7feecd485000-7feecd486000 rw-p 00015000 08:01 4201314                    /lib/jvm/jdk1.8.0_111/lib/amd64/jli/libjli.so
7feecd486000-7feecd49e000 r-xp 00000000 08:01 4202342                    /lib/x86_64-linux-gnu/libpthread-2.23.so
7feecd49e000-7feecd69d000 ---p 00018000 08:01 4202342                    /lib/x86_64-linux-gnu/libpthread-2.23.so
7feecd69d000-7feecd69e000 r--p 00017000 08:01 4202342                    /lib/x86_64-linux-gnu/libpthread-2.23.so
7feecd69e000-7feecd69f000 rw-p 00018000 08:01 4202342                    /lib/x86_64-linux-gnu/libpthread-2.23.so
7feecd69f000-7feecd6a3000 rw-p 00000000 00:00 0 
7feecd6a3000-7feecd6c9000 r-xp 00000000 08:01 4198774                    /lib/x86_64-linux-gnu/ld-2.23.so
7feecd6c9000-7feecd6cb000 r--s 00009000 08:01 4465959                    /home/cycle/wekafiles/multiLayerPerceptrons1.0.10/multiLayerPerceptrons.jar
7feecd6cb000-7feecd6cd000 r--s 0000b000 08:01 4464048                    /home/cycle/wekafiles/rengine-weka-inject-classes.jar
7feecd6cd000-7feecd6d2000 r--s 00046000 08:01 1048652                    /home/cycle/wekafiles/timeseriesForecasting-1.0.24.jar
7feecd6d2000-7feecd6d6000 r--s 00097000 08:01 4202123                    /lib/jvm/jdk1.8.0_111/jre/lib/jsse.jar
7feecd6d6000-7feecd6db000 r--s 00084000 08:01 4202278                    /lib/jvm/jdk1.8.0_111/jre/lib/jfr.jar
7feecd6db000-7feecd7a2000 rw-p 00000000 00:00 0 
7feecd7a2000-7feecd7a5000 ---p 00000000 00:00 0 
7feecd7a5000-7feecd8a7000 rw-p 00000000 00:00 0 
7feecd8a7000-7feecd8a8000 r--s 00000000 08:01 4202250                    /lib/jvm/jdk1.8.0_111/jre/lib/management-agent.jar
7feecd8a8000-7feecd8aa000 r--s 00007000 08:01 4202244                    /lib/jvm/jdk1.8.0_111/jre/lib/jfxswt.jar
7feecd8aa000-7feecd8ad000 r--s 0001a000 08:01 4202312                    /lib/jvm/jdk1.8.0_111/jre/lib/jce.jar
7feecd8ad000-7feecd8b7000 r--s 0006c000 08:01 4202286                    /lib/jvm/jdk1.8.0_111/jre/lib/javaws.jar
7feecd8b7000-7feecd8bc000 r--s 002f9000 08:01 4202124                    /lib/jvm/jdk1.8.0_111/jre/lib/charsets.jar
7feecd8bc000-7feecd8c4000 rw-s 00000000 08:01 1048614                    /tmp/hsperfdata_cycle/6337
7feecd8c4000-7feecd8c5000 rw-p 00000000 00:00 0 
7feecd8c5000-7feecd8c6000 ---p 00000000 00:00 0 
7feecd8c6000-7feecd8c8000 rw-p 00000000 00:00 0 
7feecd8c8000-7feecd8c9000 r--p 00025000 08:01 4198774                    /lib/x86_64-linux-gnu/ld-2.23.so
7feecd8c9000-7feecd8ca000 rw-p 00026000 08:01 4198774                    /lib/x86_64-linux-gnu/ld-2.23.so
7feecd8ca000-7feecd8cb000 rw-p 00000000 00:00 0 
7ffdc562f000-7ffdc5651000 rw-p 00000000 00:00 0                          [stack]
7ffdc56df000-7ffdc56e1000 r--p 00000000 00:00 0                          [vvar]
7ffdc56e1000-7ffdc56e3000 r-xp 00000000 00:00 0                          [vdso]
ffffffffff600000-ffffffffff601000 r-xp 00000000 00:00 0                  [vsyscall]

VM Arguments:
jvm_args: -Xmx8128m -Didea.launcher.port=7534 -Didea.launcher.bin.path=/home/cycle/programs/idea-IU-163.10154.41/bin -Dfile.encoding=UTF-8 
java_command: com.intellij.rt.execution.application.AppMain src.normalInput
java_class_path (initial): /lib/jvm/jdk1.8.0_111/jre/lib/charsets.jar:/lib/jvm/jdk1.8.0_111/jre/lib/deploy.jar:/lib/jvm/jdk1.8.0_111/jre/lib/ext/cldrdata.jar:/lib/jvm/jdk1.8.0_111/jre/lib/ext/dnsns.jar:/lib/jvm/jdk1.8.0_111/jre/lib/ext/jaccess.jar:/lib/jvm/jdk1.8.0_111/jre/lib/ext/jfxrt.jar:/lib/jvm/jdk1.8.0_111/jre/lib/ext/localedata.jar:/lib/jvm/jdk1.8.0_111/jre/lib/ext/nashorn.jar:/lib/jvm/jdk1.8.0_111/jre/lib/ext/sunec.jar:/lib/jvm/jdk1.8.0_111/jre/lib/ext/sunjce_provider.jar:/lib/jvm/jdk1.8.0_111/jre/lib/ext/sunpkcs11.jar:/lib/jvm/jdk1.8.0_111/jre/lib/ext/zipfs.jar:/lib/jvm/jdk1.8.0_111/jre/lib/javaws.jar:/lib/jvm/jdk1.8.0_111/jre/lib/jce.jar:/lib/jvm/jdk1.8.0_111/jre/lib/jfr.jar:/lib/jvm/jdk1.8.0_111/jre/lib/jfxswt.jar:/lib/jvm/jdk1.8.0_111/jre/lib/jsse.jar:/lib/jvm/jdk1.8.0_111/jre/lib/management-agent.jar:/lib/jvm/jdk1.8.0_111/jre/lib/plugin.jar:/lib/jvm/jdk1.8.0_111/jre/lib/resources.jar:/lib/jvm/jdk1.8.0_111/jre/lib/rt.jar:/home/cycle/workspace/wekaforecasting-new-features/target/classes:/home/cycle/wekafiles/timeseriesForecasting-1.0.24.jar:/home/cycle/wekafiles/rengine-weka-inject-classes.jar:/home/cycle/wekafiles/rplugin/pdm-RPlugin-ce-TRUNK-SNAPSHOT.jar:/home/cycle/wekafiles/multiLayerPerceptrons1.0.10/multiLayerPerceptrons.jar:/home/cycle/.m2/repository/org/jfree/jfreechart/1.0.19/jfreechart-1.0.19.jar:/home/cycle/.m2/repository/org/jfree/jcommon/1.0.23/jcommon-1.0.23.jar:/home/cycle/.m2/repository/com/github/fracpete/multisearch-weka-package/2016.6.7/multisearch-weka-package-2016.6.7.jar:/home/cycle/.m2/repository/nz/ac/waikato/cms/weka/weka-dev/3.9.1/weka-dev-3.9.1.jar:/home/cycle/.m2/repository/nz/ac/waikato/cms/weka/thirdparty/java-cup-11b/2015.03.26/java-cup-11b-2015.03.26.jar:/home/cycle/.m2/repository/nz/ac/waikato/cms/weka/thirdparty/java-cup-11b-runtime/2015.03.26/java-cup-11b-runtime-2015.03.26.jar:/home/cycle/.m2/repository/nz/ac/waikato/cms/weka/thirdparty/bounce/0.18/bounce-0.18.jar:/home/cycle/.m2/repository/com/googlecode/matrix-toolk
Launcher Type: SUN_STANDARD

Environment Variables:
PATH=/home/cycle/bin:/home/cycle/.local/bin:/usr/local/sbin:/usr/local/bin:/usr/sbin:/usr/bin:/sbin:/bin:/usr/games:/usr/local/games:/snap/bin
LD_LIBRARY_PATH=/home/cycle/programs/idea-IU-163.10154.41/bin:
SHELL=/bin/bash
DISPLAY=:0

Signal Handlers:
SIGSEGV: [libjvm.so+0xac64b0], sa_mask[0]=11111111011111111101111111111110, sa_flags=SA_RESTART|SA_SIGINFO
SIGBUS: [libjvm.so+0xac64b0], sa_mask[0]=11111111011111111101111111111110, sa_flags=SA_RESTART|SA_SIGINFO
SIGFPE: [libjvm.so+0x91f950], sa_mask[0]=11111111011111111101111111111110, sa_flags=SA_RESTART|SA_SIGINFO
SIGPIPE: [libjvm.so+0x91f950], sa_mask[0]=11111111011111111101111111111110, sa_flags=SA_RESTART|SA_SIGINFO
SIGXFSZ: [libjvm.so+0x91f950], sa_mask[0]=11111111011111111101111111111110, sa_flags=SA_RESTART|SA_SIGINFO
SIGILL: [libjvm.so+0x91f950], sa_mask[0]=11111111011111111101111111111110, sa_flags=SA_RESTART|SA_SIGINFO
SIGUSR1: SIG_DFL, sa_mask[0]=00000000000000000000000000000000, sa_flags=none
SIGUSR2: [libjvm.so+0x920f80], sa_mask[0]=00100000000000000000000000000000, sa_flags=SA_RESTART|SA_SIGINFO
SIGHUP: [libjvm.so+0x922380], sa_mask[0]=11111111011111111101111111111110, sa_flags=SA_RESTART|SA_SIGINFO
SIGINT: [libjvm.so+0x922380], sa_mask[0]=11111111011111111101111111111110, sa_flags=SA_RESTART|SA_SIGINFO
SIGTERM: [libjvm.so+0x922380], sa_mask[0]=11111111011111111101111111111110, sa_flags=SA_RESTART|SA_SIGINFO
SIGQUIT: [libjvm.so+0x922380], sa_mask[0]=11111111011111111101111111111110, sa_flags=SA_RESTART|SA_SIGINFO


---------------  S Y S T E M  ---------------

OS:DISTRIB_ID=Ubuntu
DISTRIB_RELEASE=16.04
DISTRIB_CODENAME=xenial
DISTRIB_DESCRIPTION="Ubuntu 16.04.1 LTS"

uname:Linux 4.4.0-59-generic #80-Ubuntu SMP Fri Jan 6 17:47:47 UTC 2017 x86_64
libc:glibc 2.23 NPTL 2.23 
rlimit: STACK 8192k, CORE 0k, NPROC 31299, NOFILE 65536, AS infinity
load average:2,13 1,72 1,36

/proc/meminfo:
MemTotal:        8057804 kB
MemFree:          204176 kB
MemAvailable:     200248 kB
Buffers:           14884 kB
Cached:           246088 kB
SwapCached:            0 kB
Active:          7441520 kB
Inactive:         160484 kB
Active(anon):    7343412 kB
Inactive(anon):    60888 kB
Active(file):      98108 kB
Inactive(file):    99596 kB
Unevictable:          32 kB
Mlocked:              32 kB
SwapTotal:             0 kB
SwapFree:              0 kB
Dirty:               776 kB
Writeback:           184 kB
AnonPages:       7325560 kB
Mapped:           235616 kB
Shmem:             63088 kB
Slab:              79972 kB
SReclaimable:      37584 kB
SUnreclaim:        42388 kB
KernelStack:       11088 kB
PageTables:        44420 kB
NFS_Unstable:          0 kB
Bounce:                0 kB
WritebackTmp:          0 kB
CommitLimit:     4028900 kB
Committed_AS:   11499472 kB
VmallocTotal:   34359738367 kB
VmallocUsed:           0 kB
VmallocChunk:          0 kB
HardwareCorrupted:     0 kB
AnonHugePages:   5115904 kB
CmaTotal:              0 kB
CmaFree:               0 kB
HugePages_Total:       0
HugePages_Free:        0
HugePages_Rsvd:        0
HugePages_Surp:        0
Hugepagesize:       2048 kB
DirectMap4k:      260072 kB
DirectMap2M:     8011776 kB


CPU:total 8 (4 cores per cpu, 2 threads per core) family 6 model 58 stepping 9, cmov, cx8, fxsr, mmx, sse, sse2, sse3, ssse3, sse4.1, sse4.2, popcnt, avx, aes, clmul, erms, ht, tsc, tscinvbit, tscinv

/proc/cpuinfo:
processor	: 0
vendor_id	: GenuineIntel
cpu family	: 6
model		: 58
model name	: Intel(R) Core(TM) i7-3630QM CPU @ 2.40GHz
stepping	: 9
microcode	: 0x15
cpu MHz		: 1347.656
cache size	: 6144 KB
physical id	: 0
siblings	: 8
core id		: 0
cpu cores	: 4
apicid		: 0
initial apicid	: 0
fpu		: yes
fpu_exception	: yes
cpuid level	: 13
wp		: yes
flags		: fpu vme de pse tsc msr pae mce cx8 apic sep mtrr pge mca cmov pat pse36 clflush dts acpi mmx fxsr sse sse2 ss ht tm pbe syscall nx rdtscp lm constant_tsc arch_perfmon pebs bts rep_good nopl xtopology nonstop_tsc aperfmperf eagerfpu pni pclmulqdq dtes64 monitor ds_cpl vmx est tm2 ssse3 cx16 xtpr pdcm pcid sse4_1 sse4_2 x2apic popcnt tsc_deadline_timer aes xsave avx f16c rdrand lahf_lm epb tpr_shadow vnmi flexpriority ept vpid fsgsbase smep erms xsaveopt dtherm ida arat pln pts
bugs		:
bogomips	: 4788.97
clflush size	: 64
cache_alignment	: 64
address sizes	: 36 bits physical, 48 bits virtual
power management:

processor	: 1
vendor_id	: GenuineIntel
cpu family	: 6
model		: 58
model name	: Intel(R) Core(TM) i7-3630QM CPU @ 2.40GHz
stepping	: 9
microcode	: 0x15
cpu MHz		: 1375.968
cache size	: 6144 KB
physical id	: 0
siblings	: 8
core id		: 1
cpu cores	: 4
apicid		: 2
initial apicid	: 2
fpu		: yes
fpu_exception	: yes
cpuid level	: 13
wp		: yes
flags		: fpu vme de pse tsc msr pae mce cx8 apic sep mtrr pge mca cmov pat pse36 clflush dts acpi mmx fxsr sse sse2 ss ht tm pbe syscall nx rdtscp lm constant_tsc arch_perfmon pebs bts rep_good nopl xtopology nonstop_tsc aperfmperf eagerfpu pni pclmulqdq dtes64 monitor ds_cpl vmx est tm2 ssse3 cx16 xtpr pdcm pcid sse4_1 sse4_2 x2apic popcnt tsc_deadline_timer aes xsave avx f16c rdrand lahf_lm epb tpr_shadow vnmi flexpriority ept vpid fsgsbase smep erms xsaveopt dtherm ida arat pln pts
bugs		:
bogomips	: 4788.97
clflush size	: 64
cache_alignment	: 64
address sizes	: 36 bits physical, 48 bits virtual
power management:

processor	: 2
vendor_id	: GenuineIntel
cpu family	: 6
model		: 58
model name	: Intel(R) Core(TM) i7-3630QM CPU @ 2.40GHz
stepping	: 9
microcode	: 0x15
cpu MHz		: 1225.125
cache size	: 6144 KB
physical id	: 0
siblings	: 8
core id		: 2
cpu cores	: 4
apicid		: 4
initial apicid	: 4
fpu		: yes
fpu_exception	: yes
cpuid level	: 13
wp		: yes
flags		: fpu vme de pse tsc msr pae mce cx8 apic sep mtrr pge mca cmov pat pse36 clflush dts acpi mmx fxsr sse sse2 ss ht tm pbe syscall nx rdtscp lm constant_tsc arch_perfmon pebs bts rep_good nopl xtopology nonstop_tsc aperfmperf eagerfpu pni pclmulqdq dtes64 monitor ds_cpl vmx est tm2 ssse3 cx16 xtpr pdcm pcid sse4_1 sse4_2 x2apic popcnt tsc_deadline_timer aes xsave avx f16c rdrand lahf_lm epb tpr_shadow vnmi flexpriority ept vpid fsgsbase smep erms xsaveopt dtherm ida arat pln pts
bugs		:
bogomips	: 4788.97
clflush size	: 64
cache_alignment	: 64
address sizes	: 36 bits physical, 48 bits virtual
power management:

processor	: 3
vendor_id	: GenuineIntel
cpu family	: 6
model		: 58
model name	: Intel(R) Core(TM) i7-3630QM CPU @ 2.40GHz
stepping	: 9
microcode	: 0x15
cpu MHz		: 1376.437
cache size	: 6144 KB
physical id	: 0
siblings	: 8
core id		: 3
cpu cores	: 4
apicid		: 6
initial apicid	: 6
fpu		: yes
fpu_exception	: yes
cpuid level	: 13
wp		: yes
flags		: fpu vme de pse tsc msr pae mce cx8 apic sep mtrr pge mca cmov pat pse36 clflush dts acpi mmx fxsr sse sse2 ss ht tm pbe syscall nx rdtscp lm constant_tsc arch_perfmon pebs bts rep_good nopl xtopology nonstop_tsc aperfmperf eagerfpu pni pclmulqdq dtes64 monitor ds_cpl vmx est tm2 ssse3 cx16 xtpr pdcm pcid sse4_1 sse4_2 x2apic popcnt tsc_deadline_timer aes xsave avx f16c rdrand lahf_lm epb tpr_shadow vnmi flexpriority ept vpid fsgsbase smep erms xsaveopt dtherm ida arat pln pts
bugs		:
bogomips	: 4788.97
clflush size	: 64
cache_alignment	: 64
address sizes	: 36 bits physical, 48 bits virtual
power management:

processor	: 4
vendor_id	: GenuineIntel
cpu family	: 6
model		: 58
model name	: Intel(R) Core(TM) i7-3630QM CPU @ 2.40GHz
stepping	: 9
microcode	: 0x15
cpu MHz		: 1569.281
cache size	: 6144 KB
physical id	: 0
siblings	: 8
core id		: 0
cpu cores	: 4
apicid		: 1
initial apicid	: 1
fpu		: yes
fpu_exception	: yes
cpuid level	: 13
wp		: yes
flags		: fpu vme de pse tsc msr pae mce cx8 apic sep mtrr pge mca cmov pat pse36 clflush dts acpi mmx fxsr sse sse2 ss ht tm pbe syscall nx rdtscp lm constant_tsc arch_perfmon pebs bts rep_good nopl xtopology nonstop_tsc aperfmperf eagerfpu pni pclmulqdq dtes64 monitor ds_cpl vmx est tm2 ssse3 cx16 xtpr pdcm pcid sse4_1 sse4_2 x2apic popcnt tsc_deadline_timer aes xsave avx f16c rdrand lahf_lm epb tpr_shadow vnmi flexpriority ept vpid fsgsbase smep erms xsaveopt dtherm ida arat pln pts
bugs		:
bogomips	: 4788.97
clflush size	: 64
cache_alignment	: 64
address sizes	: 36 bits physical, 48 bits virtual
power management:

processor	: 5
vendor_id	: GenuineIntel
cpu family	: 6
model		: 58
model name	: Intel(R) Core(TM) i7-3630QM CPU @ 2.40GHz
stepping	: 9
microcode	: 0x15
cpu MHz		: 1534.875
cache size	: 6144 KB
physical id	: 0
siblings	: 8
core id		: 1
cpu cores	: 4
apicid		: 3
initial apicid	: 3
fpu		: yes
fpu_exception	: yes
cpuid level	: 13
wp		: yes
flags		: fpu vme de pse tsc msr pae mce cx8 apic sep mtrr pge mca cmov pat pse36 clflush dts acpi mmx fxsr sse sse2 ss ht tm pbe syscall nx rdtscp lm constant_tsc arch_perfmon pebs bts rep_good nopl xtopology nonstop_tsc aperfmperf eagerfpu pni pclmulqdq dtes64 monitor ds_cpl vmx est tm2 ssse3 cx16 xtpr pdcm pcid sse4_1 sse4_2 x2apic popcnt tsc_deadline_timer aes xsave avx f16c rdrand lahf_lm epb tpr_shadow vnmi flexpriority ept vpid fsgsbase smep erms xsaveopt dtherm ida arat pln pts
bugs		:
bogomips	: 4788.97
clflush size	: 64
cache_alignment	: 64
address sizes	: 36 bits physical, 48 bits virtual
power management:

processor	: 6
vendor_id	: GenuineIntel
cpu family	: 6
model		: 58
model name	: Intel(R) Core(TM) i7-3630QM CPU @ 2.40GHz
stepping	: 9
microcode	: 0x15
cpu MHz		: 2086.687
cache size	: 6144 KB
physical id	: 0
siblings	: 8
core id		: 2
cpu cores	: 4
apicid		: 5
initial apicid	: 5
fpu		: yes
fpu_exception	: yes
cpuid level	: 13
wp		: yes
flags		: fpu vme de pse tsc msr pae mce cx8 apic sep mtrr pge mca cmov pat pse36 clflush dts acpi mmx fxsr sse sse2 ss ht tm pbe syscall nx rdtscp lm constant_tsc arch_perfmon pebs bts rep_good nopl xtopology nonstop_tsc aperfmperf eagerfpu pni pclmulqdq dtes64 monitor ds_cpl vmx est tm2 ssse3 cx16 xtpr pdcm pcid sse4_1 sse4_2 x2apic popcnt tsc_deadline_timer aes xsave avx f16c rdrand lahf_lm epb tpr_shadow vnmi flexpriority ept vpid fsgsbase smep erms xsaveopt dtherm ida arat pln pts
bugs		:
bogomips	: 4788.97
clflush size	: 64
cache_alignment	: 64
address sizes	: 36 bits physical, 48 bits virtual
power management:

processor	: 7
vendor_id	: GenuineIntel
cpu family	: 6
model		: 58
model name	: Intel(R) Core(TM) i7-3630QM CPU @ 2.40GHz
stepping	: 9
microcode	: 0x15
cpu MHz		: 3199.968
cache size	: 6144 KB
physical id	: 0
siblings	: 8
core id		: 3
cpu cores	: 4
apicid		: 7
initial apicid	: 7
fpu		: yes
fpu_exception	: yes
cpuid level	: 13
wp		: yes
flags		: fpu vme de pse tsc msr pae mce cx8 apic sep mtrr pge mca cmov pat pse36 clflush dts acpi mmx fxsr sse sse2 ss ht tm pbe syscall nx rdtscp lm constant_tsc arch_perfmon pebs bts rep_good nopl xtopology nonstop_tsc aperfmperf eagerfpu pni pclmulqdq dtes64 monitor ds_cpl vmx est tm2 ssse3 cx16 xtpr pdcm pcid sse4_1 sse4_2 x2apic popcnt tsc_deadline_timer aes xsave avx f16c rdrand lahf_lm epb tpr_shadow vnmi flexpriority ept vpid fsgsbase smep erms xsaveopt dtherm ida arat pln pts
bugs		:
bogomips	: 4788.97
clflush size	: 64
cache_alignment	: 64
address sizes	: 36 bits physical, 48 bits virtual
power management:



Memory: 4k page, physical 8057804k(204176k free), swap 0k(0k free)

vm_info: Java HotSpot(TM) 64-Bit Server VM (25.111-b14) for linux-amd64 JRE (1.8.0_111-b14), built on Sep 22 2016 16:14:03 by "java_re" with gcc 4.3.0 20080428 (Red Hat 4.3.0-8)

time: Tue Jan 24 22:56:24 2017
elapsed time: 8 seconds (0d 0h 0m 8s)

