#
# There is insufficient memory for the Java Runtime Environment to continue.
# Native memory allocation (malloc) failed to allocate 1417674752 bytes for committing reserved memory.
# Possible reasons:
#   The system is out of physical RAM or swap space
#   In 32 bit mode, the process size limit was hit
# Possible solutions:
#   Reduce memory load on the system
#   Increase physical memory or swap space
#   Check if swap backing store is full
#   Use 64 bit Java on a 64 bit OS
#   Decrease Java heap size (-Xmx/-Xms)
#   Decrease number of Java threads
#   Decrease Java thread stack sizes (-Xss)
#   Set larger code cache with -XX:ReservedCodeCacheSize=
# This output file may be truncated or incomplete.
#
#  Out of Memory Error (os_linux.cpp:2827), pid=23483, tid=140510583809792
#
# JRE version: OpenJDK Runtime Environment (7.0_121) (build 1.7.0_121-b00)
# Java VM: OpenJDK 64-Bit Server VM (24.121-b00 mixed mode linux-amd64 compressed oops)
# Derivative: IcedTea 2.6.8
# Distribution: Ubuntu 14.04 LTS, package 7u121-2.6.8-1ubuntu0.14.04.1
# Failed to write core dump. Core dumps have been disabled. To enable core dumping, try "ulimit -c unlimited" before starting Java again
#

---------------  T H R E A D  ---------------

Current thread (0x00007fcb40076000):  VMThread [stack: 0x00007fcb2b5f6000,0x00007fcb2b6f7000] [id=23497]

Stack: [0x00007fcb2b5f6000,0x00007fcb2b6f7000],  sp=0x00007fcb2b6f5490,  free space=1021k
Native frames: (J=compiled Java code, j=interpreted, Vv=VM code, C=native code)
V  [libjvm.so+0x95d825]
V  [libjvm.so+0x497994]
V  [libjvm.so+0x7d692b]
V  [libjvm.so+0x7d12ef]
V  [libjvm.so+0x8465eb]
V  [libjvm.so+0x835e8b]
V  [libjvm.so+0x83604b]
V  [libjvm.so+0x836f78]
V  [libjvm.so+0x83d884]
V  [libjvm.so+0x843eed]
V  [libjvm.so+0x7f9443]
V  [libjvm.so+0x95f234]
V  [libjvm.so+0x963337]
V  [libjvm.so+0x961df8]
V  [libjvm.so+0x962259]
V  [libjvm.so+0x9626a2]
V  [libjvm.so+0x7d3722]

VM_Operation (0x00007fcb47b20d90): ParallelGCFailedAllocation, mode: safepoint, requested by thread 0x00007fcb4000a800


---------------  P R O C E S S  ---------------

Java Threads: ( => current thread )
  0x00007fcb40296800 JavaThread "Monitor Ctrl-Break" daemon [_thread_in_native, id=23515, stack(0x00007fcb2a332000,0x00007fcb2a433000)]
  0x00007fcb400af000 JavaThread "Service Thread" daemon [_thread_blocked, id=23513, stack(0x00007fcb2a796000,0x00007fcb2a897000)]
  0x00007fcb400ac800 JavaThread "C2 CompilerThread1" daemon [_thread_blocked, id=23512, stack(0x00007fcb2a897000,0x00007fcb2a998000)]
  0x00007fcb400a9800 JavaThread "C2 CompilerThread0" daemon [_thread_blocked, id=23511, stack(0x00007fcb2a998000,0x00007fcb2aa99000)]
  0x00007fcb400a7800 JavaThread "Signal Dispatcher" daemon [_thread_blocked, id=23510, stack(0x00007fcb2aa99000,0x00007fcb2ab9a000)]
  0x00007fcb4007c800 JavaThread "Finalizer" daemon [_thread_blocked, id=23499, stack(0x00007fcb2b3f4000,0x00007fcb2b4f5000)]
  0x00007fcb4007a800 JavaThread "Reference Handler" daemon [_thread_blocked, id=23498, stack(0x00007fcb2b4f5000,0x00007fcb2b5f6000)]
  0x00007fcb4000a800 JavaThread "main" [_thread_blocked, id=23487, stack(0x00007fcb47a22000,0x00007fcb47b23000)]

Other Threads:
=>0x00007fcb40076000 VMThread [stack: 0x00007fcb2b5f6000,0x00007fcb2b6f7000] [id=23497]
  0x00007fcb400b9800 WatcherThread [stack: 0x00007fcb2a695000,0x00007fcb2a796000] [id=23514]

VM state:at safepoint (normal execution)

VM Mutex/Monitor currently owned by a thread:  ([mutex/lock_event])
[0x00007fcb40008910] ExpandHeap_lock - owner thread: 0x00007fcb40076000
[0x00007fcb40008f90] Threads_lock - owner thread: 0x00007fcb40076000
[0x00007fcb40009490] Heap_lock - owner thread: 0x00007fcb4000a800

Heap
 PSYoungGen      total 3474944K, used 0K [0x00000006c7800000, 0x00000007f0400000, 0x0000000800000000)
  eden space 2197504K, 0% used [0x00000006c7800000,0x00000006c7800000,0x000000074da00000)
  from space 1277440K, 0% used [0x00000007a2480000,0x00000007a2480000,0x00000007f0400000)
  to   space 1332224K, 0% used [0x000000074da00000,0x000000074da00000,0x000000079ef00000)
 ParOldGen       total 7630336K, used 7569115K [0x0000000456800000, 0x0000000628380000, 0x00000006c7800000)
  object space 7630336K, 99% used [0x0000000456800000,0x00000006247b6f98,0x0000000628380000)
 PSPermGen       total 21504K, used 8374K [0x000000044c200000, 0x000000044d700000, 0x0000000456800000)
  object space 21504K, 38% used [0x000000044c200000,0x000000044ca2dbf0,0x000000044d700000)

Card table byte_map: [0x00007fcb3b260000,0x00007fcb3d000000] byte_map_base: 0x00007fcb38fff000

Polling page: 0x00007fcb47b65000

Code Cache  [0x00007fcb3d000000, 0x00007fcb3d270000, 0x00007fcb40000000)
 total_blobs=618 nmethods=299 adapters=272 free_code_cache=48092Kb largest_free_block=49195520

Compilation events (10 events):
Event: 13,402 Thread 0x00007fcb400a9800  334             weka.filters.Filter::setOutputFormat (150 bytes)
Event: 13,489 Thread 0x00007fcb400a9800 nmethod 334 0x00007fcb3d111510 code [0x00007fcb3d1117a0, 0x00007fcb3d1136b0]
Event: 13,618 Thread 0x00007fcb400ac800  335             java.lang.Math::min (46 bytes)
Event: 13,619 Thread 0x00007fcb400ac800 nmethod 335 0x00007fcb3d0db6d0 code [0x00007fcb3d0db840, 0x00007fcb3d0db958]
Event: 17,921 Thread 0x00007fcb400a9800  336             java.lang.Character::charCount (12 bytes)
Event: 17,921 Thread 0x00007fcb400ac800  337             java.lang.Character::isHighSurrogate (18 bytes)
Event: 17,921 Thread 0x00007fcb400a9800 nmethod 336 0x00007fcb3d09da10 code [0x00007fcb3d09db40, 0x00007fcb3d09db98]
Event: 17,921 Thread 0x00007fcb400ac800 nmethod 337 0x00007fcb3d1070d0 code [0x00007fcb3d107200, 0x00007fcb3d107258]
Event: 17,922 Thread 0x00007fcb400ac800  338             java.util.Properties::getProperty (16 bytes)
Event: 17,927 Thread 0x00007fcb400ac800 nmethod 338 0x00007fcb3d109990 code [0x00007fcb3d109b40, 0x00007fcb3d109fc8]

GC Heap History (10 events):
Event: 16,516 GC heap after
Heap after GC invocations=33 (full 10):
 PSYoungGen      total 2960384K, used 653309K [0x00000006c7800000, 0x00000007d8980000, 0x0000000800000000)
  eden space 1794560K, 0% used [0x00000006c7800000,0x00000006c7800000,0x0000000735080000)
  from space 1165824K, 56% used [0x0000000735080000,0x000000075ce7f5e8,0x000000077c300000)
  to   space 1171968K, 0% used [0x0000000791100000,0x0000000791100000,0x00000007d8980000)
 ParOldGen       total 5862400K, used 5105456K [0x0000000456800000, 0x00000005bc500000, 0x00000006c7800000)
  object space 5862400K, 87% used [0x0000000456800000,0x000000058e1cc170,0x00000005bc500000)
 PSPermGen       total 21504K, used 8374K [0x000000044c200000, 0x000000044d700000, 0x0000000456800000)
  object space 21504K, 38% used [0x000000044c200000,0x000000044ca2da50,0x000000044d700000)
}
Event: 17,013 GC heap before
{Heap before GC invocations=34 (full 10):
 PSYoungGen      total 2960384K, used 2447869K [0x00000006c7800000, 0x00000007d8980000, 0x0000000800000000)
  eden space 1794560K, 100% used [0x00000006c7800000,0x0000000735080000,0x0000000735080000)
  from space 1165824K, 56% used [0x0000000735080000,0x000000075ce7f5e8,0x000000077c300000)
  to   space 1171968K, 0% used [0x0000000791100000,0x0000000791100000,0x00000007d8980000)
 ParOldGen       total 5862400K, used 5105456K [0x0000000456800000, 0x00000005bc500000, 0x00000006c7800000)
  object space 5862400K, 87% used [0x0000000456800000,0x000000058e1cc170,0x00000005bc500000)
 PSPermGen       total 21504K, used 8374K [0x000000044c200000, 0x000000044d700000, 0x0000000456800000)
  object space 21504K, 38% used [0x000000044c200000,0x000000044ca2da50,0x000000044d700000)
Event: 17,666 GC heap after
Heap after GC invocations=34 (full 10):
 PSYoungGen      total 3058176K, used 1171955K [0x00000006c7800000, 0x00000007f8e00000, 0x0000000800000000)
  eden space 1886208K, 0% used [0x00000006c7800000,0x00000006c7800000,0x000000073aa00000)
  from space 1171968K, 99% used [0x0000000791100000,0x00000007d897cc18,0x00000007d8980000)
  to   space 1416192K, 0% used [0x000000073aa00000,0x000000073aa00000,0x0000000791100000)
 ParOldGen       total 5862400K, used 5247953K [0x0000000456800000, 0x00000005bc500000, 0x00000006c7800000)
  object space 5862400K, 89% used [0x0000000456800000,0x0000000596cf4780,0x00000005bc500000)
 PSPermGen       total 21504K, used 8374K [0x000000044c200000, 0x000000044d700000, 0x0000000456800000)
  object space 21504K, 38% used [0x000000044c200000,0x000000044ca2da50,0x000000044d700000)
}
Event: 18,187 GC heap before
{Heap before GC invocations=35 (full 10):
 PSYoungGen      total 3058176K, used 3058163K [0x00000006c7800000, 0x00000007f8e00000, 0x0000000800000000)
  eden space 1886208K, 100% used [0x00000006c7800000,0x000000073aa00000,0x000000073aa00000)
  from space 1171968K, 99% used [0x0000000791100000,0x00000007d897cc18,0x00000007d8980000)
  to   space 1416192K, 0% used [0x000000073aa00000,0x000000073aa00000,0x0000000791100000)
 ParOldGen       total 5862400K, used 5247953K [0x0000000456800000, 0x00000005bc500000, 0x00000006c7800000)
  object space 5862400K, 89% used [0x0000000456800000,0x0000000596cf4780,0x00000005bc500000)
 PSPermGen       total 21504K, used 8374K [0x000000044c200000, 0x000000044d700000, 0x0000000456800000)
  object space 21504K, 38% used [0x000000044c200000,0x000000044ca2da50,0x000000044d700000)
Event: 18,928 GC heap after
Heap after GC invocations=35 (full 10):
 PSYoungGen      total 3302400K, used 683149K [0x00000006c7800000, 0x00000007f6800000, 0x0000000800000000)
  eden space 1886208K, 0% used [0x00000006c7800000,0x00000006c7800000,0x000000073aa00000)
  from space 1416192K, 48% used [0x000000073aa00000,0x00000007645235d0,0x0000000791100000)
  to   space 1379840K, 0% used [0x00000007a2480000,0x00000007a2480000,0x00000007f6800000)
 ParOldGen       total 6310912K, used 6309836K [0x0000000456800000, 0x00000005d7b00000, 0x00000006c7800000)
  object space 6310912K, 99% used [0x0000000456800000,0x00000005d79f3028,0x00000005d7b00000)
 PSPermGen       total 21504K, used 8374K [0x000000044c200000, 0x000000044d700000, 0x0000000456800000)
  object space 21504K, 38% used [0x000000044c200000,0x000000044ca2da50,0x000000044d700000)
}
Event: 18,928 GC heap before
{Heap before GC invocations=36 (full 11):
 PSYoungGen      total 3302400K, used 683149K [0x00000006c7800000, 0x00000007f6800000, 0x0000000800000000)
  eden space 1886208K, 0% used [0x00000006c7800000,0x00000006c7800000,0x000000073aa00000)
  from space 1416192K, 48% used [0x000000073aa00000,0x00000007645235d0,0x0000000791100000)
  to   space 1379840K, 0% used [0x00000007a2480000,0x00000007a2480000,0x00000007f6800000)
 ParOldGen       total 6310912K, used 6309836K [0x0000000456800000, 0x00000005d7b00000, 0x00000006c7800000)
  object space 6310912K, 99% used [0x0000000456800000,0x00000005d79f3028,0x00000005d7b00000)
 PSPermGen       total 21504K, used 8374K [0x000000044c200000, 0x000000044d700000, 0x0000000456800000)
  object space 21504K, 38% used [0x000000044c200000,0x000000044ca2da50,0x000000044d700000)
Event: 20,208 GC heap after
Heap after GC invocations=36 (full 11):
 PSYoungGen      total 3302400K, used 628400K [0x00000006c7800000, 0x00000007f6800000, 0x0000000800000000)
  eden space 1886208K, 0% used [0x00000006c7800000,0x00000006c7800000,0x000000073aa00000)
  from space 1416192K, 44% used [0x000000073aa00000,0x0000000760fac2c0,0x0000000791100000)
  to   space 1379840K, 0% used [0x00000007a2480000,0x00000007a2480000,0x00000007f6800000)
 ParOldGen       total 7630336K, used 6310696K [0x0000000456800000, 0x0000000628380000, 0x00000006c7800000)
  object space 7630336K, 82% used [0x0000000456800000,0x00000005d7aca2a8,0x0000000628380000)
 PSPermGen       total 21504K, used 8374K [0x000000044c200000, 0x000000044d700000, 0x0000000456800000)
  object space 21504K, 38% used [0x000000044c200000,0x000000044ca2da50,0x000000044d700000)
}
Event: 20,724 GC heap before
{Heap before GC invocations=37 (full 11):
 PSYoungGen      total 3302400K, used 2514608K [0x00000006c7800000, 0x00000007f6800000, 0x0000000800000000)
  eden space 1886208K, 100% used [0x00000006c7800000,0x000000073aa00000,0x000000073aa00000)
  from space 1416192K, 44% used [0x000000073aa00000,0x0000000760fac2c0,0x0000000791100000)
  to   space 1379840K, 0% used [0x00000007a2480000,0x00000007a2480000,0x00000007f6800000)
 ParOldGen       total 7630336K, used 6310696K [0x0000000456800000, 0x0000000628380000, 0x00000006c7800000)
  object space 7630336K, 82% used [0x0000000456800000,0x00000005d7aca2a8,0x0000000628380000)
 PSPermGen       total 21504K, used 8374K [0x000000044c200000, 0x000000044d700000, 0x0000000456800000)
  object space 21504K, 38% used [0x000000044c200000,0x000000044ca2dbf0,0x000000044d700000)
Event: 21,433 GC heap after
Heap after GC invocations=37 (full 11):
 PSYoungGen      total 3474944K, used 653369K [0x00000006c7800000, 0x00000007f0400000, 0x0000000800000000)
  eden space 2197504K, 0% used [0x00000006c7800000,0x00000006c7800000,0x000000074da00000)
  from space 1277440K, 51% used [0x00000007a2480000,0x00000007ca28e7a8,0x00000007f0400000)
  to   space 1332224K, 0% used [0x000000074da00000,0x000000074da00000,0x000000079ef00000)
 ParOldGen       total 7630336K, used 6939624K [0x0000000456800000, 0x0000000628380000, 0x00000006c7800000)
  object space 7630336K, 90% used [0x0000000456800000,0x00000005fe0fa028,0x0000000628380000)
 PSPermGen       total 21504K, used 8374K [0x000000044c200000, 0x000000044d700000, 0x0000000456800000)
  object space 21504K, 38% used [0x000000044c200000,0x000000044ca2dbf0,0x000000044d700000)
}
Event: 21,433 GC heap before
{Heap before GC invocations=38 (full 12):
 PSYoungGen      total 3474944K, used 653369K [0x00000006c7800000, 0x00000007f0400000, 0x0000000800000000)
  eden space 2197504K, 0% used [0x00000006c7800000,0x00000006c7800000,0x000000074da00000)
  from space 1277440K, 51% used [0x00000007a2480000,0x00000007ca28e7a8,0x00000007f0400000)
  to   space 1332224K, 0% used [0x000000074da00000,0x000000074da00000,0x000000079ef00000)
 ParOldGen       total 7630336K, used 6939624K [0x0000000456800000, 0x0000000628380000, 0x00000006c7800000)
  object space 7630336K, 90% used [0x0000000456800000,0x00000005fe0fa028,0x0000000628380000)
 PSPermGen       total 21504K, used 8374K [0x000000044c200000, 0x000000044d700000, 0x0000000456800000)
  object space 21504K, 38% used [0x000000044c200000,0x000000044ca2dbf0,0x000000044d700000)

Deoptimization events (10 events):
Event: 3,506 Thread 0x00007fcb4000a800 Uncommon trap: reason=unstable_if action=reinterpret pc=0x00007fcb3d0dbf48 method=weka.classifiers.timeseries.core.TimeSeriesTranslate.mergeInstances(Lweka/core/Instance;Lweka/core/Instance;)Lweka/core/Instance; @ 46
Event: 4,203 Thread 0x00007fcb4000a800 Uncommon trap: reason=predicate action=maybe_recompile pc=0x00007fcb3d06145c method=java.util.Arrays.fill([Ljava/lang/Object;Ljava/lang/Object;)V @ 10
Event: 4,585 Thread 0x00007fcb4000a800 Uncommon trap: reason=array_check action=maybe_recompile pc=0x00007fcb3d085f24 method=java.util.Arrays.fill([Ljava/lang/Object;Ljava/lang/Object;)V @ 13
Event: 4,592 Thread 0x00007fcb4000a800 Uncommon trap: reason=array_check action=maybe_recompile pc=0x00007fcb3d085f24 method=java.util.Arrays.fill([Ljava/lang/Object;Ljava/lang/Object;)V @ 13
Event: 4,598 Thread 0x00007fcb4000a800 Uncommon trap: reason=array_check action=maybe_recompile pc=0x00007fcb3d085f24 method=java.util.Arrays.fill([Ljava/lang/Object;Ljava/lang/Object;)V @ 13
Event: 4,598 Thread 0x00007fcb4000a800 Uncommon trap: reason=array_check action=maybe_recompile pc=0x00007fcb3d060bf4 method=java.util.Arrays.fill([Ljava/lang/Object;Ljava/lang/Object;)V @ 13
Event: 4,602 Thread 0x00007fcb4000a800 Uncommon trap: reason=array_check action=maybe_recompile pc=0x00007fcb3d085f24 method=java.util.Arrays.fill([Ljava/lang/Object;Ljava/lang/Object;)V @ 13
Event: 4,605 Thread 0x00007fcb4000a800 Uncommon trap: reason=unstable_if action=reinterpret pc=0x00007fcb3d071e60 method=java.lang.Integer.valueOf(I)Ljava/lang/Integer; @ 32
Event: 4,606 Thread 0x00007fcb4000a800 Uncommon trap: reason=unstable_if action=reinterpret pc=0x00007fcb3d08ae54 method=java.lang.Integer.valueOf(I)Ljava/lang/Integer; @ 32
Event: 4,652 Thread 0x00007fcb4000a800 Uncommon trap: reason=unstable_if action=reinterpret pc=0x00007fcb3d078adc method=java.lang.String.regionMatches(ZILjava/lang/String;II)Z @ 41

Internal exceptions (10 events):
Event: 3,257 Thread 0x00007fcb4000a800 Threw 0x00000006c85806f0 at /build/openjdk-7-A9DpoP/openjdk-7-7u121-2.6.8/build/openjdk/hotspot/src/share/vm/prims/jvm.cpp:1322
Event: 3,257 Thread 0x00007fcb4000a800 Threw 0x00000006c8580978 at /build/openjdk-7-A9DpoP/openjdk-7-7u121-2.6.8/build/openjdk/hotspot/src/share/vm/classfile/systemDictionary.cpp:185
Event: 3,257 Thread 0x00007fcb4000a800 Threw 0x00000006c85818b8 at /build/openjdk-7-A9DpoP/openjdk-7-7u121-2.6.8/build/openjdk/hotspot/src/share/vm/prims/jvm.cpp:1322
Event: 3,258 Thread 0x00007fcb4000a800 Threw 0x00000006c8585e18 at /build/openjdk-7-A9DpoP/openjdk-7-7u121-2.6.8/build/openjdk/hotspot/src/share/vm/prims/jvm.cpp:1322
Event: 3,258 Thread 0x00007fcb4000a800 Threw 0x00000006c8586b88 at /build/openjdk-7-A9DpoP/openjdk-7-7u121-2.6.8/build/openjdk/hotspot/src/share/vm/prims/jvm.cpp:1322
Event: 3,259 Thread 0x00007fcb4000a800 Threw 0x00000006c858b1e8 at /build/openjdk-7-A9DpoP/openjdk-7-7u121-2.6.8/build/openjdk/hotspot/src/share/vm/prims/jvm.cpp:1322
Event: 3,259 Thread 0x00007fcb4000a800 Threw 0x00000006c858b378 at /build/openjdk-7-A9DpoP/openjdk-7-7u121-2.6.8/build/openjdk/hotspot/src/share/vm/classfile/systemDictionary.cpp:185
Event: 3,261 Thread 0x00007fcb4000a800 Threw 0x00000006c8596418 at /build/openjdk-7-A9DpoP/openjdk-7-7u121-2.6.8/build/openjdk/hotspot/src/share/vm/interpreter/interpreterRuntime.cpp:376
Event: 3,506 Thread 0x00007fcb4000a800 Implicit null exception at 0x00007fcb3d0dbbd6 to 0x00007fcb3d0dbf26
Event: 4,652 Thread 0x00007fcb4000a800 Threw 0x00000006d67426b8 at /build/openjdk-7-A9DpoP/openjdk-7-7u121-2.6.8/build/openjdk/hotspot/src/share/vm/prims/jvm.cpp:1322

Events (10 events):
Event: 13,924 Executing VM operation: ParallelGCFailedAllocation done
Event: 14,414 Executing VM operation: ParallelGCFailedAllocation
Event: 15,719 Executing VM operation: ParallelGCFailedAllocation done
Event: 16,217 Executing VM operation: ParallelGCFailedAllocation
Event: 16,516 Executing VM operation: ParallelGCFailedAllocation done
Event: 17,013 Executing VM operation: ParallelGCFailedAllocation
Event: 17,666 Executing VM operation: ParallelGCFailedAllocation done
Event: 18,187 Executing VM operation: ParallelGCFailedAllocation
Event: 20,208 Executing VM operation: ParallelGCFailedAllocation done
Event: 20,724 Executing VM operation: ParallelGCFailedAllocation


Dynamic libraries:
00400000-00401000 r-xp 00000000 08:01 1311384                            /usr/lib/jvm/java-7-openjdk-amd64/jre/bin/java
00600000-00601000 r--p 00000000 08:01 1311384                            /usr/lib/jvm/java-7-openjdk-amd64/jre/bin/java
00601000-00602000 rw-p 00001000 08:01 1311384                            /usr/lib/jvm/java-7-openjdk-amd64/jre/bin/java
01473000-01494000 rw-p 00000000 00:00 0                                  [heap]
44c200000-44d700000 rw-p 00000000 00:00 0 
44d700000-456800000 rw-p 00000000 00:00 0 
456800000-628380000 rw-p 00000000 00:00 0 
67cb80000-6c7800000 rw-p 00000000 00:00 0 
6c7800000-7f0400000 rw-p 00000000 00:00 0 
7f0400000-7f8e00000 ---p 00000000 00:00 0 
7f8e00000-800000000 rw-p 00000000 00:00 0 
7fcadf628000-7fcadf663000 r-xp 00000000 08:01 1841336                    /usr/lib/x86_64-linux-gnu/libquadmath.so.0.0.0
7fcadf663000-7fcadf862000 ---p 0003b000 08:01 1841336                    /usr/lib/x86_64-linux-gnu/libquadmath.so.0.0.0
7fcadf862000-7fcadf863000 r--p 0003a000 08:01 1841336                    /usr/lib/x86_64-linux-gnu/libquadmath.so.0.0.0
7fcadf863000-7fcadf864000 rw-p 0003b000 08:01 1841336                    /usr/lib/x86_64-linux-gnu/libquadmath.so.0.0.0
7fcadf864000-7fcadfdfc000 r-xp 00000000 08:01 1057430                    /usr/lib/lapack/liblapack.so.3.0
7fcadfdfc000-7fcadfffb000 ---p 00598000 08:01 1057430                    /usr/lib/lapack/liblapack.so.3.0
7fcadfffb000-7fcadfffc000 r--p 00597000 08:01 1057430                    /usr/lib/lapack/liblapack.so.3.0
7fcadfffc000-7fcae0000000 rw-p 00598000 08:01 1057430                    /usr/lib/lapack/liblapack.so.3.0
7fcae0000000-7fcae0021000 rw-p 00000000 00:00 0 
7fcae0021000-7fcae4000000 ---p 00000000 00:00 0 
7fcae4000000-7fcae4021000 rw-p 00000000 00:00 0 
7fcae4021000-7fcae8000000 ---p 00000000 00:00 0 
7fcae8000000-7fcae83cc000 rw-p 00000000 00:00 0 
7fcae83cc000-7fcaec000000 ---p 00000000 00:00 0 
7fcaec000000-7fcaec021000 rw-p 00000000 00:00 0 
7fcaec021000-7fcaf0000000 ---p 00000000 00:00 0 
7fcaf0000000-7fcaf0021000 rw-p 00000000 00:00 0 
7fcaf0021000-7fcaf4000000 ---p 00000000 00:00 0 
7fcaf4000000-7fcaf450f000 rw-p 00000000 00:00 0 
7fcaf450f000-7fcaf8000000 ---p 00000000 00:00 0 
7fcaf8000000-7fcaf8021000 rw-p 00000000 00:00 0 
7fcaf8021000-7fcafc000000 ---p 00000000 00:00 0 
7fcafc000000-7fcafc021000 rw-p 00000000 00:00 0 
7fcafc021000-7fcb00000000 ---p 00000000 00:00 0 
7fcb00000000-7fcb00021000 rw-p 00000000 00:00 0 
7fcb00021000-7fcb04000000 ---p 00000000 00:00 0 
7fcb0421f000-7fcb045e4000 r-xp 00000000 08:01 1867027                    /usr/lib/atlas-base/atlas/libblas.so.3.0
7fcb045e4000-7fcb047e3000 ---p 003c5000 08:01 1867027                    /usr/lib/atlas-base/atlas/libblas.so.3.0
7fcb047e3000-7fcb047eb000 rw-p 003c4000 08:01 1867027                    /usr/lib/atlas-base/atlas/libblas.so.3.0
7fcb047eb000-7fcb04902000 r-xp 00000000 08:01 1831787                    /usr/lib/x86_64-linux-gnu/libgfortran.so.3.0.0
7fcb04902000-7fcb04b02000 ---p 00117000 08:01 1831787                    /usr/lib/x86_64-linux-gnu/libgfortran.so.3.0.0
7fcb04b02000-7fcb04b03000 r--p 00117000 08:01 1831787                    /usr/lib/x86_64-linux-gnu/libgfortran.so.3.0.0
7fcb04b03000-7fcb04b05000 rw-p 00118000 08:01 1831787                    /usr/lib/x86_64-linux-gnu/libgfortran.so.3.0.0
7fcb04b05000-7fcb04c93000 r-xp 00000000 00:17 84                         /tmp/jniloader855171430703953515netlib-native_system-linux-x86_64.so
7fcb04c93000-7fcb04e92000 ---p 0018e000 00:17 84                         /tmp/jniloader855171430703953515netlib-native_system-linux-x86_64.so
7fcb04e92000-7fcb04e94000 rw-p 0018d000 00:17 84                         /tmp/jniloader855171430703953515netlib-native_system-linux-x86_64.so
7fcb04e94000-7fcb04e95000 rw-p 00000000 00:00 0 
7fcb04e95000-7fcb04eba000 r-xp 00000000 08:01 1570386                    /lib/x86_64-linux-gnu/libpng12.so.0.50.0
7fcb04eba000-7fcb050b9000 ---p 00025000 08:01 1570386                    /lib/x86_64-linux-gnu/libpng12.so.0.50.0
7fcb050b9000-7fcb050ba000 r--p 00024000 08:01 1570386                    /lib/x86_64-linux-gnu/libpng12.so.0.50.0
7fcb050ba000-7fcb050bb000 rw-p 00025000 08:01 1570386                    /lib/x86_64-linux-gnu/libpng12.so.0.50.0
7fcb050bb000-7fcb050c0000 r-xp 00000000 08:01 1841253                    /usr/lib/x86_64-linux-gnu/libXdmcp.so.6.0.0
7fcb050c0000-7fcb052bf000 ---p 00005000 08:01 1841253                    /usr/lib/x86_64-linux-gnu/libXdmcp.so.6.0.0
7fcb052bf000-7fcb052c0000 r--p 00004000 08:01 1841253                    /usr/lib/x86_64-linux-gnu/libXdmcp.so.6.0.0
7fcb052c0000-7fcb052c1000 rw-p 00005000 08:01 1841253                    /usr/lib/x86_64-linux-gnu/libXdmcp.so.6.0.0
7fcb052c1000-7fcb052c3000 r-xp 00000000 08:01 1841242                    /usr/lib/x86_64-linux-gnu/libXau.so.6.0.0
7fcb052c3000-7fcb054c3000 ---p 00002000 08:01 1841242                    /usr/lib/x86_64-linux-gnu/libXau.so.6.0.0
7fcb054c3000-7fcb054c4000 r--p 00002000 08:01 1841242                    /usr/lib/x86_64-linux-gnu/libXau.so.6.0.0
7fcb054c4000-7fcb054c5000 rw-p 00003000 08:01 1841242                    /usr/lib/x86_64-linux-gnu/libXau.so.6.0.0
7fcb054c5000-7fcb054ec000 r-xp 00000000 08:01 1569868                    /lib/x86_64-linux-gnu/libexpat.so.1.6.0
7fcb054ec000-7fcb056ec000 ---p 00027000 08:01 1569868                    /lib/x86_64-linux-gnu/libexpat.so.1.6.0
7fcb056ec000-7fcb056ee000 r--p 00027000 08:01 1569868                    /lib/x86_64-linux-gnu/libexpat.so.1.6.0
7fcb056ee000-7fcb056ef000 rw-p 00029000 08:01 1569868                    /lib/x86_64-linux-gnu/libexpat.so.1.6.0
7fcb056ef000-7fcb0578c000 r-xp 00000000 08:01 1832105                    /usr/lib/x86_64-linux-gnu/libfreetype.so.6.11.1
7fcb0578c000-7fcb0598b000 ---p 0009d000 08:01 1832105                    /usr/lib/x86_64-linux-gnu/libfreetype.so.6.11.1
7fcb0598b000-7fcb05991000 r--p 0009c000 08:01 1832105                    /usr/lib/x86_64-linux-gnu/libfreetype.so.6.11.1
7fcb05991000-7fcb05992000 rw-p 000a2000 08:01 1832105                    /usr/lib/x86_64-linux-gnu/libfreetype.so.6.11.1
7fcb05992000-7fcb059af000 r-xp 00000000 08:01 1842269                    /usr/lib/x86_64-linux-gnu/libxcb.so.1.1.0
7fcb059af000-7fcb05baf000 ---p 0001d000 08:01 1842269                    /usr/lib/x86_64-linux-gnu/libxcb.so.1.1.0
7fcb05baf000-7fcb05bb0000 r--p 0001d000 08:01 1842269                    /usr/lib/x86_64-linux-gnu/libxcb.so.1.1.0
7fcb05bb0000-7fcb05bb1000 rw-p 0001e000 08:01 1842269                    /usr/lib/x86_64-linux-gnu/libxcb.so.1.1.0
7fcb05bb1000-7fcb05beb000 r-xp 00000000 08:01 1836778                    /usr/lib/x86_64-linux-gnu/libfontconfig.so.1.8.0
7fcb05beb000-7fcb05dea000 ---p 0003a000 08:01 1836778                    /usr/lib/x86_64-linux-gnu/libfontconfig.so.1.8.0
7fcb05dea000-7fcb05dec000 r--p 00039000 08:01 1836778                    /usr/lib/x86_64-linux-gnu/libfontconfig.so.1.8.0
7fcb05dec000-7fcb05ded000 rw-p 0003b000 08:01 1836778                    /usr/lib/x86_64-linux-gnu/libfontconfig.so.1.8.0
7fcb05ded000-7fcb05dfc000 r-xp 00000000 08:01 1874311                    /usr/lib/x86_64-linux-gnu/libXi.so.6.1.0
7fcb05dfc000-7fcb05ffb000 ---p 0000f000 08:01 1874311                    /usr/lib/x86_64-linux-gnu/libXi.so.6.1.0
7fcb05ffb000-7fcb05ffc000 r--p 0000e000 08:01 1874311                    /usr/lib/x86_64-linux-gnu/libXi.so.6.1.0
7fcb05ffc000-7fcb05ffd000 rw-p 0000f000 08:01 1874311                    /usr/lib/x86_64-linux-gnu/libXi.so.6.1.0
7fcb05ffd000-7fcb06002000 r-xp 00000000 08:01 1841283                    /usr/lib/x86_64-linux-gnu/libXtst.so.6.1.0
7fcb06002000-7fcb06201000 ---p 00005000 08:01 1841283                    /usr/lib/x86_64-linux-gnu/libXtst.so.6.1.0
7fcb06201000-7fcb06202000 r--p 00004000 08:01 1841283                    /usr/lib/x86_64-linux-gnu/libXtst.so.6.1.0
7fcb06202000-7fcb06203000 rw-p 00005000 08:01 1841283                    /usr/lib/x86_64-linux-gnu/libXtst.so.6.1.0
7fcb06203000-7fcb06205000 r-xp 00000000 08:01 1841247                    /usr/lib/x86_64-linux-gnu/libXcomposite.so.1.0.0
7fcb06205000-7fcb06404000 ---p 00002000 08:01 1841247                    /usr/lib/x86_64-linux-gnu/libXcomposite.so.1.0.0
7fcb06404000-7fcb06405000 r--p 00001000 08:01 1841247                    /usr/lib/x86_64-linux-gnu/libXcomposite.so.1.0.0
7fcb06405000-7fcb06406000 rw-p 00002000 08:01 1841247                    /usr/lib/x86_64-linux-gnu/libXcomposite.so.1.0.0
7fcb06406000-7fcb0640f000 r-xp 00000000 08:01 1874252                    /usr/lib/x86_64-linux-gnu/libXrender.so.1.3.0
7fcb0640f000-7fcb0660e000 ---p 00009000 08:01 1874252                    /usr/lib/x86_64-linux-gnu/libXrender.so.1.3.0
7fcb0660e000-7fcb0660f000 r--p 00008000 08:01 1874252                    /usr/lib/x86_64-linux-gnu/libXrender.so.1.3.0
7fcb0660f000-7fcb06610000 rw-p 00009000 08:01 1874252                    /usr/lib/x86_64-linux-gnu/libXrender.so.1.3.0
7fcb06610000-7fcb24000000 rw-p 00000000 00:00 0 
7fcb24000000-7fcb24021000 rw-p 00000000 00:00 0 
7fcb24021000-7fcb28000000 ---p 00000000 00:00 0 
7fcb280e1000-7fcb28211000 r-xp 00000000 08:01 1841238                    /usr/lib/x86_64-linux-gnu/libX11.so.6.3.0
7fcb28211000-7fcb28411000 ---p 00130000 08:01 1841238                    /usr/lib/x86_64-linux-gnu/libX11.so.6.3.0
7fcb28411000-7fcb28412000 r--p 00130000 08:01 1841238                    /usr/lib/x86_64-linux-gnu/libX11.so.6.3.0
7fcb28412000-7fcb28416000 rw-p 00131000 08:01 1841238                    /usr/lib/x86_64-linux-gnu/libX11.so.6.3.0
7fcb28416000-7fcb28427000 r-xp 00000000 08:01 1874298                    /usr/lib/x86_64-linux-gnu/libXext.so.6.4.0
7fcb28427000-7fcb28626000 ---p 00011000 08:01 1874298                    /usr/lib/x86_64-linux-gnu/libXext.so.6.4.0
7fcb28626000-7fcb28627000 r--p 00010000 08:01 1874298                    /usr/lib/x86_64-linux-gnu/libXext.so.6.4.0
7fcb28627000-7fcb28628000 rw-p 00011000 08:01 1874298                    /usr/lib/x86_64-linux-gnu/libXext.so.6.4.0
7fcb28628000-7fcb28670000 r-xp 00000000 08:01 1441199                    /usr/lib/jvm/java-7-openjdk-amd64/jre/lib/amd64/xawt/libmawt.so
7fcb28670000-7fcb2886f000 ---p 00048000 08:01 1441199                    /usr/lib/jvm/java-7-openjdk-amd64/jre/lib/amd64/xawt/libmawt.so
7fcb2886f000-7fcb28870000 r--p 00047000 08:01 1441199                    /usr/lib/jvm/java-7-openjdk-amd64/jre/lib/amd64/xawt/libmawt.so
7fcb28870000-7fcb28873000 rw-p 00048000 08:01 1441199                    /usr/lib/jvm/java-7-openjdk-amd64/jre/lib/amd64/xawt/libmawt.so
7fcb28873000-7fcb28874000 rw-p 00000000 00:00 0 
7fcb28874000-7fcb28914000 r-xp 00000000 08:01 1046680                    /usr/lib/jvm/java-7-openjdk-amd64/jre/lib/amd64/libawt.so
7fcb28914000-7fcb28b14000 ---p 000a0000 08:01 1046680                    /usr/lib/jvm/java-7-openjdk-amd64/jre/lib/amd64/libawt.so
7fcb28b14000-7fcb28b15000 r--p 000a0000 08:01 1046680                    /usr/lib/jvm/java-7-openjdk-amd64/jre/lib/amd64/libawt.so
7fcb28b15000-7fcb28b20000 rw-p 000a1000 08:01 1046680                    /usr/lib/jvm/java-7-openjdk-amd64/jre/lib/amd64/libawt.so
7fcb28b20000-7fcb28b45000 rw-p 00000000 00:00 0 
7fcb28b45000-7fcb28b55000 r-xp 00000000 08:01 1046656                    /usr/lib/jvm/java-7-openjdk-amd64/jre/lib/amd64/libnio.so
7fcb28b55000-7fcb28d55000 ---p 00010000 08:01 1046656                    /usr/lib/jvm/java-7-openjdk-amd64/jre/lib/amd64/libnio.so
7fcb28d55000-7fcb28d56000 r--p 00010000 08:01 1046656                    /usr/lib/jvm/java-7-openjdk-amd64/jre/lib/amd64/libnio.so
7fcb28d56000-7fcb28d57000 rw-p 00011000 08:01 1046656                    /usr/lib/jvm/java-7-openjdk-amd64/jre/lib/amd64/libnio.so
7fcb28d57000-7fcb28d88000 rw-p 00000000 00:00 0 
7fcb28d88000-7fcb28dc5000 r-xp 00000000 08:01 1573858                    /lib/x86_64-linux-gnu/libpcre.so.3.13.1
7fcb28dc5000-7fcb28fc4000 ---p 0003d000 08:01 1573858                    /lib/x86_64-linux-gnu/libpcre.so.3.13.1
7fcb28fc4000-7fcb28fc5000 r--p 0003c000 08:01 1573858                    /lib/x86_64-linux-gnu/libpcre.so.3.13.1
7fcb28fc5000-7fcb28fc6000 rw-p 0003d000 08:01 1573858                    /lib/x86_64-linux-gnu/libpcre.so.3.13.1
7fcb28fc6000-7fcb28fcd000 r-xp 00000000 08:01 1857160                    /usr/lib/x86_64-linux-gnu/libffi.so.6.0.1
7fcb28fcd000-7fcb291cc000 ---p 00007000 08:01 1857160                    /usr/lib/x86_64-linux-gnu/libffi.so.6.0.1
7fcb291cc000-7fcb291cd000 r--p 00006000 08:01 1857160                    /usr/lib/x86_64-linux-gnu/libffi.so.6.0.1
7fcb291cd000-7fcb291ce000 rw-p 00007000 08:01 1857160                    /usr/lib/x86_64-linux-gnu/libffi.so.6.0.1
7fcb291ce000-7fcb291e5000 r-xp 00000000 08:01 1575356                    /lib/x86_64-linux-gnu/libresolv-2.19.so
7fcb291e5000-7fcb293e5000 ---p 00017000 08:01 1575356                    /lib/x86_64-linux-gnu/libresolv-2.19.so
7fcb293e5000-7fcb293e6000 r--p 00017000 08:01 1575356                    /lib/x86_64-linux-gnu/libresolv-2.19.so
7fcb293e6000-7fcb293e7000 rw-p 00018000 08:01 1575356                    /lib/x86_64-linux-gnu/libresolv-2.19.so
7fcb293e7000-7fcb293e9000 rw-p 00000000 00:00 0 
7fcb293e9000-7fcb29409000 r-xp 00000000 08:01 1569823                    /lib/x86_64-linux-gnu/libselinux.so.1
7fcb29409000-7fcb29608000 ---p 00020000 08:01 1569823                    /lib/x86_64-linux-gnu/libselinux.so.1
7fcb29608000-7fcb29609000 r--p 0001f000 08:01 1569823                    /lib/x86_64-linux-gnu/libselinux.so.1
7fcb29609000-7fcb2960a000 rw-p 00020000 08:01 1569823                    /lib/x86_64-linux-gnu/libselinux.so.1
7fcb2960a000-7fcb2960c000 rw-p 00000000 00:00 0 
7fcb2960c000-7fcb2960f000 r-xp 00000000 08:01 1831907                    /usr/lib/x86_64-linux-gnu/libgmodule-2.0.so.0.4002.0
7fcb2960f000-7fcb2980e000 ---p 00003000 08:01 1831907                    /usr/lib/x86_64-linux-gnu/libgmodule-2.0.so.0.4002.0
7fcb2980e000-7fcb2980f000 r--p 00002000 08:01 1831907                    /usr/lib/x86_64-linux-gnu/libgmodule-2.0.so.0.4002.0
7fcb2980f000-7fcb29810000 rw-p 00003000 08:01 1831907                    /usr/lib/x86_64-linux-gnu/libgmodule-2.0.so.0.4002.0
7fcb29810000-7fcb29916000 r-xp 00000000 08:01 1592488                    /lib/x86_64-linux-gnu/libglib-2.0.so.0.4002.0
7fcb29916000-7fcb29b15000 ---p 00106000 08:01 1592488                    /lib/x86_64-linux-gnu/libglib-2.0.so.0.4002.0
7fcb29b15000-7fcb29b16000 r--p 00105000 08:01 1592488                    /lib/x86_64-linux-gnu/libglib-2.0.so.0.4002.0
7fcb29b16000-7fcb29b17000 rw-p 00106000 08:01 1592488                    /lib/x86_64-linux-gnu/libglib-2.0.so.0.4002.0
7fcb29b17000-7fcb29b18000 rw-p 00000000 00:00 0 
7fcb29b18000-7fcb29b67000 r-xp 00000000 08:01 1873880                    /usr/lib/x86_64-linux-gnu/libgobject-2.0.so.0.4002.0
7fcb29b67000-7fcb29d67000 ---p 0004f000 08:01 1873880                    /usr/lib/x86_64-linux-gnu/libgobject-2.0.so.0.4002.0
7fcb29d67000-7fcb29d68000 r--p 0004f000 08:01 1873880                    /usr/lib/x86_64-linux-gnu/libgobject-2.0.so.0.4002.0
7fcb29d68000-7fcb29d69000 rw-p 00050000 08:01 1873880                    /usr/lib/x86_64-linux-gnu/libgobject-2.0.so.0.4002.0
7fcb29d69000-7fcb29ed5000 r-xp 00000000 08:01 1873885                    /usr/lib/x86_64-linux-gnu/libgio-2.0.so.0.4002.0
7fcb29ed5000-7fcb2a0d4000 ---p 0016c000 08:01 1873885                    /usr/lib/x86_64-linux-gnu/libgio-2.0.so.0.4002.0
7fcb2a0d4000-7fcb2a0d8000 r--p 0016b000 08:01 1873885                    /usr/lib/x86_64-linux-gnu/libgio-2.0.so.0.4002.0
7fcb2a0d8000-7fcb2a0da000 rw-p 0016f000 08:01 1873885                    /usr/lib/x86_64-linux-gnu/libgio-2.0.so.0.4002.0
7fcb2a0da000-7fcb2a0dc000 rw-p 00000000 00:00 0 
7fcb2a10f000-7fcb2a113000 r--s 0004f000 08:01 1046693                    /usr/lib/jvm/java-7-openjdk-amd64/jre/lib/jsse.jar
7fcb2a113000-7fcb2a11a000 r--s 00000000 08:01 136292                     /usr/lib/x86_64-linux-gnu/gconv/gconv-modules.cache
7fcb2a11a000-7fcb2a131000 r-xp 00000000 08:01 1046677                    /usr/lib/jvm/java-7-openjdk-amd64/jre/lib/amd64/libnet.so
7fcb2a131000-7fcb2a330000 ---p 00017000 08:01 1046677                    /usr/lib/jvm/java-7-openjdk-amd64/jre/lib/amd64/libnet.so
7fcb2a330000-7fcb2a331000 r--p 00016000 08:01 1046677                    /usr/lib/jvm/java-7-openjdk-amd64/jre/lib/amd64/libnet.so
7fcb2a331000-7fcb2a332000 rw-p 00017000 08:01 1046677                    /usr/lib/jvm/java-7-openjdk-amd64/jre/lib/amd64/libnet.so
7fcb2a332000-7fcb2a335000 ---p 00000000 00:00 0 
7fcb2a335000-7fcb2a433000 rw-p 00000000 00:00 0 
7fcb2a433000-7fcb2a434000 r-xp 00000000 00:22 1242448154                 /afs/tu-berlin.de/home/n/n_righeriu/irb-ubuntu/programs/idea-IU-163.9166.29/bin/libbreakgen64.so
7fcb2a434000-7fcb2a633000 ---p 00001000 00:22 1242448154                 /afs/tu-berlin.de/home/n/n_righeriu/irb-ubuntu/programs/idea-IU-163.9166.29/bin/libbreakgen64.so
7fcb2a633000-7fcb2a634000 r--p 00000000 00:22 1242448154                 /afs/tu-berlin.de/home/n/n_righeriu/irb-ubuntu/programs/idea-IU-163.9166.29/bin/libbreakgen64.so
7fcb2a634000-7fcb2a635000 rw-p 00001000 00:22 1242448154                 /afs/tu-berlin.de/home/n/n_righeriu/irb-ubuntu/programs/idea-IU-163.9166.29/bin/libbreakgen64.so
7fcb2a635000-7fcb2a695000 r--s 00855000 00:22 1242460082                 /afs/tu-berlin.de/home/n/n_righeriu/irb-ubuntu/.m2/repository/nz/ac/waikato/cms/weka/weka-dev/3.9.1/weka-dev-3.9.1.jar
7fcb2a695000-7fcb2a696000 ---p 00000000 00:00 0 
7fcb2a696000-7fcb2a796000 rw-p 00000000 00:00 0 
7fcb2a796000-7fcb2a799000 ---p 00000000 00:00 0 
7fcb2a799000-7fcb2a897000 rw-p 00000000 00:00 0 
7fcb2a897000-7fcb2a89a000 ---p 00000000 00:00 0 
7fcb2a89a000-7fcb2a998000 rw-p 00000000 00:00 0 
7fcb2a998000-7fcb2a99b000 ---p 00000000 00:00 0 
7fcb2a99b000-7fcb2aa99000 rw-p 00000000 00:00 0 
7fcb2aa99000-7fcb2aa9c000 ---p 00000000 00:00 0 
7fcb2aa9c000-7fcb2ab9a000 rw-p 00000000 00:00 0 
7fcb2ab9a000-7fcb2b3f4000 r--p 00000000 08:01 1839695                    /usr/lib/locale/locale-archive
7fcb2b3f4000-7fcb2b3f7000 ---p 00000000 00:00 0 
7fcb2b3f7000-7fcb2b4f5000 rw-p 00000000 00:00 0 
7fcb2b4f5000-7fcb2b4f8000 ---p 00000000 00:00 0 
7fcb2b4f8000-7fcb2b5f6000 rw-p 00000000 00:00 0 
7fcb2b5f6000-7fcb2b5f7000 ---p 00000000 00:00 0 
7fcb2b5f7000-7fcb2c000000 rw-p 00000000 00:00 0 
7fcb2c000000-7fcb2c021000 rw-p 00000000 00:00 0 
7fcb2c021000-7fcb30000000 ---p 00000000 00:00 0 
7fcb30000000-7fcb30021000 rw-p 00000000 00:00 0 
7fcb30021000-7fcb34000000 ---p 00000000 00:00 0 
7fcb34000000-7fcb34021000 rw-p 00000000 00:00 0 
7fcb34021000-7fcb38000000 ---p 00000000 00:00 0 
7fcb38000000-7fcb38026000 r--p 00000000 08:01 139241                     /usr/share/locale-langpack/de/LC_MESSAGES/libc.mo
7fcb38026000-7fcb38038000 r--s 00112000 00:22 1242453372                 /afs/tu-berlin.de/home/n/n_righeriu/irb-ubuntu/.m2/repository/net/sourceforge/f2j/arpack_combined_all/0.1/arpack_combined_all-0.1.jar
7fcb38038000-7fcb3ad66000 rw-p 00000000 00:00 0 
7fcb3ad66000-7fcb3b260000 rw-p 00000000 00:00 0 
7fcb3b260000-7fcb3b26b000 rw-p 00000000 00:00 0 
7fcb3b26b000-7fcb3b2b3000 rw-p 00000000 00:00 0 
7fcb3b2b3000-7fcb3c141000 rw-p 00000000 00:00 0 
7fcb3c141000-7fcb3c63b000 rw-p 00000000 00:00 0 
7fcb3c63b000-7fcb3cf81000 rw-p 00000000 00:00 0 
7fcb3cf81000-7fcb3cfc6000 ---p 00000000 00:00 0 
7fcb3cfc6000-7fcb3cfff000 rw-p 00000000 00:00 0 
7fcb3cfff000-7fcb3d000000 rw-p 00000000 00:00 0 
7fcb3d000000-7fcb3d270000 rwxp 00000000 00:00 0 
7fcb3d270000-7fcb403f4000 rw-p 00000000 00:00 0 
7fcb403f4000-7fcb44000000 ---p 00000000 00:00 0 
7fcb44002000-7fcb44003000 rw-p 00000000 00:00 0 
7fcb44003000-7fcb44005000 r--s 00019000 00:22 1242406708                 /afs/tu-berlin.de/home/n/n_righeriu/irb-ubuntu/programs/idea-IU-163.9166.29/lib/idea_rt.jar
7fcb44005000-7fcb4400a000 r--s 00046000 00:22 1242460120                 /afs/tu-berlin.de/home/n/n_righeriu/irb-ubuntu/Downloads/drive-download-20170108T173501Z/timeseriesForecasting-1.0.24.jar
7fcb4400a000-7fcb4400c000 r--s 00009000 00:22 1242460596                 /afs/tu-berlin.de/home/n/n_righeriu/irb-ubuntu/Downloads/drive-download-20170108T173501Z/multiLayerPerceptrons.jar
7fcb4400c000-7fcb4400e000 r--s 00027000 00:22 1242453406                 /afs/tu-berlin.de/home/n/n_righeriu/irb-ubuntu/.m2/repository/com/github/fommil/netlib/core/1.1/core-1.1.jar
7fcb4400e000-7fcb44010000 r--s 00016000 00:22 1242453346                 /afs/tu-berlin.de/home/n/n_righeriu/irb-ubuntu/.m2/repository/com/googlecode/netlib-java/netlib-java/1.1/netlib-java-1.1.jar
7fcb44010000-7fcb44012000 r--s 00088000 00:22 1242453352                 /afs/tu-berlin.de/home/n/n_righeriu/irb-ubuntu/.m2/repository/com/github/fommil/netlib/netlib-native_system-win-i686/1.1/netlib-native_system-win-i686-1.1-natives.jar
7fcb44012000-7fcb44013000 r--s 0009b000 00:22 1242453376                 /afs/tu-berlin.de/home/n/n_righeriu/irb-ubuntu/.m2/repository/com/github/fommil/netlib/netlib-native_system-win-x86_64/1.1/netlib-native_system-win-x86_64-1.1-natives.jar
7fcb44013000-7fcb44014000 r--s 0004b000 00:22 1242453350                 /afs/tu-berlin.de/home/n/n_righeriu/irb-ubuntu/.m2/repository/com/github/fommil/netlib/netlib-native_system-linux-armhf/1.1/netlib-native_system-linux-armhf-1.1-natives.jar
7fcb44014000-7fcb44015000 r--s 0006a000 00:22 1242453364                 /afs/tu-berlin.de/home/n/n_righeriu/irb-ubuntu/.m2/repository/com/github/fommil/netlib/netlib-native_system-linux-i686/1.1/netlib-native_system-linux-i686-1.1-natives.jar
7fcb44015000-7fcb44016000 r--s 0006f000 00:22 1242453342                 /afs/tu-berlin.de/home/n/n_righeriu/irb-ubuntu/.m2/repository/com/github/fommil/netlib/netlib-native_system-linux-x86_64/1.1/netlib-native_system-linux-x86_64-1.1-natives.jar
7fcb44016000-7fcb44017000 r--s 0000d000 00:22 1242453394                 /afs/tu-berlin.de/home/n/n_righeriu/irb-ubuntu/.m2/repository/com/github/fommil/netlib/native_system-java/1.1/native_system-java-1.1.jar
7fcb44017000-7fcb44018000 r--s 00087000 00:22 1242453378                 /afs/tu-berlin.de/home/n/n_righeriu/irb-ubuntu/.m2/repository/com/github/fommil/netlib/netlib-native_system-osx-x86_64/1.1/netlib-native_system-osx-x86_64-1.1-natives.jar
7fcb44018000-7fcb44019000 r--s 00126000 00:22 1242453360                 /afs/tu-berlin.de/home/n/n_righeriu/irb-ubuntu/.m2/repository/com/github/fommil/netlib/netlib-native_ref-linux-armhf/1.1/netlib-native_ref-linux-armhf-1.1-natives.jar
7fcb44019000-7fcb4401a000 r--s 001bd000 00:22 1242453340                 /afs/tu-berlin.de/home/n/n_righeriu/irb-ubuntu/.m2/repository/com/github/fommil/netlib/netlib-native_ref-win-i686/1.1/netlib-native_ref-win-i686-1.1-natives.jar
7fcb4401a000-7fcb4401b000 r--s 00232000 00:22 1242453296                 /afs/tu-berlin.de/home/n/n_righeriu/irb-ubuntu/.m2/repository/com/github/fommil/netlib/netlib-native_ref-win-x86_64/1.1/netlib-native_ref-win-x86_64-1.1-natives.jar
7fcb4401b000-7fcb4401c000 r--s 0016b000 00:22 1242453338                 /afs/tu-berlin.de/home/n/n_righeriu/irb-ubuntu/.m2/repository/com/github/fommil/netlib/netlib-native_ref-linux-i686/1.1/netlib-native_ref-linux-i686-1.1-natives.jar
7fcb4401c000-7fcb4401e000 r--s 001aa000 00:22 1242453354                 /afs/tu-berlin.de/home/n/n_righeriu/irb-ubuntu/.m2/repository/com/github/fommil/netlib/netlib-native_ref-linux-x86_64/1.1/netlib-native_ref-linux-x86_64-1.1-natives.jar
7fcb4401e000-7fcb44020000 r--s 00001000 00:22 1242453382                 /afs/tu-berlin.de/home/n/n_righeriu/irb-ubuntu/.m2/repository/com/github/fommil/jniloader/1.1/jniloader-1.1.jar
7fcb44020000-7fcb44021000 r--s 0000d000 00:22 1242453358                 /afs/tu-berlin.de/home/n/n_righeriu/irb-ubuntu/.m2/repository/com/github/fommil/netlib/native_ref-java/1.1/native_ref-java-1.1.jar
7fcb44021000-7fcb44023000 r--s 001c0000 00:22 1242453336                 /afs/tu-berlin.de/home/n/n_righeriu/irb-ubuntu/.m2/repository/com/github/fommil/netlib/netlib-native_ref-osx-x86_64/1.1/netlib-native_ref-osx-x86_64-1.1-natives.jar
7fcb44023000-7fcb44028000 r--s 0003d000 00:22 1242453322                 /afs/tu-berlin.de/home/n/n_righeriu/irb-ubuntu/.m2/repository/com/googlecode/matrix-toolkits-java/mtj/1.0.4/mtj-1.0.4.jar
7fcb44028000-7fcb4402c000 r--s 0002f000 00:22 1242453320                 /afs/tu-berlin.de/home/n/n_righeriu/irb-ubuntu/.m2/repository/nz/ac/waikato/cms/weka/thirdparty/bounce/0.18/bounce-0.18.jar
7fcb4402c000-7fcb4402d000 r--s 00005000 00:22 1242453314                 /afs/tu-berlin.de/home/n/n_righeriu/irb-ubuntu/.m2/repository/nz/ac/waikato/cms/weka/thirdparty/java-cup-11b-runtime/2015.03.26/java-cup-11b-runtime-2015.03.26.jar
7fcb4402d000-7fcb4402f000 r--s 00016000 00:22 1242453306                 /afs/tu-berlin.de/home/n/n_righeriu/irb-ubuntu/.m2/repository/nz/ac/waikato/cms/weka/thirdparty/java-cup-11b/2015.03.26/java-cup-11b-2015.03.26.jar
7fcb4402f000-7fcb44031000 r--s 00012000 00:22 1242453304                 /afs/tu-berlin.de/home/n/n_righeriu/irb-ubuntu/.m2/repository/com/github/fracpete/multisearch-weka-package/2016.6.7/multisearch-weka-package-2016.6.7.jar
7fcb44031000-7fcb44037000 r--s 0004b000 00:22 1242453308                 /afs/tu-berlin.de/home/n/n_righeriu/irb-ubuntu/.m2/repository/org/jfree/jcommon/1.0.23/jcommon-1.0.23.jar
7fcb44037000-7fcb44048000 r--s 0016e000 00:22 1242453302                 /afs/tu-berlin.de/home/n/n_righeriu/irb-ubuntu/.m2/repository/org/jfree/jfreechart/1.0.19/jfreechart-1.0.19.jar
7fcb44048000-7fcb44056000 r--s 0010f000 08:01 1046685                    /usr/lib/jvm/java-7-openjdk-amd64/jre/lib/rhino.jar
7fcb44056000-7fcb44060000 r--s 000ae000 08:01 1046687                    /usr/lib/jvm/java-7-openjdk-amd64/jre/lib/resources.jar
7fcb44060000-7fcb4406b000 r--s 00203000 08:01 1046691                    /usr/lib/jvm/java-7-openjdk-amd64/jre/lib/charsets.jar
7fcb4406b000-7fcb4463d000 rw-p 00000000 00:00 0 
7fcb4463d000-7fcb447f0000 r--s 01d41000 08:01 1046688                    /usr/lib/jvm/java-7-openjdk-amd64/jre/lib/rt.jar
7fcb447f0000-7fcb449ea000 rw-p 00000000 00:00 0 
7fcb449ea000-7fcb449eb000 ---p 00000000 00:00 0 
7fcb449eb000-7fcb44aeb000 rw-p 00000000 00:00 0 
7fcb44aeb000-7fcb44aec000 ---p 00000000 00:00 0 
7fcb44aec000-7fcb44bec000 rw-p 00000000 00:00 0 
7fcb44bec000-7fcb44bed000 ---p 00000000 00:00 0 
7fcb44bed000-7fcb44ced000 rw-p 00000000 00:00 0 
7fcb44ced000-7fcb44cee000 ---p 00000000 00:00 0 
7fcb44cee000-7fcb44df8000 rw-p 00000000 00:00 0 
7fcb44df8000-7fcb44eae000 rw-p 00000000 00:00 0 
7fcb44eae000-7fcb44eb6000 r-xp 00000000 08:01 1046675                    /usr/lib/jvm/java-7-openjdk-amd64/jre/lib/amd64/libzip.so
7fcb44eb6000-7fcb450b5000 ---p 00008000 08:01 1046675                    /usr/lib/jvm/java-7-openjdk-amd64/jre/lib/amd64/libzip.so
7fcb450b5000-7fcb450b6000 r--p 00007000 08:01 1046675                    /usr/lib/jvm/java-7-openjdk-amd64/jre/lib/amd64/libzip.so
7fcb450b6000-7fcb450b7000 rw-p 00008000 08:01 1046675                    /usr/lib/jvm/java-7-openjdk-amd64/jre/lib/amd64/libzip.so
7fcb450b7000-7fcb450e1000 r-xp 00000000 08:01 1046674                    /usr/lib/jvm/java-7-openjdk-amd64/jre/lib/amd64/libjava.so
7fcb450e1000-7fcb452e1000 ---p 0002a000 08:01 1046674                    /usr/lib/jvm/java-7-openjdk-amd64/jre/lib/amd64/libjava.so
7fcb452e1000-7fcb452e2000 r--p 0002a000 08:01 1046674                    /usr/lib/jvm/java-7-openjdk-amd64/jre/lib/amd64/libjava.so
7fcb452e2000-7fcb452e4000 rw-p 0002b000 08:01 1046674                    /usr/lib/jvm/java-7-openjdk-amd64/jre/lib/amd64/libjava.so
7fcb452e4000-7fcb452f4000 r-xp 00000000 08:01 1046676                    /usr/lib/jvm/java-7-openjdk-amd64/jre/lib/amd64/libverify.so
7fcb452f4000-7fcb454f3000 ---p 00010000 08:01 1046676                    /usr/lib/jvm/java-7-openjdk-amd64/jre/lib/amd64/libverify.so
7fcb454f3000-7fcb454f5000 r--p 0000f000 08:01 1046676                    /usr/lib/jvm/java-7-openjdk-amd64/jre/lib/amd64/libverify.so
7fcb454f5000-7fcb454f6000 rw-p 00011000 08:01 1046676                    /usr/lib/jvm/java-7-openjdk-amd64/jre/lib/amd64/libverify.so
7fcb454f6000-7fcb454fd000 r-xp 00000000 08:01 1621767                    /lib/x86_64-linux-gnu/librt-2.19.so
7fcb454fd000-7fcb456fc000 ---p 00007000 08:01 1621767                    /lib/x86_64-linux-gnu/librt-2.19.so
7fcb456fc000-7fcb456fd000 r--p 00006000 08:01 1621767                    /lib/x86_64-linux-gnu/librt-2.19.so
7fcb456fd000-7fcb456fe000 rw-p 00007000 08:01 1621767                    /lib/x86_64-linux-gnu/librt-2.19.so
7fcb456fe000-7fcb45714000 r-xp 00000000 08:01 1570374                    /lib/x86_64-linux-gnu/libgcc_s.so.1
7fcb45714000-7fcb45913000 ---p 00016000 08:01 1570374                    /lib/x86_64-linux-gnu/libgcc_s.so.1
7fcb45913000-7fcb45914000 rw-p 00015000 08:01 1570374                    /lib/x86_64-linux-gnu/libgcc_s.so.1
7fcb45914000-7fcb45a19000 r-xp 00000000 08:01 1575372                    /lib/x86_64-linux-gnu/libm-2.19.so
7fcb45a19000-7fcb45c18000 ---p 00105000 08:01 1575372                    /lib/x86_64-linux-gnu/libm-2.19.so
7fcb45c18000-7fcb45c19000 r--p 00104000 08:01 1575372                    /lib/x86_64-linux-gnu/libm-2.19.so
7fcb45c19000-7fcb45c1a000 rw-p 00105000 08:01 1575372                    /lib/x86_64-linux-gnu/libm-2.19.so
7fcb45c1a000-7fcb45d00000 r-xp 00000000 08:01 1835646                    /usr/lib/x86_64-linux-gnu/libstdc++.so.6.0.19
7fcb45d00000-7fcb45eff000 ---p 000e6000 08:01 1835646                    /usr/lib/x86_64-linux-gnu/libstdc++.so.6.0.19
7fcb45eff000-7fcb45f07000 r--p 000e5000 08:01 1835646                    /usr/lib/x86_64-linux-gnu/libstdc++.so.6.0.19
7fcb45f07000-7fcb45f09000 rw-p 000ed000 08:01 1835646                    /usr/lib/x86_64-linux-gnu/libstdc++.so.6.0.19
7fcb45f09000-7fcb45f1e000 rw-p 00000000 00:00 0 
7fcb45f1e000-7fcb46a4c000 r-xp 00000000 08:01 1180709                    /usr/lib/jvm/java-7-openjdk-amd64/jre/lib/amd64/server/libjvm.so
7fcb46a4c000-7fcb46c4c000 ---p 00b2e000 08:01 1180709                    /usr/lib/jvm/java-7-openjdk-amd64/jre/lib/amd64/server/libjvm.so
7fcb46c4c000-7fcb46ce6000 r--p 00b2e000 08:01 1180709                    /usr/lib/jvm/java-7-openjdk-amd64/jre/lib/amd64/server/libjvm.so
7fcb46ce6000-7fcb46d09000 rw-p 00bc8000 08:01 1180709                    /usr/lib/jvm/java-7-openjdk-amd64/jre/lib/amd64/server/libjvm.so
7fcb46d09000-7fcb46d38000 rw-p 00000000 00:00 0 
7fcb46d38000-7fcb46d50000 r-xp 00000000 08:01 1574253                    /lib/x86_64-linux-gnu/libz.so.1.2.8
7fcb46d50000-7fcb46f4f000 ---p 00018000 08:01 1574253                    /lib/x86_64-linux-gnu/libz.so.1.2.8
7fcb46f4f000-7fcb46f50000 r--p 00017000 08:01 1574253                    /lib/x86_64-linux-gnu/libz.so.1.2.8
7fcb46f50000-7fcb46f51000 rw-p 00018000 08:01 1574253                    /lib/x86_64-linux-gnu/libz.so.1.2.8
7fcb46f51000-7fcb46f6a000 r-xp 00000000 08:01 1582959                    /lib/x86_64-linux-gnu/libpthread-2.19.so
7fcb46f6a000-7fcb47169000 ---p 00019000 08:01 1582959                    /lib/x86_64-linux-gnu/libpthread-2.19.so
7fcb47169000-7fcb4716a000 r--p 00018000 08:01 1582959                    /lib/x86_64-linux-gnu/libpthread-2.19.so
7fcb4716a000-7fcb4716b000 rw-p 00019000 08:01 1582959                    /lib/x86_64-linux-gnu/libpthread-2.19.so
7fcb4716b000-7fcb4716f000 rw-p 00000000 00:00 0 
7fcb4716f000-7fcb47172000 r-xp 00000000 08:01 1575397                    /lib/x86_64-linux-gnu/libdl-2.19.so
7fcb47172000-7fcb47371000 ---p 00003000 08:01 1575397                    /lib/x86_64-linux-gnu/libdl-2.19.so
7fcb47371000-7fcb47372000 r--p 00002000 08:01 1575397                    /lib/x86_64-linux-gnu/libdl-2.19.so
7fcb47372000-7fcb47373000 rw-p 00003000 08:01 1575397                    /lib/x86_64-linux-gnu/libdl-2.19.so
7fcb47373000-7fcb4752d000 r-xp 00000000 08:01 1621776                    /lib/x86_64-linux-gnu/libc-2.19.so
7fcb4752d000-7fcb4772d000 ---p 001ba000 08:01 1621776                    /lib/x86_64-linux-gnu/libc-2.19.so
7fcb4772d000-7fcb47731000 r--p 001ba000 08:01 1621776                    /lib/x86_64-linux-gnu/libc-2.19.so
7fcb47731000-7fcb47733000 rw-p 001be000 08:01 1621776                    /lib/x86_64-linux-gnu/libc-2.19.so
7fcb47733000-7fcb47738000 rw-p 00000000 00:00 0 
7fcb47738000-7fcb47745000 r-xp 00000000 08:01 1180712                    /usr/lib/jvm/java-7-openjdk-amd64/jre/lib/amd64/jli/libjli.so
7fcb47745000-7fcb47944000 ---p 0000d000 08:01 1180712                    /usr/lib/jvm/java-7-openjdk-amd64/jre/lib/amd64/jli/libjli.so
7fcb47944000-7fcb47945000 r--p 0000c000 08:01 1180712                    /usr/lib/jvm/java-7-openjdk-amd64/jre/lib/amd64/jli/libjli.so
7fcb47945000-7fcb47946000 rw-p 0000d000 08:01 1180712                    /usr/lib/jvm/java-7-openjdk-amd64/jre/lib/amd64/jli/libjli.so
7fcb47946000-7fcb47969000 r-xp 00000000 08:01 1585713                    /lib/x86_64-linux-gnu/ld-2.19.so
7fcb47969000-7fcb4796a000 r--s 00000000 08:01 1046690                    /usr/lib/jvm/java-7-openjdk-amd64/jre/lib/management-agent.jar
7fcb4796a000-7fcb4796e000 r--s 0004f000 08:01 1046693                    /usr/lib/jvm/java-7-openjdk-amd64/jre/lib/jsse.jar
7fcb4796e000-7fcb47970000 r--s 00018000 08:01 1046650                    /usr/lib/jvm/java-7-openjdk-amd64/jre/lib/jce.jar
7fcb47970000-7fcb47971000 r--s 0000a000 08:01 1046684                    /usr/lib/jvm/java-7-openjdk-amd64/jre/lib/javazic.jar
7fcb47971000-7fcb47972000 r--s 00000000 08:01 1046689                    /usr/lib/jvm/java-7-openjdk-amd64/jre/lib/compilefontconfig.jar
7fcb47972000-7fcb47976000 r--s 00034000 08:01 1180714                    /usr/lib/jvm/java-7-openjdk-amd64/jre/lib/ext/sunjce_provider.jar
7fcb47976000-7fcb47979000 r--s 0000f000 08:01 1180717                    /usr/lib/jvm/java-7-openjdk-amd64/jre/lib/ext/icedtea-sound.jar
7fcb47979000-7fcb4797a000 r--s 00002000 08:01 1180716                    /usr/lib/jvm/java-7-openjdk-amd64/jre/lib/ext/dnsns.jar
7fcb4797a000-7fcb4797e000 r--s 00085000 08:01 1180718                    /usr/lib/jvm/java-7-openjdk-amd64/jre/lib/ext/localedata.jar
7fcb4797e000-7fcb479d2000 rw-p 00000000 00:00 0 
7fcb479d2000-7fcb47a1a000 rw-p 00000000 00:00 0 
7fcb47a1a000-7fcb47a22000 rw-s 00000000 00:17 83                         /tmp/hsperfdata_n_righeriu/23483
7fcb47a22000-7fcb47a25000 ---p 00000000 00:00 0 
7fcb47a25000-7fcb47b28000 rw-p 00000000 00:00 0 
7fcb47b28000-7fcb47b2a000 r--s 00006000 08:01 137823                     /usr/share/java/java-atk-wrapper.jar
7fcb47b2a000-7fcb47b2d000 r--s 0003d000 08:01 1180713                    /usr/lib/jvm/java-7-openjdk-amd64/jre/lib/ext/sunpkcs11.jar
7fcb47b2d000-7fcb47b2f000 r--s 00012000 08:01 1180715                    /usr/lib/jvm/java-7-openjdk-amd64/jre/lib/ext/zipfs.jar
7fcb47b2f000-7fcb47b64000 r--s 00000000 08:01 824540                     /var/cache/nscd/passwd
7fcb47b64000-7fcb47b65000 rw-p 00000000 00:00 0 
7fcb47b65000-7fcb47b66000 ---p 00000000 00:00 0 
7fcb47b66000-7fcb47b68000 rw-p 00000000 00:00 0 
7fcb47b68000-7fcb47b69000 r--p 00022000 08:01 1585713                    /lib/x86_64-linux-gnu/ld-2.19.so
7fcb47b69000-7fcb47b6a000 rw-p 00023000 08:01 1585713                    /lib/x86_64-linux-gnu/ld-2.19.so
7fcb47b6a000-7fcb47b6b000 rw-p 00000000 00:00 0 
7ffcec884000-7ffcec8a6000 rw-p 00000000 00:00 0                          [stack]
7ffcec8d0000-7ffcec8d2000 r--p 00000000 00:00 0                          [vvar]
7ffcec8d2000-7ffcec8d4000 r-xp 00000000 00:00 0                          [vdso]
ffffffffff600000-ffffffffff601000 r-xp 00000000 00:00 0                  [vsyscall]

VM Arguments:
jvm_args: -Xmx15000m -Didea.launcher.port=7542 -Didea.launcher.bin.path=/afs/tu-berlin.de/home/n/n_righeriu/irb-ubuntu/programs/idea-IU-163.9166.29/bin -Dfile.encoding=UTF-8 
java_command: com.intellij.rt.execution.application.AppMain src.normalInput
Launcher Type: SUN_STANDARD

Environment Variables:
PATH=/afs/tu-berlin.de/units/Fak_IV/uebb/sw/ubun6/opt/ocs/bin:/usr/local/sbin:/usr/local/bin:/usr/sbin:/usr/bin:/sbin:/bin:/usr/games:/usr/local/games
LD_LIBRARY_PATH=/afs/tu-berlin.de/home/n/n_righeriu/irb-ubuntu/programs/idea-IU-163.9166.29/bin:
SHELL=/bin/bash
DISPLAY=:0

Signal Handlers:
SIGSEGV: [libjvm.so+0x95e310], sa_mask[0]=0x7ffbfeff, sa_flags=0x10000004
SIGBUS: [libjvm.so+0x95e310], sa_mask[0]=0x7ffbfeff, sa_flags=0x10000004
SIGFPE: [libjvm.so+0x7d1ef0], sa_mask[0]=0x7ffbfeff, sa_flags=0x10000004
SIGPIPE: [libjvm.so+0x7d1ef0], sa_mask[0]=0x7ffbfeff, sa_flags=0x10000004
SIGXFSZ: [libjvm.so+0x7d1ef0], sa_mask[0]=0x7ffbfeff, sa_flags=0x10000004
SIGILL: [libjvm.so+0x7d1ef0], sa_mask[0]=0x7ffbfeff, sa_flags=0x10000004
SIGUSR1: SIG_DFL, sa_mask[0]=0x00000000, sa_flags=0x00000000
SIGUSR2: [libjvm.so+0x7d2020], sa_mask[0]=0x00000004, sa_flags=0x10000004
SIGHUP: [libjvm.so+0x7d1f70], sa_mask[0]=0x7ffbfeff, sa_flags=0x10000004
SIGINT: [libjvm.so+0x7d1f70], sa_mask[0]=0x7ffbfeff, sa_flags=0x10000004
SIGTERM: [libjvm.so+0x7d1f70], sa_mask[0]=0x7ffbfeff, sa_flags=0x10000004
SIGQUIT: [libjvm.so+0x7d1f70], sa_mask[0]=0x7ffbfeff, sa_flags=0x10000004
SIGTRAP: SIG_DFL, sa_mask[0]=0x00000000, sa_flags=0x00000000


---------------  S Y S T E M  ---------------

OS:Ubuntu 14.04 (trusty)
uname:Linux 4.4.0-57-generic #78~14.04.1-Ubuntu SMP Sat Dec 10 00:14:47 UTC 2016 x86_64
libc:glibc 2.19 NPTL 2.19 
rlimit: STACK 8192k, CORE 0k, NPROC 63633, NOFILE 4096, AS infinity
load average:2,06 1,30 0,96

/proc/meminfo:
MemTotal:       16326796 kB
MemFree:          196280 kB
MemAvailable:     138484 kB
Buffers:            4880 kB
Cached:           890284 kB
SwapCached:            0 kB
Active:         15095136 kB
Inactive:         752788 kB
Active(anon):   15029048 kB
Inactive(anon):   686012 kB
Active(file):      66088 kB
Inactive(file):    66776 kB
Unevictable:          32 kB
Mlocked:              32 kB
SwapTotal:             0 kB
SwapFree:              0 kB
Dirty:              1904 kB
Writeback:             0 kB
AnonPages:      14953200 kB
Mapped:           215936 kB
Shmem:            761892 kB
Slab:             135540 kB
SReclaimable:      86204 kB
SUnreclaim:        49336 kB
KernelStack:       11680 kB
PageTables:        70276 kB
NFS_Unstable:          0 kB
Bounce:                0 kB
WritebackTmp:          0 kB
CommitLimit:     8163396 kB
Committed_AS:   18878332 kB
VmallocTotal:   34359738367 kB
VmallocUsed:           0 kB
VmallocChunk:          0 kB
HardwareCorrupted:     0 kB
AnonHugePages:  10895360 kB
CmaTotal:              0 kB
CmaFree:               0 kB
HugePages_Total:       0
HugePages_Free:        0
HugePages_Rsvd:        0
HugePages_Surp:        0
Hugepagesize:       2048 kB
DirectMap4k:      184764 kB
DirectMap2M:     7049216 kB
DirectMap1G:    10485760 kB


CPU:total 4 (2 cores per cpu, 2 threads per core) family 6 model 69 stepping 1, cmov, cx8, fxsr, mmx, sse, sse2, sse3, ssse3, sse4.1, sse4.2, popcnt, avx, avx2, aes, erms, ht, tsc, tscinvbit

/proc/cpuinfo:
processor	: 0
vendor_id	: GenuineIntel
cpu family	: 6
model		: 69
model name	: Intel(R) Core(TM) i5-4250U CPU @ 1.30GHz
stepping	: 1
microcode	: 0x1c
cpu MHz		: 2005.984
cache size	: 3072 KB
physical id	: 0
siblings	: 4
core id		: 0
cpu cores	: 2
apicid		: 0
initial apicid	: 0
fpu		: yes
fpu_exception	: yes
cpuid level	: 13
wp		: yes
flags		: fpu vme de pse tsc msr pae mce cx8 apic sep mtrr pge mca cmov pat pse36 clflush dts acpi mmx fxsr sse sse2 ss ht tm pbe syscall nx pdpe1gb rdtscp lm constant_tsc arch_perfmon pebs bts rep_good nopl xtopology nonstop_tsc aperfmperf eagerfpu pni pclmulqdq dtes64 monitor ds_cpl vmx est tm2 ssse3 sdbg fma cx16 xtpr pdcm pcid sse4_1 sse4_2 x2apic movbe popcnt tsc_deadline_timer aes xsave avx f16c rdrand lahf_lm abm epb tpr_shadow vnmi flexpriority ept vpid fsgsbase tsc_adjust bmi1 avx2 smep bmi2 erms invpcid xsaveopt dtherm ida arat pln pts
bugs		:
bogomips	: 3791.10
clflush size	: 64
cache_alignment	: 64
address sizes	: 39 bits physical, 48 bits virtual
power management:

processor	: 1
vendor_id	: GenuineIntel
cpu family	: 6
model		: 69
model name	: Intel(R) Core(TM) i5-4250U CPU @ 1.30GHz
stepping	: 1
microcode	: 0x1c
cpu MHz		: 1840.476
cache size	: 3072 KB
physical id	: 0
siblings	: 4
core id		: 1
cpu cores	: 2
apicid		: 2
initial apicid	: 2
fpu		: yes
fpu_exception	: yes
cpuid level	: 13
wp		: yes
flags		: fpu vme de pse tsc msr pae mce cx8 apic sep mtrr pge mca cmov pat pse36 clflush dts acpi mmx fxsr sse sse2 ss ht tm pbe syscall nx pdpe1gb rdtscp lm constant_tsc arch_perfmon pebs bts rep_good nopl xtopology nonstop_tsc aperfmperf eagerfpu pni pclmulqdq dtes64 monitor ds_cpl vmx est tm2 ssse3 sdbg fma cx16 xtpr pdcm pcid sse4_1 sse4_2 x2apic movbe popcnt tsc_deadline_timer aes xsave avx f16c rdrand lahf_lm abm epb tpr_shadow vnmi flexpriority ept vpid fsgsbase tsc_adjust bmi1 avx2 smep bmi2 erms invpcid xsaveopt dtherm ida arat pln pts
bugs		:
bogomips	: 3791.10
clflush size	: 64
cache_alignment	: 64
address sizes	: 39 bits physical, 48 bits virtual
power management:

processor	: 2
vendor_id	: GenuineIntel
cpu family	: 6
model		: 69
model name	: Intel(R) Core(TM) i5-4250U CPU @ 1.30GHz
stepping	: 1
microcode	: 0x1c
cpu MHz		: 1648.250
cache size	: 3072 KB
physical id	: 0
siblings	: 4
core id		: 0
cpu cores	: 2
apicid		: 1
initial apicid	: 1
fpu		: yes
fpu_exception	: yes
cpuid level	: 13
wp		: yes
flags		: fpu vme de pse tsc msr pae mce cx8 apic sep mtrr pge mca cmov pat pse36 clflush dts acpi mmx fxsr sse sse2 ss ht tm pbe syscall nx pdpe1gb rdtscp lm constant_tsc arch_perfmon pebs bts rep_good nopl xtopology nonstop_tsc aperfmperf eagerfpu pni pclmulqdq dtes64 monitor ds_cpl vmx est tm2 ssse3 sdbg fma cx16 xtpr pdcm pcid sse4_1 sse4_2 x2apic movbe popcnt tsc_deadline_timer aes xsave avx f16c rdrand lahf_lm abm epb tpr_shadow vnmi flexpriority ept vpid fsgsbase tsc_adjust bmi1 avx2 smep bmi2 erms invpcid xsaveopt dtherm ida arat pln pts
bugs		:
bogomips	: 3791.10
clflush size	: 64
cache_alignment	: 64
address sizes	: 39 bits physical, 48 bits virtual
power management:

processor	: 3
vendor_id	: GenuineIntel
cpu family	: 6
model		: 69
model name	: Intel(R) Core(TM) i5-4250U CPU @ 1.30GHz
stepping	: 1
microcode	: 0x1c
cpu MHz		: 1452.832
cache size	: 3072 KB
physical id	: 0
siblings	: 4
core id		: 1
cpu cores	: 2
apicid		: 3
initial apicid	: 3
fpu		: yes
fpu_exception	: yes
cpuid level	: 13
wp		: yes
flags		: fpu vme de pse tsc msr pae mce cx8 apic sep mtrr pge mca cmov pat pse36 clflush dts acpi mmx fxsr sse sse2 ss ht tm pbe syscall nx pdpe1gb rdtscp lm constant_tsc arch_perfmon pebs bts rep_good nopl xtopology nonstop_tsc aperfmperf eagerfpu pni pclmulqdq dtes64 monitor ds_cpl vmx est tm2 ssse3 sdbg fma cx16 xtpr pdcm pcid sse4_1 sse4_2 x2apic movbe popcnt tsc_deadline_timer aes xsave avx f16c rdrand lahf_lm abm epb tpr_shadow vnmi flexpriority ept vpid fsgsbase tsc_adjust bmi1 avx2 smep bmi2 erms invpcid xsaveopt dtherm ida arat pln pts
bugs		:
bogomips	: 3791.10
clflush size	: 64
cache_alignment	: 64
address sizes	: 39 bits physical, 48 bits virtual
power management:



Memory: 4k page, physical 16326796k(196064k free), swap 0k(0k free)

vm_info: OpenJDK 64-Bit Server VM (24.121-b00) for linux-amd64 JRE (1.7.0_121-b00), built on Nov 16 2016 00:46:21 by "buildd" with gcc 4.8.4

time: Sun Jan  8 20:18:42 2017
elapsed time: 22 seconds

