#
# There is insufficient memory for the Java Runtime Environment to continue.
# Native memory allocation (mmap) failed to map 662700032 bytes for committing reserved memory.
# Possible reasons:
#   The system is out of physical RAM or swap space
#   In 32 bit mode, the process size limit was hit
# Possible solutions:
#   Reduce memory load on the system
#   Increase physical memory or swap space
#   Check if swap backing store is full
#   Use 64 bit Java on a 64 bit OS
#   Decrease Java heap size (-Xmx/-Xms)
#   Decrease number of Java threads
#   Decrease Java thread stack sizes (-Xss)
#   Set larger code cache with -XX:ReservedCodeCacheSize=
# This output file may be truncated or incomplete.
#
#  Out of Memory Error (os_linux.cpp:2627), pid=12867, tid=0x00007f98ca18e700
#
# JRE version: Java(TM) SE Runtime Environment (8.0_111-b14) (build 1.8.0_111-b14)
# Java VM: Java HotSpot(TM) 64-Bit Server VM (25.111-b14 mixed mode linux-amd64 compressed oops)
# Failed to write core dump. Core dumps have been disabled. To enable core dumping, try "ulimit -c unlimited" before starting Java again
#

---------------  T H R E A D  ---------------

Current thread (0x00007f98e0082000):  VMThread [stack: 0x00007f98ca08e000,0x00007f98ca18f000] [id=12886]

Stack: [0x00007f98ca08e000,0x00007f98ca18f000],  sp=0x00007f98ca18d1a0,  free space=1020k
Native frames: (J=compiled Java code, j=interpreted, Vv=VM code, C=native code)
V  [libjvm.so+0xac5c2a]  VMError::report_and_die()+0x2ba
V  [libjvm.so+0x4fc50b]  report_vm_out_of_memory(char const*, int, unsigned long, VMErrorType, char const*)+0x8b
V  [libjvm.so+0x922ae3]  os::Linux::commit_memory_impl(char*, unsigned long, bool)+0x103
V  [libjvm.so+0x923039]  os::pd_commit_memory(char*, unsigned long, unsigned long, bool)+0x29
V  [libjvm.so+0x91d33a]  os::commit_memory(char*, unsigned long, unsigned long, bool)+0x2a
V  [libjvm.so+0x991ac3]  PSVirtualSpace::expand_by(unsigned long)+0x53
V  [libjvm.so+0x992ec8]  PSYoungGen::resize_generation(unsigned long, unsigned long)+0xf8
V  [libjvm.so+0x992022]  PSYoungGen::resize(unsigned long, unsigned long)+0x22
V  [libjvm.so+0x98f2fb]  PSScavenge::invoke_no_policy()+0xf3b
V  [libjvm.so+0x98fa81]  PSScavenge::invoke()+0x41
V  [libjvm.so+0x9467d0]  ParallelScavengeHeap::failed_mem_allocate(unsigned long)+0x70
V  [libjvm.so+0xac7647]  VM_ParallelGCFailedAllocation::doit()+0x97
V  [libjvm.so+0xacf125]  VM_Operation::evaluate()+0x55
V  [libjvm.so+0xacd4fa]  VMThread::evaluate_operation(VM_Operation*)+0xba
V  [libjvm.so+0xacd87e]  VMThread::loop()+0x1ce
V  [libjvm.so+0xacdcf0]  VMThread::run()+0x70
V  [libjvm.so+0x924ea8]  java_start(Thread*)+0x108

VM_Operation (0x00007f98e9ea0830): ParallelGCFailedAllocation, mode: safepoint, requested by thread 0x00007f98e000c000


---------------  P R O C E S S  ---------------

Java Threads: ( => current thread )
  0x00007f98e05db800 JavaThread "AWT-XAWT" daemon [_thread_in_native, id=12913, stack(0x00007f986c7fc000,0x00007f986c8fd000)]
  0x00007f98e05ba800 JavaThread "Java2D Disposer" daemon [_thread_blocked, id=12912, stack(0x00007f986cd0d000,0x00007f986ce0e000)]
  0x00007f98e0295800 JavaThread "Monitor Ctrl-Break" daemon [_thread_in_native, id=12906, stack(0x00007f98c8874000,0x00007f98c8975000)]
  0x00007f98e00cd800 JavaThread "Service Thread" daemon [_thread_blocked, id=12904, stack(0x00007f98c8d49000,0x00007f98c8e4a000)]
  0x00007f98e00ca800 JavaThread "C1 CompilerThread3" daemon [_thread_blocked, id=12902, stack(0x00007f98c8e4a000,0x00007f98c8f4b000)]
  0x00007f98e00c8800 JavaThread "C2 CompilerThread2" daemon [_thread_blocked, id=12901, stack(0x00007f98c8f4b000,0x00007f98c904c000)]
  0x00007f98e00c6800 JavaThread "C2 CompilerThread1" daemon [_thread_blocked, id=12899, stack(0x00007f98c904c000,0x00007f98c914d000)]
  0x00007f98e00c3800 JavaThread "C2 CompilerThread0" daemon [_thread_blocked, id=12898, stack(0x00007f98c914d000,0x00007f98c924e000)]
  0x00007f98e00c2000 JavaThread "Signal Dispatcher" daemon [_thread_blocked, id=12897, stack(0x00007f98c924e000,0x00007f98c934f000)]
  0x00007f98e008e000 JavaThread "Finalizer" daemon [_thread_blocked, id=12890, stack(0x00007f98c9e8c000,0x00007f98c9f8d000)]
  0x00007f98e0089800 JavaThread "Reference Handler" daemon [_thread_blocked, id=12888, stack(0x00007f98c9f8d000,0x00007f98ca08e000)]
  0x00007f98e000c000 JavaThread "main" [_thread_blocked, id=12869, stack(0x00007f98e9da2000,0x00007f98e9ea3000)]

Other Threads:
=>0x00007f98e0082000 VMThread [stack: 0x00007f98ca08e000,0x00007f98ca18f000] [id=12886]
  0x00007f98e00d0800 WatcherThread [stack: 0x00007f98c8c48000,0x00007f98c8d49000] [id=12905]

VM state:at safepoint (normal execution)

VM Mutex/Monitor currently owned by a thread:  ([mutex/lock_event])
[0x00007f98e0008230] Threads_lock - owner thread: 0x00007f98e0082000
[0x00007f98e0008730] Heap_lock - owner thread: 0x00007f98e000c000

Heap:
 PSYoungGen      total 2104320K, used 3657K [0x0000000716b00000, 0x0000000798800000, 0x00000007c0000000)
  eden space 2081792K, 0% used [0x0000000716b00000,0x0000000716b00000,0x0000000795c00000)
  from space 22528K, 16% used [0x0000000795c00000,0x0000000795f924f0,0x0000000797200000)
  to   space 21504K, 0% used [0x0000000797300000,0x0000000797300000,0x0000000798800000)
 ParOldGen       total 84992K, used 49613K [0x00000005c4000000, 0x00000005c9300000, 0x0000000716b00000)
  object space 84992K, 58% used [0x00000005c4000000,0x00000005c7073530,0x00000005c9300000)
 Metaspace       used 18607K, capacity 18880K, committed 19072K, reserved 1067008K
  class space    used 1818K, capacity 1899K, committed 1920K, reserved 1048576K

Card table byte_map: [0x00007f98e5b6c000,0x00007f98e6b4d000] byte_map_base: 0x00007f98e2d4c000

Marking Bits: (ParMarkBitMap*) 0x00007f98e9276220
 Begin Bits: [0x00007f989c200000, 0x00007f98a4100000)
 End Bits:   [0x00007f98a4100000, 0x00007f98ac000000)

Polling page: 0x00007f98e9ec5000

CodeCache: size=245760Kb used=10934Kb max_used=11161Kb free=234825Kb
 bounds [0x00007f98d1000000, 0x00007f98d1b40000, 0x00007f98e0000000]
 total_blobs=4016 nmethods=2642 adapters=1287
 compilation: enabled

Compilation events (10 events):
Event: 12,419 Thread 0x00007f98e00ca800 nmethod 3192 0x00007f98d18ce650 code [0x00007f98d18ce7c0, 0x00007f98d18ce948]
Event: 12,420 Thread 0x00007f98e00ca800 3193       3       weka.filters.unsupervised.attribute.Remove::getAttributeIndices (8 bytes)
Event: 12,420 Thread 0x00007f98e00ca800 nmethod 3193 0x00007f98d18df8d0 code [0x00007f98d18dfa40, 0x00007f98d18dfbe8]
Event: 12,421 Thread 0x00007f98e00c8800 nmethod 3191 0x00007f98d18c8850 code [0x00007f98d18c89c0, 0x00007f98d18c8c78]
Event: 12,477 Thread 0x00007f98e00c3800 3194       4       weka.filters.Filter::setOutputFormat (150 bytes)
Event: 12,486 Thread 0x00007f98e00ca800 3195       3       java.io.ObjectInputStream$GetFieldImpl::getFieldOffset (72 bytes)
Event: 12,487 Thread 0x00007f98e00ca800 nmethod 3195 0x00007f98d18c6e90 code [0x00007f98d18c7120, 0x00007f98d18c8018]
Event: 12,586 Thread 0x00007f98e00c3800 nmethod 3194 0x00007f98d156b3d0 code [0x00007f98d156b700, 0x00007f98d156e628]
Event: 12,601 Thread 0x00007f98e00ca800 3196       3       weka.core.Range::setInvert (6 bytes)
Event: 12,601 Thread 0x00007f98e00ca800 nmethod 3196 0x00007f98d18df590 code [0x00007f98d18df6e0, 0x00007f98d18df830]

GC Heap History (10 events):
Event: 5,428 GC heap after
Heap after GC invocations=10 (full 0):
 PSYoungGen      total 838144K, used 5107K [0x0000000716b00000, 0x000000074b700000, 0x00000007c0000000)
  eden space 813056K, 0% used [0x0000000716b00000,0x0000000716b00000,0x0000000748500000)
  from space 25088K, 20% used [0x0000000749e80000,0x000000074a37cd88,0x000000074b700000)
  to   space 25600K, 0% used [0x0000000748500000,0x0000000748500000,0x0000000749e00000)
 ParOldGen       total 84992K, used 49437K [0x00000005c4000000, 0x00000005c9300000, 0x0000000716b00000)
  object space 84992K, 58% used [0x00000005c4000000,0x00000005c7047530,0x00000005c9300000)
 Metaspace       used 18308K, capacity 18612K, committed 18816K, reserved 1067008K
  class space    used 1816K, capacity 1897K, committed 1920K, reserved 1048576K
}
Event: 6,461 GC heap before
{Heap before GC invocations=11 (full 0):
 PSYoungGen      total 838144K, used 818163K [0x0000000716b00000, 0x000000074b700000, 0x00000007c0000000)
  eden space 813056K, 100% used [0x0000000716b00000,0x0000000748500000,0x0000000748500000)
  from space 25088K, 20% used [0x0000000749e80000,0x000000074a37cd88,0x000000074b700000)
  to   space 25600K, 0% used [0x0000000748500000,0x0000000748500000,0x0000000749e00000)
 ParOldGen       total 84992K, used 49437K [0x00000005c4000000, 0x00000005c9300000, 0x0000000716b00000)
  object space 84992K, 58% used [0x00000005c4000000,0x00000005c7047530,0x00000005c9300000)
 Metaspace       used 18415K, capacity 18676K, committed 18816K, reserved 1067008K
  class space    used 1816K, capacity 1897K, committed 1920K, reserved 1048576K
Event: 6,466 GC heap after
Heap after GC invocations=11 (full 0):
 PSYoungGen      total 838656K, used 5736K [0x0000000716b00000, 0x0000000769280000, 0x00000007c0000000)
  eden space 813056K, 0% used [0x0000000716b00000,0x0000000716b00000,0x0000000748500000)
  from space 25600K, 22% used [0x0000000748500000,0x0000000748a9a0c8,0x0000000749e00000)
  to   space 25088K, 0% used [0x0000000767a00000,0x0000000767a00000,0x0000000769280000)
 ParOldGen       total 84992K, used 49493K [0x00000005c4000000, 0x00000005c9300000, 0x0000000716b00000)
  object space 84992K, 58% used [0x00000005c4000000,0x00000005c7055530,0x00000005c9300000)
 Metaspace       used 18415K, capacity 18676K, committed 18816K, reserved 1067008K
  class space    used 1816K, capacity 1897K, committed 1920K, reserved 1048576K
}
Event: 7,355 GC heap before
{Heap before GC invocations=12 (full 0):
 PSYoungGen      total 838656K, used 818792K [0x0000000716b00000, 0x0000000769280000, 0x00000007c0000000)
  eden space 813056K, 100% used [0x0000000716b00000,0x0000000748500000,0x0000000748500000)
  from space 25600K, 22% used [0x0000000748500000,0x0000000748a9a0c8,0x0000000749e00000)
  to   space 25088K, 0% used [0x0000000767a00000,0x0000000767a00000,0x0000000769280000)
 ParOldGen       total 84992K, used 49493K [0x00000005c4000000, 0x00000005c9300000, 0x0000000716b00000)
  object space 84992K, 58% used [0x00000005c4000000,0x00000005c7055530,0x00000005c9300000)
 Metaspace       used 18470K, capacity 18804K, committed 19072K, reserved 1067008K
  class space    used 1816K, capacity 1897K, committed 1920K, reserved 1048576K
Event: 7,362 GC heap after
Heap after GC invocations=12 (full 0):
 PSYoungGen      total 1324032K, used 8690K [0x0000000716b00000, 0x0000000769080000, 0x00000007c0000000)
  eden space 1300992K, 0% used [0x0000000716b00000,0x0000000716b00000,0x0000000766180000)
  from space 23040K, 37% used [0x0000000767a00000,0x000000076827c8d8,0x0000000769080000)
  to   space 24064K, 0% used [0x0000000766180000,0x0000000766180000,0x0000000767900000)
 ParOldGen       total 84992K, used 49525K [0x00000005c4000000, 0x00000005c9300000, 0x0000000716b00000)
  object space 84992K, 58% used [0x00000005c4000000,0x00000005c705d530,0x00000005c9300000)
 Metaspace       used 18470K, capacity 18804K, committed 19072K, reserved 1067008K
  class space    used 1816K, capacity 1897K, committed 1920K, reserved 1048576K
}
Event: 8,934 GC heap before
{Heap before GC invocations=13 (full 0):
 PSYoungGen      total 1324032K, used 1309682K [0x0000000716b00000, 0x0000000769080000, 0x00000007c0000000)
  eden space 1300992K, 100% used [0x0000000716b00000,0x0000000766180000,0x0000000766180000)
  from space 23040K, 37% used [0x0000000767a00000,0x000000076827c8d8,0x0000000769080000)
  to   space 24064K, 0% used [0x0000000766180000,0x0000000766180000,0x0000000767900000)
 ParOldGen       total 84992K, used 49525K [0x00000005c4000000, 0x00000005c9300000, 0x0000000716b00000)
  object space 84992K, 58% used [0x00000005c4000000,0x00000005c705d530,0x00000005c9300000)
 Metaspace       used 18509K, capacity 18804K, committed 19072K, reserved 1067008K
  class space    used 1816K, capacity 1897K, committed 1920K, reserved 1048576K
Event: 8,942 GC heap after
Heap after GC invocations=13 (full 0):
 PSYoungGen      total 1325056K, used 6537K [0x0000000716b00000, 0x0000000798a00000, 0x00000007c0000000)
  eden space 1300992K, 0% used [0x0000000716b00000,0x0000000716b00000,0x0000000766180000)
  from space 24064K, 27% used [0x0000000766180000,0x00000007667e2508,0x0000000767900000)
  to   space 23552K, 0% used [0x0000000797300000,0x0000000797300000,0x0000000798a00000)
 ParOldGen       total 84992K, used 49557K [0x00000005c4000000, 0x00000005c9300000, 0x0000000716b00000)
  object space 84992K, 58% used [0x00000005c4000000,0x00000005c7065530,0x00000005c9300000)
 Metaspace       used 18509K, capacity 18804K, committed 19072K, reserved 1067008K
  class space    used 1816K, capacity 1897K, committed 1920K, reserved 1048576K
}
Event: 10,100 GC heap before
{Heap before GC invocations=14 (full 0):
 PSYoungGen      total 1325056K, used 1307529K [0x0000000716b00000, 0x0000000798a00000, 0x00000007c0000000)
  eden space 1300992K, 100% used [0x0000000716b00000,0x0000000766180000,0x0000000766180000)
  from space 24064K, 27% used [0x0000000766180000,0x00000007667e2508,0x0000000767900000)
  to   space 23552K, 0% used [0x0000000797300000,0x0000000797300000,0x0000000798a00000)
 ParOldGen       total 84992K, used 49557K [0x00000005c4000000, 0x00000005c9300000, 0x0000000716b00000)
  object space 84992K, 58% used [0x00000005c4000000,0x00000005c7065530,0x00000005c9300000)
 Metaspace       used 18566K, capacity 18868K, committed 19072K, reserved 1067008K
  class space    used 1816K, capacity 1897K, committed 1920K, reserved 1048576K
Event: 10,108 GC heap after
Heap after GC invocations=14 (full 0):
 PSYoungGen      total 2103296K, used 7379K [0x0000000716b00000, 0x0000000798800000, 0x00000007c0000000)
  eden space 2081792K, 0% used [0x0000000716b00000,0x0000000716b00000,0x0000000795c00000)
  from space 21504K, 34% used [0x0000000797300000,0x0000000797a34f68,0x0000000798800000)
  to   space 22528K, 0% used [0x0000000795c00000,0x0000000795c00000,0x0000000797200000)
 ParOldGen       total 84992K, used 49581K [0x00000005c4000000, 0x00000005c9300000, 0x0000000716b00000)
  object space 84992K, 58% used [0x00000005c4000000,0x00000005c706b530,0x00000005c9300000)
 Metaspace       used 18566K, capacity 18868K, committed 19072K, reserved 1067008K
  class space    used 1816K, capacity 1897K, committed 1920K, reserved 1048576K
}
Event: 12,606 GC heap before
{Heap before GC invocations=15 (full 0):
 PSYoungGen      total 2103296K, used 2089171K [0x0000000716b00000, 0x0000000798800000, 0x00000007c0000000)
  eden space 2081792K, 100% used [0x0000000716b00000,0x0000000795c00000,0x0000000795c00000)
  from space 21504K, 34% used [0x0000000797300000,0x0000000797a34f68,0x0000000798800000)
  to   space 22528K, 0% used [0x0000000795c00000,0x0000000795c00000,0x0000000797200000)
 ParOldGen       total 84992K, used 49581K [0x00000005c4000000, 0x00000005c9300000, 0x0000000716b00000)
  object space 84992K, 58% used [0x00000005c4000000,0x00000005c706b530,0x00000005c9300000)
 Metaspace       used 18607K, capacity 18880K, committed 19072K, reserved 1067008K
  class space    used 1818K, capacity 1899K, committed 1920K, reserved 1048576K

Deoptimization events (10 events):
Event: 3,991 Thread 0x00007f98e000c000 Uncommon trap: reason=predicate action=maybe_recompile pc=0x00007f98d1a39070 method=java.io.ObjectInputStream.readArray(Z)Ljava/lang/Object; @ 397
Event: 4,353 Thread 0x00007f98e000c000 Uncommon trap: reason=array_check action=maybe_recompile pc=0x00007f98d13f3bac method=java.io.ObjectInputStream.readArray(Z)Ljava/lang/Object; @ 406
Event: 4,353 Thread 0x00007f98e000c000 Uncommon trap: reason=array_check action=maybe_recompile pc=0x00007f98d13f3bac method=java.io.ObjectInputStream.readArray(Z)Ljava/lang/Object; @ 406
Event: 4,353 Thread 0x00007f98e000c000 Uncommon trap: reason=array_check action=maybe_recompile pc=0x00007f98d13f3bac method=java.io.ObjectInputStream.readArray(Z)Ljava/lang/Object; @ 406
Event: 4,353 Thread 0x00007f98e000c000 Uncommon trap: reason=array_check action=maybe_recompile pc=0x00007f98d13f3bac method=java.io.ObjectInputStream.readArray(Z)Ljava/lang/Object; @ 406
Event: 5,363 Thread 0x00007f98e000c000 Uncommon trap: reason=unstable_if action=reinterpret pc=0x00007f98d1512eac method=java.text.DigitList.round(IZZ)V @ 26
Event: 5,884 Thread 0x00007f98e000c000 Uncommon trap: reason=unstable_if action=reinterpret pc=0x00007f98d16e2884 method=java.util.LinkedList.unlinkLast(Ljava/util/LinkedList$Node;)Ljava/lang/Object; @ 26
Event: 5,885 Thread 0x00007f98e000c000 Uncommon trap: reason=unstable_if action=reinterpret pc=0x00007f98d16aedc4 method=java.util.LinkedList.unlinkLast(Ljava/util/LinkedList$Node;)Ljava/lang/Object; @ 26
Event: 6,835 Thread 0x00007f98e000c000 Uncommon trap: reason=unstable_if action=reinterpret pc=0x00007f98d145ecc4 method=java.util.BitSet.clear(I)V @ 41
Event: 11,473 Thread 0x00007f98e000c000 Uncommon trap: reason=unstable_if action=reinterpret pc=0x00007f98d1593a04 method=java.text.DecimalFormat.subformat(Ljava/lang/StringBuffer;Ljava/text/Format$FieldDelegate;ZZIIII)Ljava/lang/StringBuffer; @ 947

Internal exceptions (10 events):
Event: 1,564 Thread 0x00007f98e000c000 Exception <a 'java/lang/NoSuchMethodError': <clinit>> (0x000000071798e940) thrown at [/HUDSON3/workspace/8-2-build-linux-amd64/jdk8u111/7883/hotspot/src/share/vm/prims/jni.cpp, line 1613]
Event: 1,582 Thread 0x00007f98e000c000 Exception <a 'java/lang/NoSuchMethodError': <clinit>> (0x0000000717a72620) thrown at [/HUDSON3/workspace/8-2-build-linux-amd64/jdk8u111/7883/hotspot/src/share/vm/prims/jni.cpp, line 1613]
Event: 1,646 Thread 0x00007f98e000c000 Exception <a 'java/lang/ClassNotFoundException': weka/filters/MultiFilterBeanInfo> (0x0000000717efb848) thrown at [/HUDSON3/workspace/8-2-build-linux-amd64/jdk8u111/7883/hotspot/src/share/vm/classfile/systemDictionary.cpp, line 210]
Event: 1,647 Thread 0x00007f98e000c000 Exception <a 'java/lang/ClassNotFoundException': weka/filters/MultiFilterCustomizer> (0x0000000717f054d0) thrown at [/HUDSON3/workspace/8-2-build-linux-amd64/jdk8u111/7883/hotspot/src/share/vm/classfile/systemDictionary.cpp, line 210]
Event: 1,647 Thread 0x00007f98e000c000 Exception <a 'java/lang/ArrayIndexOutOfBoundsException'> (0x0000000717f0a090) thrown at [/HUDSON3/workspace/8-2-build-linux-amd64/jdk8u111/7883/hotspot/src/share/vm/runtime/sharedRuntime.cpp, line 605]
Event: 2,716 Thread 0x00007f98e000c000 Implicit null exception at 0x00007f98d1309075 to 0x00007f98d13093f9
Event: 2,717 Thread 0x00007f98e000c000 Implicit null exception at 0x00007f98d1863e6f to 0x00007f98d1863ed9
Event: 2,935 Thread 0x00007f98e000c000 Implicit null exception at 0x00007f98d13f82b4 to 0x00007f98d13f82e1
Event: 5,884 Thread 0x00007f98e000c000 Implicit null exception at 0x00007f98d16e0e41 to 0x00007f98d16e284d
Event: 5,885 Thread 0x00007f98e000c000 Implicit null exception at 0x00007f98d16aec59 to 0x00007f98d16aeda9

Events (10 events):
Event: 12,161 loading class com/orsonpdf/PDFDocument done
Event: 12,485 loading class I
Event: 12,485 loading class I done
Event: 12,485 loading class Z
Event: 12,485 loading class Z done
Event: 12,485 loading class B
Event: 12,485 loading class B done
Event: 12,485 loading class J
Event: 12,485 loading class J done
Event: 12,606 Executing VM operation: ParallelGCFailedAllocation


Dynamic libraries:
00400000-00401000 r-xp 00000000 08:01 4202095                            /lib/jvm/jdk1.8.0_111/bin/java
00600000-00601000 rw-p 00000000 08:01 4202095                            /lib/jvm/jdk1.8.0_111/bin/java
01885000-018a6000 rw-p 00000000 00:00 0                                  [heap]
5c4000000-5c9300000 rw-p 00000000 00:00 0 
5c9300000-716b00000 ---p 00000000 00:00 0 
716b00000-798800000 rw-p 00000000 00:00 0 
7c0000000-7c01e0000 rw-p 00000000 00:00 0 
7c01e0000-800000000 ---p 00000000 00:00 0 
7f9860000000-7f9860021000 rw-p 00000000 00:00 0 
7f9860021000-7f9864000000 ---p 00000000 00:00 0 
7f9867e00000-7f9867ec0000 rw-p 00000000 00:00 0 
7f9867ec0000-7f9868000000 ---p 00000000 00:00 0 
7f9868000000-7f9868021000 rw-p 00000000 00:00 0 
7f9868021000-7f986c000000 ---p 00000000 00:00 0 
7f986c14f000-7f986c179000 r-xp 00000000 08:01 4202184                    /lib/jvm/jdk1.8.0_111/jre/lib/amd64/libdcpr.so
7f986c179000-7f986c379000 ---p 0002a000 08:01 4202184                    /lib/jvm/jdk1.8.0_111/jre/lib/amd64/libdcpr.so
7f986c379000-7f986c37c000 rw-p 0002a000 08:01 4202184                    /lib/jvm/jdk1.8.0_111/jre/lib/amd64/libdcpr.so
7f986c37c000-7f986c3e5000 r-xp 00000000 08:01 4202236                    /lib/jvm/jdk1.8.0_111/jre/lib/amd64/libt2k.so
7f986c3e5000-7f986c5e5000 ---p 00069000 08:01 4202236                    /lib/jvm/jdk1.8.0_111/jre/lib/amd64/libt2k.so
7f986c5e5000-7f986c5ec000 rw-p 00069000 08:01 4202236                    /lib/jvm/jdk1.8.0_111/jre/lib/amd64/libt2k.so
7f986c5ec000-7f986c7fc000 rw-p 00000000 00:00 0 
7f986c7fc000-7f986c7ff000 ---p 00000000 00:00 0 
7f986c7ff000-7f986c8fd000 rw-p 00000000 00:00 0 
7f986c8fd000-7f986c902000 r-xp 00000000 08:01 5382159                    /usr/lib/x86_64-linux-gnu/libXfixes.so.3.1.0
7f986c902000-7f986cb01000 ---p 00005000 08:01 5382159                    /usr/lib/x86_64-linux-gnu/libXfixes.so.3.1.0
7f986cb01000-7f986cb02000 r--p 00004000 08:01 5382159                    /usr/lib/x86_64-linux-gnu/libXfixes.so.3.1.0
7f986cb02000-7f986cb03000 rw-p 00005000 08:01 5382159                    /usr/lib/x86_64-linux-gnu/libXfixes.so.3.1.0
7f986cb03000-7f986cb0c000 r-xp 00000000 08:01 5382151                    /usr/lib/x86_64-linux-gnu/libXcursor.so.1.0.2
7f986cb0c000-7f986cd0b000 ---p 00009000 08:01 5382151                    /usr/lib/x86_64-linux-gnu/libXcursor.so.1.0.2
7f986cd0b000-7f986cd0c000 r--p 00008000 08:01 5382151                    /usr/lib/x86_64-linux-gnu/libXcursor.so.1.0.2
7f986cd0c000-7f986cd0d000 rw-p 00009000 08:01 5382151                    /usr/lib/x86_64-linux-gnu/libXcursor.so.1.0.2
7f986cd0d000-7f986cd10000 ---p 00000000 00:00 0 
7f986cd10000-7f986ce0e000 rw-p 00000000 00:00 0 
7f986ce0e000-7f986ce73000 r-xp 00000000 08:01 4202198                    /lib/jvm/jdk1.8.0_111/jre/lib/amd64/libfontmanager.so
7f986ce73000-7f986d072000 ---p 00065000 08:01 4202198                    /lib/jvm/jdk1.8.0_111/jre/lib/amd64/libfontmanager.so
7f986d072000-7f986d077000 rw-p 00064000 08:01 4202198                    /lib/jvm/jdk1.8.0_111/jre/lib/amd64/libfontmanager.so
7f986d077000-7f986d287000 rw-p 00000000 00:00 0 
7f986d287000-7f986d487000 rw-p 00000000 00:00 0 
7f986d487000-7f986d49d000 r-xp 00000000 08:01 4198895                    /lib/x86_64-linux-gnu/libgcc_s.so.1
7f986d49d000-7f986d69c000 ---p 00016000 08:01 4198895                    /lib/x86_64-linux-gnu/libgcc_s.so.1
7f986d69c000-7f986d69d000 rw-p 00015000 08:01 4198895                    /lib/x86_64-linux-gnu/libgcc_s.so.1
7f986d69d000-7f986d6db000 r-xp 00000000 08:01 5374292                    /usr/lib/x86_64-linux-gnu/libquadmath.so.0.0.0
7f986d6db000-7f986d8da000 ---p 0003e000 08:01 5374292                    /usr/lib/x86_64-linux-gnu/libquadmath.so.0.0.0
7f986d8da000-7f986d8db000 r--p 0003d000 08:01 5374292                    /usr/lib/x86_64-linux-gnu/libquadmath.so.0.0.0
7f986d8db000-7f986d8dc000 rw-p 0003e000 08:01 5374292                    /usr/lib/x86_64-linux-gnu/libquadmath.so.0.0.0
7f986d8dc000-7f986ded0000 r-xp 00000000 08:01 5385627                    /usr/lib/lapack/liblapack.so.3.6.0
7f986ded0000-7f986e0cf000 ---p 005f4000 08:01 5385627                    /usr/lib/lapack/liblapack.so.3.6.0
7f986e0cf000-7f986e0d0000 r--p 005f3000 08:01 5385627                    /usr/lib/lapack/liblapack.so.3.6.0
7f986e0d0000-7f986e0d4000 rw-p 005f4000 08:01 5385627                    /usr/lib/lapack/liblapack.so.3.6.0
7f986e0d4000-7f986e142000 r-xp 00000000 08:01 5385606                    /usr/lib/libblas/libblas.so.3.6.0
7f986e142000-7f986e341000 ---p 0006e000 08:01 5385606                    /usr/lib/libblas/libblas.so.3.6.0
7f986e341000-7f986e342000 r--p 0006d000 08:01 5385606                    /usr/lib/libblas/libblas.so.3.6.0
7f986e342000-7f986e343000 rw-p 0006e000 08:01 5385606                    /usr/lib/libblas/libblas.so.3.6.0
7f986e343000-7f986e46c000 r-xp 00000000 08:01 5385581                    /usr/lib/x86_64-linux-gnu/libgfortran.so.3.0.0
7f986e46c000-7f986e66b000 ---p 00129000 08:01 5385581                    /usr/lib/x86_64-linux-gnu/libgfortran.so.3.0.0
7f986e66b000-7f986e66c000 r--p 00128000 08:01 5385581                    /usr/lib/x86_64-linux-gnu/libgfortran.so.3.0.0
7f986e66c000-7f986e66e000 rw-p 00129000 08:01 5385581                    /usr/lib/x86_64-linux-gnu/libgfortran.so.3.0.0
7f986e66e000-7f986e7fc000 r-xp 00000000 08:01 1048639                    /tmp/jniloader9042327853837952858netlib-native_system-linux-x86_64.so
7f986e7fc000-7f986e9fb000 ---p 0018e000 08:01 1048639                    /tmp/jniloader9042327853837952858netlib-native_system-linux-x86_64.so
7f986e9fb000-7f986e9fd000 rw-p 0018d000 08:01 1048639                    /tmp/jniloader9042327853837952858netlib-native_system-linux-x86_64.so
7f986e9fd000-7f986e9fe000 rw-p 00000000 00:00 0 
7f986e9fe000-7f986ea0f000 r-xp 00000000 08:01 4202204                    /lib/jvm/jdk1.8.0_111/jre/lib/amd64/libnio.so
7f986ea0f000-7f986ec0e000 ---p 00011000 08:01 4202204                    /lib/jvm/jdk1.8.0_111/jre/lib/amd64/libnio.so
7f986ec0e000-7f986ec0f000 rw-p 00010000 08:01 4202204                    /lib/jvm/jdk1.8.0_111/jre/lib/amd64/libnio.so
7f986ec0f000-7f986ec14000 r-xp 00000000 08:01 5382155                    /usr/lib/x86_64-linux-gnu/libXdmcp.so.6.0.0
7f986ec14000-7f986ee13000 ---p 00005000 08:01 5382155                    /usr/lib/x86_64-linux-gnu/libXdmcp.so.6.0.0
7f986ee13000-7f986ee14000 r--p 00004000 08:01 5382155                    /usr/lib/x86_64-linux-gnu/libXdmcp.so.6.0.0
7f986ee14000-7f986ee15000 rw-p 00005000 08:01 5382155                    /usr/lib/x86_64-linux-gnu/libXdmcp.so.6.0.0
7f986ee15000-7f986ee17000 r-xp 00000000 08:01 5382144                    /usr/lib/x86_64-linux-gnu/libXau.so.6.0.0
7f986ee17000-7f986f017000 ---p 00002000 08:01 5382144                    /usr/lib/x86_64-linux-gnu/libXau.so.6.0.0
7f986f017000-7f986f018000 r--p 00002000 08:01 5382144                    /usr/lib/x86_64-linux-gnu/libXau.so.6.0.0
7f986f018000-7f986f019000 rw-p 00003000 08:01 5382144                    /usr/lib/x86_64-linux-gnu/libXau.so.6.0.0
7f986f019000-7f986f03a000 r-xp 00000000 08:01 5383522                    /usr/lib/x86_64-linux-gnu/libxcb.so.1.1.0
7f986f03a000-7f986f239000 ---p 00021000 08:01 5383522                    /usr/lib/x86_64-linux-gnu/libxcb.so.1.1.0
7f986f239000-7f986f23a000 r--p 00020000 08:01 5383522                    /usr/lib/x86_64-linux-gnu/libxcb.so.1.1.0
7f986f23a000-7f986f23b000 rw-p 00021000 08:01 5383522                    /usr/lib/x86_64-linux-gnu/libxcb.so.1.1.0
7f986f23b000-7f986f24a000 r-xp 00000000 08:01 5382165                    /usr/lib/x86_64-linux-gnu/libXi.so.6.1.0
7f986f24a000-7f986f449000 ---p 0000f000 08:01 5382165                    /usr/lib/x86_64-linux-gnu/libXi.so.6.1.0
7f986f449000-7f986f44a000 r--p 0000e000 08:01 5382165                    /usr/lib/x86_64-linux-gnu/libXi.so.6.1.0
7f986f44a000-7f986f44b000 rw-p 0000f000 08:01 5382165                    /usr/lib/x86_64-linux-gnu/libXi.so.6.1.0
7f986f44b000-7f986f450000 r-xp 00000000 08:01 5382183                    /usr/lib/x86_64-linux-gnu/libXtst.so.6.1.0
7f986f450000-7f986f64f000 ---p 00005000 08:01 5382183                    /usr/lib/x86_64-linux-gnu/libXtst.so.6.1.0
7f986f64f000-7f986f650000 r--p 00004000 08:01 5382183                    /usr/lib/x86_64-linux-gnu/libXtst.so.6.1.0
7f986f650000-7f986f651000 rw-p 00005000 08:01 5382183                    /usr/lib/x86_64-linux-gnu/libXtst.so.6.1.0
7f986f651000-7f986f65a000 r-xp 00000000 08:01 5382177                    /usr/lib/x86_64-linux-gnu/libXrender.so.1.3.0
7f986f65a000-7f986f859000 ---p 00009000 08:01 5382177                    /usr/lib/x86_64-linux-gnu/libXrender.so.1.3.0
7f986f859000-7f986f85a000 r--p 00008000 08:01 5382177                    /usr/lib/x86_64-linux-gnu/libXrender.so.1.3.0
7f986f85a000-7f986f85b000 rw-p 00009000 08:01 5382177                    /usr/lib/x86_64-linux-gnu/libXrender.so.1.3.0
7f986f85b000-7f986f990000 r-xp 00000000 08:01 5382140                    /usr/lib/x86_64-linux-gnu/libX11.so.6.3.0
7f986f990000-7f986fb90000 ---p 00135000 08:01 5382140                    /usr/lib/x86_64-linux-gnu/libX11.so.6.3.0
7f986fb90000-7f986fb91000 r--p 00135000 08:01 5382140                    /usr/lib/x86_64-linux-gnu/libX11.so.6.3.0
7f986fb91000-7f986fb95000 rw-p 00136000 08:01 5382140                    /usr/lib/x86_64-linux-gnu/libX11.so.6.3.0
7f986fb95000-7f986fba6000 r-xp 00000000 08:01 5382157                    /usr/lib/x86_64-linux-gnu/libXext.so.6.4.0
7f986fba6000-7f986fda5000 ---p 00011000 08:01 5382157                    /usr/lib/x86_64-linux-gnu/libXext.so.6.4.0
7f986fda5000-7f986fda6000 r--p 00010000 08:01 5382157                    /usr/lib/x86_64-linux-gnu/libXext.so.6.4.0
7f986fda6000-7f986fda7000 rw-p 00011000 08:01 5382157                    /usr/lib/x86_64-linux-gnu/libXext.so.6.4.0
7f986fda7000-7f986fdfb000 r-xp 00000000 08:01 4202206                    /lib/jvm/jdk1.8.0_111/jre/lib/amd64/libawt_xawt.so
7f986fdfb000-7f986fffb000 ---p 00054000 08:01 4202206                    /lib/jvm/jdk1.8.0_111/jre/lib/amd64/libawt_xawt.so
7f986fffb000-7f986ffff000 rw-p 00054000 08:01 4202206                    /lib/jvm/jdk1.8.0_111/jre/lib/amd64/libawt_xawt.so
7f986ffff000-7f9870000000 rw-p 00000000 00:00 0 
7f9870000000-7f9870021000 rw-p 00000000 00:00 0 
7f9870021000-7f9874000000 ---p 00000000 00:00 0 
7f9874000000-7f9874068000 rw-p 00000000 00:00 0 
7f9874068000-7f9878000000 ---p 00000000 00:00 0 
7f9878000000-7f9878b21000 rw-p 00000000 00:00 0 
7f9878b21000-7f987c000000 ---p 00000000 00:00 0 
7f987c000000-7f987c021000 rw-p 00000000 00:00 0 
7f987c021000-7f9880000000 ---p 00000000 00:00 0 
7f9880000000-7f9880e47000 rw-p 00000000 00:00 0 
7f9880e47000-7f9884000000 ---p 00000000 00:00 0 
7f9884000000-7f988485c000 rw-p 00000000 00:00 0 
7f988485c000-7f9888000000 ---p 00000000 00:00 0 
7f9888000000-7f9888021000 rw-p 00000000 00:00 0 
7f9888021000-7f988c000000 ---p 00000000 00:00 0 
7f988c000000-7f988cc8c000 rw-p 00000000 00:00 0 
7f988cc8c000-7f9890000000 ---p 00000000 00:00 0 
7f9890000000-7f9890021000 rw-p 00000000 00:00 0 
7f9890021000-7f9894000000 ---p 00000000 00:00 0 
7f9894000000-7f9894021000 rw-p 00000000 00:00 0 
7f9894021000-7f9898000000 ---p 00000000 00:00 0 
7f9898000000-7f989828d000 rw-p 00000000 00:00 0 
7f989828d000-7f989c000000 ---p 00000000 00:00 0 
7f989c000000-7f98ac000000 rw-p 00000000 00:00 0 
7f98ac000000-7f98ac021000 rw-p 00000000 00:00 0 
7f98ac021000-7f98b0000000 ---p 00000000 00:00 0 
7f98b0000000-7f98b0021000 rw-p 00000000 00:00 0 
7f98b0021000-7f98b4000000 ---p 00000000 00:00 0 
7f98b4000000-7f98b4021000 rw-p 00000000 00:00 0 
7f98b4021000-7f98b8000000 ---p 00000000 00:00 0 
7f98b8000000-7f98b8021000 rw-p 00000000 00:00 0 
7f98b8021000-7f98bc000000 ---p 00000000 00:00 0 
7f98bc000000-7f98bc021000 rw-p 00000000 00:00 0 
7f98bc021000-7f98c0000000 ---p 00000000 00:00 0 
7f98c0000000-7f98c0021000 rw-p 00000000 00:00 0 
7f98c0021000-7f98c4000000 ---p 00000000 00:00 0 
7f98c4000000-7f98c4021000 rw-p 00000000 00:00 0 
7f98c4021000-7f98c8000000 ---p 00000000 00:00 0 
7f98c8060000-7f98c807c000 r--s 00393000 08:01 4202262                    /lib/jvm/jdk1.8.0_111/jre/lib/ext/cldrdata.jar
7f98c807c000-7f98c8086000 r--s 00116000 08:01 4202259                    /lib/jvm/jdk1.8.0_111/jre/lib/ext/localedata.jar
7f98c8086000-7f98c808a000 r--s 00097000 08:01 4202123                    /lib/jvm/jdk1.8.0_111/jre/lib/jsse.jar
7f98c808a000-7f98c812c000 r-xp 00000000 08:01 4202239                    /lib/jvm/jdk1.8.0_111/jre/lib/amd64/libawt.so
7f98c812c000-7f98c832c000 ---p 000a2000 08:01 4202239                    /lib/jvm/jdk1.8.0_111/jre/lib/amd64/libawt.so
7f98c832c000-7f98c8338000 rw-p 000a2000 08:01 4202239                    /lib/jvm/jdk1.8.0_111/jre/lib/amd64/libawt.so
7f98c8338000-7f98c865d000 rw-p 00000000 00:00 0 
7f98c865d000-7f98c8673000 r-xp 00000000 08:01 4202179                    /lib/jvm/jdk1.8.0_111/jre/lib/amd64/libnet.so
7f98c8673000-7f98c8873000 ---p 00016000 08:01 4202179                    /lib/jvm/jdk1.8.0_111/jre/lib/amd64/libnet.so
7f98c8873000-7f98c8874000 rw-p 00016000 08:01 4202179                    /lib/jvm/jdk1.8.0_111/jre/lib/amd64/libnet.so
7f98c8874000-7f98c8877000 ---p 00000000 00:00 0 
7f98c8877000-7f98c8975000 rw-p 00000000 00:00 0 
7f98c8975000-7f98c8976000 r-xp 00000000 08:01 5125191                    /home/cycle/programs/idea-IU-163.10154.41/bin/libbreakgen64.so
7f98c8976000-7f98c8b75000 ---p 00001000 08:01 5125191                    /home/cycle/programs/idea-IU-163.10154.41/bin/libbreakgen64.so
7f98c8b75000-7f98c8b76000 r--p 00000000 08:01 5125191                    /home/cycle/programs/idea-IU-163.10154.41/bin/libbreakgen64.so
7f98c8b76000-7f98c8b77000 rw-p 00001000 08:01 5125191                    /home/cycle/programs/idea-IU-163.10154.41/bin/libbreakgen64.so
7f98c8b77000-7f98c8b79000 r--s 00019000 08:01 5116969                    /home/cycle/programs/idea-IU-163.10154.41/lib/idea_rt.jar
7f98c8b79000-7f98c8b7a000 r--s 00003000 08:01 4725519                    /home/cycle/wekafiles/classifierattrsel/classifierBasedAttributeSelection.jar
7f98c8b7a000-7f98c8b7c000 r--s 00027000 08:01 4990706                    /home/cycle/.m2/repository/com/github/fommil/netlib/core/1.1/core-1.1.jar
7f98c8b7c000-7f98c8b7e000 r--s 00016000 08:01 5515098                    /home/cycle/.m2/repository/com/googlecode/netlib-java/netlib-java/1.1/netlib-java-1.1.jar
7f98c8b7e000-7f98c8b90000 r--s 00112000 08:01 4855231                    /home/cycle/.m2/repository/net/sourceforge/f2j/arpack_combined_all/0.1/arpack_combined_all-0.1.jar
7f98c8b90000-7f98c8b92000 r--s 00088000 08:01 5515096                    /home/cycle/.m2/repository/com/github/fommil/netlib/netlib-native_system-win-i686/1.1/netlib-native_system-win-i686-1.1-natives.jar
7f98c8b92000-7f98c8b93000 r--s 0009b000 08:01 5515094                    /home/cycle/.m2/repository/com/github/fommil/netlib/netlib-native_system-win-x86_64/1.1/netlib-native_system-win-x86_64-1.1-natives.jar
7f98c8b93000-7f98c8b94000 r--s 0004b000 08:01 5515092                    /home/cycle/.m2/repository/com/github/fommil/netlib/netlib-native_system-linux-armhf/1.1/netlib-native_system-linux-armhf-1.1-natives.jar
7f98c8b94000-7f98c8b95000 r--s 0006a000 08:01 5515090                    /home/cycle/.m2/repository/com/github/fommil/netlib/netlib-native_system-linux-i686/1.1/netlib-native_system-linux-i686-1.1-natives.jar
7f98c8b95000-7f98c8b96000 r--s 0006f000 08:01 5384655                    /home/cycle/.m2/repository/com/github/fommil/netlib/netlib-native_system-linux-x86_64/1.1/netlib-native_system-linux-x86_64-1.1-natives.jar
7f98c8b96000-7f98c8b97000 r--s 0000d000 08:01 5384653                    /home/cycle/.m2/repository/com/github/fommil/netlib/native_system-java/1.1/native_system-java-1.1.jar
7f98c8b97000-7f98c8b98000 r--s 00087000 08:01 5384651                    /home/cycle/.m2/repository/com/github/fommil/netlib/netlib-native_system-osx-x86_64/1.1/netlib-native_system-osx-x86_64-1.1-natives.jar
7f98c8b98000-7f98c8b99000 r--s 00126000 08:01 5384650                    /home/cycle/.m2/repository/com/github/fommil/netlib/netlib-native_ref-linux-armhf/1.1/netlib-native_ref-linux-armhf-1.1-natives.jar
7f98c8b99000-7f98c8b9a000 r--s 001bd000 08:01 5384647                    /home/cycle/.m2/repository/com/github/fommil/netlib/netlib-native_ref-win-i686/1.1/netlib-native_ref-win-i686-1.1-natives.jar
7f98c8b9a000-7f98c8b9b000 r--s 00232000 08:01 5384645                    /home/cycle/.m2/repository/com/github/fommil/netlib/netlib-native_ref-win-x86_64/1.1/netlib-native_ref-win-x86_64-1.1-natives.jar
7f98c8b9b000-7f98c8b9c000 r--s 0016b000 08:01 5384643                    /home/cycle/.m2/repository/com/github/fommil/netlib/netlib-native_ref-linux-i686/1.1/netlib-native_ref-linux-i686-1.1-natives.jar
7f98c8b9c000-7f98c8b9e000 r--s 001aa000 08:01 5247342                    /home/cycle/.m2/repository/com/github/fommil/netlib/netlib-native_ref-linux-x86_64/1.1/netlib-native_ref-linux-x86_64-1.1-natives.jar
7f98c8b9e000-7f98c8ba0000 r--s 00001000 08:01 4990714                    /home/cycle/.m2/repository/com/github/fommil/jniloader/1.1/jniloader-1.1.jar
7f98c8ba0000-7f98c8ba1000 r--s 0000d000 08:01 4990707                    /home/cycle/.m2/repository/com/github/fommil/netlib/native_ref-java/1.1/native_ref-java-1.1.jar
7f98c8ba1000-7f98c8ba3000 r--s 001c0000 08:01 4990704                    /home/cycle/.m2/repository/com/github/fommil/netlib/netlib-native_ref-osx-x86_64/1.1/netlib-native_ref-osx-x86_64-1.1-natives.jar
7f98c8ba3000-7f98c8ba8000 r--s 0003d000 08:01 4722174                    /home/cycle/.m2/repository/com/googlecode/matrix-toolkits-java/mtj/1.0.4/mtj-1.0.4.jar
7f98c8ba8000-7f98c8bac000 r--s 0002f000 08:01 4722171                    /home/cycle/.m2/repository/nz/ac/waikato/cms/weka/thirdparty/bounce/0.18/bounce-0.18.jar
7f98c8bac000-7f98c8c0c000 r--s 00855000 08:01 5515088                    /home/cycle/.m2/repository/nz/ac/waikato/cms/weka/weka-dev/3.9.1/weka-dev-3.9.1.jar
7f98c8c0c000-7f98c8c12000 r--s 0004b000 08:01 4722163                    /home/cycle/.m2/repository/org/jfree/jcommon/1.0.23/jcommon-1.0.23.jar
7f98c8c12000-7f98c8c23000 r--s 0016e000 08:01 4722161                    /home/cycle/.m2/repository/org/jfree/jfreechart/1.0.19/jfreechart-1.0.19.jar
7f98c8c23000-7f98c8c36000 r--s 00345000 08:01 4202308                    /lib/jvm/jdk1.8.0_111/jre/lib/resources.jar
7f98c8c36000-7f98c8c48000 r--s 000d6000 08:01 4202307                    /lib/jvm/jdk1.8.0_111/jre/lib/plugin.jar
7f98c8c48000-7f98c8c49000 ---p 00000000 00:00 0 
7f98c8c49000-7f98c8d49000 rw-p 00000000 00:00 0 
7f98c8d49000-7f98c8d4c000 ---p 00000000 00:00 0 
7f98c8d4c000-7f98c8e4a000 rw-p 00000000 00:00 0 
7f98c8e4a000-7f98c8e4d000 ---p 00000000 00:00 0 
7f98c8e4d000-7f98c8f4b000 rw-p 00000000 00:00 0 
7f98c8f4b000-7f98c8f4e000 ---p 00000000 00:00 0 
7f98c8f4e000-7f98c904c000 rw-p 00000000 00:00 0 
7f98c904c000-7f98c904f000 ---p 00000000 00:00 0 
7f98c904f000-7f98c914d000 rw-p 00000000 00:00 0 
7f98c914d000-7f98c9150000 ---p 00000000 00:00 0 
7f98c9150000-7f98c924e000 rw-p 00000000 00:00 0 
7f98c924e000-7f98c9251000 ---p 00000000 00:00 0 
7f98c9251000-7f98c934f000 rw-p 00000000 00:00 0 
7f98c934f000-7f98c9e8c000 r--p 00000000 08:01 5381162                    /usr/lib/locale/locale-archive
7f98c9e8c000-7f98c9e8f000 ---p 00000000 00:00 0 
7f98c9e8f000-7f98c9f8d000 rw-p 00000000 00:00 0 
7f98c9f8d000-7f98c9f90000 ---p 00000000 00:00 0 
7f98c9f90000-7f98ca08e000 rw-p 00000000 00:00 0 
7f98ca08e000-7f98ca08f000 ---p 00000000 00:00 0 
7f98ca08f000-7f98cbdb2000 rw-p 00000000 00:00 0 
7f98cbdb2000-7f98cbf8a000 r--s 03d2a000 08:01 4202171                    /lib/jvm/jdk1.8.0_111/jre/lib/rt.jar
7f98cbf8a000-7f98cc000000 rw-p 00000000 00:00 0 
7f98cc000000-7f98cc021000 rw-p 00000000 00:00 0 
7f98cc021000-7f98d0000000 ---p 00000000 00:00 0 
7f98d0000000-7f98d0001000 r--s 00005000 08:01 4722170                    /home/cycle/.m2/repository/nz/ac/waikato/cms/weka/thirdparty/java-cup-11b-runtime/2015.03.26/java-cup-11b-runtime-2015.03.26.jar
7f98d0001000-7f98d0003000 r--s 00016000 08:01 4722167                    /home/cycle/.m2/repository/nz/ac/waikato/cms/weka/thirdparty/java-cup-11b/2015.03.26/java-cup-11b-2015.03.26.jar
7f98d0003000-7f98d0005000 r--s 00012000 08:01 4722165                    /home/cycle/.m2/repository/com/github/fracpete/multisearch-weka-package/2016.6.7/multisearch-weka-package-2016.6.7.jar
7f98d0005000-7f98d0020000 r--s 00208000 08:01 4202287                    /lib/jvm/jdk1.8.0_111/jre/lib/deploy.jar
7f98d0020000-7f98d1000000 rw-p 00000000 00:00 0 
7f98d1000000-7f98d1b40000 rwxp 00000000 00:00 0 
7f98d1b40000-7f98e0000000 ---p 00000000 00:00 0 
7f98e0000000-7f98e074d000 rw-p 00000000 00:00 0 
7f98e074d000-7f98e4000000 ---p 00000000 00:00 0 
7f98e4000000-7f98e4003000 r--s 0001d000 08:01 4854774                    /home/cycle/wekafiles/rplugin/pdm-RPlugin-ce-TRUNK-SNAPSHOT.jar
7f98e4003000-7f98e48ce000 rw-p 00000000 00:00 0 
7f98e48ce000-7f98e48cf000 ---p 00000000 00:00 0 
7f98e48cf000-7f98e49cf000 rw-p 00000000 00:00 0 
7f98e49cf000-7f98e49d0000 ---p 00000000 00:00 0 
7f98e49d0000-7f98e4ad0000 rw-p 00000000 00:00 0 
7f98e4ad0000-7f98e4ad1000 ---p 00000000 00:00 0 
7f98e4ad1000-7f98e4bd1000 rw-p 00000000 00:00 0 
7f98e4bd1000-7f98e4bd2000 ---p 00000000 00:00 0 
7f98e4bd2000-7f98e4cd2000 rw-p 00000000 00:00 0 
7f98e4cd2000-7f98e4cd3000 ---p 00000000 00:00 0 
7f98e4cd3000-7f98e4dd3000 rw-p 00000000 00:00 0 
7f98e4dd3000-7f98e4dd4000 ---p 00000000 00:00 0 
7f98e4dd4000-7f98e4ed4000 rw-p 00000000 00:00 0 
7f98e4ed4000-7f98e4ed5000 ---p 00000000 00:00 0 
7f98e4ed5000-7f98e4fd5000 rw-p 00000000 00:00 0 
7f98e4fd5000-7f98e4fd6000 ---p 00000000 00:00 0 
7f98e4fd6000-7f98e5100000 rw-p 00000000 00:00 0 
7f98e5100000-7f98e5b6c000 ---p 00000000 00:00 0 
7f98e5b6c000-7f98e5b96000 rw-p 00000000 00:00 0 
7f98e5b96000-7f98e6601000 ---p 00000000 00:00 0 
7f98e6601000-7f98e6a10000 rw-p 00000000 00:00 0 
7f98e6a10000-7f98e6b4c000 ---p 00000000 00:00 0 
7f98e6b4c000-7f98e6b7a000 rw-p 00000000 00:00 0 
7f98e6b7a000-7f98e6f0d000 ---p 00000000 00:00 0 
7f98e6f0d000-7f98e6f27000 r-xp 00000000 08:01 4202202                    /lib/jvm/jdk1.8.0_111/jre/lib/amd64/libzip.so
7f98e6f27000-7f98e7127000 ---p 0001a000 08:01 4202202                    /lib/jvm/jdk1.8.0_111/jre/lib/amd64/libzip.so
7f98e7127000-7f98e7128000 rw-p 0001a000 08:01 4202202                    /lib/jvm/jdk1.8.0_111/jre/lib/amd64/libzip.so
7f98e7128000-7f98e7133000 r-xp 00000000 08:01 4202347                    /lib/x86_64-linux-gnu/libnss_files-2.23.so
7f98e7133000-7f98e7332000 ---p 0000b000 08:01 4202347                    /lib/x86_64-linux-gnu/libnss_files-2.23.so
7f98e7332000-7f98e7333000 r--p 0000a000 08:01 4202347                    /lib/x86_64-linux-gnu/libnss_files-2.23.so
7f98e7333000-7f98e7334000 rw-p 0000b000 08:01 4202347                    /lib/x86_64-linux-gnu/libnss_files-2.23.so
7f98e7334000-7f98e733a000 rw-p 00000000 00:00 0 
7f98e733a000-7f98e7345000 r-xp 00000000 08:01 4202332                    /lib/x86_64-linux-gnu/libnss_nis-2.23.so
7f98e7345000-7f98e7544000 ---p 0000b000 08:01 4202332                    /lib/x86_64-linux-gnu/libnss_nis-2.23.so
7f98e7544000-7f98e7545000 r--p 0000a000 08:01 4202332                    /lib/x86_64-linux-gnu/libnss_nis-2.23.so
7f98e7545000-7f98e7546000 rw-p 0000b000 08:01 4202332                    /lib/x86_64-linux-gnu/libnss_nis-2.23.so
7f98e7546000-7f98e755c000 r-xp 00000000 08:01 4202343                    /lib/x86_64-linux-gnu/libnsl-2.23.so
7f98e755c000-7f98e775b000 ---p 00016000 08:01 4202343                    /lib/x86_64-linux-gnu/libnsl-2.23.so
7f98e775b000-7f98e775c000 r--p 00015000 08:01 4202343                    /lib/x86_64-linux-gnu/libnsl-2.23.so
7f98e775c000-7f98e775d000 rw-p 00016000 08:01 4202343                    /lib/x86_64-linux-gnu/libnsl-2.23.so
7f98e775d000-7f98e775f000 rw-p 00000000 00:00 0 
7f98e775f000-7f98e7767000 r-xp 00000000 08:01 4202344                    /lib/x86_64-linux-gnu/libnss_compat-2.23.so
7f98e7767000-7f98e7966000 ---p 00008000 08:01 4202344                    /lib/x86_64-linux-gnu/libnss_compat-2.23.so
7f98e7966000-7f98e7967000 r--p 00007000 08:01 4202344                    /lib/x86_64-linux-gnu/libnss_compat-2.23.so
7f98e7967000-7f98e7968000 rw-p 00008000 08:01 4202344                    /lib/x86_64-linux-gnu/libnss_compat-2.23.so
7f98e7968000-7f98e7993000 r-xp 00000000 08:01 4202229                    /lib/jvm/jdk1.8.0_111/jre/lib/amd64/libjava.so
7f98e7993000-7f98e7b92000 ---p 0002b000 08:01 4202229                    /lib/jvm/jdk1.8.0_111/jre/lib/amd64/libjava.so
7f98e7b92000-7f98e7b94000 rw-p 0002a000 08:01 4202229                    /lib/jvm/jdk1.8.0_111/jre/lib/amd64/libjava.so
7f98e7b94000-7f98e7ba1000 r-xp 00000000 08:01 4202180                    /lib/jvm/jdk1.8.0_111/jre/lib/amd64/libverify.so
7f98e7ba1000-7f98e7da0000 ---p 0000d000 08:01 4202180                    /lib/jvm/jdk1.8.0_111/jre/lib/amd64/libverify.so
7f98e7da0000-7f98e7da2000 rw-p 0000c000 08:01 4202180                    /lib/jvm/jdk1.8.0_111/jre/lib/amd64/libverify.so
7f98e7da2000-7f98e7da9000 r-xp 00000000 08:01 4202331                    /lib/x86_64-linux-gnu/librt-2.23.so
7f98e7da9000-7f98e7fa8000 ---p 00007000 08:01 4202331                    /lib/x86_64-linux-gnu/librt-2.23.so
7f98e7fa8000-7f98e7fa9000 r--p 00006000 08:01 4202331                    /lib/x86_64-linux-gnu/librt-2.23.so
7f98e7fa9000-7f98e7faa000 rw-p 00007000 08:01 4202331                    /lib/x86_64-linux-gnu/librt-2.23.so
7f98e7faa000-7f98e80b2000 r-xp 00000000 08:01 4202341                    /lib/x86_64-linux-gnu/libm-2.23.so
7f98e80b2000-7f98e82b1000 ---p 00108000 08:01 4202341                    /lib/x86_64-linux-gnu/libm-2.23.so
7f98e82b1000-7f98e82b2000 r--p 00107000 08:01 4202341                    /lib/x86_64-linux-gnu/libm-2.23.so
7f98e82b2000-7f98e82b3000 rw-p 00108000 08:01 4202341                    /lib/x86_64-linux-gnu/libm-2.23.so
7f98e82b3000-7f98e8f80000 r-xp 00000000 08:01 4202233                    /lib/jvm/jdk1.8.0_111/jre/lib/amd64/server/libjvm.so
7f98e8f80000-7f98e917f000 ---p 00ccd000 08:01 4202233                    /lib/jvm/jdk1.8.0_111/jre/lib/amd64/server/libjvm.so
7f98e917f000-7f98e9258000 rw-p 00ccc000 08:01 4202233                    /lib/jvm/jdk1.8.0_111/jre/lib/amd64/server/libjvm.so
7f98e9258000-7f98e92a3000 rw-p 00000000 00:00 0 
7f98e92a3000-7f98e9462000 r-xp 00000000 08:01 4202336                    /lib/x86_64-linux-gnu/libc-2.23.so
7f98e9462000-7f98e9662000 ---p 001bf000 08:01 4202336                    /lib/x86_64-linux-gnu/libc-2.23.so
7f98e9662000-7f98e9666000 r--p 001bf000 08:01 4202336                    /lib/x86_64-linux-gnu/libc-2.23.so
7f98e9666000-7f98e9668000 rw-p 001c3000 08:01 4202336                    /lib/x86_64-linux-gnu/libc-2.23.so
7f98e9668000-7f98e966c000 rw-p 00000000 00:00 0 
7f98e966c000-7f98e966f000 r-xp 00000000 08:01 4202335                    /lib/x86_64-linux-gnu/libdl-2.23.so
7f98e966f000-7f98e986e000 ---p 00003000 08:01 4202335                    /lib/x86_64-linux-gnu/libdl-2.23.so
7f98e986e000-7f98e986f000 r--p 00002000 08:01 4202335                    /lib/x86_64-linux-gnu/libdl-2.23.so
7f98e986f000-7f98e9870000 rw-p 00003000 08:01 4202335                    /lib/x86_64-linux-gnu/libdl-2.23.so
7f98e9870000-7f98e9885000 r-xp 00000000 08:01 4201314                    /lib/jvm/jdk1.8.0_111/lib/amd64/jli/libjli.so
7f98e9885000-7f98e9a85000 ---p 00015000 08:01 4201314                    /lib/jvm/jdk1.8.0_111/lib/amd64/jli/libjli.so
7f98e9a85000-7f98e9a86000 rw-p 00015000 08:01 4201314                    /lib/jvm/jdk1.8.0_111/lib/amd64/jli/libjli.so
7f98e9a86000-7f98e9a9e000 r-xp 00000000 08:01 4202342                    /lib/x86_64-linux-gnu/libpthread-2.23.so
7f98e9a9e000-7f98e9c9d000 ---p 00018000 08:01 4202342                    /lib/x86_64-linux-gnu/libpthread-2.23.so
7f98e9c9d000-7f98e9c9e000 r--p 00017000 08:01 4202342                    /lib/x86_64-linux-gnu/libpthread-2.23.so
7f98e9c9e000-7f98e9c9f000 rw-p 00018000 08:01 4202342                    /lib/x86_64-linux-gnu/libpthread-2.23.so
7f98e9c9f000-7f98e9ca3000 rw-p 00000000 00:00 0 
7f98e9ca3000-7f98e9cc9000 r-xp 00000000 08:01 4198774                    /lib/x86_64-linux-gnu/ld-2.23.so
7f98e9cc9000-7f98e9ccb000 r--s 00009000 08:01 4465959                    /home/cycle/wekafiles/multiLayerPerceptrons1.0.10/multiLayerPerceptrons.jar
7f98e9ccb000-7f98e9ccd000 r--s 0000b000 08:01 4464048                    /home/cycle/wekafiles/rengine-weka-inject-classes.jar
7f98e9ccd000-7f98e9cd2000 r--s 00046000 08:01 1048652                    /home/cycle/wekafiles/timeseriesForecasting-1.0.24.jar
7f98e9cd2000-7f98e9cd6000 r--s 00097000 08:01 4202123                    /lib/jvm/jdk1.8.0_111/jre/lib/jsse.jar
7f98e9cd6000-7f98e9cdb000 r--s 00084000 08:01 4202278                    /lib/jvm/jdk1.8.0_111/jre/lib/jfr.jar
7f98e9cdb000-7f98e9da2000 rw-p 00000000 00:00 0 
7f98e9da2000-7f98e9da5000 ---p 00000000 00:00 0 
7f98e9da5000-7f98e9ea7000 rw-p 00000000 00:00 0 
7f98e9ea7000-7f98e9ea8000 r--s 00000000 08:01 4202250                    /lib/jvm/jdk1.8.0_111/jre/lib/management-agent.jar
7f98e9ea8000-7f98e9eaa000 r--s 00007000 08:01 4202244                    /lib/jvm/jdk1.8.0_111/jre/lib/jfxswt.jar
7f98e9eaa000-7f98e9ead000 r--s 0001a000 08:01 4202312                    /lib/jvm/jdk1.8.0_111/jre/lib/jce.jar
7f98e9ead000-7f98e9eb7000 r--s 0006c000 08:01 4202286                    /lib/jvm/jdk1.8.0_111/jre/lib/javaws.jar
7f98e9eb7000-7f98e9ebc000 r--s 002f9000 08:01 4202124                    /lib/jvm/jdk1.8.0_111/jre/lib/charsets.jar
7f98e9ebc000-7f98e9ec4000 rw-s 00000000 08:01 1048614                    /tmp/hsperfdata_cycle/12867
7f98e9ec4000-7f98e9ec5000 rw-p 00000000 00:00 0 
7f98e9ec5000-7f98e9ec6000 ---p 00000000 00:00 0 
7f98e9ec6000-7f98e9ec8000 rw-p 00000000 00:00 0 
7f98e9ec8000-7f98e9ec9000 r--p 00025000 08:01 4198774                    /lib/x86_64-linux-gnu/ld-2.23.so
7f98e9ec9000-7f98e9eca000 rw-p 00026000 08:01 4198774                    /lib/x86_64-linux-gnu/ld-2.23.so
7f98e9eca000-7f98e9ecb000 rw-p 00000000 00:00 0 
7ffe0af23000-7ffe0af45000 rw-p 00000000 00:00 0                          [stack]
7ffe0af75000-7ffe0af77000 r--p 00000000 00:00 0                          [vvar]
7ffe0af77000-7ffe0af79000 r-xp 00000000 00:00 0                          [vdso]
ffffffffff600000-ffffffffff601000 r-xp 00000000 00:00 0                  [vsyscall]

VM Arguments:
jvm_args: -Xmx8128m -Didea.launcher.port=7534 -Didea.launcher.bin.path=/home/cycle/programs/idea-IU-163.10154.41/bin -Dfile.encoding=UTF-8 
java_command: com.intellij.rt.execution.application.AppMain src.normalInput
java_class_path (initial): /lib/jvm/jdk1.8.0_111/jre/lib/charsets.jar:/lib/jvm/jdk1.8.0_111/jre/lib/deploy.jar:/lib/jvm/jdk1.8.0_111/jre/lib/ext/cldrdata.jar:/lib/jvm/jdk1.8.0_111/jre/lib/ext/dnsns.jar:/lib/jvm/jdk1.8.0_111/jre/lib/ext/jaccess.jar:/lib/jvm/jdk1.8.0_111/jre/lib/ext/jfxrt.jar:/lib/jvm/jdk1.8.0_111/jre/lib/ext/localedata.jar:/lib/jvm/jdk1.8.0_111/jre/lib/ext/nashorn.jar:/lib/jvm/jdk1.8.0_111/jre/lib/ext/sunec.jar:/lib/jvm/jdk1.8.0_111/jre/lib/ext/sunjce_provider.jar:/lib/jvm/jdk1.8.0_111/jre/lib/ext/sunpkcs11.jar:/lib/jvm/jdk1.8.0_111/jre/lib/ext/zipfs.jar:/lib/jvm/jdk1.8.0_111/jre/lib/javaws.jar:/lib/jvm/jdk1.8.0_111/jre/lib/jce.jar:/lib/jvm/jdk1.8.0_111/jre/lib/jfr.jar:/lib/jvm/jdk1.8.0_111/jre/lib/jfxswt.jar:/lib/jvm/jdk1.8.0_111/jre/lib/jsse.jar:/lib/jvm/jdk1.8.0_111/jre/lib/management-agent.jar:/lib/jvm/jdk1.8.0_111/jre/lib/plugin.jar:/lib/jvm/jdk1.8.0_111/jre/lib/resources.jar:/lib/jvm/jdk1.8.0_111/jre/lib/rt.jar:/home/cycle/workspace/wekaforecasting-new-features/target/classes:/home/cycle/wekafiles/timeseriesForecasting-1.0.24.jar:/home/cycle/wekafiles/rengine-weka-inject-classes.jar:/home/cycle/wekafiles/rplugin/pdm-RPlugin-ce-TRUNK-SNAPSHOT.jar:/home/cycle/wekafiles/multiLayerPerceptrons1.0.10/multiLayerPerceptrons.jar:/home/cycle/.m2/repository/org/jfree/jfreechart/1.0.19/jfreechart-1.0.19.jar:/home/cycle/.m2/repository/org/jfree/jcommon/1.0.23/jcommon-1.0.23.jar:/home/cycle/.m2/repository/com/github/fracpete/multisearch-weka-package/2016.6.7/multisearch-weka-package-2016.6.7.jar:/home/cycle/.m2/repository/nz/ac/waikato/cms/weka/weka-dev/3.9.1/weka-dev-3.9.1.jar:/home/cycle/.m2/repository/nz/ac/waikato/cms/weka/thirdparty/java-cup-11b/2015.03.26/java-cup-11b-2015.03.26.jar:/home/cycle/.m2/repository/nz/ac/waikato/cms/weka/thirdparty/java-cup-11b-runtime/2015.03.26/java-cup-11b-runtime-2015.03.26.jar:/home/cycle/.m2/repository/nz/ac/waikato/cms/weka/thirdparty/bounce/0.18/bounce-0.18.jar:/home/cycle/.m2/repository/com/googlecode/matrix-toolk
Launcher Type: SUN_STANDARD

Environment Variables:
PATH=/home/cycle/bin:/home/cycle/.local/bin:/usr/local/sbin:/usr/local/bin:/usr/sbin:/usr/bin:/sbin:/bin:/usr/games:/usr/local/games:/snap/bin
LD_LIBRARY_PATH=/home/cycle/programs/idea-IU-163.10154.41/bin:
SHELL=/bin/bash
DISPLAY=:0

Signal Handlers:
SIGSEGV: [libjvm.so+0xac64b0], sa_mask[0]=11111111011111111101111111111110, sa_flags=SA_RESTART|SA_SIGINFO
SIGBUS: [libjvm.so+0xac64b0], sa_mask[0]=11111111011111111101111111111110, sa_flags=SA_RESTART|SA_SIGINFO
SIGFPE: [libjvm.so+0x91f950], sa_mask[0]=11111111011111111101111111111110, sa_flags=SA_RESTART|SA_SIGINFO
SIGPIPE: [libjvm.so+0x91f950], sa_mask[0]=11111111011111111101111111111110, sa_flags=SA_RESTART|SA_SIGINFO
SIGXFSZ: [libjvm.so+0x91f950], sa_mask[0]=11111111011111111101111111111110, sa_flags=SA_RESTART|SA_SIGINFO
SIGILL: [libjvm.so+0x91f950], sa_mask[0]=11111111011111111101111111111110, sa_flags=SA_RESTART|SA_SIGINFO
SIGUSR1: SIG_DFL, sa_mask[0]=00000000000000000000000000000000, sa_flags=none
SIGUSR2: [libjvm.so+0x920f80], sa_mask[0]=00100000000000000000000000000000, sa_flags=SA_RESTART|SA_SIGINFO
SIGHUP: [libjvm.so+0x922380], sa_mask[0]=11111111011111111101111111111110, sa_flags=SA_RESTART|SA_SIGINFO
SIGINT: [libjvm.so+0x922380], sa_mask[0]=11111111011111111101111111111110, sa_flags=SA_RESTART|SA_SIGINFO
SIGTERM: [libjvm.so+0x922380], sa_mask[0]=11111111011111111101111111111110, sa_flags=SA_RESTART|SA_SIGINFO
SIGQUIT: [libjvm.so+0x922380], sa_mask[0]=11111111011111111101111111111110, sa_flags=SA_RESTART|SA_SIGINFO


---------------  S Y S T E M  ---------------

OS:DISTRIB_ID=Ubuntu
DISTRIB_RELEASE=16.04
DISTRIB_CODENAME=xenial
DISTRIB_DESCRIPTION="Ubuntu 16.04.1 LTS"

uname:Linux 4.4.0-59-generic #80-Ubuntu SMP Fri Jan 6 17:47:47 UTC 2017 x86_64
libc:glibc 2.23 NPTL 2.23 
rlimit: STACK 8192k, CORE 0k, NPROC 31299, NOFILE 65536, AS infinity
load average:1,76 1,41 1,19

/proc/meminfo:
MemTotal:        8057804 kB
MemFree:          158108 kB
MemAvailable:     440928 kB
Buffers:           70060 kB
Cached:           549668 kB
SwapCached:            0 kB
Active:          7259120 kB
Inactive:         379152 kB
Active(anon):    7020188 kB
Inactive(anon):   144608 kB
Active(file):     238932 kB
Inactive(file):   234544 kB
Unevictable:          32 kB
Mlocked:              32 kB
SwapTotal:             0 kB
SwapFree:              0 kB
Dirty:              8836 kB
Writeback:             0 kB
AnonPages:       6985356 kB
Mapped:           397636 kB
Shmem:            147064 kB
Slab:             103140 kB
SReclaimable:      59536 kB
SUnreclaim:        43604 kB
KernelStack:       11488 kB
PageTables:        46516 kB
NFS_Unstable:          0 kB
Bounce:                0 kB
WritebackTmp:          0 kB
CommitLimit:     4028900 kB
Committed_AS:   11773160 kB
VmallocTotal:   34359738367 kB
VmallocUsed:           0 kB
VmallocChunk:          0 kB
HardwareCorrupted:     0 kB
AnonHugePages:   4081664 kB
CmaTotal:              0 kB
CmaFree:               0 kB
HugePages_Total:       0
HugePages_Free:        0
HugePages_Rsvd:        0
HugePages_Surp:        0
Hugepagesize:       2048 kB
DirectMap4k:      266216 kB
DirectMap2M:     8005632 kB


CPU:total 8 (4 cores per cpu, 2 threads per core) family 6 model 58 stepping 9, cmov, cx8, fxsr, mmx, sse, sse2, sse3, ssse3, sse4.1, sse4.2, popcnt, avx, aes, clmul, erms, ht, tsc, tscinvbit, tscinv

/proc/cpuinfo:
processor	: 0
vendor_id	: GenuineIntel
cpu family	: 6
model		: 58
model name	: Intel(R) Core(TM) i7-3630QM CPU @ 2.40GHz
stepping	: 9
microcode	: 0x15
cpu MHz		: 3209.906
cache size	: 6144 KB
physical id	: 0
siblings	: 8
core id		: 0
cpu cores	: 4
apicid		: 0
initial apicid	: 0
fpu		: yes
fpu_exception	: yes
cpuid level	: 13
wp		: yes
flags		: fpu vme de pse tsc msr pae mce cx8 apic sep mtrr pge mca cmov pat pse36 clflush dts acpi mmx fxsr sse sse2 ss ht tm pbe syscall nx rdtscp lm constant_tsc arch_perfmon pebs bts rep_good nopl xtopology nonstop_tsc aperfmperf eagerfpu pni pclmulqdq dtes64 monitor ds_cpl vmx est tm2 ssse3 cx16 xtpr pdcm pcid sse4_1 sse4_2 x2apic popcnt tsc_deadline_timer aes xsave avx f16c rdrand lahf_lm epb tpr_shadow vnmi flexpriority ept vpid fsgsbase smep erms xsaveopt dtherm ida arat pln pts
bugs		:
bogomips	: 4789.37
clflush size	: 64
cache_alignment	: 64
address sizes	: 36 bits physical, 48 bits virtual
power management:

processor	: 1
vendor_id	: GenuineIntel
cpu family	: 6
model		: 58
model name	: Intel(R) Core(TM) i7-3630QM CPU @ 2.40GHz
stepping	: 9
microcode	: 0x15
cpu MHz		: 3194.625
cache size	: 6144 KB
physical id	: 0
siblings	: 8
core id		: 1
cpu cores	: 4
apicid		: 2
initial apicid	: 2
fpu		: yes
fpu_exception	: yes
cpuid level	: 13
wp		: yes
flags		: fpu vme de pse tsc msr pae mce cx8 apic sep mtrr pge mca cmov pat pse36 clflush dts acpi mmx fxsr sse sse2 ss ht tm pbe syscall nx rdtscp lm constant_tsc arch_perfmon pebs bts rep_good nopl xtopology nonstop_tsc aperfmperf eagerfpu pni pclmulqdq dtes64 monitor ds_cpl vmx est tm2 ssse3 cx16 xtpr pdcm pcid sse4_1 sse4_2 x2apic popcnt tsc_deadline_timer aes xsave avx f16c rdrand lahf_lm epb tpr_shadow vnmi flexpriority ept vpid fsgsbase smep erms xsaveopt dtherm ida arat pln pts
bugs		:
bogomips	: 4789.37
clflush size	: 64
cache_alignment	: 64
address sizes	: 36 bits physical, 48 bits virtual
power management:

processor	: 2
vendor_id	: GenuineIntel
cpu family	: 6
model		: 58
model name	: Intel(R) Core(TM) i7-3630QM CPU @ 2.40GHz
stepping	: 9
microcode	: 0x15
cpu MHz		: 3202.687
cache size	: 6144 KB
physical id	: 0
siblings	: 8
core id		: 2
cpu cores	: 4
apicid		: 4
initial apicid	: 4
fpu		: yes
fpu_exception	: yes
cpuid level	: 13
wp		: yes
flags		: fpu vme de pse tsc msr pae mce cx8 apic sep mtrr pge mca cmov pat pse36 clflush dts acpi mmx fxsr sse sse2 ss ht tm pbe syscall nx rdtscp lm constant_tsc arch_perfmon pebs bts rep_good nopl xtopology nonstop_tsc aperfmperf eagerfpu pni pclmulqdq dtes64 monitor ds_cpl vmx est tm2 ssse3 cx16 xtpr pdcm pcid sse4_1 sse4_2 x2apic popcnt tsc_deadline_timer aes xsave avx f16c rdrand lahf_lm epb tpr_shadow vnmi flexpriority ept vpid fsgsbase smep erms xsaveopt dtherm ida arat pln pts
bugs		:
bogomips	: 4789.37
clflush size	: 64
cache_alignment	: 64
address sizes	: 36 bits physical, 48 bits virtual
power management:

processor	: 3
vendor_id	: GenuineIntel
cpu family	: 6
model		: 58
model name	: Intel(R) Core(TM) i7-3630QM CPU @ 2.40GHz
stepping	: 9
microcode	: 0x15
cpu MHz		: 3199.968
cache size	: 6144 KB
physical id	: 0
siblings	: 8
core id		: 3
cpu cores	: 4
apicid		: 6
initial apicid	: 6
fpu		: yes
fpu_exception	: yes
cpuid level	: 13
wp		: yes
flags		: fpu vme de pse tsc msr pae mce cx8 apic sep mtrr pge mca cmov pat pse36 clflush dts acpi mmx fxsr sse sse2 ss ht tm pbe syscall nx rdtscp lm constant_tsc arch_perfmon pebs bts rep_good nopl xtopology nonstop_tsc aperfmperf eagerfpu pni pclmulqdq dtes64 monitor ds_cpl vmx est tm2 ssse3 cx16 xtpr pdcm pcid sse4_1 sse4_2 x2apic popcnt tsc_deadline_timer aes xsave avx f16c rdrand lahf_lm epb tpr_shadow vnmi flexpriority ept vpid fsgsbase smep erms xsaveopt dtherm ida arat pln pts
bugs		:
bogomips	: 4789.37
clflush size	: 64
cache_alignment	: 64
address sizes	: 36 bits physical, 48 bits virtual
power management:

processor	: 4
vendor_id	: GenuineIntel
cpu family	: 6
model		: 58
model name	: Intel(R) Core(TM) i7-3630QM CPU @ 2.40GHz
stepping	: 9
microcode	: 0x15
cpu MHz		: 3027.562
cache size	: 6144 KB
physical id	: 0
siblings	: 8
core id		: 0
cpu cores	: 4
apicid		: 1
initial apicid	: 1
fpu		: yes
fpu_exception	: yes
cpuid level	: 13
wp		: yes
flags		: fpu vme de pse tsc msr pae mce cx8 apic sep mtrr pge mca cmov pat pse36 clflush dts acpi mmx fxsr sse sse2 ss ht tm pbe syscall nx rdtscp lm constant_tsc arch_perfmon pebs bts rep_good nopl xtopology nonstop_tsc aperfmperf eagerfpu pni pclmulqdq dtes64 monitor ds_cpl vmx est tm2 ssse3 cx16 xtpr pdcm pcid sse4_1 sse4_2 x2apic popcnt tsc_deadline_timer aes xsave avx f16c rdrand lahf_lm epb tpr_shadow vnmi flexpriority ept vpid fsgsbase smep erms xsaveopt dtherm ida arat pln pts
bugs		:
bogomips	: 4789.37
clflush size	: 64
cache_alignment	: 64
address sizes	: 36 bits physical, 48 bits virtual
power management:

processor	: 5
vendor_id	: GenuineIntel
cpu family	: 6
model		: 58
model name	: Intel(R) Core(TM) i7-3630QM CPU @ 2.40GHz
stepping	: 9
microcode	: 0x15
cpu MHz		: 3247.125
cache size	: 6144 KB
physical id	: 0
siblings	: 8
core id		: 1
cpu cores	: 4
apicid		: 3
initial apicid	: 3
fpu		: yes
fpu_exception	: yes
cpuid level	: 13
wp		: yes
flags		: fpu vme de pse tsc msr pae mce cx8 apic sep mtrr pge mca cmov pat pse36 clflush dts acpi mmx fxsr sse sse2 ss ht tm pbe syscall nx rdtscp lm constant_tsc arch_perfmon pebs bts rep_good nopl xtopology nonstop_tsc aperfmperf eagerfpu pni pclmulqdq dtes64 monitor ds_cpl vmx est tm2 ssse3 cx16 xtpr pdcm pcid sse4_1 sse4_2 x2apic popcnt tsc_deadline_timer aes xsave avx f16c rdrand lahf_lm epb tpr_shadow vnmi flexpriority ept vpid fsgsbase smep erms xsaveopt dtherm ida arat pln pts
bugs		:
bogomips	: 4789.37
clflush size	: 64
cache_alignment	: 64
address sizes	: 36 bits physical, 48 bits virtual
power management:

processor	: 6
vendor_id	: GenuineIntel
cpu family	: 6
model		: 58
model name	: Intel(R) Core(TM) i7-3630QM CPU @ 2.40GHz
stepping	: 9
microcode	: 0x15
cpu MHz		: 3116.343
cache size	: 6144 KB
physical id	: 0
siblings	: 8
core id		: 2
cpu cores	: 4
apicid		: 5
initial apicid	: 5
fpu		: yes
fpu_exception	: yes
cpuid level	: 13
wp		: yes
flags		: fpu vme de pse tsc msr pae mce cx8 apic sep mtrr pge mca cmov pat pse36 clflush dts acpi mmx fxsr sse sse2 ss ht tm pbe syscall nx rdtscp lm constant_tsc arch_perfmon pebs bts rep_good nopl xtopology nonstop_tsc aperfmperf eagerfpu pni pclmulqdq dtes64 monitor ds_cpl vmx est tm2 ssse3 cx16 xtpr pdcm pcid sse4_1 sse4_2 x2apic popcnt tsc_deadline_timer aes xsave avx f16c rdrand lahf_lm epb tpr_shadow vnmi flexpriority ept vpid fsgsbase smep erms xsaveopt dtherm ida arat pln pts
bugs		:
bogomips	: 4789.37
clflush size	: 64
cache_alignment	: 64
address sizes	: 36 bits physical, 48 bits virtual
power management:

processor	: 7
vendor_id	: GenuineIntel
cpu family	: 6
model		: 58
model name	: Intel(R) Core(TM) i7-3630QM CPU @ 2.40GHz
stepping	: 9
microcode	: 0x15
cpu MHz		: 3099.656
cache size	: 6144 KB
physical id	: 0
siblings	: 8
core id		: 3
cpu cores	: 4
apicid		: 7
initial apicid	: 7
fpu		: yes
fpu_exception	: yes
cpuid level	: 13
wp		: yes
flags		: fpu vme de pse tsc msr pae mce cx8 apic sep mtrr pge mca cmov pat pse36 clflush dts acpi mmx fxsr sse sse2 ss ht tm pbe syscall nx rdtscp lm constant_tsc arch_perfmon pebs bts rep_good nopl xtopology nonstop_tsc aperfmperf eagerfpu pni pclmulqdq dtes64 monitor ds_cpl vmx est tm2 ssse3 cx16 xtpr pdcm pcid sse4_1 sse4_2 x2apic popcnt tsc_deadline_timer aes xsave avx f16c rdrand lahf_lm epb tpr_shadow vnmi flexpriority ept vpid fsgsbase smep erms xsaveopt dtherm ida arat pln pts
bugs		:
bogomips	: 4789.37
clflush size	: 64
cache_alignment	: 64
address sizes	: 36 bits physical, 48 bits virtual
power management:



Memory: 4k page, physical 8057804k(158108k free), swap 0k(0k free)

vm_info: Java HotSpot(TM) 64-Bit Server VM (25.111-b14) for linux-amd64 JRE (1.8.0_111-b14), built on Sep 22 2016 16:14:03 by "java_re" with gcc 4.3.0 20080428 (Red Hat 4.3.0-8)

time: Thu Jan 26 15:38:00 2017
elapsed time: 12 seconds (0d 0h 0m 12s)

