#
# There is insufficient memory for the Java Runtime Environment to continue.
# Native memory allocation (malloc) failed to allocate 1528299520 bytes for committing reserved memory.
# Possible reasons:
#   The system is out of physical RAM or swap space
#   In 32 bit mode, the process size limit was hit
# Possible solutions:
#   Reduce memory load on the system
#   Increase physical memory or swap space
#   Check if swap backing store is full
#   Use 64 bit Java on a 64 bit OS
#   Decrease Java heap size (-Xmx/-Xms)
#   Decrease number of Java threads
#   Decrease Java thread stack sizes (-Xss)
#   Set larger code cache with -XX:ReservedCodeCacheSize=
# This output file may be truncated or incomplete.
#
#  Out of Memory Error (os_linux.cpp:2827), pid=23622, tid=140640145229568
#
# JRE version: OpenJDK Runtime Environment (7.0_121) (build 1.7.0_121-b00)
# Java VM: OpenJDK 64-Bit Server VM (24.121-b00 mixed mode linux-amd64 compressed oops)
# Derivative: IcedTea 2.6.8
# Distribution: Ubuntu 14.04 LTS, package 7u121-2.6.8-1ubuntu0.14.04.1
# Failed to write core dump. Core dumps have been disabled. To enable core dumping, try "ulimit -c unlimited" before starting Java again
#

---------------  T H R E A D  ---------------

Current thread (0x00007fe960076000):  VMThread [stack: 0x00007fe955d5c000,0x00007fe955e5d000] [id=23628]

Stack: [0x00007fe955d5c000,0x00007fe955e5d000],  sp=0x00007fe955e5b490,  free space=1021k
Native frames: (J=compiled Java code, j=interpreted, Vv=VM code, C=native code)
V  [libjvm.so+0x95d825]
V  [libjvm.so+0x497994]
V  [libjvm.so+0x7d692b]
V  [libjvm.so+0x7d12ef]
V  [libjvm.so+0x8465eb]
V  [libjvm.so+0x835e8b]
V  [libjvm.so+0x83604b]
V  [libjvm.so+0x836f78]
V  [libjvm.so+0x83d884]
V  [libjvm.so+0x843eed]
V  [libjvm.so+0x7f9443]
V  [libjvm.so+0x95f234]
V  [libjvm.so+0x963337]
V  [libjvm.so+0x961df8]
V  [libjvm.so+0x962259]
V  [libjvm.so+0x9626a2]
V  [libjvm.so+0x7d3722]

VM_Operation (0x00007fe96a205df0): ParallelGCFailedAllocation, mode: safepoint, requested by thread 0x00007fe96000a800


---------------  P R O C E S S  ---------------

Java Threads: ( => current thread )
  0x00007fe9602d2000 JavaThread "Monitor Ctrl-Break" daemon [_thread_in_native, id=23636, stack(0x00007fe954a40000,0x00007fe954b41000)]
  0x00007fe9600af000 JavaThread "Service Thread" daemon [_thread_blocked, id=23634, stack(0x00007fe954efc000,0x00007fe954ffd000)]
  0x00007fe9600ac800 JavaThread "C2 CompilerThread1" daemon [_thread_blocked, id=23633, stack(0x00007fe954ffd000,0x00007fe9550fe000)]
  0x00007fe9600a9800 JavaThread "C2 CompilerThread0" daemon [_thread_blocked, id=23632, stack(0x00007fe9550fe000,0x00007fe9551ff000)]
  0x00007fe9600a7800 JavaThread "Signal Dispatcher" daemon [_thread_blocked, id=23631, stack(0x00007fe9551ff000,0x00007fe955300000)]
  0x00007fe96007c800 JavaThread "Finalizer" daemon [_thread_blocked, id=23630, stack(0x00007fe955b5a000,0x00007fe955c5b000)]
  0x00007fe96007a800 JavaThread "Reference Handler" daemon [_thread_blocked, id=23629, stack(0x00007fe955c5b000,0x00007fe955d5c000)]
  0x00007fe96000a800 JavaThread "main" [_thread_blocked, id=23623, stack(0x00007fe96a107000,0x00007fe96a208000)]

Other Threads:
=>0x00007fe960076000 VMThread [stack: 0x00007fe955d5c000,0x00007fe955e5d000] [id=23628]
  0x00007fe9600b9800 WatcherThread [stack: 0x00007fe954dfb000,0x00007fe954efc000] [id=23635]

VM state:at safepoint (normal execution)

VM Mutex/Monitor currently owned by a thread:  ([mutex/lock_event])
[0x00007fe960008910] ExpandHeap_lock - owner thread: 0x00007fe960076000
[0x00007fe960008f90] Threads_lock - owner thread: 0x00007fe960076000
[0x00007fe960009490] Heap_lock - owner thread: 0x00007fe96000a800

Heap
 PSYoungGen      total 2844160K, used 371826K [0x00000006c7800000, 0x00000007c8200000, 0x0000000800000000)
  eden space 1615872K, 0% used [0x00000006c7800000,0x00000006c7800000,0x000000072a200000)
  from space 1228288K, 30% used [0x000000072a200000,0x0000000740d1cb90,0x0000000775180000)
  to   space 1174016K, 0% used [0x0000000780780000,0x0000000780780000,0x00000007c8200000)
 ParOldGen       total 7286784K, used 7286701K [0x0000000456800000, 0x0000000613400000, 0x00000006c7800000)
  object space 7286784K, 99% used [0x0000000456800000,0x00000006133eb570,0x0000000613400000)
 PSPermGen       total 21504K, used 8375K [0x000000044c200000, 0x000000044d700000, 0x0000000456800000)
  object space 21504K, 38% used [0x000000044c200000,0x000000044ca2dcc0,0x000000044d700000)

Card table byte_map: [0x00007fe95e260000,0x00007fe960000000] byte_map_base: 0x00007fe95bfff000

Polling page: 0x00007fe96a24a000

Code Cache  [0x00007fe964593000, 0x00007fe964803000, 0x00007fe967593000)
 total_blobs=621 nmethods=302 adapters=272 free_code_cache=48087Kb largest_free_block=49204160

Compilation events (10 events):
Event: 14,548 Thread 0x00007fe9600a9800  337             java.lang.Boolean::toBoolean (19 bytes)
Event: 14,549 Thread 0x00007fe9600a9800 nmethod 337 0x00007fe96461c710 code [0x00007fe96461c860, 0x00007fe96461c948]
Event: 14,551 Thread 0x00007fe9600ac800  338             java.lang.Boolean::parseBoolean (5 bytes)
Event: 14,552 Thread 0x00007fe9600ac800 nmethod 338 0x00007fe964671f50 code [0x00007fe9646720a0, 0x00007fe964672188]
Event: 19,070 Thread 0x00007fe9600a9800  339             java.lang.Character::charCount (12 bytes)
Event: 19,070 Thread 0x00007fe9600ac800  340             java.lang.Character::isHighSurrogate (18 bytes)
Event: 19,071 Thread 0x00007fe9600a9800 nmethod 339 0x00007fe96461c510 code [0x00007fe96461c640, 0x00007fe96461c698]
Event: 19,071 Thread 0x00007fe9600ac800 nmethod 340 0x00007fe964664ed0 code [0x00007fe964665000, 0x00007fe964665058]
Event: 19,292 Thread 0x00007fe9600a9800  341             java.util.Properties::getProperty (16 bytes)
Event: 19,297 Thread 0x00007fe9600a9800 nmethod 341 0x00007fe9646711d0 code [0x00007fe964671380, 0x00007fe964671808]

GC Heap History (10 events):
Event: 17,840 GC heap after
Heap after GC invocations=36 (full 10):
 PSYoungGen      total 2604032K, used 549127K [0x00000006c7800000, 0x00000007a5a00000, 0x0000000800000000)
  eden space 1626112K, 0% used [0x00000006c7800000,0x00000006c7800000,0x000000072ac00000)
  from space 977920K, 56% used [0x0000000769f00000,0x000000078b741e18,0x00000007a5a00000)
  to   space 1006592K, 0% used [0x000000072ac00000,0x000000072ac00000,0x0000000768300000)
 ParOldGen       total 6224384K, used 5546236K [0x0000000456800000, 0x00000005d2680000, 0x00000006c7800000)
  object space 6224384K, 89% used [0x0000000456800000,0x00000005a903f070,0x00000005d2680000)
 PSPermGen       total 21504K, used 8374K [0x000000044c200000, 0x000000044d700000, 0x0000000456800000)
  object space 21504K, 38% used [0x000000044c200000,0x000000044ca2db20,0x000000044d700000)
}
Event: 17,840 GC heap before
{Heap before GC invocations=37 (full 11):
 PSYoungGen      total 2604032K, used 549127K [0x00000006c7800000, 0x00000007a5a00000, 0x0000000800000000)
  eden space 1626112K, 0% used [0x00000006c7800000,0x00000006c7800000,0x000000072ac00000)
  from space 977920K, 56% used [0x0000000769f00000,0x000000078b741e18,0x00000007a5a00000)
  to   space 1006592K, 0% used [0x000000072ac00000,0x000000072ac00000,0x0000000768300000)
 ParOldGen       total 6224384K, used 5546236K [0x0000000456800000, 0x00000005d2680000, 0x00000006c7800000)
  object space 6224384K, 89% used [0x0000000456800000,0x00000005a903f070,0x00000005d2680000)
 PSPermGen       total 21504K, used 8374K [0x000000044c200000, 0x000000044d700000, 0x0000000456800000)
  object space 21504K, 38% used [0x000000044c200000,0x000000044ca2db20,0x000000044d700000)
Event: 18,475 GC heap after
Heap after GC invocations=37 (full 11):
 PSYoungGen      total 2604032K, used 0K [0x00000006c7800000, 0x00000007a5a00000, 0x0000000800000000)
  eden space 1626112K, 0% used [0x00000006c7800000,0x00000006c7800000,0x000000072ac00000)
  from space 977920K, 0% used [0x0000000769f00000,0x0000000769f00000,0x00000007a5a00000)
  to   space 1006592K, 0% used [0x000000072ac00000,0x000000072ac00000,0x0000000768300000)
 ParOldGen       total 7286784K, used 6020768K [0x0000000456800000, 0x0000000613400000, 0x00000006c7800000)
  object space 7286784K, 82% used [0x0000000456800000,0x00000005c5fa8018,0x0000000613400000)
 PSPermGen       total 21504K, used 8374K [0x000000044c200000, 0x000000044d700000, 0x0000000456800000)
  object space 21504K, 38% used [0x000000044c200000,0x000000044ca2db20,0x000000044d700000)
}
Event: 18,959 GC heap before
{Heap before GC invocations=38 (full 11):
 PSYoungGen      total 2604032K, used 1626112K [0x00000006c7800000, 0x00000007a5a00000, 0x0000000800000000)
  eden space 1626112K, 100% used [0x00000006c7800000,0x000000072ac00000,0x000000072ac00000)
  from space 977920K, 0% used [0x0000000769f00000,0x0000000769f00000,0x00000007a5a00000)
  to   space 1006592K, 0% used [0x000000072ac00000,0x000000072ac00000,0x0000000768300000)
 ParOldGen       total 7286784K, used 6020768K [0x0000000456800000, 0x0000000613400000, 0x00000006c7800000)
  object space 7286784K, 82% used [0x0000000456800000,0x00000005c5fa8018,0x0000000613400000)
 PSPermGen       total 21504K, used 8374K [0x000000044c200000, 0x000000044d700000, 0x0000000456800000)
  object space 21504K, 38% used [0x000000044c200000,0x000000044ca2db20,0x000000044d700000)
Event: 19,069 GC heap after
Heap after GC invocations=38 (full 11):
 PSYoungGen      total 2632704K, used 621931K [0x00000006c7800000, 0x00000007b3380000, 0x0000000800000000)
  eden space 1626112K, 0% used [0x00000006c7800000,0x00000006c7800000,0x000000072ac00000)
  from space 1006592K, 61% used [0x000000072ac00000,0x0000000750b5ae78,0x0000000768300000)
  to   space 1017856K, 0% used [0x0000000775180000,0x0000000775180000,0x00000007b3380000)
 ParOldGen       total 7286784K, used 6020768K [0x0000000456800000, 0x0000000613400000, 0x00000006c7800000)
  object space 7286784K, 82% used [0x0000000456800000,0x00000005c5fa8018,0x0000000613400000)
 PSPermGen       total 21504K, used 8374K [0x000000044c200000, 0x000000044d700000, 0x0000000456800000)
  object space 21504K, 38% used [0x000000044c200000,0x000000044ca2db20,0x000000044d700000)
}
Event: 19,545 GC heap before
{Heap before GC invocations=39 (full 11):
 PSYoungGen      total 2632704K, used 2248043K [0x00000006c7800000, 0x00000007b3380000, 0x0000000800000000)
  eden space 1626112K, 100% used [0x00000006c7800000,0x000000072ac00000,0x000000072ac00000)
  from space 1006592K, 61% used [0x000000072ac00000,0x0000000750b5ae78,0x0000000768300000)
  to   space 1017856K, 0% used [0x0000000775180000,0x0000000775180000,0x00000007b3380000)
 ParOldGen       total 7286784K, used 6020768K [0x0000000456800000, 0x0000000613400000, 0x00000006c7800000)
  object space 7286784K, 82% used [0x0000000456800000,0x00000005c5fa8018,0x0000000613400000)
 PSPermGen       total 21504K, used 8375K [0x000000044c200000, 0x000000044d700000, 0x0000000456800000)
  object space 21504K, 38% used [0x000000044c200000,0x000000044ca2dcc0,0x000000044d700000)
Event: 19,903 GC heap after
Heap after GC invocations=39 (full 11):
 PSYoungGen      total 2633728K, used 1017831K [0x00000006c7800000, 0x00000007ce200000, 0x0000000800000000)
  eden space 1615872K, 0% used [0x00000006c7800000,0x00000006c7800000,0x000000072a200000)
  from space 1017856K, 99% used [0x0000000775180000,0x00000007b3379ec0,0x00000007b3380000)
  to   space 1228288K, 0% used [0x000000072a200000,0x000000072a200000,0x0000000775180000)
 ParOldGen       total 7286784K, used 6180139K [0x0000000456800000, 0x0000000613400000, 0x00000006c7800000)
  object space 7286784K, 84% used [0x0000000456800000,0x00000005cfb4afc0,0x0000000613400000)
 PSPermGen       total 21504K, used 8375K [0x000000044c200000, 0x000000044d700000, 0x0000000456800000)
  object space 21504K, 38% used [0x000000044c200000,0x000000044ca2dcc0,0x000000044d700000)
}
Event: 20,375 GC heap before
{Heap before GC invocations=40 (full 11):
 PSYoungGen      total 2633728K, used 2633703K [0x00000006c7800000, 0x00000007ce200000, 0x0000000800000000)
  eden space 1615872K, 100% used [0x00000006c7800000,0x000000072a200000,0x000000072a200000)
  from space 1017856K, 99% used [0x0000000775180000,0x00000007b3379ec0,0x00000007b3380000)
  to   space 1228288K, 0% used [0x000000072a200000,0x000000072a200000,0x0000000775180000)
 ParOldGen       total 7286784K, used 6180139K [0x0000000456800000, 0x0000000613400000, 0x00000006c7800000)
  object space 7286784K, 84% used [0x0000000456800000,0x00000005cfb4afc0,0x0000000613400000)
 PSPermGen       total 21504K, used 8375K [0x000000044c200000, 0x000000044d700000, 0x0000000456800000)
  object space 21504K, 38% used [0x000000044c200000,0x000000044ca2dcc0,0x000000044d700000)
Event: 20,899 GC heap after
Heap after GC invocations=40 (full 11):
 PSYoungGen      total 2844160K, used 572004K [0x00000006c7800000, 0x00000007c8200000, 0x0000000800000000)
  eden space 1615872K, 0% used [0x00000006c7800000,0x00000006c7800000,0x000000072a200000)
  from space 1228288K, 46% used [0x000000072a200000,0x000000074d099098,0x0000000775180000)
  to   space 1174016K, 0% used [0x0000000780780000,0x0000000780780000,0x00000007c8200000)
 ParOldGen       total 7286784K, used 7104417K [0x0000000456800000, 0x0000000613400000, 0x00000006c7800000)
  object space 7286784K, 97% used [0x0000000456800000,0x00000006081e8518,0x0000000613400000)
 PSPermGen       total 21504K, used 8375K [0x000000044c200000, 0x000000044d700000, 0x0000000456800000)
  object space 21504K, 38% used [0x000000044c200000,0x000000044ca2dcc0,0x000000044d700000)
}
Event: 20,899 GC heap before
{Heap before GC invocations=41 (full 12):
 PSYoungGen      total 2844160K, used 572004K [0x00000006c7800000, 0x00000007c8200000, 0x0000000800000000)
  eden space 1615872K, 0% used [0x00000006c7800000,0x00000006c7800000,0x000000072a200000)
  from space 1228288K, 46% used [0x000000072a200000,0x000000074d099098,0x0000000775180000)
  to   space 1174016K, 0% used [0x0000000780780000,0x0000000780780000,0x00000007c8200000)
 ParOldGen       total 7286784K, used 7104417K [0x0000000456800000, 0x0000000613400000, 0x00000006c7800000)
  object space 7286784K, 97% used [0x0000000456800000,0x00000006081e8518,0x0000000613400000)
 PSPermGen       total 21504K, used 8375K [0x000000044c200000, 0x000000044d700000, 0x0000000456800000)
  object space 21504K, 38% used [0x000000044c200000,0x000000044ca2dcc0,0x000000044d700000)

Deoptimization events (10 events):
Event: 1,886 Thread 0x00007fe96000a800 Uncommon trap: reason=class_check action=maybe_recompile pc=0x00007fe96466fddc method=weka.filters.Filter.useFilter(Lweka/core/Instances;Lweka/filters/Filter;)Lweka/core/Instances; @ 27
Event: 2,516 Thread 0x00007fe96000a800 Uncommon trap: reason=predicate action=maybe_recompile pc=0x00007fe9646878dc method=java.util.Arrays.fill([Ljava/lang/Object;Ljava/lang/Object;)V @ 10
Event: 2,901 Thread 0x00007fe96000a800 Uncommon trap: reason=array_check action=maybe_recompile pc=0x00007fe9645ff9a4 method=java.util.Arrays.fill([Ljava/lang/Object;Ljava/lang/Object;)V @ 13
Event: 2,906 Thread 0x00007fe96000a800 Uncommon trap: reason=array_check action=maybe_recompile pc=0x00007fe9645ff9a4 method=java.util.Arrays.fill([Ljava/lang/Object;Ljava/lang/Object;)V @ 13
Event: 2,911 Thread 0x00007fe96000a800 Uncommon trap: reason=array_check action=maybe_recompile pc=0x00007fe9645ff9a4 method=java.util.Arrays.fill([Ljava/lang/Object;Ljava/lang/Object;)V @ 13
Event: 2,911 Thread 0x00007fe96000a800 Uncommon trap: reason=array_check action=maybe_recompile pc=0x00007fe9646110f4 method=java.util.Arrays.fill([Ljava/lang/Object;Ljava/lang/Object;)V @ 13
Event: 2,916 Thread 0x00007fe96000a800 Uncommon trap: reason=array_check action=maybe_recompile pc=0x00007fe9645ff9a4 method=java.util.Arrays.fill([Ljava/lang/Object;Ljava/lang/Object;)V @ 13
Event: 2,919 Thread 0x00007fe96000a800 Uncommon trap: reason=unstable_if action=reinterpret pc=0x00007fe9645f3820 method=java.lang.Integer.valueOf(I)Ljava/lang/Integer; @ 32
Event: 2,921 Thread 0x00007fe96000a800 Uncommon trap: reason=unstable_if action=reinterpret pc=0x00007fe96468c254 method=java.lang.Integer.valueOf(I)Ljava/lang/Integer; @ 32
Event: 2,969 Thread 0x00007fe96000a800 Uncommon trap: reason=unstable_if action=reinterpret pc=0x00007fe964635f9c method=java.lang.String.regionMatches(ZILjava/lang/String;II)Z @ 41

Internal exceptions (10 events):
Event: 1,799 Thread 0x00007fe96000a800 Threw 0x00000006c8586510 at /build/openjdk-7-A9DpoP/openjdk-7-7u121-2.6.8/build/openjdk/hotspot/src/share/vm/prims/jvm.cpp:1322
Event: 1,799 Thread 0x00007fe96000a800 Threw 0x00000006c8586798 at /build/openjdk-7-A9DpoP/openjdk-7-7u121-2.6.8/build/openjdk/hotspot/src/share/vm/classfile/systemDictionary.cpp:185
Event: 1,799 Thread 0x00007fe96000a800 Threw 0x00000006c85876d8 at /build/openjdk-7-A9DpoP/openjdk-7-7u121-2.6.8/build/openjdk/hotspot/src/share/vm/prims/jvm.cpp:1322
Event: 1,799 Thread 0x00007fe96000a800 Threw 0x00000006c858bc38 at /build/openjdk-7-A9DpoP/openjdk-7-7u121-2.6.8/build/openjdk/hotspot/src/share/vm/prims/jvm.cpp:1322
Event: 1,799 Thread 0x00007fe96000a800 Threw 0x00000006c858c9a8 at /build/openjdk-7-A9DpoP/openjdk-7-7u121-2.6.8/build/openjdk/hotspot/src/share/vm/prims/jvm.cpp:1322
Event: 1,800 Thread 0x00007fe96000a800 Threw 0x00000006c8591008 at /build/openjdk-7-A9DpoP/openjdk-7-7u121-2.6.8/build/openjdk/hotspot/src/share/vm/prims/jvm.cpp:1322
Event: 1,800 Thread 0x00007fe96000a800 Threw 0x00000006c8591198 at /build/openjdk-7-A9DpoP/openjdk-7-7u121-2.6.8/build/openjdk/hotspot/src/share/vm/classfile/systemDictionary.cpp:185
Event: 1,800 Thread 0x00007fe96000a800 Threw 0x00000006c8596058 at /build/openjdk-7-A9DpoP/openjdk-7-7u121-2.6.8/build/openjdk/hotspot/src/share/vm/interpreter/interpreterRuntime.cpp:376
Event: 1,873 Thread 0x00007fe96000a800 Implicit null exception at 0x00007fe964671996 to 0x00007fe964671ce6
Event: 2,969 Thread 0x00007fe96000a800 Threw 0x00000006d6760c78 at /build/openjdk-7-A9DpoP/openjdk-7-7u121-2.6.8/build/openjdk/hotspot/src/share/vm/prims/jvm.cpp:1322

Events (10 events):
Event: 15,209 Executing VM operation: ParallelGCFailedAllocation done
Event: 15,634 Executing VM operation: ParallelGCFailedAllocation
Event: 17,080 Executing VM operation: ParallelGCFailedAllocation done
Event: 17,505 Executing VM operation: ParallelGCFailedAllocation
Event: 18,475 Executing VM operation: ParallelGCFailedAllocation done
Event: 18,959 Executing VM operation: ParallelGCFailedAllocation
Event: 19,069 Executing VM operation: ParallelGCFailedAllocation done
Event: 19,545 Executing VM operation: ParallelGCFailedAllocation
Event: 19,904 Executing VM operation: ParallelGCFailedAllocation done
Event: 20,375 Executing VM operation: ParallelGCFailedAllocation


Dynamic libraries:
00400000-00401000 r-xp 00000000 08:01 1311384                            /usr/lib/jvm/java-7-openjdk-amd64/jre/bin/java
00600000-00601000 r--p 00000000 08:01 1311384                            /usr/lib/jvm/java-7-openjdk-amd64/jre/bin/java
00601000-00602000 rw-p 00001000 08:01 1311384                            /usr/lib/jvm/java-7-openjdk-amd64/jre/bin/java
01305000-01326000 rw-p 00000000 00:00 0                                  [heap]
44c200000-44d700000 rw-p 00000000 00:00 0 
44d700000-456800000 rw-p 00000000 00:00 0 
456800000-613400000 rw-p 00000000 00:00 0 
66e580000-6c7800000 rw-p 00000000 00:00 0 
6c7800000-7c8200000 rw-p 00000000 00:00 0 
7c8200000-7ce200000 ---p 00000000 00:00 0 
7ce200000-800000000 rw-p 00000000 00:00 0 
7fe901eb5000-7fe901ef0000 r-xp 00000000 08:01 1841336                    /usr/lib/x86_64-linux-gnu/libquadmath.so.0.0.0
7fe901ef0000-7fe9020ef000 ---p 0003b000 08:01 1841336                    /usr/lib/x86_64-linux-gnu/libquadmath.so.0.0.0
7fe9020ef000-7fe9020f0000 r--p 0003a000 08:01 1841336                    /usr/lib/x86_64-linux-gnu/libquadmath.so.0.0.0
7fe9020f0000-7fe9020f1000 rw-p 0003b000 08:01 1841336                    /usr/lib/x86_64-linux-gnu/libquadmath.so.0.0.0
7fe9020f1000-7fe902689000 r-xp 00000000 08:01 1057430                    /usr/lib/lapack/liblapack.so.3.0
7fe902689000-7fe902888000 ---p 00598000 08:01 1057430                    /usr/lib/lapack/liblapack.so.3.0
7fe902888000-7fe902889000 r--p 00597000 08:01 1057430                    /usr/lib/lapack/liblapack.so.3.0
7fe902889000-7fe90288d000 rw-p 00598000 08:01 1057430                    /usr/lib/lapack/liblapack.so.3.0
7fe90288d000-7fe902c52000 r-xp 00000000 08:01 1867027                    /usr/lib/atlas-base/atlas/libblas.so.3.0
7fe902c52000-7fe902e51000 ---p 003c5000 08:01 1867027                    /usr/lib/atlas-base/atlas/libblas.so.3.0
7fe902e51000-7fe902e59000 rw-p 003c4000 08:01 1867027                    /usr/lib/atlas-base/atlas/libblas.so.3.0
7fe902e59000-7fe902f70000 r-xp 00000000 08:01 1831787                    /usr/lib/x86_64-linux-gnu/libgfortran.so.3.0.0
7fe902f70000-7fe903170000 ---p 00117000 08:01 1831787                    /usr/lib/x86_64-linux-gnu/libgfortran.so.3.0.0
7fe903170000-7fe903171000 r--p 00117000 08:01 1831787                    /usr/lib/x86_64-linux-gnu/libgfortran.so.3.0.0
7fe903171000-7fe903173000 rw-p 00118000 08:01 1831787                    /usr/lib/x86_64-linux-gnu/libgfortran.so.3.0.0
7fe903173000-7fe903301000 r-xp 00000000 00:17 87                         /tmp/jniloader9193673589899577619netlib-native_system-linux-x86_64.so
7fe903301000-7fe903500000 ---p 0018e000 00:17 87                         /tmp/jniloader9193673589899577619netlib-native_system-linux-x86_64.so
7fe903500000-7fe903502000 rw-p 0018d000 00:17 87                         /tmp/jniloader9193673589899577619netlib-native_system-linux-x86_64.so
7fe903502000-7fe903503000 rw-p 00000000 00:00 0 
7fe903503000-7fe903528000 r-xp 00000000 08:01 1570386                    /lib/x86_64-linux-gnu/libpng12.so.0.50.0
7fe903528000-7fe903727000 ---p 00025000 08:01 1570386                    /lib/x86_64-linux-gnu/libpng12.so.0.50.0
7fe903727000-7fe903728000 r--p 00024000 08:01 1570386                    /lib/x86_64-linux-gnu/libpng12.so.0.50.0
7fe903728000-7fe903729000 rw-p 00025000 08:01 1570386                    /lib/x86_64-linux-gnu/libpng12.so.0.50.0
7fe903729000-7fe90372e000 r-xp 00000000 08:01 1841253                    /usr/lib/x86_64-linux-gnu/libXdmcp.so.6.0.0
7fe90372e000-7fe90392d000 ---p 00005000 08:01 1841253                    /usr/lib/x86_64-linux-gnu/libXdmcp.so.6.0.0
7fe90392d000-7fe90392e000 r--p 00004000 08:01 1841253                    /usr/lib/x86_64-linux-gnu/libXdmcp.so.6.0.0
7fe90392e000-7fe90392f000 rw-p 00005000 08:01 1841253                    /usr/lib/x86_64-linux-gnu/libXdmcp.so.6.0.0
7fe90392f000-7fe903931000 r-xp 00000000 08:01 1841242                    /usr/lib/x86_64-linux-gnu/libXau.so.6.0.0
7fe903931000-7fe903b31000 ---p 00002000 08:01 1841242                    /usr/lib/x86_64-linux-gnu/libXau.so.6.0.0
7fe903b31000-7fe903b32000 r--p 00002000 08:01 1841242                    /usr/lib/x86_64-linux-gnu/libXau.so.6.0.0
7fe903b32000-7fe903b33000 rw-p 00003000 08:01 1841242                    /usr/lib/x86_64-linux-gnu/libXau.so.6.0.0
7fe903b33000-7fe903b5a000 r-xp 00000000 08:01 1569868                    /lib/x86_64-linux-gnu/libexpat.so.1.6.0
7fe903b5a000-7fe903d5a000 ---p 00027000 08:01 1569868                    /lib/x86_64-linux-gnu/libexpat.so.1.6.0
7fe903d5a000-7fe903d5c000 r--p 00027000 08:01 1569868                    /lib/x86_64-linux-gnu/libexpat.so.1.6.0
7fe903d5c000-7fe903d5d000 rw-p 00029000 08:01 1569868                    /lib/x86_64-linux-gnu/libexpat.so.1.6.0
7fe903d5d000-7fe903dfa000 r-xp 00000000 08:01 1832105                    /usr/lib/x86_64-linux-gnu/libfreetype.so.6.11.1
7fe903dfa000-7fe903ff9000 ---p 0009d000 08:01 1832105                    /usr/lib/x86_64-linux-gnu/libfreetype.so.6.11.1
7fe903ff9000-7fe903fff000 r--p 0009c000 08:01 1832105                    /usr/lib/x86_64-linux-gnu/libfreetype.so.6.11.1
7fe903fff000-7fe904000000 rw-p 000a2000 08:01 1832105                    /usr/lib/x86_64-linux-gnu/libfreetype.so.6.11.1
7fe904000000-7fe904021000 rw-p 00000000 00:00 0 
7fe904021000-7fe908000000 ---p 00000000 00:00 0 
7fe908000000-7fe908021000 rw-p 00000000 00:00 0 
7fe908021000-7fe90c000000 ---p 00000000 00:00 0 
7fe90c000000-7fe90c35e000 rw-p 00000000 00:00 0 
7fe90c35e000-7fe910000000 ---p 00000000 00:00 0 
7fe910000000-7fe910021000 rw-p 00000000 00:00 0 
7fe910021000-7fe914000000 ---p 00000000 00:00 0 
7fe914000000-7fe914021000 rw-p 00000000 00:00 0 
7fe914021000-7fe918000000 ---p 00000000 00:00 0 
7fe918000000-7fe9184ec000 rw-p 00000000 00:00 0 
7fe9184ec000-7fe91c000000 ---p 00000000 00:00 0 
7fe91c000000-7fe91c021000 rw-p 00000000 00:00 0 
7fe91c021000-7fe920000000 ---p 00000000 00:00 0 
7fe920000000-7fe920021000 rw-p 00000000 00:00 0 
7fe920021000-7fe924000000 ---p 00000000 00:00 0 
7fe924000000-7fe924021000 rw-p 00000000 00:00 0 
7fe924021000-7fe928000000 ---p 00000000 00:00 0 
7fe92815f000-7fe92817c000 r-xp 00000000 08:01 1842269                    /usr/lib/x86_64-linux-gnu/libxcb.so.1.1.0
7fe92817c000-7fe92837c000 ---p 0001d000 08:01 1842269                    /usr/lib/x86_64-linux-gnu/libxcb.so.1.1.0
7fe92837c000-7fe92837d000 r--p 0001d000 08:01 1842269                    /usr/lib/x86_64-linux-gnu/libxcb.so.1.1.0
7fe92837d000-7fe92837e000 rw-p 0001e000 08:01 1842269                    /usr/lib/x86_64-linux-gnu/libxcb.so.1.1.0
7fe92837e000-7fe9283b8000 r-xp 00000000 08:01 1836778                    /usr/lib/x86_64-linux-gnu/libfontconfig.so.1.8.0
7fe9283b8000-7fe9285b7000 ---p 0003a000 08:01 1836778                    /usr/lib/x86_64-linux-gnu/libfontconfig.so.1.8.0
7fe9285b7000-7fe9285b9000 r--p 00039000 08:01 1836778                    /usr/lib/x86_64-linux-gnu/libfontconfig.so.1.8.0
7fe9285b9000-7fe9285ba000 rw-p 0003b000 08:01 1836778                    /usr/lib/x86_64-linux-gnu/libfontconfig.so.1.8.0
7fe9285ba000-7fe9285c9000 r-xp 00000000 08:01 1874311                    /usr/lib/x86_64-linux-gnu/libXi.so.6.1.0
7fe9285c9000-7fe9287c8000 ---p 0000f000 08:01 1874311                    /usr/lib/x86_64-linux-gnu/libXi.so.6.1.0
7fe9287c8000-7fe9287c9000 r--p 0000e000 08:01 1874311                    /usr/lib/x86_64-linux-gnu/libXi.so.6.1.0
7fe9287c9000-7fe9287ca000 rw-p 0000f000 08:01 1874311                    /usr/lib/x86_64-linux-gnu/libXi.so.6.1.0
7fe9287ca000-7fe9287cf000 r-xp 00000000 08:01 1841283                    /usr/lib/x86_64-linux-gnu/libXtst.so.6.1.0
7fe9287cf000-7fe9289ce000 ---p 00005000 08:01 1841283                    /usr/lib/x86_64-linux-gnu/libXtst.so.6.1.0
7fe9289ce000-7fe9289cf000 r--p 00004000 08:01 1841283                    /usr/lib/x86_64-linux-gnu/libXtst.so.6.1.0
7fe9289cf000-7fe9289d0000 rw-p 00005000 08:01 1841283                    /usr/lib/x86_64-linux-gnu/libXtst.so.6.1.0
7fe9289d0000-7fe9289d2000 r-xp 00000000 08:01 1841247                    /usr/lib/x86_64-linux-gnu/libXcomposite.so.1.0.0
7fe9289d2000-7fe928bd1000 ---p 00002000 08:01 1841247                    /usr/lib/x86_64-linux-gnu/libXcomposite.so.1.0.0
7fe928bd1000-7fe928bd2000 r--p 00001000 08:01 1841247                    /usr/lib/x86_64-linux-gnu/libXcomposite.so.1.0.0
7fe928bd2000-7fe928bd3000 rw-p 00002000 08:01 1841247                    /usr/lib/x86_64-linux-gnu/libXcomposite.so.1.0.0
7fe928bd3000-7fe928bdc000 r-xp 00000000 08:01 1874252                    /usr/lib/x86_64-linux-gnu/libXrender.so.1.3.0
7fe928bdc000-7fe928ddb000 ---p 00009000 08:01 1874252                    /usr/lib/x86_64-linux-gnu/libXrender.so.1.3.0
7fe928ddb000-7fe928ddc000 r--p 00008000 08:01 1874252                    /usr/lib/x86_64-linux-gnu/libXrender.so.1.3.0
7fe928ddc000-7fe928ddd000 rw-p 00009000 08:01 1874252                    /usr/lib/x86_64-linux-gnu/libXrender.so.1.3.0
7fe928ddd000-7fe928f0d000 r-xp 00000000 08:01 1841238                    /usr/lib/x86_64-linux-gnu/libX11.so.6.3.0
7fe928f0d000-7fe92910d000 ---p 00130000 08:01 1841238                    /usr/lib/x86_64-linux-gnu/libX11.so.6.3.0
7fe92910d000-7fe92910e000 r--p 00130000 08:01 1841238                    /usr/lib/x86_64-linux-gnu/libX11.so.6.3.0
7fe92910e000-7fe929112000 rw-p 00131000 08:01 1841238                    /usr/lib/x86_64-linux-gnu/libX11.so.6.3.0
7fe929112000-7fe929123000 r-xp 00000000 08:01 1874298                    /usr/lib/x86_64-linux-gnu/libXext.so.6.4.0
7fe929123000-7fe929322000 ---p 00011000 08:01 1874298                    /usr/lib/x86_64-linux-gnu/libXext.so.6.4.0
7fe929322000-7fe929323000 r--p 00010000 08:01 1874298                    /usr/lib/x86_64-linux-gnu/libXext.so.6.4.0
7fe929323000-7fe929324000 rw-p 00011000 08:01 1874298                    /usr/lib/x86_64-linux-gnu/libXext.so.6.4.0
7fe929324000-7fe92936c000 r-xp 00000000 08:01 1441199                    /usr/lib/jvm/java-7-openjdk-amd64/jre/lib/amd64/xawt/libmawt.so
7fe92936c000-7fe92956b000 ---p 00048000 08:01 1441199                    /usr/lib/jvm/java-7-openjdk-amd64/jre/lib/amd64/xawt/libmawt.so
7fe92956b000-7fe92956c000 r--p 00047000 08:01 1441199                    /usr/lib/jvm/java-7-openjdk-amd64/jre/lib/amd64/xawt/libmawt.so
7fe92956c000-7fe92956f000 rw-p 00048000 08:01 1441199                    /usr/lib/jvm/java-7-openjdk-amd64/jre/lib/amd64/xawt/libmawt.so
7fe92956f000-7fe929570000 rw-p 00000000 00:00 0 
7fe929570000-7fe929610000 r-xp 00000000 08:01 1046680                    /usr/lib/jvm/java-7-openjdk-amd64/jre/lib/amd64/libawt.so
7fe929610000-7fe929810000 ---p 000a0000 08:01 1046680                    /usr/lib/jvm/java-7-openjdk-amd64/jre/lib/amd64/libawt.so
7fe929810000-7fe929811000 r--p 000a0000 08:01 1046680                    /usr/lib/jvm/java-7-openjdk-amd64/jre/lib/amd64/libawt.so
7fe929811000-7fe92981c000 rw-p 000a1000 08:01 1046680                    /usr/lib/jvm/java-7-openjdk-amd64/jre/lib/amd64/libawt.so
7fe92981c000-7fe929841000 rw-p 00000000 00:00 0 
7fe929841000-7fe929851000 r-xp 00000000 08:01 1046656                    /usr/lib/jvm/java-7-openjdk-amd64/jre/lib/amd64/libnio.so
7fe929851000-7fe929a51000 ---p 00010000 08:01 1046656                    /usr/lib/jvm/java-7-openjdk-amd64/jre/lib/amd64/libnio.so
7fe929a51000-7fe929a52000 r--p 00010000 08:01 1046656                    /usr/lib/jvm/java-7-openjdk-amd64/jre/lib/amd64/libnio.so
7fe929a52000-7fe929a53000 rw-p 00011000 08:01 1046656                    /usr/lib/jvm/java-7-openjdk-amd64/jre/lib/amd64/libnio.so
7fe929a53000-7fe929a84000 rw-p 00000000 00:00 0 
7fe929a84000-7fe929ac1000 r-xp 00000000 08:01 1573858                    /lib/x86_64-linux-gnu/libpcre.so.3.13.1
7fe929ac1000-7fe929cc0000 ---p 0003d000 08:01 1573858                    /lib/x86_64-linux-gnu/libpcre.so.3.13.1
7fe929cc0000-7fe929cc1000 r--p 0003c000 08:01 1573858                    /lib/x86_64-linux-gnu/libpcre.so.3.13.1
7fe929cc1000-7fe929cc2000 rw-p 0003d000 08:01 1573858                    /lib/x86_64-linux-gnu/libpcre.so.3.13.1
7fe929cc2000-7fe929cc9000 r-xp 00000000 08:01 1857160                    /usr/lib/x86_64-linux-gnu/libffi.so.6.0.1
7fe929cc9000-7fe929ec8000 ---p 00007000 08:01 1857160                    /usr/lib/x86_64-linux-gnu/libffi.so.6.0.1
7fe929ec8000-7fe929ec9000 r--p 00006000 08:01 1857160                    /usr/lib/x86_64-linux-gnu/libffi.so.6.0.1
7fe929ec9000-7fe929eca000 rw-p 00007000 08:01 1857160                    /usr/lib/x86_64-linux-gnu/libffi.so.6.0.1
7fe929eca000-7fe929ee1000 r-xp 00000000 08:01 1575356                    /lib/x86_64-linux-gnu/libresolv-2.19.so
7fe929ee1000-7fe92a0e1000 ---p 00017000 08:01 1575356                    /lib/x86_64-linux-gnu/libresolv-2.19.so
7fe92a0e1000-7fe92a0e2000 r--p 00017000 08:01 1575356                    /lib/x86_64-linux-gnu/libresolv-2.19.so
7fe92a0e2000-7fe92a0e3000 rw-p 00018000 08:01 1575356                    /lib/x86_64-linux-gnu/libresolv-2.19.so
7fe92a0e3000-7fe92a0e5000 rw-p 00000000 00:00 0 
7fe92a0e5000-7fe92a105000 r-xp 00000000 08:01 1569823                    /lib/x86_64-linux-gnu/libselinux.so.1
7fe92a105000-7fe92a304000 ---p 00020000 08:01 1569823                    /lib/x86_64-linux-gnu/libselinux.so.1
7fe92a304000-7fe92a305000 r--p 0001f000 08:01 1569823                    /lib/x86_64-linux-gnu/libselinux.so.1
7fe92a305000-7fe92a306000 rw-p 00020000 08:01 1569823                    /lib/x86_64-linux-gnu/libselinux.so.1
7fe92a306000-7fe92a308000 rw-p 00000000 00:00 0 
7fe92a308000-7fe92a40e000 r-xp 00000000 08:01 1592488                    /lib/x86_64-linux-gnu/libglib-2.0.so.0.4002.0
7fe92a40e000-7fe92a60d000 ---p 00106000 08:01 1592488                    /lib/x86_64-linux-gnu/libglib-2.0.so.0.4002.0
7fe92a60d000-7fe92a60e000 r--p 00105000 08:01 1592488                    /lib/x86_64-linux-gnu/libglib-2.0.so.0.4002.0
7fe92a60e000-7fe92a60f000 rw-p 00106000 08:01 1592488                    /lib/x86_64-linux-gnu/libglib-2.0.so.0.4002.0
7fe92a60f000-7fe948000000 rw-p 00000000 00:00 0 
7fe948000000-7fe948021000 rw-p 00000000 00:00 0 
7fe948021000-7fe94c000000 ---p 00000000 00:00 0 
7fe94c000000-7fe94c021000 rw-p 00000000 00:00 0 
7fe94c021000-7fe950000000 ---p 00000000 00:00 0 
7fe950000000-7fe950021000 rw-p 00000000 00:00 0 
7fe950021000-7fe954000000 ---p 00000000 00:00 0 
7fe954022000-7fe954025000 r-xp 00000000 08:01 1831907                    /usr/lib/x86_64-linux-gnu/libgmodule-2.0.so.0.4002.0
7fe954025000-7fe954224000 ---p 00003000 08:01 1831907                    /usr/lib/x86_64-linux-gnu/libgmodule-2.0.so.0.4002.0
7fe954224000-7fe954225000 r--p 00002000 08:01 1831907                    /usr/lib/x86_64-linux-gnu/libgmodule-2.0.so.0.4002.0
7fe954225000-7fe954226000 rw-p 00003000 08:01 1831907                    /usr/lib/x86_64-linux-gnu/libgmodule-2.0.so.0.4002.0
7fe954226000-7fe954275000 r-xp 00000000 08:01 1873880                    /usr/lib/x86_64-linux-gnu/libgobject-2.0.so.0.4002.0
7fe954275000-7fe954475000 ---p 0004f000 08:01 1873880                    /usr/lib/x86_64-linux-gnu/libgobject-2.0.so.0.4002.0
7fe954475000-7fe954476000 r--p 0004f000 08:01 1873880                    /usr/lib/x86_64-linux-gnu/libgobject-2.0.so.0.4002.0
7fe954476000-7fe954477000 rw-p 00050000 08:01 1873880                    /usr/lib/x86_64-linux-gnu/libgobject-2.0.so.0.4002.0
7fe954477000-7fe9545e3000 r-xp 00000000 08:01 1873885                    /usr/lib/x86_64-linux-gnu/libgio-2.0.so.0.4002.0
7fe9545e3000-7fe9547e2000 ---p 0016c000 08:01 1873885                    /usr/lib/x86_64-linux-gnu/libgio-2.0.so.0.4002.0
7fe9547e2000-7fe9547e6000 r--p 0016b000 08:01 1873885                    /usr/lib/x86_64-linux-gnu/libgio-2.0.so.0.4002.0
7fe9547e6000-7fe9547e8000 rw-p 0016f000 08:01 1873885                    /usr/lib/x86_64-linux-gnu/libgio-2.0.so.0.4002.0
7fe9547e8000-7fe9547ea000 rw-p 00000000 00:00 0 
7fe9547f6000-7fe9547f7000 rw-p 00000000 00:00 0 
7fe9547f7000-7fe9547fb000 r--s 0004f000 08:01 1046693                    /usr/lib/jvm/java-7-openjdk-amd64/jre/lib/jsse.jar
7fe9547fb000-7fe954802000 r--s 00000000 08:01 136292                     /usr/lib/x86_64-linux-gnu/gconv/gconv-modules.cache
7fe954802000-7fe954828000 r--p 00000000 08:01 139241                     /usr/share/locale-langpack/de/LC_MESSAGES/libc.mo
7fe954828000-7fe95483f000 r-xp 00000000 08:01 1046677                    /usr/lib/jvm/java-7-openjdk-amd64/jre/lib/amd64/libnet.so
7fe95483f000-7fe954a3e000 ---p 00017000 08:01 1046677                    /usr/lib/jvm/java-7-openjdk-amd64/jre/lib/amd64/libnet.so
7fe954a3e000-7fe954a3f000 r--p 00016000 08:01 1046677                    /usr/lib/jvm/java-7-openjdk-amd64/jre/lib/amd64/libnet.so
7fe954a3f000-7fe954a40000 rw-p 00017000 08:01 1046677                    /usr/lib/jvm/java-7-openjdk-amd64/jre/lib/amd64/libnet.so
7fe954a40000-7fe954a43000 ---p 00000000 00:00 0 
7fe954a43000-7fe954b41000 rw-p 00000000 00:00 0 
7fe954b41000-7fe954b42000 r-xp 00000000 00:22 1242448154                 /afs/tu-berlin.de/home/n/n_righeriu/irb-ubuntu/programs/idea-IU-163.9166.29/bin/libbreakgen64.so
7fe954b42000-7fe954d41000 ---p 00001000 00:22 1242448154                 /afs/tu-berlin.de/home/n/n_righeriu/irb-ubuntu/programs/idea-IU-163.9166.29/bin/libbreakgen64.so
7fe954d41000-7fe954d42000 r--p 00000000 00:22 1242448154                 /afs/tu-berlin.de/home/n/n_righeriu/irb-ubuntu/programs/idea-IU-163.9166.29/bin/libbreakgen64.so
7fe954d42000-7fe954d43000 rw-p 00001000 00:22 1242448154                 /afs/tu-berlin.de/home/n/n_righeriu/irb-ubuntu/programs/idea-IU-163.9166.29/bin/libbreakgen64.so
7fe954d43000-7fe954d45000 r--s 00019000 00:22 1242406708                 /afs/tu-berlin.de/home/n/n_righeriu/irb-ubuntu/programs/idea-IU-163.9166.29/lib/idea_rt.jar
7fe954d45000-7fe954d4a000 r--s 00046000 00:22 1242460120                 /afs/tu-berlin.de/home/n/n_righeriu/irb-ubuntu/Downloads/drive-download-20170108T173501Z/timeseriesForecasting-1.0.24.jar
7fe954d4a000-7fe954d4c000 r--s 00009000 00:22 1242460596                 /afs/tu-berlin.de/home/n/n_righeriu/irb-ubuntu/Downloads/drive-download-20170108T173501Z/multiLayerPerceptrons.jar
7fe954d4c000-7fe954d4e000 r--s 00027000 00:22 1242453406                 /afs/tu-berlin.de/home/n/n_righeriu/irb-ubuntu/.m2/repository/com/github/fommil/netlib/core/1.1/core-1.1.jar
7fe954d4e000-7fe954d50000 r--s 00016000 00:22 1242453346                 /afs/tu-berlin.de/home/n/n_righeriu/irb-ubuntu/.m2/repository/com/googlecode/netlib-java/netlib-java/1.1/netlib-java-1.1.jar
7fe954d50000-7fe954d62000 r--s 00112000 00:22 1242453372                 /afs/tu-berlin.de/home/n/n_righeriu/irb-ubuntu/.m2/repository/net/sourceforge/f2j/arpack_combined_all/0.1/arpack_combined_all-0.1.jar
7fe954d62000-7fe954d64000 r--s 00088000 00:22 1242453352                 /afs/tu-berlin.de/home/n/n_righeriu/irb-ubuntu/.m2/repository/com/github/fommil/netlib/netlib-native_system-win-i686/1.1/netlib-native_system-win-i686-1.1-natives.jar
7fe954d64000-7fe954d65000 r--s 0009b000 00:22 1242453376                 /afs/tu-berlin.de/home/n/n_righeriu/irb-ubuntu/.m2/repository/com/github/fommil/netlib/netlib-native_system-win-x86_64/1.1/netlib-native_system-win-x86_64-1.1-natives.jar
7fe954d65000-7fe954d66000 r--s 0004b000 00:22 1242453350                 /afs/tu-berlin.de/home/n/n_righeriu/irb-ubuntu/.m2/repository/com/github/fommil/netlib/netlib-native_system-linux-armhf/1.1/netlib-native_system-linux-armhf-1.1-natives.jar
7fe954d66000-7fe954d67000 r--s 0006a000 00:22 1242453364                 /afs/tu-berlin.de/home/n/n_righeriu/irb-ubuntu/.m2/repository/com/github/fommil/netlib/netlib-native_system-linux-i686/1.1/netlib-native_system-linux-i686-1.1-natives.jar
7fe954d67000-7fe954d68000 r--s 0006f000 00:22 1242453342                 /afs/tu-berlin.de/home/n/n_righeriu/irb-ubuntu/.m2/repository/com/github/fommil/netlib/netlib-native_system-linux-x86_64/1.1/netlib-native_system-linux-x86_64-1.1-natives.jar
7fe954d68000-7fe954d69000 r--s 0000d000 00:22 1242453394                 /afs/tu-berlin.de/home/n/n_righeriu/irb-ubuntu/.m2/repository/com/github/fommil/netlib/native_system-java/1.1/native_system-java-1.1.jar
7fe954d69000-7fe954d6a000 r--s 00087000 00:22 1242453378                 /afs/tu-berlin.de/home/n/n_righeriu/irb-ubuntu/.m2/repository/com/github/fommil/netlib/netlib-native_system-osx-x86_64/1.1/netlib-native_system-osx-x86_64-1.1-natives.jar
7fe954d6a000-7fe954d6b000 r--s 00126000 00:22 1242453360                 /afs/tu-berlin.de/home/n/n_righeriu/irb-ubuntu/.m2/repository/com/github/fommil/netlib/netlib-native_ref-linux-armhf/1.1/netlib-native_ref-linux-armhf-1.1-natives.jar
7fe954d6b000-7fe954d6c000 r--s 001bd000 00:22 1242453340                 /afs/tu-berlin.de/home/n/n_righeriu/irb-ubuntu/.m2/repository/com/github/fommil/netlib/netlib-native_ref-win-i686/1.1/netlib-native_ref-win-i686-1.1-natives.jar
7fe954d6c000-7fe954d6d000 r--s 00232000 00:22 1242453296                 /afs/tu-berlin.de/home/n/n_righeriu/irb-ubuntu/.m2/repository/com/github/fommil/netlib/netlib-native_ref-win-x86_64/1.1/netlib-native_ref-win-x86_64-1.1-natives.jar
7fe954d6d000-7fe954d6e000 r--s 0016b000 00:22 1242453338                 /afs/tu-berlin.de/home/n/n_righeriu/irb-ubuntu/.m2/repository/com/github/fommil/netlib/netlib-native_ref-linux-i686/1.1/netlib-native_ref-linux-i686-1.1-natives.jar
7fe954d6e000-7fe954d70000 r--s 001aa000 00:22 1242453354                 /afs/tu-berlin.de/home/n/n_righeriu/irb-ubuntu/.m2/repository/com/github/fommil/netlib/netlib-native_ref-linux-x86_64/1.1/netlib-native_ref-linux-x86_64-1.1-natives.jar
7fe954d70000-7fe954d72000 r--s 00001000 00:22 1242453382                 /afs/tu-berlin.de/home/n/n_righeriu/irb-ubuntu/.m2/repository/com/github/fommil/jniloader/1.1/jniloader-1.1.jar
7fe954d72000-7fe954d73000 r--s 0000d000 00:22 1242453358                 /afs/tu-berlin.de/home/n/n_righeriu/irb-ubuntu/.m2/repository/com/github/fommil/netlib/native_ref-java/1.1/native_ref-java-1.1.jar
7fe954d73000-7fe954d78000 r--s 0003d000 00:22 1242453322                 /afs/tu-berlin.de/home/n/n_righeriu/irb-ubuntu/.m2/repository/com/googlecode/matrix-toolkits-java/mtj/1.0.4/mtj-1.0.4.jar
7fe954d78000-7fe954d7c000 r--s 0002f000 00:22 1242453320                 /afs/tu-berlin.de/home/n/n_righeriu/irb-ubuntu/.m2/repository/nz/ac/waikato/cms/weka/thirdparty/bounce/0.18/bounce-0.18.jar
7fe954d7c000-7fe954ddc000 r--s 00855000 00:22 1242460082                 /afs/tu-berlin.de/home/n/n_righeriu/irb-ubuntu/.m2/repository/nz/ac/waikato/cms/weka/weka-dev/3.9.1/weka-dev-3.9.1.jar
7fe954ddc000-7fe954ded000 r--s 0016e000 00:22 1242453302                 /afs/tu-berlin.de/home/n/n_righeriu/irb-ubuntu/.m2/repository/org/jfree/jfreechart/1.0.19/jfreechart-1.0.19.jar
7fe954ded000-7fe954dfb000 r--s 0010f000 08:01 1046685                    /usr/lib/jvm/java-7-openjdk-amd64/jre/lib/rhino.jar
7fe954dfb000-7fe954dfc000 ---p 00000000 00:00 0 
7fe954dfc000-7fe954efc000 rw-p 00000000 00:00 0 
7fe954efc000-7fe954eff000 ---p 00000000 00:00 0 
7fe954eff000-7fe954ffd000 rw-p 00000000 00:00 0 
7fe954ffd000-7fe955000000 ---p 00000000 00:00 0 
7fe955000000-7fe9550fe000 rw-p 00000000 00:00 0 
7fe9550fe000-7fe955101000 ---p 00000000 00:00 0 
7fe955101000-7fe9551ff000 rw-p 00000000 00:00 0 
7fe9551ff000-7fe955202000 ---p 00000000 00:00 0 
7fe955202000-7fe955300000 rw-p 00000000 00:00 0 
7fe955300000-7fe955b5a000 r--p 00000000 08:01 1839695                    /usr/lib/locale/locale-archive
7fe955b5a000-7fe955b5d000 ---p 00000000 00:00 0 
7fe955b5d000-7fe955c5b000 rw-p 00000000 00:00 0 
7fe955c5b000-7fe955c5e000 ---p 00000000 00:00 0 
7fe955c5e000-7fe955d5c000 rw-p 00000000 00:00 0 
7fe955d5c000-7fe955d5d000 ---p 00000000 00:00 0 
7fe955d5d000-7fe958000000 rw-p 00000000 00:00 0 
7fe958000000-7fe958021000 rw-p 00000000 00:00 0 
7fe958021000-7fe95c000000 ---p 00000000 00:00 0 
7fe95c000000-7fe95c002000 r--s 001c0000 00:22 1242453336                 /afs/tu-berlin.de/home/n/n_righeriu/irb-ubuntu/.m2/repository/com/github/fommil/netlib/netlib-native_ref-osx-x86_64/1.1/netlib-native_ref-osx-x86_64-1.1-natives.jar
7fe95c002000-7fe95c003000 r--s 00005000 00:22 1242453314                 /afs/tu-berlin.de/home/n/n_righeriu/irb-ubuntu/.m2/repository/nz/ac/waikato/cms/weka/thirdparty/java-cup-11b-runtime/2015.03.26/java-cup-11b-runtime-2015.03.26.jar
7fe95c003000-7fe95c005000 r--s 00016000 00:22 1242453306                 /afs/tu-berlin.de/home/n/n_righeriu/irb-ubuntu/.m2/repository/nz/ac/waikato/cms/weka/thirdparty/java-cup-11b/2015.03.26/java-cup-11b-2015.03.26.jar
7fe95c005000-7fe95c007000 r--s 00012000 00:22 1242453304                 /afs/tu-berlin.de/home/n/n_righeriu/irb-ubuntu/.m2/repository/com/github/fracpete/multisearch-weka-package/2016.6.7/multisearch-weka-package-2016.6.7.jar
7fe95c007000-7fe95c00d000 r--s 0004b000 00:22 1242453308                 /afs/tu-berlin.de/home/n/n_righeriu/irb-ubuntu/.m2/repository/org/jfree/jcommon/1.0.23/jcommon-1.0.23.jar
7fe95c00d000-7fe95c018000 r--s 00203000 08:01 1046691                    /usr/lib/jvm/java-7-openjdk-amd64/jre/lib/charsets.jar
7fe95c018000-7fe95cb86000 rw-p 00000000 00:00 0 
7fe95cb86000-7fe95cd39000 r--s 01d41000 08:01 1046688                    /usr/lib/jvm/java-7-openjdk-amd64/jre/lib/rt.jar
7fe95cd39000-7fe95dcbe000 rw-p 00000000 00:00 0 
7fe95dcbe000-7fe95e260000 rw-p 00000000 00:00 0 
7fe95e260000-7fe95e26b000 rw-p 00000000 00:00 0 
7fe95e26b000-7fe95e2b3000 rw-p 00000000 00:00 0 
7fe95e2b3000-7fe95f099000 rw-p 00000000 00:00 0 
7fe95f099000-7fe95f63b000 rw-p 00000000 00:00 0 
7fe95f63b000-7fe95fe40000 rw-p 00000000 00:00 0 
7fe95fe40000-7fe95fe70000 ---p 00000000 00:00 0 
7fe95fe70000-7fe95ffff000 rw-p 00000000 00:00 0 
7fe95ffff000-7fe960000000 rw-p 00000000 00:00 0 
7fe960000000-7fe96040a000 rw-p 00000000 00:00 0 
7fe96040a000-7fe964000000 ---p 00000000 00:00 0 
7fe964000000-7fe96400a000 r--s 000ae000 08:01 1046687                    /usr/lib/jvm/java-7-openjdk-amd64/jre/lib/resources.jar
7fe96400a000-7fe9640cf000 rw-p 00000000 00:00 0 
7fe9640cf000-7fe9640d0000 ---p 00000000 00:00 0 
7fe9640d0000-7fe9641d0000 rw-p 00000000 00:00 0 
7fe9641d0000-7fe9641d1000 ---p 00000000 00:00 0 
7fe9641d1000-7fe9642d1000 rw-p 00000000 00:00 0 
7fe9642d1000-7fe9642d2000 ---p 00000000 00:00 0 
7fe9642d2000-7fe9643d2000 rw-p 00000000 00:00 0 
7fe9643d2000-7fe9643d3000 ---p 00000000 00:00 0 
7fe9643d3000-7fe9644dd000 rw-p 00000000 00:00 0 
7fe9644dd000-7fe964593000 rw-p 00000000 00:00 0 
7fe964593000-7fe964803000 rwxp 00000000 00:00 0 
7fe964803000-7fe967593000 rw-p 00000000 00:00 0 
7fe967593000-7fe96759b000 r-xp 00000000 08:01 1046675                    /usr/lib/jvm/java-7-openjdk-amd64/jre/lib/amd64/libzip.so
7fe96759b000-7fe96779a000 ---p 00008000 08:01 1046675                    /usr/lib/jvm/java-7-openjdk-amd64/jre/lib/amd64/libzip.so
7fe96779a000-7fe96779b000 r--p 00007000 08:01 1046675                    /usr/lib/jvm/java-7-openjdk-amd64/jre/lib/amd64/libzip.so
7fe96779b000-7fe96779c000 rw-p 00008000 08:01 1046675                    /usr/lib/jvm/java-7-openjdk-amd64/jre/lib/amd64/libzip.so
7fe96779c000-7fe9677c6000 r-xp 00000000 08:01 1046674                    /usr/lib/jvm/java-7-openjdk-amd64/jre/lib/amd64/libjava.so
7fe9677c6000-7fe9679c6000 ---p 0002a000 08:01 1046674                    /usr/lib/jvm/java-7-openjdk-amd64/jre/lib/amd64/libjava.so
7fe9679c6000-7fe9679c7000 r--p 0002a000 08:01 1046674                    /usr/lib/jvm/java-7-openjdk-amd64/jre/lib/amd64/libjava.so
7fe9679c7000-7fe9679c9000 rw-p 0002b000 08:01 1046674                    /usr/lib/jvm/java-7-openjdk-amd64/jre/lib/amd64/libjava.so
7fe9679c9000-7fe9679d9000 r-xp 00000000 08:01 1046676                    /usr/lib/jvm/java-7-openjdk-amd64/jre/lib/amd64/libverify.so
7fe9679d9000-7fe967bd8000 ---p 00010000 08:01 1046676                    /usr/lib/jvm/java-7-openjdk-amd64/jre/lib/amd64/libverify.so
7fe967bd8000-7fe967bda000 r--p 0000f000 08:01 1046676                    /usr/lib/jvm/java-7-openjdk-amd64/jre/lib/amd64/libverify.so
7fe967bda000-7fe967bdb000 rw-p 00011000 08:01 1046676                    /usr/lib/jvm/java-7-openjdk-amd64/jre/lib/amd64/libverify.so
7fe967bdb000-7fe967be2000 r-xp 00000000 08:01 1621767                    /lib/x86_64-linux-gnu/librt-2.19.so
7fe967be2000-7fe967de1000 ---p 00007000 08:01 1621767                    /lib/x86_64-linux-gnu/librt-2.19.so
7fe967de1000-7fe967de2000 r--p 00006000 08:01 1621767                    /lib/x86_64-linux-gnu/librt-2.19.so
7fe967de2000-7fe967de3000 rw-p 00007000 08:01 1621767                    /lib/x86_64-linux-gnu/librt-2.19.so
7fe967de3000-7fe967df9000 r-xp 00000000 08:01 1570374                    /lib/x86_64-linux-gnu/libgcc_s.so.1
7fe967df9000-7fe967ff8000 ---p 00016000 08:01 1570374                    /lib/x86_64-linux-gnu/libgcc_s.so.1
7fe967ff8000-7fe967ff9000 rw-p 00015000 08:01 1570374                    /lib/x86_64-linux-gnu/libgcc_s.so.1
7fe967ff9000-7fe9680fe000 r-xp 00000000 08:01 1575372                    /lib/x86_64-linux-gnu/libm-2.19.so
7fe9680fe000-7fe9682fd000 ---p 00105000 08:01 1575372                    /lib/x86_64-linux-gnu/libm-2.19.so
7fe9682fd000-7fe9682fe000 r--p 00104000 08:01 1575372                    /lib/x86_64-linux-gnu/libm-2.19.so
7fe9682fe000-7fe9682ff000 rw-p 00105000 08:01 1575372                    /lib/x86_64-linux-gnu/libm-2.19.so
7fe9682ff000-7fe9683e5000 r-xp 00000000 08:01 1835646                    /usr/lib/x86_64-linux-gnu/libstdc++.so.6.0.19
7fe9683e5000-7fe9685e4000 ---p 000e6000 08:01 1835646                    /usr/lib/x86_64-linux-gnu/libstdc++.so.6.0.19
7fe9685e4000-7fe9685ec000 r--p 000e5000 08:01 1835646                    /usr/lib/x86_64-linux-gnu/libstdc++.so.6.0.19
7fe9685ec000-7fe9685ee000 rw-p 000ed000 08:01 1835646                    /usr/lib/x86_64-linux-gnu/libstdc++.so.6.0.19
7fe9685ee000-7fe968603000 rw-p 00000000 00:00 0 
7fe968603000-7fe969131000 r-xp 00000000 08:01 1180709                    /usr/lib/jvm/java-7-openjdk-amd64/jre/lib/amd64/server/libjvm.so
7fe969131000-7fe969331000 ---p 00b2e000 08:01 1180709                    /usr/lib/jvm/java-7-openjdk-amd64/jre/lib/amd64/server/libjvm.so
7fe969331000-7fe9693cb000 r--p 00b2e000 08:01 1180709                    /usr/lib/jvm/java-7-openjdk-amd64/jre/lib/amd64/server/libjvm.so
7fe9693cb000-7fe9693ee000 rw-p 00bc8000 08:01 1180709                    /usr/lib/jvm/java-7-openjdk-amd64/jre/lib/amd64/server/libjvm.so
7fe9693ee000-7fe96941d000 rw-p 00000000 00:00 0 
7fe96941d000-7fe969435000 r-xp 00000000 08:01 1574253                    /lib/x86_64-linux-gnu/libz.so.1.2.8
7fe969435000-7fe969634000 ---p 00018000 08:01 1574253                    /lib/x86_64-linux-gnu/libz.so.1.2.8
7fe969634000-7fe969635000 r--p 00017000 08:01 1574253                    /lib/x86_64-linux-gnu/libz.so.1.2.8
7fe969635000-7fe969636000 rw-p 00018000 08:01 1574253                    /lib/x86_64-linux-gnu/libz.so.1.2.8
7fe969636000-7fe96964f000 r-xp 00000000 08:01 1582959                    /lib/x86_64-linux-gnu/libpthread-2.19.so
7fe96964f000-7fe96984e000 ---p 00019000 08:01 1582959                    /lib/x86_64-linux-gnu/libpthread-2.19.so
7fe96984e000-7fe96984f000 r--p 00018000 08:01 1582959                    /lib/x86_64-linux-gnu/libpthread-2.19.so
7fe96984f000-7fe969850000 rw-p 00019000 08:01 1582959                    /lib/x86_64-linux-gnu/libpthread-2.19.so
7fe969850000-7fe969854000 rw-p 00000000 00:00 0 
7fe969854000-7fe969857000 r-xp 00000000 08:01 1575397                    /lib/x86_64-linux-gnu/libdl-2.19.so
7fe969857000-7fe969a56000 ---p 00003000 08:01 1575397                    /lib/x86_64-linux-gnu/libdl-2.19.so
7fe969a56000-7fe969a57000 r--p 00002000 08:01 1575397                    /lib/x86_64-linux-gnu/libdl-2.19.so
7fe969a57000-7fe969a58000 rw-p 00003000 08:01 1575397                    /lib/x86_64-linux-gnu/libdl-2.19.so
7fe969a58000-7fe969c12000 r-xp 00000000 08:01 1621776                    /lib/x86_64-linux-gnu/libc-2.19.so
7fe969c12000-7fe969e12000 ---p 001ba000 08:01 1621776                    /lib/x86_64-linux-gnu/libc-2.19.so
7fe969e12000-7fe969e16000 r--p 001ba000 08:01 1621776                    /lib/x86_64-linux-gnu/libc-2.19.so
7fe969e16000-7fe969e18000 rw-p 001be000 08:01 1621776                    /lib/x86_64-linux-gnu/libc-2.19.so
7fe969e18000-7fe969e1d000 rw-p 00000000 00:00 0 
7fe969e1d000-7fe969e2a000 r-xp 00000000 08:01 1180712                    /usr/lib/jvm/java-7-openjdk-amd64/jre/lib/amd64/jli/libjli.so
7fe969e2a000-7fe96a029000 ---p 0000d000 08:01 1180712                    /usr/lib/jvm/java-7-openjdk-amd64/jre/lib/amd64/jli/libjli.so
7fe96a029000-7fe96a02a000 r--p 0000c000 08:01 1180712                    /usr/lib/jvm/java-7-openjdk-amd64/jre/lib/amd64/jli/libjli.so
7fe96a02a000-7fe96a02b000 rw-p 0000d000 08:01 1180712                    /usr/lib/jvm/java-7-openjdk-amd64/jre/lib/amd64/jli/libjli.so
7fe96a02b000-7fe96a04e000 r-xp 00000000 08:01 1585713                    /lib/x86_64-linux-gnu/ld-2.19.so
7fe96a04e000-7fe96a04f000 r--s 00000000 08:01 1046690                    /usr/lib/jvm/java-7-openjdk-amd64/jre/lib/management-agent.jar
7fe96a04f000-7fe96a053000 r--s 0004f000 08:01 1046693                    /usr/lib/jvm/java-7-openjdk-amd64/jre/lib/jsse.jar
7fe96a053000-7fe96a055000 r--s 00018000 08:01 1046650                    /usr/lib/jvm/java-7-openjdk-amd64/jre/lib/jce.jar
7fe96a055000-7fe96a056000 r--s 0000a000 08:01 1046684                    /usr/lib/jvm/java-7-openjdk-amd64/jre/lib/javazic.jar
7fe96a056000-7fe96a057000 r--s 00000000 08:01 1046689                    /usr/lib/jvm/java-7-openjdk-amd64/jre/lib/compilefontconfig.jar
7fe96a057000-7fe96a05b000 r--s 00034000 08:01 1180714                    /usr/lib/jvm/java-7-openjdk-amd64/jre/lib/ext/sunjce_provider.jar
7fe96a05b000-7fe96a05e000 r--s 0000f000 08:01 1180717                    /usr/lib/jvm/java-7-openjdk-amd64/jre/lib/ext/icedtea-sound.jar
7fe96a05e000-7fe96a05f000 r--s 00002000 08:01 1180716                    /usr/lib/jvm/java-7-openjdk-amd64/jre/lib/ext/dnsns.jar
7fe96a05f000-7fe96a063000 r--s 00085000 08:01 1180718                    /usr/lib/jvm/java-7-openjdk-amd64/jre/lib/ext/localedata.jar
7fe96a063000-7fe96a0b7000 rw-p 00000000 00:00 0 
7fe96a0b7000-7fe96a0ff000 rw-p 00000000 00:00 0 
7fe96a0ff000-7fe96a107000 rw-s 00000000 00:17 73                         /tmp/hsperfdata_n_righeriu/23622
7fe96a107000-7fe96a10a000 ---p 00000000 00:00 0 
7fe96a10a000-7fe96a20d000 rw-p 00000000 00:00 0 
7fe96a20d000-7fe96a20f000 r--s 00006000 08:01 137823                     /usr/share/java/java-atk-wrapper.jar
7fe96a20f000-7fe96a212000 r--s 0003d000 08:01 1180713                    /usr/lib/jvm/java-7-openjdk-amd64/jre/lib/ext/sunpkcs11.jar
7fe96a212000-7fe96a214000 r--s 00012000 08:01 1180715                    /usr/lib/jvm/java-7-openjdk-amd64/jre/lib/ext/zipfs.jar
7fe96a214000-7fe96a249000 r--s 00000000 08:01 824540                     /var/cache/nscd/passwd
7fe96a249000-7fe96a24a000 rw-p 00000000 00:00 0 
7fe96a24a000-7fe96a24b000 ---p 00000000 00:00 0 
7fe96a24b000-7fe96a24d000 rw-p 00000000 00:00 0 
7fe96a24d000-7fe96a24e000 r--p 00022000 08:01 1585713                    /lib/x86_64-linux-gnu/ld-2.19.so
7fe96a24e000-7fe96a24f000 rw-p 00023000 08:01 1585713                    /lib/x86_64-linux-gnu/ld-2.19.so
7fe96a24f000-7fe96a250000 rw-p 00000000 00:00 0 
7ffd5fbd9000-7ffd5fbfb000 rw-p 00000000 00:00 0                          [stack]
7ffd5fbfb000-7ffd5fbfd000 r--p 00000000 00:00 0                          [vvar]
7ffd5fbfd000-7ffd5fbff000 r-xp 00000000 00:00 0                          [vdso]
ffffffffff600000-ffffffffff601000 r-xp 00000000 00:00 0                  [vsyscall]

VM Arguments:
jvm_args: -Xmx15000m -Didea.launcher.port=7543 -Didea.launcher.bin.path=/afs/tu-berlin.de/home/n/n_righeriu/irb-ubuntu/programs/idea-IU-163.9166.29/bin -Dfile.encoding=UTF-8 
java_command: com.intellij.rt.execution.application.AppMain src.normalInput
Launcher Type: SUN_STANDARD

Environment Variables:
PATH=/afs/tu-berlin.de/units/Fak_IV/uebb/sw/ubun6/opt/ocs/bin:/usr/local/sbin:/usr/local/bin:/usr/sbin:/usr/bin:/sbin:/bin:/usr/games:/usr/local/games
LD_LIBRARY_PATH=/afs/tu-berlin.de/home/n/n_righeriu/irb-ubuntu/programs/idea-IU-163.9166.29/bin:
SHELL=/bin/bash
DISPLAY=:0

Signal Handlers:
SIGSEGV: [libjvm.so+0x95e310], sa_mask[0]=0x7ffbfeff, sa_flags=0x10000004
SIGBUS: [libjvm.so+0x95e310], sa_mask[0]=0x7ffbfeff, sa_flags=0x10000004
SIGFPE: [libjvm.so+0x7d1ef0], sa_mask[0]=0x7ffbfeff, sa_flags=0x10000004
SIGPIPE: [libjvm.so+0x7d1ef0], sa_mask[0]=0x7ffbfeff, sa_flags=0x10000004
SIGXFSZ: [libjvm.so+0x7d1ef0], sa_mask[0]=0x7ffbfeff, sa_flags=0x10000004
SIGILL: [libjvm.so+0x7d1ef0], sa_mask[0]=0x7ffbfeff, sa_flags=0x10000004
SIGUSR1: SIG_DFL, sa_mask[0]=0x00000000, sa_flags=0x00000000
SIGUSR2: [libjvm.so+0x7d2020], sa_mask[0]=0x00000004, sa_flags=0x10000004
SIGHUP: [libjvm.so+0x7d1f70], sa_mask[0]=0x7ffbfeff, sa_flags=0x10000004
SIGINT: [libjvm.so+0x7d1f70], sa_mask[0]=0x7ffbfeff, sa_flags=0x10000004
SIGTERM: [libjvm.so+0x7d1f70], sa_mask[0]=0x7ffbfeff, sa_flags=0x10000004
SIGQUIT: [libjvm.so+0x7d1f70], sa_mask[0]=0x7ffbfeff, sa_flags=0x10000004
SIGTRAP: SIG_DFL, sa_mask[0]=0x00000000, sa_flags=0x00000000


---------------  S Y S T E M  ---------------

OS:Ubuntu 14.04 (trusty)
uname:Linux 4.4.0-57-generic #78~14.04.1-Ubuntu SMP Sat Dec 10 00:14:47 UTC 2016 x86_64
libc:glibc 2.19 NPTL 2.19 
rlimit: STACK 8192k, CORE 0k, NPROC 63633, NOFILE 4096, AS infinity
load average:2,70 1,55 1,07

/proc/meminfo:
MemTotal:       16326796 kB
MemFree:          869080 kB
MemAvailable:    1043540 kB
Buffers:           24668 kB
Cached:          1108980 kB
SwapCached:            0 kB
Active:         14251416 kB
Inactive:         922296 kB
Active(anon):   14113352 kB
Inactive(anon):   677400 kB
Active(file):     138064 kB
Inactive(file):   244896 kB
Unevictable:          32 kB
Mlocked:              32 kB
SwapTotal:             0 kB
SwapFree:              0 kB
Dirty:             66040 kB
Writeback:             0 kB
AnonPages:      14040416 kB
Mapped:           285188 kB
Shmem:            750688 kB
Slab:             136352 kB
SReclaimable:      86604 kB
SUnreclaim:        49748 kB
KernelStack:       11616 kB
PageTables:        68644 kB
NFS_Unstable:          0 kB
Bounce:                0 kB
WritebackTmp:          0 kB
CommitLimit:     8163396 kB
Committed_AS:   17883504 kB
VmallocTotal:   34359738367 kB
VmallocUsed:           0 kB
VmallocChunk:          0 kB
HardwareCorrupted:     0 kB
AnonHugePages:  12765184 kB
CmaTotal:              0 kB
CmaFree:               0 kB
HugePages_Total:       0
HugePages_Free:        0
HugePages_Rsvd:        0
HugePages_Surp:        0
Hugepagesize:       2048 kB
DirectMap4k:      184764 kB
DirectMap2M:     7049216 kB
DirectMap1G:    10485760 kB


CPU:total 4 (2 cores per cpu, 2 threads per core) family 6 model 69 stepping 1, cmov, cx8, fxsr, mmx, sse, sse2, sse3, ssse3, sse4.1, sse4.2, popcnt, avx, avx2, aes, erms, ht, tsc, tscinvbit

/proc/cpuinfo:
processor	: 0
vendor_id	: GenuineIntel
cpu family	: 6
model		: 69
model name	: Intel(R) Core(TM) i5-4250U CPU @ 1.30GHz
stepping	: 1
microcode	: 0x1c
cpu MHz		: 2299.964
cache size	: 3072 KB
physical id	: 0
siblings	: 4
core id		: 0
cpu cores	: 2
apicid		: 0
initial apicid	: 0
fpu		: yes
fpu_exception	: yes
cpuid level	: 13
wp		: yes
flags		: fpu vme de pse tsc msr pae mce cx8 apic sep mtrr pge mca cmov pat pse36 clflush dts acpi mmx fxsr sse sse2 ss ht tm pbe syscall nx pdpe1gb rdtscp lm constant_tsc arch_perfmon pebs bts rep_good nopl xtopology nonstop_tsc aperfmperf eagerfpu pni pclmulqdq dtes64 monitor ds_cpl vmx est tm2 ssse3 sdbg fma cx16 xtpr pdcm pcid sse4_1 sse4_2 x2apic movbe popcnt tsc_deadline_timer aes xsave avx f16c rdrand lahf_lm abm epb tpr_shadow vnmi flexpriority ept vpid fsgsbase tsc_adjust bmi1 avx2 smep bmi2 erms invpcid xsaveopt dtherm ida arat pln pts
bugs		:
bogomips	: 3791.10
clflush size	: 64
cache_alignment	: 64
address sizes	: 39 bits physical, 48 bits virtual
power management:

processor	: 1
vendor_id	: GenuineIntel
cpu family	: 6
model		: 69
model name	: Intel(R) Core(TM) i5-4250U CPU @ 1.30GHz
stepping	: 1
microcode	: 0x1c
cpu MHz		: 2360.082
cache size	: 3072 KB
physical id	: 0
siblings	: 4
core id		: 1
cpu cores	: 2
apicid		: 2
initial apicid	: 2
fpu		: yes
fpu_exception	: yes
cpuid level	: 13
wp		: yes
flags		: fpu vme de pse tsc msr pae mce cx8 apic sep mtrr pge mca cmov pat pse36 clflush dts acpi mmx fxsr sse sse2 ss ht tm pbe syscall nx pdpe1gb rdtscp lm constant_tsc arch_perfmon pebs bts rep_good nopl xtopology nonstop_tsc aperfmperf eagerfpu pni pclmulqdq dtes64 monitor ds_cpl vmx est tm2 ssse3 sdbg fma cx16 xtpr pdcm pcid sse4_1 sse4_2 x2apic movbe popcnt tsc_deadline_timer aes xsave avx f16c rdrand lahf_lm abm epb tpr_shadow vnmi flexpriority ept vpid fsgsbase tsc_adjust bmi1 avx2 smep bmi2 erms invpcid xsaveopt dtherm ida arat pln pts
bugs		:
bogomips	: 3791.10
clflush size	: 64
cache_alignment	: 64
address sizes	: 39 bits physical, 48 bits virtual
power management:

processor	: 2
vendor_id	: GenuineIntel
cpu family	: 6
model		: 69
model name	: Intel(R) Core(TM) i5-4250U CPU @ 1.30GHz
stepping	: 1
microcode	: 0x1c
cpu MHz		: 2116.125
cache size	: 3072 KB
physical id	: 0
siblings	: 4
core id		: 0
cpu cores	: 2
apicid		: 1
initial apicid	: 1
fpu		: yes
fpu_exception	: yes
cpuid level	: 13
wp		: yes
flags		: fpu vme de pse tsc msr pae mce cx8 apic sep mtrr pge mca cmov pat pse36 clflush dts acpi mmx fxsr sse sse2 ss ht tm pbe syscall nx pdpe1gb rdtscp lm constant_tsc arch_perfmon pebs bts rep_good nopl xtopology nonstop_tsc aperfmperf eagerfpu pni pclmulqdq dtes64 monitor ds_cpl vmx est tm2 ssse3 sdbg fma cx16 xtpr pdcm pcid sse4_1 sse4_2 x2apic movbe popcnt tsc_deadline_timer aes xsave avx f16c rdrand lahf_lm abm epb tpr_shadow vnmi flexpriority ept vpid fsgsbase tsc_adjust bmi1 avx2 smep bmi2 erms invpcid xsaveopt dtherm ida arat pln pts
bugs		:
bogomips	: 3791.10
clflush size	: 64
cache_alignment	: 64
address sizes	: 39 bits physical, 48 bits virtual
power management:

processor	: 3
vendor_id	: GenuineIntel
cpu family	: 6
model		: 69
model name	: Intel(R) Core(TM) i5-4250U CPU @ 1.30GHz
stepping	: 1
microcode	: 0x1c
cpu MHz		: 2299.000
cache size	: 3072 KB
physical id	: 0
siblings	: 4
core id		: 1
cpu cores	: 2
apicid		: 3
initial apicid	: 3
fpu		: yes
fpu_exception	: yes
cpuid level	: 13
wp		: yes
flags		: fpu vme de pse tsc msr pae mce cx8 apic sep mtrr pge mca cmov pat pse36 clflush dts acpi mmx fxsr sse sse2 ss ht tm pbe syscall nx pdpe1gb rdtscp lm constant_tsc arch_perfmon pebs bts rep_good nopl xtopology nonstop_tsc aperfmperf eagerfpu pni pclmulqdq dtes64 monitor ds_cpl vmx est tm2 ssse3 sdbg fma cx16 xtpr pdcm pcid sse4_1 sse4_2 x2apic movbe popcnt tsc_deadline_timer aes xsave avx f16c rdrand lahf_lm abm epb tpr_shadow vnmi flexpriority ept vpid fsgsbase tsc_adjust bmi1 avx2 smep bmi2 erms invpcid xsaveopt dtherm ida arat pln pts
bugs		:
bogomips	: 3791.10
clflush size	: 64
cache_alignment	: 64
address sizes	: 39 bits physical, 48 bits virtual
power management:



Memory: 4k page, physical 16326796k(869080k free), swap 0k(0k free)

vm_info: OpenJDK 64-Bit Server VM (24.121-b00) for linux-amd64 JRE (1.7.0_121-b00), built on Nov 16 2016 00:46:21 by "buildd" with gcc 4.8.4

time: Sun Jan  8 20:20:03 2017
elapsed time: 21 seconds

