#
# There is insufficient memory for the Java Runtime Environment to continue.
# Native memory allocation (mmap) failed to map 546308096 bytes for committing reserved memory.
# Possible reasons:
#   The system is out of physical RAM or swap space
#   In 32 bit mode, the process size limit was hit
# Possible solutions:
#   Reduce memory load on the system
#   Increase physical memory or swap space
#   Check if swap backing store is full
#   Use 64 bit Java on a 64 bit OS
#   Decrease Java heap size (-Xmx/-Xms)
#   Decrease number of Java threads
#   Decrease Java thread stack sizes (-Xss)
#   Set larger code cache with -XX:ReservedCodeCacheSize=
# This output file may be truncated or incomplete.
#
#  Out of Memory Error (os_linux.cpp:2627), pid=7254, tid=0x00007f9bed217700
#
# JRE version: Java(TM) SE Runtime Environment (8.0_111-b14) (build 1.8.0_111-b14)
# Java VM: Java HotSpot(TM) 64-Bit Server VM (25.111-b14 mixed mode linux-amd64 compressed oops)
# Failed to write core dump. Core dumps have been disabled. To enable core dumping, try "ulimit -c unlimited" before starting Java again
#

---------------  T H R E A D  ---------------

Current thread (0x00007f9c18082000):  VMThread [stack: 0x00007f9bed117000,0x00007f9bed218000] [id=7275]

Stack: [0x00007f9bed117000,0x00007f9bed218000],  sp=0x00007f9bed2160a0,  free space=1020k
Native frames: (J=compiled Java code, j=interpreted, Vv=VM code, C=native code)
V  [libjvm.so+0xac5c2a]  VMError::report_and_die()+0x2ba
V  [libjvm.so+0x4fc50b]  report_vm_out_of_memory(char const*, int, unsigned long, VMErrorType, char const*)+0x8b
V  [libjvm.so+0x922ae3]  os::Linux::commit_memory_impl(char*, unsigned long, bool)+0x103
V  [libjvm.so+0x923039]  os::pd_commit_memory(char*, unsigned long, unsigned long, bool)+0x29
V  [libjvm.so+0x91d33a]  os::commit_memory(char*, unsigned long, unsigned long, bool)+0x2a
V  [libjvm.so+0x991ac3]  PSVirtualSpace::expand_by(unsigned long)+0x53
V  [libjvm.so+0x982380]  PSOldGen::expand(unsigned long)+0x170
V  [libjvm.so+0x98258b]  PSOldGen::resize(unsigned long)+0x1cb
V  [libjvm.so+0x98a291]  PSParallelCompact::invoke_no_policy(bool)+0x991
V  [libjvm.so+0x98fbed]  PSScavenge::invoke()+0x1ad
V  [libjvm.so+0x9467d0]  ParallelScavengeHeap::failed_mem_allocate(unsigned long)+0x70
V  [libjvm.so+0xac7647]  VM_ParallelGCFailedAllocation::doit()+0x97
V  [libjvm.so+0xacf125]  VM_Operation::evaluate()+0x55
V  [libjvm.so+0xacd4fa]  VMThread::evaluate_operation(VM_Operation*)+0xba
V  [libjvm.so+0xacd87e]  VMThread::loop()+0x1ce
V  [libjvm.so+0xacdcf0]  VMThread::run()+0x70
V  [libjvm.so+0x924ea8]  java_start(Thread*)+0x108

VM_Operation (0x00007f9c20f0fa40): ParallelGCFailedAllocation, mode: safepoint, requested by thread 0x00007f9c1800c000


---------------  P R O C E S S  ---------------

Java Threads: ( => current thread )
  0x00007f9c18297000 JavaThread "Monitor Ctrl-Break" daemon [_thread_in_native, id=7294, stack(0x00007f9bbb9fa000,0x00007f9bbbafb000)]
  0x00007f9c180d5800 JavaThread "Service Thread" daemon [_thread_blocked, id=7290, stack(0x00007f9bbbdfe000,0x00007f9bbbeff000)]
  0x00007f9c180ca800 JavaThread "C1 CompilerThread3" daemon [_thread_blocked, id=7289, stack(0x00007f9bbbeff000,0x00007f9bbc000000)]
  0x00007f9c180c8800 JavaThread "C2 CompilerThread2" daemon [_thread_blocked, id=7288, stack(0x00007f9bd00ff000,0x00007f9bd0200000)]
  0x00007f9c180c6800 JavaThread "C2 CompilerThread1" daemon [_thread_in_native, id=7287, stack(0x00007f9bec0d5000,0x00007f9bec1d6000)]
  0x00007f9c180c3800 JavaThread "C2 CompilerThread0" daemon [_thread_in_native, id=7286, stack(0x00007f9bec1d6000,0x00007f9bec2d7000)]
  0x00007f9c180c2000 JavaThread "Signal Dispatcher" daemon [_thread_blocked, id=7285, stack(0x00007f9bec2d7000,0x00007f9bec3d8000)]
  0x00007f9c1808e000 JavaThread "Finalizer" daemon [_thread_blocked, id=7279, stack(0x00007f9becf15000,0x00007f9bed016000)]
  0x00007f9c18089800 JavaThread "Reference Handler" daemon [_thread_blocked, id=7277, stack(0x00007f9bed016000,0x00007f9bed117000)]
  0x00007f9c1800c000 JavaThread "main" [_thread_blocked, id=7255, stack(0x00007f9c20e11000,0x00007f9c20f12000)]

Other Threads:
=>0x00007f9c18082000 VMThread [stack: 0x00007f9bed117000,0x00007f9bed218000] [id=7275]
  0x00007f9c180d8800 WatcherThread [stack: 0x00007f9bbbcfd000,0x00007f9bbbdfe000] [id=7293]

VM state:at safepoint (normal execution)

VM Mutex/Monitor currently owned by a thread:  ([mutex/lock_event])
[0x00007f9c18007bb0] ExpandHeap_lock - owner thread: 0x00007f9c18082000
[0x00007f9c18008230] Threads_lock - owner thread: 0x00007f9c18082000
[0x00007f9c18008730] Heap_lock - owner thread: 0x00007f9c1800c000

Heap:
 PSYoungGen      total 1311744K, used 245062K [0x0000000716b00000, 0x0000000792000000, 0x00000007c0000000)
  eden space 886784K, 0% used [0x0000000716b00000,0x0000000716b00000,0x000000074cd00000)
  from space 424960K, 57% used [0x000000074cd00000,0x000000075bc51ab0,0x0000000766c00000)
  to   space 470528K, 0% used [0x0000000775480000,0x0000000775480000,0x0000000792000000)
 ParOldGen       total 2312704K, used 2312468K [0x00000005c4000000, 0x0000000651280000, 0x0000000716b00000)
  object space 2312704K, 99% used [0x00000005c4000000,0x0000000651245320,0x0000000651280000)
 Metaspace       used 8746K, capacity 8894K, committed 8960K, reserved 1056768K
  class space    used 912K, capacity 983K, committed 1024K, reserved 1048576K

Card table byte_map: [0x00007f9c1cbdb000,0x00007f9c1dbbc000] byte_map_base: 0x00007f9c19dbb000

Marking Bits: (ParMarkBitMap*) 0x00007f9c202e5220
 Begin Bits: [0x00007f9bd0200000, 0x00007f9bd8100000)
 End Bits:   [0x00007f9bd8100000, 0x00007f9be0000000)

Polling page: 0x00007f9c20f34000

CodeCache: size=245760Kb used=5752Kb max_used=5763Kb free=240007Kb
 bounds [0x00007f9c09000000, 0x00007f9c095b0000, 0x00007f9c18000000]
 total_blobs=1587 nmethods=1206 adapters=295
 compilation: enabled

Compilation events (10 events):
Event: 11,142 Thread 0x00007f9c180c8800 1205       4       weka.core.Capabilities::enableAllAttributeDependencies (48 bytes)
Event: 11,146 Thread 0x00007f9c180c8800 nmethod 1205 0x00007f9c095a0510 code [0x00007f9c095a0680, 0x00007f9c095a08e8]
Event: 11,146 Thread 0x00007f9c180c8800 1206       4       weka.core.Capabilities::enableAllClassDependencies (48 bytes)
Event: 11,150 Thread 0x00007f9c180c8800 nmethod 1206 0x00007f9c0959ff10 code [0x00007f9c095a0080, 0x00007f9c095a02e8]
Event: 11,171 Thread 0x00007f9c180c8800 1207       4       java.lang.StringBuilder::toString (17 bytes)
Event: 11,175 Thread 0x00007f9c180c8800 nmethod 1207 0x00007f9c0959dd10 code [0x00007f9c0959de80, 0x00007f9c0959e218]
Event: 11,240 Thread 0x00007f9c180c8800 1208       4       weka.core.Capabilities::disableAllAttributes (48 bytes)
Event: 11,244 Thread 0x00007f9c180c8800 nmethod 1208 0x00007f9c0959f910 code [0x00007f9c0959fa80, 0x00007f9c0959fce8]
Event: 11,244 Thread 0x00007f9c180c8800 1209       4       weka.core.Capabilities::disableAllAttributeDependencies (48 bytes)
Event: 11,248 Thread 0x00007f9c180c8800 nmethod 1209 0x00007f9c0959f310 code [0x00007f9c0959f480, 0x00007f9c0959f6e8]

GC Heap History (10 events):
Event: 9,806 GC heap after
Heap after GC invocations=26 (full 8):
 PSYoungGen      total 1065984K, used 195707K [0x0000000716b00000, 0x0000000771a00000, 0x00000007c0000000)
  eden space 749056K, 0% used [0x0000000716b00000,0x0000000716b00000,0x0000000744680000)
  from space 316928K, 61% used [0x0000000759b80000,0x0000000765a9efe0,0x000000076d100000)
  to   space 349184K, 0% used [0x0000000744680000,0x0000000744680000,0x0000000759b80000)
 ParOldGen       total 1854464K, used 1444460K [0x00000005c4000000, 0x0000000635300000, 0x0000000716b00000)
  object space 1854464K, 77% used [0x00000005c4000000,0x000000061c29b098,0x0000000635300000)
 Metaspace       used 8738K, capacity 8894K, committed 8960K, reserved 1056768K
  class space    used 912K, capacity 983K, committed 1024K, reserved 1048576K
}
Event: 10,026 GC heap before
{Heap before GC invocations=27 (full 8):
 PSYoungGen      total 1065984K, used 944763K [0x0000000716b00000, 0x0000000771a00000, 0x00000007c0000000)
  eden space 749056K, 100% used [0x0000000716b00000,0x0000000744680000,0x0000000744680000)
  from space 316928K, 61% used [0x0000000759b80000,0x0000000765a9efe0,0x000000076d100000)
  to   space 349184K, 0% used [0x0000000744680000,0x0000000744680000,0x0000000759b80000)
 ParOldGen       total 1854464K, used 1444460K [0x00000005c4000000, 0x0000000635300000, 0x0000000716b00000)
  object space 1854464K, 77% used [0x00000005c4000000,0x000000061c29b098,0x0000000635300000)
 Metaspace       used 8746K, capacity 8894K, committed 8960K, reserved 1056768K
  class space    used 912K, capacity 983K, committed 1024K, reserved 1048576K
Event: 10,209 GC heap after
Heap after GC invocations=27 (full 8):
 PSYoungGen      total 1098240K, used 301119K [0x0000000716b00000, 0x000000077e900000, 0x00000007c0000000)
  eden space 749056K, 0% used [0x0000000716b00000,0x0000000716b00000,0x0000000744680000)
  from space 349184K, 86% used [0x0000000744680000,0x0000000756c8fd10,0x0000000759b80000)
  to   space 390144K, 0% used [0x0000000766c00000,0x0000000766c00000,0x000000077e900000)
 ParOldGen       total 1854464K, used 1656075K [0x00000005c4000000, 0x0000000635300000, 0x0000000716b00000)
  object space 1854464K, 89% used [0x00000005c4000000,0x0000000629142fd8,0x0000000635300000)
 Metaspace       used 8746K, capacity 8894K, committed 8960K, reserved 1056768K
  class space    used 912K, capacity 983K, committed 1024K, reserved 1048576K
}
Event: 10,209 GC heap before
{Heap before GC invocations=28 (full 9):
 PSYoungGen      total 1098240K, used 301119K [0x0000000716b00000, 0x000000077e900000, 0x00000007c0000000)
  eden space 749056K, 0% used [0x0000000716b00000,0x0000000716b00000,0x0000000744680000)
  from space 349184K, 86% used [0x0000000744680000,0x0000000756c8fd10,0x0000000759b80000)
  to   space 390144K, 0% used [0x0000000766c00000,0x0000000766c00000,0x000000077e900000)
 ParOldGen       total 1854464K, used 1656075K [0x00000005c4000000, 0x0000000635300000, 0x0000000716b00000)
  object space 1854464K, 89% used [0x00000005c4000000,0x0000000629142fd8,0x0000000635300000)
 Metaspace       used 8746K, capacity 8894K, committed 8960K, reserved 1056768K
  class space    used 912K, capacity 983K, committed 1024K, reserved 1048576K
Event: 10,541 GC heap after
Heap after GC invocations=28 (full 9):
 PSYoungGen      total 1098240K, used 76929K [0x0000000716b00000, 0x000000077e900000, 0x00000007c0000000)
  eden space 749056K, 0% used [0x0000000716b00000,0x0000000716b00000,0x0000000744680000)
  from space 349184K, 22% used [0x0000000744680000,0x00000007491a06d8,0x0000000759b80000)
  to   space 390144K, 0% used [0x0000000766c00000,0x0000000766c00000,0x000000077e900000)
 ParOldGen       total 2312704K, used 1854016K [0x00000005c4000000, 0x0000000651280000, 0x0000000716b00000)
  object space 2312704K, 80% used [0x00000005c4000000,0x0000000635290330,0x0000000651280000)
 Metaspace       used 8746K, capacity 8894K, committed 8960K, reserved 1056768K
  class space    used 912K, capacity 983K, committed 1024K, reserved 1048576K
}
Event: 10,757 GC heap before
{Heap before GC invocations=29 (full 9):
 PSYoungGen      total 1098240K, used 825985K [0x0000000716b00000, 0x000000077e900000, 0x00000007c0000000)
  eden space 749056K, 100% used [0x0000000716b00000,0x0000000744680000,0x0000000744680000)
  from space 349184K, 22% used [0x0000000744680000,0x00000007491a06d8,0x0000000759b80000)
  to   space 390144K, 0% used [0x0000000766c00000,0x0000000766c00000,0x000000077e900000)
 ParOldGen       total 2312704K, used 1854016K [0x00000005c4000000, 0x0000000651280000, 0x0000000716b00000)
  object space 2312704K, 80% used [0x00000005c4000000,0x0000000635290330,0x0000000651280000)
 Metaspace       used 8746K, capacity 8894K, committed 8960K, reserved 1056768K
  class space    used 912K, capacity 983K, committed 1024K, reserved 1048576K
Event: 10,992 GC heap after
Heap after GC invocations=29 (full 9):
 PSYoungGen      total 1276928K, used 308058K [0x0000000716b00000, 0x0000000781e80000, 0x00000007c0000000)
  eden space 886784K, 0% used [0x0000000716b00000,0x0000000716b00000,0x000000074cd00000)
  from space 390144K, 78% used [0x0000000766c00000,0x00000007798d6948,0x000000077e900000)
  to   space 424960K, 0% used [0x000000074cd00000,0x000000074cd00000,0x0000000766c00000)
 ParOldGen       total 2312704K, used 1951247K [0x00000005c4000000, 0x0000000651280000, 0x0000000716b00000)
  object space 2312704K, 84% used [0x00000005c4000000,0x000000063b183df8,0x0000000651280000)
 Metaspace       used 8746K, capacity 8894K, committed 8960K, reserved 1056768K
  class space    used 912K, capacity 983K, committed 1024K, reserved 1048576K
}
Event: 11,279 GC heap before
{Heap before GC invocations=30 (full 9):
 PSYoungGen      total 1276928K, used 1194842K [0x0000000716b00000, 0x0000000781e80000, 0x00000007c0000000)
  eden space 886784K, 100% used [0x0000000716b00000,0x000000074cd00000,0x000000074cd00000)
  from space 390144K, 78% used [0x0000000766c00000,0x00000007798d6948,0x000000077e900000)
  to   space 424960K, 0% used [0x000000074cd00000,0x000000074cd00000,0x0000000766c00000)
 ParOldGen       total 2312704K, used 1951247K [0x00000005c4000000, 0x0000000651280000, 0x0000000716b00000)
  object space 2312704K, 84% used [0x00000005c4000000,0x000000063b183df8,0x0000000651280000)
 Metaspace       used 8746K, capacity 8894K, committed 8960K, reserved 1056768K
  class space    used 912K, capacity 983K, committed 1024K, reserved 1048576K
Event: 11,513 GC heap after
Heap after GC invocations=30 (full 9):
 PSYoungGen      total 1311744K, used 357377K [0x0000000716b00000, 0x0000000792000000, 0x00000007c0000000)
  eden space 886784K, 0% used [0x0000000716b00000,0x0000000716b00000,0x000000074cd00000)
  from space 424960K, 84% used [0x000000074cd00000,0x0000000762a00720,0x0000000766c00000)
  to   space 470528K, 0% used [0x0000000775480000,0x0000000775480000,0x0000000792000000)
 ParOldGen       total 2312704K, used 2292090K [0x00000005c4000000, 0x0000000651280000, 0x0000000716b00000)
  object space 2312704K, 99% used [0x00000005c4000000,0x000000064fe5e9d8,0x0000000651280000)
 Metaspace       used 8746K, capacity 8894K, committed 8960K, reserved 1056768K
  class space    used 912K, capacity 983K, committed 1024K, reserved 1048576K
}
Event: 11,513 GC heap before
{Heap before GC invocations=31 (full 10):
 PSYoungGen      total 1311744K, used 357377K [0x0000000716b00000, 0x0000000792000000, 0x00000007c0000000)
  eden space 886784K, 0% used [0x0000000716b00000,0x0000000716b00000,0x000000074cd00000)
  from space 424960K, 84% used [0x000000074cd00000,0x0000000762a00720,0x0000000766c00000)
  to   space 470528K, 0% used [0x0000000775480000,0x0000000775480000,0x0000000792000000)
 ParOldGen       total 2312704K, used 2292090K [0x00000005c4000000, 0x0000000651280000, 0x0000000716b00000)
  object space 2312704K, 99% used [0x00000005c4000000,0x000000064fe5e9d8,0x0000000651280000)
 Metaspace       used 8746K, capacity 8894K, committed 8960K, reserved 1056768K
  class space    used 912K, capacity 983K, committed 1024K, reserved 1048576K

Deoptimization events (10 events):
Event: 5,434 Thread 0x00007f9c1800c000 Uncommon trap: reason=unstable_if action=reinterpret pc=0x00007f9c09331fcc method=sun.misc.MetaIndex.mayContain(Ljava/lang/String;)Z @ 38
Event: 5,489 Thread 0x00007f9c1800c000 Uncommon trap: reason=null_check action=make_not_entrant pc=0x00007f9c09317754 method=weka.core.Instances.attribute(Ljava/lang/String;)Lweka/core/Attribute; @ 8
Event: 5,544 Thread 0x00007f9c1800c000 Uncommon trap: reason=unstable_if action=reinterpret pc=0x00007f9c093e5900 method=weka.filters.Filter.push(Lweka/core/Instance;Z)V @ 10
Event: 5,549 Thread 0x00007f9c1800c000 Uncommon trap: reason=unstable_if action=reinterpret pc=0x00007f9c09250970 method=java.lang.String.trim()Ljava/lang/String; @ 15
Event: 5,549 Thread 0x00007f9c1800c000 Uncommon trap: reason=unstable_if action=reinterpret pc=0x00007f9c093d13a8 method=weka.filters.Filter.push(Lweka/core/Instance;Z)V @ 10
Event: 5,549 Thread 0x00007f9c1800c000 Uncommon trap: reason=unstable_if action=reinterpret pc=0x00007f9c093ad3c4 method=weka.core.RelationalLocator.copyRelationalValues(Lweka/core/Instance;ZLweka/core/Instances;Lweka/core/AttributeLocator;Lweka/core/Instances;Lweka/core/AttributeLocator;)V @ 
Event: 5,549 Thread 0x00007f9c1800c000 Uncommon trap: reason=unstable_if action=reinterpret pc=0x00007f9c093d52c4 method=weka.core.StringLocator.copyStringValues(Lweka/core/Instance;ZLweka/core/Instances;Lweka/core/AttributeLocator;Lweka/core/Instances;Lweka/core/AttributeLocator;)V @ 3
Event: 5,562 Thread 0x00007f9c1800c000 Uncommon trap: reason=unstable_if action=reinterpret pc=0x00007f9c093ef4f8 method=weka.filters.unsupervised.attribute.Copy.input(Lweka/core/Instance;)Z @ 21
Event: 5,579 Thread 0x00007f9c1800c000 Uncommon trap: reason=unstable_if action=reinterpret pc=0x00007f9c09412168 method=weka.classifiers.timeseries.core.TimeSeriesTranslate.mergeInstances(Lweka/core/Instance;Lweka/core/Instance;)Lweka/core/Instance; @ 46
Event: 9,206 Thread 0x00007f9c1800c000 Uncommon trap: reason=unstable_if action=reinterpret pc=0x00007f9c094beb60 method=java.lang.Integer.valueOf(I)Ljava/lang/Integer; @ 10

Internal exceptions (10 events):
Event: 5,536 Thread 0x00007f9c1800c000 Exception <a 'java/lang/ClassNotFoundException': weka/filters/unsupervised/attribute/RenameAttributeCustomizer> (0x00000007174ae7c0) thrown at [/HUDSON3/workspace/8-2-build-linux-amd64/jdk8u111/7883/hotspot/src/share/vm/classfile/systemDictionary.cpp, lin
Event: 5,537 Thread 0x00007f9c1800c000 Exception <a 'java/lang/ArrayIndexOutOfBoundsException'> (0x00000007174b7b28) thrown at [/HUDSON3/workspace/8-2-build-linux-amd64/jdk8u111/7883/hotspot/src/share/vm/runtime/sharedRuntime.cpp, line 605]
Event: 5,539 Thread 0x00007f9c1800c000 Exception <a 'java/lang/ClassNotFoundException': weka/filters/SimpleStreamFilterBeanInfo> (0x00000007174d3898) thrown at [/HUDSON3/workspace/8-2-build-linux-amd64/jdk8u111/7883/hotspot/src/share/vm/classfile/systemDictionary.cpp, line 210]
Event: 5,539 Thread 0x00007f9c1800c000 Exception <a 'java/lang/ClassNotFoundException': weka/filters/SimpleStreamFilterCustomizer> (0x00000007174ddd68) thrown at [/HUDSON3/workspace/8-2-build-linux-amd64/jdk8u111/7883/hotspot/src/share/vm/classfile/systemDictionary.cpp, line 210]
Event: 5,540 Thread 0x00007f9c1800c000 Exception <a 'java/lang/ClassNotFoundException': weka/filters/SimpleFilterBeanInfo> (0x00000007174e9140) thrown at [/HUDSON3/workspace/8-2-build-linux-amd64/jdk8u111/7883/hotspot/src/share/vm/classfile/systemDictionary.cpp, line 210]
Event: 5,540 Thread 0x00007f9c1800c000 Exception <a 'java/lang/ClassNotFoundException': weka/filters/SimpleFilterCustomizer> (0x00000007174f2c10) thrown at [/HUDSON3/workspace/8-2-build-linux-amd64/jdk8u111/7883/hotspot/src/share/vm/classfile/systemDictionary.cpp, line 210]
Event: 5,541 Thread 0x00007f9c1800c000 Exception <a 'java/lang/ClassNotFoundException': weka/filters/FilterBeanInfo> (0x00000007174fd690) thrown at [/HUDSON3/workspace/8-2-build-linux-amd64/jdk8u111/7883/hotspot/src/share/vm/classfile/systemDictionary.cpp, line 210]
Event: 5,541 Thread 0x00007f9c1800c000 Exception <a 'java/lang/ClassNotFoundException': weka/filters/FilterCustomizer> (0x0000000717506238) thrown at [/HUDSON3/workspace/8-2-build-linux-amd64/jdk8u111/7883/hotspot/src/share/vm/classfile/systemDictionary.cpp, line 210]
Event: 5,542 Thread 0x00007f9c1800c000 Exception <a 'java/lang/ArrayIndexOutOfBoundsException'> (0x000000071750f318) thrown at [/HUDSON3/workspace/8-2-build-linux-amd64/jdk8u111/7883/hotspot/src/share/vm/runtime/sharedRuntime.cpp, line 605]
Event: 5,579 Thread 0x00007f9c1800c000 Implicit null exception at 0x00007f9c09411c03 to 0x00007f9c09412141

Events (10 events):
Event: 9,206 Thread 0x00007f9c1800c000 Uncommon trap: trap_request=0xffffff65 fr.pc=0x00007f9c094beb60
Event: 9,206 Thread 0x00007f9c1800c000 DEOPT PACKING pc=0x00007f9c094beb60 sp=0x00007f9c20f0fb80
Event: 9,206 Thread 0x00007f9c1800c000 DEOPT UNPACKING pc=0x00007f9c09005229 sp=0x00007f9c20f0fb40 mode 2
Event: 9,316 Executing VM operation: ParallelGCFailedAllocation
Event: 9,806 Executing VM operation: ParallelGCFailedAllocation done
Event: 10,026 Executing VM operation: ParallelGCFailedAllocation
Event: 10,541 Executing VM operation: ParallelGCFailedAllocation done
Event: 10,757 Executing VM operation: ParallelGCFailedAllocation
Event: 10,992 Executing VM operation: ParallelGCFailedAllocation done
Event: 11,278 Executing VM operation: ParallelGCFailedAllocation


Dynamic libraries:
00400000-00401000 r-xp 00000000 08:01 4202095                            /lib/jvm/jdk1.8.0_111/bin/java
00600000-00601000 rw-p 00000000 08:01 4202095                            /lib/jvm/jdk1.8.0_111/bin/java
0237e000-0239f000 rw-p 00000000 00:00 0                                  [heap]
5c4000000-651280000 rw-p 00000000 00:00 0 
671b80000-716b00000 ---p 00000000 00:00 0 
716b00000-792000000 rw-p 00000000 00:00 0 
792000000-7c0000000 ---p 00000000 00:00 0 
7c0000000-7c0100000 rw-p 00000000 00:00 0 
7c0100000-800000000 ---p 00000000 00:00 0 
7f9ba4000000-7f9ba4021000 rw-p 00000000 00:00 0 
7f9ba4021000-7f9ba8000000 ---p 00000000 00:00 0 
7f9ba8000000-7f9ba8021000 rw-p 00000000 00:00 0 
7f9ba8021000-7f9bac000000 ---p 00000000 00:00 0 
7f9bac000000-7f9bac478000 rw-p 00000000 00:00 0 
7f9bac478000-7f9bb0000000 ---p 00000000 00:00 0 
7f9bb0000000-7f9bb0021000 rw-p 00000000 00:00 0 
7f9bb0021000-7f9bb4000000 ---p 00000000 00:00 0 
7f9bb4000000-7f9bb44d1000 rw-p 00000000 00:00 0 
7f9bb44d1000-7f9bb8000000 ---p 00000000 00:00 0 
7f9bb8697000-7f9bb86ad000 r-xp 00000000 08:01 4198895                    /lib/x86_64-linux-gnu/libgcc_s.so.1
7f9bb86ad000-7f9bb88ac000 ---p 00016000 08:01 4198895                    /lib/x86_64-linux-gnu/libgcc_s.so.1
7f9bb88ac000-7f9bb88ad000 rw-p 00015000 08:01 4198895                    /lib/x86_64-linux-gnu/libgcc_s.so.1
7f9bb88ad000-7f9bb88eb000 r-xp 00000000 08:01 5374292                    /usr/lib/x86_64-linux-gnu/libquadmath.so.0.0.0
7f9bb88eb000-7f9bb8aea000 ---p 0003e000 08:01 5374292                    /usr/lib/x86_64-linux-gnu/libquadmath.so.0.0.0
7f9bb8aea000-7f9bb8aeb000 r--p 0003d000 08:01 5374292                    /usr/lib/x86_64-linux-gnu/libquadmath.so.0.0.0
7f9bb8aeb000-7f9bb8aec000 rw-p 0003e000 08:01 5374292                    /usr/lib/x86_64-linux-gnu/libquadmath.so.0.0.0
7f9bb8aec000-7f9bb90e0000 r-xp 00000000 08:01 5385627                    /usr/lib/lapack/liblapack.so.3.6.0
7f9bb90e0000-7f9bb92df000 ---p 005f4000 08:01 5385627                    /usr/lib/lapack/liblapack.so.3.6.0
7f9bb92df000-7f9bb92e0000 r--p 005f3000 08:01 5385627                    /usr/lib/lapack/liblapack.so.3.6.0
7f9bb92e0000-7f9bb92e4000 rw-p 005f4000 08:01 5385627                    /usr/lib/lapack/liblapack.so.3.6.0
7f9bb92e4000-7f9bb9352000 r-xp 00000000 08:01 5385606                    /usr/lib/libblas/libblas.so.3.6.0
7f9bb9352000-7f9bb9551000 ---p 0006e000 08:01 5385606                    /usr/lib/libblas/libblas.so.3.6.0
7f9bb9551000-7f9bb9552000 r--p 0006d000 08:01 5385606                    /usr/lib/libblas/libblas.so.3.6.0
7f9bb9552000-7f9bb9553000 rw-p 0006e000 08:01 5385606                    /usr/lib/libblas/libblas.so.3.6.0
7f9bb9553000-7f9bb967c000 r-xp 00000000 08:01 5385581                    /usr/lib/x86_64-linux-gnu/libgfortran.so.3.0.0
7f9bb967c000-7f9bb987b000 ---p 00129000 08:01 5385581                    /usr/lib/x86_64-linux-gnu/libgfortran.so.3.0.0
7f9bb987b000-7f9bb987c000 r--p 00128000 08:01 5385581                    /usr/lib/x86_64-linux-gnu/libgfortran.so.3.0.0
7f9bb987c000-7f9bb987e000 rw-p 00129000 08:01 5385581                    /usr/lib/x86_64-linux-gnu/libgfortran.so.3.0.0
7f9bb987e000-7f9bb9a0c000 r-xp 00000000 08:01 1048647                    /tmp/jniloader6913498485989300092netlib-native_system-linux-x86_64.so
7f9bb9a0c000-7f9bb9c0b000 ---p 0018e000 08:01 1048647                    /tmp/jniloader6913498485989300092netlib-native_system-linux-x86_64.so
7f9bb9c0b000-7f9bb9c0d000 rw-p 0018d000 08:01 1048647                    /tmp/jniloader6913498485989300092netlib-native_system-linux-x86_64.so
7f9bb9c0d000-7f9bb9c0e000 rw-p 00000000 00:00 0 
7f9bb9c0e000-7f9bb9c1f000 r-xp 00000000 08:01 4202204                    /lib/jvm/jdk1.8.0_111/jre/lib/amd64/libnio.so
7f9bb9c1f000-7f9bb9e1e000 ---p 00011000 08:01 4202204                    /lib/jvm/jdk1.8.0_111/jre/lib/amd64/libnio.so
7f9bb9e1e000-7f9bb9e1f000 rw-p 00010000 08:01 4202204                    /lib/jvm/jdk1.8.0_111/jre/lib/amd64/libnio.so
7f9bb9e1f000-7f9bb9e24000 r-xp 00000000 08:01 5382155                    /usr/lib/x86_64-linux-gnu/libXdmcp.so.6.0.0
7f9bb9e24000-7f9bba023000 ---p 00005000 08:01 5382155                    /usr/lib/x86_64-linux-gnu/libXdmcp.so.6.0.0
7f9bba023000-7f9bba024000 r--p 00004000 08:01 5382155                    /usr/lib/x86_64-linux-gnu/libXdmcp.so.6.0.0
7f9bba024000-7f9bba025000 rw-p 00005000 08:01 5382155                    /usr/lib/x86_64-linux-gnu/libXdmcp.so.6.0.0
7f9bba025000-7f9bba027000 r-xp 00000000 08:01 5382144                    /usr/lib/x86_64-linux-gnu/libXau.so.6.0.0
7f9bba027000-7f9bba227000 ---p 00002000 08:01 5382144                    /usr/lib/x86_64-linux-gnu/libXau.so.6.0.0
7f9bba227000-7f9bba228000 r--p 00002000 08:01 5382144                    /usr/lib/x86_64-linux-gnu/libXau.so.6.0.0
7f9bba228000-7f9bba229000 rw-p 00003000 08:01 5382144                    /usr/lib/x86_64-linux-gnu/libXau.so.6.0.0
7f9bba229000-7f9bba24a000 r-xp 00000000 08:01 5383522                    /usr/lib/x86_64-linux-gnu/libxcb.so.1.1.0
7f9bba24a000-7f9bba449000 ---p 00021000 08:01 5383522                    /usr/lib/x86_64-linux-gnu/libxcb.so.1.1.0
7f9bba449000-7f9bba44a000 r--p 00020000 08:01 5383522                    /usr/lib/x86_64-linux-gnu/libxcb.so.1.1.0
7f9bba44a000-7f9bba44b000 rw-p 00021000 08:01 5383522                    /usr/lib/x86_64-linux-gnu/libxcb.so.1.1.0
7f9bba44b000-7f9bba45a000 r-xp 00000000 08:01 5382165                    /usr/lib/x86_64-linux-gnu/libXi.so.6.1.0
7f9bba45a000-7f9bba659000 ---p 0000f000 08:01 5382165                    /usr/lib/x86_64-linux-gnu/libXi.so.6.1.0
7f9bba659000-7f9bba65a000 r--p 0000e000 08:01 5382165                    /usr/lib/x86_64-linux-gnu/libXi.so.6.1.0
7f9bba65a000-7f9bba65b000 rw-p 0000f000 08:01 5382165                    /usr/lib/x86_64-linux-gnu/libXi.so.6.1.0
7f9bba65b000-7f9bba660000 r-xp 00000000 08:01 5382183                    /usr/lib/x86_64-linux-gnu/libXtst.so.6.1.0
7f9bba660000-7f9bba85f000 ---p 00005000 08:01 5382183                    /usr/lib/x86_64-linux-gnu/libXtst.so.6.1.0
7f9bba85f000-7f9bba860000 r--p 00004000 08:01 5382183                    /usr/lib/x86_64-linux-gnu/libXtst.so.6.1.0
7f9bba860000-7f9bba861000 rw-p 00005000 08:01 5382183                    /usr/lib/x86_64-linux-gnu/libXtst.so.6.1.0
7f9bba861000-7f9bba86a000 r-xp 00000000 08:01 5382177                    /usr/lib/x86_64-linux-gnu/libXrender.so.1.3.0
7f9bba86a000-7f9bbaa69000 ---p 00009000 08:01 5382177                    /usr/lib/x86_64-linux-gnu/libXrender.so.1.3.0
7f9bbaa69000-7f9bbaa6a000 r--p 00008000 08:01 5382177                    /usr/lib/x86_64-linux-gnu/libXrender.so.1.3.0
7f9bbaa6a000-7f9bbaa6b000 rw-p 00009000 08:01 5382177                    /usr/lib/x86_64-linux-gnu/libXrender.so.1.3.0
7f9bbaa6b000-7f9bbaba0000 r-xp 00000000 08:01 5382140                    /usr/lib/x86_64-linux-gnu/libX11.so.6.3.0
7f9bbaba0000-7f9bbada0000 ---p 00135000 08:01 5382140                    /usr/lib/x86_64-linux-gnu/libX11.so.6.3.0
7f9bbada0000-7f9bbada1000 r--p 00135000 08:01 5382140                    /usr/lib/x86_64-linux-gnu/libX11.so.6.3.0
7f9bbada1000-7f9bbada5000 rw-p 00136000 08:01 5382140                    /usr/lib/x86_64-linux-gnu/libX11.so.6.3.0
7f9bbada5000-7f9bbadb6000 r-xp 00000000 08:01 5382157                    /usr/lib/x86_64-linux-gnu/libXext.so.6.4.0
7f9bbadb6000-7f9bbafb5000 ---p 00011000 08:01 5382157                    /usr/lib/x86_64-linux-gnu/libXext.so.6.4.0
7f9bbafb5000-7f9bbafb6000 r--p 00010000 08:01 5382157                    /usr/lib/x86_64-linux-gnu/libXext.so.6.4.0
7f9bbafb6000-7f9bbafb7000 rw-p 00011000 08:01 5382157                    /usr/lib/x86_64-linux-gnu/libXext.so.6.4.0
7f9bbafb7000-7f9bbb00b000 r-xp 00000000 08:01 4202206                    /lib/jvm/jdk1.8.0_111/jre/lib/amd64/libawt_xawt.so
7f9bbb00b000-7f9bbb20b000 ---p 00054000 08:01 4202206                    /lib/jvm/jdk1.8.0_111/jre/lib/amd64/libawt_xawt.so
7f9bbb20b000-7f9bbb20f000 rw-p 00054000 08:01 4202206                    /lib/jvm/jdk1.8.0_111/jre/lib/amd64/libawt_xawt.so
7f9bbb20f000-7f9bbb210000 rw-p 00000000 00:00 0 
7f9bbb210000-7f9bbb2b2000 r-xp 00000000 08:01 4202239                    /lib/jvm/jdk1.8.0_111/jre/lib/amd64/libawt.so
7f9bbb2b2000-7f9bbb4b2000 ---p 000a2000 08:01 4202239                    /lib/jvm/jdk1.8.0_111/jre/lib/amd64/libawt.so
7f9bbb4b2000-7f9bbb4be000 rw-p 000a2000 08:01 4202239                    /lib/jvm/jdk1.8.0_111/jre/lib/amd64/libawt.so
7f9bbb4be000-7f9bbb7e3000 rw-p 00000000 00:00 0 
7f9bbb7e3000-7f9bbb7f9000 r-xp 00000000 08:01 4202179                    /lib/jvm/jdk1.8.0_111/jre/lib/amd64/libnet.so
7f9bbb7f9000-7f9bbb9f9000 ---p 00016000 08:01 4202179                    /lib/jvm/jdk1.8.0_111/jre/lib/amd64/libnet.so
7f9bbb9f9000-7f9bbb9fa000 rw-p 00016000 08:01 4202179                    /lib/jvm/jdk1.8.0_111/jre/lib/amd64/libnet.so
7f9bbb9fa000-7f9bbb9fd000 ---p 00000000 00:00 0 
7f9bbb9fd000-7f9bbbafb000 rw-p 00000000 00:00 0 
7f9bbbafb000-7f9bbbafc000 r-xp 00000000 08:01 5125191                    /home/cycle/programs/idea-IU-163.10154.41/bin/libbreakgen64.so
7f9bbbafc000-7f9bbbcfb000 ---p 00001000 08:01 5125191                    /home/cycle/programs/idea-IU-163.10154.41/bin/libbreakgen64.so
7f9bbbcfb000-7f9bbbcfc000 r--p 00000000 08:01 5125191                    /home/cycle/programs/idea-IU-163.10154.41/bin/libbreakgen64.so
7f9bbbcfc000-7f9bbbcfd000 rw-p 00001000 08:01 5125191                    /home/cycle/programs/idea-IU-163.10154.41/bin/libbreakgen64.so
7f9bbbcfd000-7f9bbbcfe000 ---p 00000000 00:00 0 
7f9bbbcfe000-7f9bbbdfe000 rw-p 00000000 00:00 0 
7f9bbbdfe000-7f9bbbe01000 ---p 00000000 00:00 0 
7f9bbbe01000-7f9bbbeff000 rw-p 00000000 00:00 0 
7f9bbbeff000-7f9bbbf02000 ---p 00000000 00:00 0 
7f9bbbf02000-7f9bbc000000 rw-p 00000000 00:00 0 
7f9bbc000000-7f9bbc8d1000 rw-p 00000000 00:00 0 
7f9bbc8d1000-7f9bc0000000 ---p 00000000 00:00 0 
7f9bc0000000-7f9bc0cfe000 rw-p 00000000 00:00 0 
7f9bc0cfe000-7f9bc4000000 ---p 00000000 00:00 0 
7f9bc4000000-7f9bc4021000 rw-p 00000000 00:00 0 
7f9bc4021000-7f9bc8000000 ---p 00000000 00:00 0 
7f9bc8000000-7f9bc8021000 rw-p 00000000 00:00 0 
7f9bc8021000-7f9bcc000000 ---p 00000000 00:00 0 
7f9bcc000000-7f9bcc021000 rw-p 00000000 00:00 0 
7f9bcc021000-7f9bd0000000 ---p 00000000 00:00 0 
7f9bd00bf000-7f9bd00db000 r--s 00393000 08:01 4202262                    /lib/jvm/jdk1.8.0_111/jre/lib/ext/cldrdata.jar
7f9bd00db000-7f9bd00e5000 r--s 00116000 08:01 4202259                    /lib/jvm/jdk1.8.0_111/jre/lib/ext/localedata.jar
7f9bd00e5000-7f9bd00e9000 r--s 00097000 08:01 4202123                    /lib/jvm/jdk1.8.0_111/jre/lib/jsse.jar
7f9bd00e9000-7f9bd00eb000 r--s 00019000 08:01 5116969                    /home/cycle/programs/idea-IU-163.10154.41/lib/idea_rt.jar
7f9bd00eb000-7f9bd00ed000 r--s 00027000 08:01 4990706                    /home/cycle/.m2/repository/com/github/fommil/netlib/core/1.1/core-1.1.jar
7f9bd00ed000-7f9bd00ff000 r--s 00112000 08:01 4855231                    /home/cycle/.m2/repository/net/sourceforge/f2j/arpack_combined_all/0.1/arpack_combined_all-0.1.jar
7f9bd00ff000-7f9bd0102000 ---p 00000000 00:00 0 
7f9bd0102000-7f9be0000000 rw-p 00000000 00:00 0 
7f9be0000000-7f9be0021000 rw-p 00000000 00:00 0 
7f9be0021000-7f9be4000000 ---p 00000000 00:00 0 
7f9be4000000-7f9be428e000 rw-p 00000000 00:00 0 
7f9be428e000-7f9be8000000 ---p 00000000 00:00 0 
7f9be8000000-7f9be8021000 rw-p 00000000 00:00 0 
7f9be8021000-7f9bec000000 ---p 00000000 00:00 0 
7f9bec000000-7f9bec001000 r--s 00003000 08:01 4725519                    /home/cycle/wekafiles/classifierattrsel/classifierBasedAttributeSelection.jar
7f9bec001000-7f9bec003000 r--s 00016000 08:01 5515098                    /home/cycle/.m2/repository/com/googlecode/netlib-java/netlib-java/1.1/netlib-java-1.1.jar
7f9bec003000-7f9bec005000 r--s 00088000 08:01 5515096                    /home/cycle/.m2/repository/com/github/fommil/netlib/netlib-native_system-win-i686/1.1/netlib-native_system-win-i686-1.1-natives.jar
7f9bec005000-7f9bec006000 r--s 0009b000 08:01 5515094                    /home/cycle/.m2/repository/com/github/fommil/netlib/netlib-native_system-win-x86_64/1.1/netlib-native_system-win-x86_64-1.1-natives.jar
7f9bec006000-7f9bec007000 r--s 0004b000 08:01 5515092                    /home/cycle/.m2/repository/com/github/fommil/netlib/netlib-native_system-linux-armhf/1.1/netlib-native_system-linux-armhf-1.1-natives.jar
7f9bec007000-7f9bec008000 r--s 0006a000 08:01 5515090                    /home/cycle/.m2/repository/com/github/fommil/netlib/netlib-native_system-linux-i686/1.1/netlib-native_system-linux-i686-1.1-natives.jar
7f9bec008000-7f9bec009000 r--s 0006f000 08:01 5384655                    /home/cycle/.m2/repository/com/github/fommil/netlib/netlib-native_system-linux-x86_64/1.1/netlib-native_system-linux-x86_64-1.1-natives.jar
7f9bec009000-7f9bec00a000 r--s 0000d000 08:01 5384653                    /home/cycle/.m2/repository/com/github/fommil/netlib/native_system-java/1.1/native_system-java-1.1.jar
7f9bec00a000-7f9bec00b000 r--s 00087000 08:01 5384651                    /home/cycle/.m2/repository/com/github/fommil/netlib/netlib-native_system-osx-x86_64/1.1/netlib-native_system-osx-x86_64-1.1-natives.jar
7f9bec00b000-7f9bec00c000 r--s 00126000 08:01 5384650                    /home/cycle/.m2/repository/com/github/fommil/netlib/netlib-native_ref-linux-armhf/1.1/netlib-native_ref-linux-armhf-1.1-natives.jar
7f9bec00c000-7f9bec00d000 r--s 001bd000 08:01 5384647                    /home/cycle/.m2/repository/com/github/fommil/netlib/netlib-native_ref-win-i686/1.1/netlib-native_ref-win-i686-1.1-natives.jar
7f9bec00d000-7f9bec00e000 r--s 00232000 08:01 5384645                    /home/cycle/.m2/repository/com/github/fommil/netlib/netlib-native_ref-win-x86_64/1.1/netlib-native_ref-win-x86_64-1.1-natives.jar
7f9bec00e000-7f9bec00f000 r--s 0016b000 08:01 5384643                    /home/cycle/.m2/repository/com/github/fommil/netlib/netlib-native_ref-linux-i686/1.1/netlib-native_ref-linux-i686-1.1-natives.jar
7f9bec00f000-7f9bec011000 r--s 001aa000 08:01 5247342                    /home/cycle/.m2/repository/com/github/fommil/netlib/netlib-native_ref-linux-x86_64/1.1/netlib-native_ref-linux-x86_64-1.1-natives.jar
7f9bec011000-7f9bec013000 r--s 00001000 08:01 4990714                    /home/cycle/.m2/repository/com/github/fommil/jniloader/1.1/jniloader-1.1.jar
7f9bec013000-7f9bec015000 r--s 001c0000 08:01 4990704                    /home/cycle/.m2/repository/com/github/fommil/netlib/netlib-native_ref-osx-x86_64/1.1/netlib-native_ref-osx-x86_64-1.1-natives.jar
7f9bec015000-7f9bec01a000 r--s 0003d000 08:01 4722174                    /home/cycle/.m2/repository/com/googlecode/matrix-toolkits-java/mtj/1.0.4/mtj-1.0.4.jar
7f9bec01a000-7f9bec01e000 r--s 0002f000 08:01 4722171                    /home/cycle/.m2/repository/nz/ac/waikato/cms/weka/thirdparty/bounce/0.18/bounce-0.18.jar
7f9bec01e000-7f9bec07e000 r--s 00855000 08:01 5515088                    /home/cycle/.m2/repository/nz/ac/waikato/cms/weka/weka-dev/3.9.1/weka-dev-3.9.1.jar
7f9bec07e000-7f9bec084000 r--s 0004b000 08:01 4722163                    /home/cycle/.m2/repository/org/jfree/jcommon/1.0.23/jcommon-1.0.23.jar
7f9bec084000-7f9bec095000 r--s 0016e000 08:01 4722161                    /home/cycle/.m2/repository/org/jfree/jfreechart/1.0.19/jfreechart-1.0.19.jar
7f9bec095000-7f9bec0a8000 r--s 00345000 08:01 4202308                    /lib/jvm/jdk1.8.0_111/jre/lib/resources.jar
7f9bec0a8000-7f9bec0ba000 r--s 000d6000 08:01 4202307                    /lib/jvm/jdk1.8.0_111/jre/lib/plugin.jar
7f9bec0ba000-7f9bec0d5000 r--s 00208000 08:01 4202287                    /lib/jvm/jdk1.8.0_111/jre/lib/deploy.jar
7f9bec0d5000-7f9bec0d8000 ---p 00000000 00:00 0 
7f9bec0d8000-7f9bec1d6000 rw-p 00000000 00:00 0 
7f9bec1d6000-7f9bec1d9000 ---p 00000000 00:00 0 
7f9bec1d9000-7f9bec2d7000 rw-p 00000000 00:00 0 
7f9bec2d7000-7f9bec2da000 ---p 00000000 00:00 0 
7f9bec2da000-7f9bec3d8000 rw-p 00000000 00:00 0 
7f9bec3d8000-7f9becf15000 r--p 00000000 08:01 5381162                    /usr/lib/locale/locale-archive
7f9becf15000-7f9becf18000 ---p 00000000 00:00 0 
7f9becf18000-7f9bed016000 rw-p 00000000 00:00 0 
7f9bed016000-7f9bed019000 ---p 00000000 00:00 0 
7f9bed019000-7f9bed117000 rw-p 00000000 00:00 0 
7f9bed117000-7f9bed118000 ---p 00000000 00:00 0 
7f9bed118000-7f9beee48000 rw-p 00000000 00:00 0 
7f9beee48000-7f9bef020000 r--s 03d2a000 08:01 4202171                    /lib/jvm/jdk1.8.0_111/jre/lib/rt.jar
7f9bef020000-7f9bf0000000 rw-p 00000000 00:00 0 
7f9bf0000000-7f9bf0021000 rw-p 00000000 00:00 0 
7f9bf0021000-7f9bf4000000 ---p 00000000 00:00 0 
7f9bf4000000-7f9bf4021000 rw-p 00000000 00:00 0 
7f9bf4021000-7f9bf8000000 ---p 00000000 00:00 0 
7f9bf8000000-7f9bf8021000 rw-p 00000000 00:00 0 
7f9bf8021000-7f9bfc000000 ---p 00000000 00:00 0 
7f9bfc000000-7f9bfc021000 rw-p 00000000 00:00 0 
7f9bfc021000-7f9c00000000 ---p 00000000 00:00 0 
7f9c00000000-7f9c00021000 rw-p 00000000 00:00 0 
7f9c00021000-7f9c04000000 ---p 00000000 00:00 0 
7f9c04000000-7f9c04021000 rw-p 00000000 00:00 0 
7f9c04021000-7f9c08000000 ---p 00000000 00:00 0 
7f9c08000000-7f9c08001000 r--s 0000d000 08:01 4990707                    /home/cycle/.m2/repository/com/github/fommil/netlib/native_ref-java/1.1/native_ref-java-1.1.jar
7f9c08001000-7f9c08002000 r--s 00005000 08:01 4722170                    /home/cycle/.m2/repository/nz/ac/waikato/cms/weka/thirdparty/java-cup-11b-runtime/2015.03.26/java-cup-11b-runtime-2015.03.26.jar
7f9c08002000-7f9c08004000 r--s 00016000 08:01 4722167                    /home/cycle/.m2/repository/nz/ac/waikato/cms/weka/thirdparty/java-cup-11b/2015.03.26/java-cup-11b-2015.03.26.jar
7f9c08004000-7f9c08007000 r--s 0001d000 08:01 4854774                    /home/cycle/wekafiles/rplugin/pdm-RPlugin-ce-TRUNK-SNAPSHOT.jar
7f9c08007000-7f9c088b9000 rw-p 00000000 00:00 0 
7f9c088b9000-7f9c088f9000 ---p 00000000 00:00 0 
7f9c088f9000-7f9c088fa000 ---p 00000000 00:00 0 
7f9c088fa000-7f9c089fa000 rw-p 00000000 00:00 0 
7f9c089fa000-7f9c089fb000 ---p 00000000 00:00 0 
7f9c089fb000-7f9c08afb000 rw-p 00000000 00:00 0 
7f9c08afb000-7f9c08afc000 ---p 00000000 00:00 0 
7f9c08afc000-7f9c08bfc000 rw-p 00000000 00:00 0 
7f9c08bfc000-7f9c08bfd000 ---p 00000000 00:00 0 
7f9c08bfd000-7f9c08cfd000 rw-p 00000000 00:00 0 
7f9c08cfd000-7f9c08cfe000 ---p 00000000 00:00 0 
7f9c08cfe000-7f9c08dfe000 rw-p 00000000 00:00 0 
7f9c08dfe000-7f9c08dff000 ---p 00000000 00:00 0 
7f9c08dff000-7f9c08eff000 rw-p 00000000 00:00 0 
7f9c08eff000-7f9c08f00000 ---p 00000000 00:00 0 
7f9c08f00000-7f9c09000000 rw-p 00000000 00:00 0 
7f9c09000000-7f9c095b0000 rwxp 00000000 00:00 0 
7f9c095b0000-7f9c18000000 ---p 00000000 00:00 0 
7f9c18000000-7f9c185d2000 rw-p 00000000 00:00 0 
7f9c185d2000-7f9c1c000000 ---p 00000000 00:00 0 
7f9c1c000000-7f9c1c002000 r--s 00012000 08:01 4722165                    /home/cycle/.m2/repository/com/github/fracpete/multisearch-weka-package/2016.6.7/multisearch-weka-package-2016.6.7.jar
7f9c1c002000-7f9c1c044000 rw-p 00000000 00:00 0 
7f9c1c044000-7f9c1c045000 ---p 00000000 00:00 0 
7f9c1c045000-7f9c1c5af000 rw-p 00000000 00:00 0 
7f9c1c5af000-7f9c1cbdb000 ---p 00000000 00:00 0 
7f9c1cbdb000-7f9c1d045000 rw-p 00000000 00:00 0 
7f9c1d045000-7f9c1d670000 ---p 00000000 00:00 0 
7f9c1d670000-7f9c1da4b000 rw-p 00000000 00:00 0 
7f9c1da4b000-7f9c1dbbb000 ---p 00000000 00:00 0 
7f9c1dbbb000-7f9c1dbd3000 rw-p 00000000 00:00 0 
7f9c1dbd3000-7f9c1df7c000 ---p 00000000 00:00 0 
7f9c1df7c000-7f9c1df96000 r-xp 00000000 08:01 4202202                    /lib/jvm/jdk1.8.0_111/jre/lib/amd64/libzip.so
7f9c1df96000-7f9c1e196000 ---p 0001a000 08:01 4202202                    /lib/jvm/jdk1.8.0_111/jre/lib/amd64/libzip.so
7f9c1e196000-7f9c1e197000 rw-p 0001a000 08:01 4202202                    /lib/jvm/jdk1.8.0_111/jre/lib/amd64/libzip.so
7f9c1e197000-7f9c1e1a2000 r-xp 00000000 08:01 4202347                    /lib/x86_64-linux-gnu/libnss_files-2.23.so
7f9c1e1a2000-7f9c1e3a1000 ---p 0000b000 08:01 4202347                    /lib/x86_64-linux-gnu/libnss_files-2.23.so
7f9c1e3a1000-7f9c1e3a2000 r--p 0000a000 08:01 4202347                    /lib/x86_64-linux-gnu/libnss_files-2.23.so
7f9c1e3a2000-7f9c1e3a3000 rw-p 0000b000 08:01 4202347                    /lib/x86_64-linux-gnu/libnss_files-2.23.so
7f9c1e3a3000-7f9c1e3a9000 rw-p 00000000 00:00 0 
7f9c1e3a9000-7f9c1e3b4000 r-xp 00000000 08:01 4202332                    /lib/x86_64-linux-gnu/libnss_nis-2.23.so
7f9c1e3b4000-7f9c1e5b3000 ---p 0000b000 08:01 4202332                    /lib/x86_64-linux-gnu/libnss_nis-2.23.so
7f9c1e5b3000-7f9c1e5b4000 r--p 0000a000 08:01 4202332                    /lib/x86_64-linux-gnu/libnss_nis-2.23.so
7f9c1e5b4000-7f9c1e5b5000 rw-p 0000b000 08:01 4202332                    /lib/x86_64-linux-gnu/libnss_nis-2.23.so
7f9c1e5b5000-7f9c1e5cb000 r-xp 00000000 08:01 4202343                    /lib/x86_64-linux-gnu/libnsl-2.23.so
7f9c1e5cb000-7f9c1e7ca000 ---p 00016000 08:01 4202343                    /lib/x86_64-linux-gnu/libnsl-2.23.so
7f9c1e7ca000-7f9c1e7cb000 r--p 00015000 08:01 4202343                    /lib/x86_64-linux-gnu/libnsl-2.23.so
7f9c1e7cb000-7f9c1e7cc000 rw-p 00016000 08:01 4202343                    /lib/x86_64-linux-gnu/libnsl-2.23.so
7f9c1e7cc000-7f9c1e7ce000 rw-p 00000000 00:00 0 
7f9c1e7ce000-7f9c1e7d6000 r-xp 00000000 08:01 4202344                    /lib/x86_64-linux-gnu/libnss_compat-2.23.so
7f9c1e7d6000-7f9c1e9d5000 ---p 00008000 08:01 4202344                    /lib/x86_64-linux-gnu/libnss_compat-2.23.so
7f9c1e9d5000-7f9c1e9d6000 r--p 00007000 08:01 4202344                    /lib/x86_64-linux-gnu/libnss_compat-2.23.so
7f9c1e9d6000-7f9c1e9d7000 rw-p 00008000 08:01 4202344                    /lib/x86_64-linux-gnu/libnss_compat-2.23.so
7f9c1e9d7000-7f9c1ea02000 r-xp 00000000 08:01 4202229                    /lib/jvm/jdk1.8.0_111/jre/lib/amd64/libjava.so
7f9c1ea02000-7f9c1ec01000 ---p 0002b000 08:01 4202229                    /lib/jvm/jdk1.8.0_111/jre/lib/amd64/libjava.so
7f9c1ec01000-7f9c1ec03000 rw-p 0002a000 08:01 4202229                    /lib/jvm/jdk1.8.0_111/jre/lib/amd64/libjava.so
7f9c1ec03000-7f9c1ec10000 r-xp 00000000 08:01 4202180                    /lib/jvm/jdk1.8.0_111/jre/lib/amd64/libverify.so
7f9c1ec10000-7f9c1ee0f000 ---p 0000d000 08:01 4202180                    /lib/jvm/jdk1.8.0_111/jre/lib/amd64/libverify.so
7f9c1ee0f000-7f9c1ee11000 rw-p 0000c000 08:01 4202180                    /lib/jvm/jdk1.8.0_111/jre/lib/amd64/libverify.so
7f9c1ee11000-7f9c1ee18000 r-xp 00000000 08:01 4202331                    /lib/x86_64-linux-gnu/librt-2.23.so
7f9c1ee18000-7f9c1f017000 ---p 00007000 08:01 4202331                    /lib/x86_64-linux-gnu/librt-2.23.so
7f9c1f017000-7f9c1f018000 r--p 00006000 08:01 4202331                    /lib/x86_64-linux-gnu/librt-2.23.so
7f9c1f018000-7f9c1f019000 rw-p 00007000 08:01 4202331                    /lib/x86_64-linux-gnu/librt-2.23.so
7f9c1f019000-7f9c1f121000 r-xp 00000000 08:01 4202341                    /lib/x86_64-linux-gnu/libm-2.23.so
7f9c1f121000-7f9c1f320000 ---p 00108000 08:01 4202341                    /lib/x86_64-linux-gnu/libm-2.23.so
7f9c1f320000-7f9c1f321000 r--p 00107000 08:01 4202341                    /lib/x86_64-linux-gnu/libm-2.23.so
7f9c1f321000-7f9c1f322000 rw-p 00108000 08:01 4202341                    /lib/x86_64-linux-gnu/libm-2.23.so
7f9c1f322000-7f9c1ffef000 r-xp 00000000 08:01 4202233                    /lib/jvm/jdk1.8.0_111/jre/lib/amd64/server/libjvm.so
7f9c1ffef000-7f9c201ee000 ---p 00ccd000 08:01 4202233                    /lib/jvm/jdk1.8.0_111/jre/lib/amd64/server/libjvm.so
7f9c201ee000-7f9c202c7000 rw-p 00ccc000 08:01 4202233                    /lib/jvm/jdk1.8.0_111/jre/lib/amd64/server/libjvm.so
7f9c202c7000-7f9c20312000 rw-p 00000000 00:00 0 
7f9c20312000-7f9c204d1000 r-xp 00000000 08:01 4202336                    /lib/x86_64-linux-gnu/libc-2.23.so
7f9c204d1000-7f9c206d1000 ---p 001bf000 08:01 4202336                    /lib/x86_64-linux-gnu/libc-2.23.so
7f9c206d1000-7f9c206d5000 r--p 001bf000 08:01 4202336                    /lib/x86_64-linux-gnu/libc-2.23.so
7f9c206d5000-7f9c206d7000 rw-p 001c3000 08:01 4202336                    /lib/x86_64-linux-gnu/libc-2.23.so
7f9c206d7000-7f9c206db000 rw-p 00000000 00:00 0 
7f9c206db000-7f9c206de000 r-xp 00000000 08:01 4202335                    /lib/x86_64-linux-gnu/libdl-2.23.so
7f9c206de000-7f9c208dd000 ---p 00003000 08:01 4202335                    /lib/x86_64-linux-gnu/libdl-2.23.so
7f9c208dd000-7f9c208de000 r--p 00002000 08:01 4202335                    /lib/x86_64-linux-gnu/libdl-2.23.so
7f9c208de000-7f9c208df000 rw-p 00003000 08:01 4202335                    /lib/x86_64-linux-gnu/libdl-2.23.so
7f9c208df000-7f9c208f4000 r-xp 00000000 08:01 4201314                    /lib/jvm/jdk1.8.0_111/lib/amd64/jli/libjli.so
7f9c208f4000-7f9c20af4000 ---p 00015000 08:01 4201314                    /lib/jvm/jdk1.8.0_111/lib/amd64/jli/libjli.so
7f9c20af4000-7f9c20af5000 rw-p 00015000 08:01 4201314                    /lib/jvm/jdk1.8.0_111/lib/amd64/jli/libjli.so
7f9c20af5000-7f9c20b0d000 r-xp 00000000 08:01 4202342                    /lib/x86_64-linux-gnu/libpthread-2.23.so
7f9c20b0d000-7f9c20d0c000 ---p 00018000 08:01 4202342                    /lib/x86_64-linux-gnu/libpthread-2.23.so
7f9c20d0c000-7f9c20d0d000 r--p 00017000 08:01 4202342                    /lib/x86_64-linux-gnu/libpthread-2.23.so
7f9c20d0d000-7f9c20d0e000 rw-p 00018000 08:01 4202342                    /lib/x86_64-linux-gnu/libpthread-2.23.so
7f9c20d0e000-7f9c20d12000 rw-p 00000000 00:00 0 
7f9c20d12000-7f9c20d38000 r-xp 00000000 08:01 4198774                    /lib/x86_64-linux-gnu/ld-2.23.so
7f9c20d38000-7f9c20d3a000 r--s 00009000 08:01 4465959                    /home/cycle/wekafiles/multiLayerPerceptrons1.0.10/multiLayerPerceptrons.jar
7f9c20d3a000-7f9c20d3c000 r--s 0000b000 08:01 4464048                    /home/cycle/wekafiles/rengine-weka-inject-classes.jar
7f9c20d3c000-7f9c20d41000 r--s 00046000 08:01 1048652                    /home/cycle/wekafiles/timeseriesForecasting-1.0.24.jar
7f9c20d41000-7f9c20d45000 r--s 00097000 08:01 4202123                    /lib/jvm/jdk1.8.0_111/jre/lib/jsse.jar
7f9c20d45000-7f9c20d4a000 r--s 00084000 08:01 4202278                    /lib/jvm/jdk1.8.0_111/jre/lib/jfr.jar
7f9c20d4a000-7f9c20e11000 rw-p 00000000 00:00 0 
7f9c20e11000-7f9c20e14000 ---p 00000000 00:00 0 
7f9c20e14000-7f9c20f16000 rw-p 00000000 00:00 0 
7f9c20f16000-7f9c20f17000 r--s 00000000 08:01 4202250                    /lib/jvm/jdk1.8.0_111/jre/lib/management-agent.jar
7f9c20f17000-7f9c20f19000 r--s 00007000 08:01 4202244                    /lib/jvm/jdk1.8.0_111/jre/lib/jfxswt.jar
7f9c20f19000-7f9c20f1c000 r--s 0001a000 08:01 4202312                    /lib/jvm/jdk1.8.0_111/jre/lib/jce.jar
7f9c20f1c000-7f9c20f26000 r--s 0006c000 08:01 4202286                    /lib/jvm/jdk1.8.0_111/jre/lib/javaws.jar
7f9c20f26000-7f9c20f2b000 r--s 002f9000 08:01 4202124                    /lib/jvm/jdk1.8.0_111/jre/lib/charsets.jar
7f9c20f2b000-7f9c20f33000 rw-s 00000000 08:01 1048614                    /tmp/hsperfdata_cycle/7254
7f9c20f33000-7f9c20f34000 rw-p 00000000 00:00 0 
7f9c20f34000-7f9c20f35000 ---p 00000000 00:00 0 
7f9c20f35000-7f9c20f37000 rw-p 00000000 00:00 0 
7f9c20f37000-7f9c20f38000 r--p 00025000 08:01 4198774                    /lib/x86_64-linux-gnu/ld-2.23.so
7f9c20f38000-7f9c20f39000 rw-p 00026000 08:01 4198774                    /lib/x86_64-linux-gnu/ld-2.23.so
7f9c20f39000-7f9c20f3a000 rw-p 00000000 00:00 0 
7ffc04e9c000-7ffc04ebe000 rw-p 00000000 00:00 0                          [stack]
7ffc04f75000-7ffc04f77000 r--p 00000000 00:00 0                          [vvar]
7ffc04f77000-7ffc04f79000 r-xp 00000000 00:00 0                          [vdso]
ffffffffff600000-ffffffffff601000 r-xp 00000000 00:00 0                  [vsyscall]

VM Arguments:
jvm_args: -Xmx8128m -Didea.launcher.port=7539 -Didea.launcher.bin.path=/home/cycle/programs/idea-IU-163.10154.41/bin -Dfile.encoding=UTF-8 
java_command: com.intellij.rt.execution.application.AppMain src.normalInput
java_class_path (initial): /lib/jvm/jdk1.8.0_111/jre/lib/charsets.jar:/lib/jvm/jdk1.8.0_111/jre/lib/deploy.jar:/lib/jvm/jdk1.8.0_111/jre/lib/ext/cldrdata.jar:/lib/jvm/jdk1.8.0_111/jre/lib/ext/dnsns.jar:/lib/jvm/jdk1.8.0_111/jre/lib/ext/jaccess.jar:/lib/jvm/jdk1.8.0_111/jre/lib/ext/jfxrt.jar:/lib/jvm/jdk1.8.0_111/jre/lib/ext/localedata.jar:/lib/jvm/jdk1.8.0_111/jre/lib/ext/nashorn.jar:/lib/jvm/jdk1.8.0_111/jre/lib/ext/sunec.jar:/lib/jvm/jdk1.8.0_111/jre/lib/ext/sunjce_provider.jar:/lib/jvm/jdk1.8.0_111/jre/lib/ext/sunpkcs11.jar:/lib/jvm/jdk1.8.0_111/jre/lib/ext/zipfs.jar:/lib/jvm/jdk1.8.0_111/jre/lib/javaws.jar:/lib/jvm/jdk1.8.0_111/jre/lib/jce.jar:/lib/jvm/jdk1.8.0_111/jre/lib/jfr.jar:/lib/jvm/jdk1.8.0_111/jre/lib/jfxswt.jar:/lib/jvm/jdk1.8.0_111/jre/lib/jsse.jar:/lib/jvm/jdk1.8.0_111/jre/lib/management-agent.jar:/lib/jvm/jdk1.8.0_111/jre/lib/plugin.jar:/lib/jvm/jdk1.8.0_111/jre/lib/resources.jar:/lib/jvm/jdk1.8.0_111/jre/lib/rt.jar:/home/cycle/workspace/wekaforecasting-new-features/target/classes:/home/cycle/wekafiles/timeseriesForecasting-1.0.24.jar:/home/cycle/wekafiles/rengine-weka-inject-classes.jar:/home/cycle/wekafiles/rplugin/pdm-RPlugin-ce-TRUNK-SNAPSHOT.jar:/home/cycle/wekafiles/multiLayerPerceptrons1.0.10/multiLayerPerceptrons.jar:/home/cycle/.m2/repository/org/jfree/jfreechart/1.0.19/jfreechart-1.0.19.jar:/home/cycle/.m2/repository/org/jfree/jcommon/1.0.23/jcommon-1.0.23.jar:/home/cycle/.m2/repository/com/github/fracpete/multisearch-weka-package/2016.6.7/multisearch-weka-package-2016.6.7.jar:/home/cycle/.m2/repository/nz/ac/waikato/cms/weka/weka-dev/3.9.1/weka-dev-3.9.1.jar:/home/cycle/.m2/repository/nz/ac/waikato/cms/weka/thirdparty/java-cup-11b/2015.03.26/java-cup-11b-2015.03.26.jar:/home/cycle/.m2/repository/nz/ac/waikato/cms/weka/thirdparty/java-cup-11b-runtime/2015.03.26/java-cup-11b-runtime-2015.03.26.jar:/home/cycle/.m2/repository/nz/ac/waikato/cms/weka/thirdparty/bounce/0.18/bounce-0.18.jar:/home/cycle/.m2/repository/com/googlecode/matrix-toolk
Launcher Type: SUN_STANDARD

Environment Variables:
PATH=/home/cycle/bin:/home/cycle/.local/bin:/usr/local/sbin:/usr/local/bin:/usr/sbin:/usr/bin:/sbin:/bin:/usr/games:/usr/local/games:/snap/bin
LD_LIBRARY_PATH=/home/cycle/programs/idea-IU-163.10154.41/bin:
SHELL=/bin/bash
DISPLAY=:0

Signal Handlers:
SIGSEGV: [libjvm.so+0xac64b0], sa_mask[0]=11111111011111111101111111111110, sa_flags=SA_RESTART|SA_SIGINFO
SIGBUS: [libjvm.so+0xac64b0], sa_mask[0]=11111111011111111101111111111110, sa_flags=SA_RESTART|SA_SIGINFO
SIGFPE: [libjvm.so+0x91f950], sa_mask[0]=11111111011111111101111111111110, sa_flags=SA_RESTART|SA_SIGINFO
SIGPIPE: [libjvm.so+0x91f950], sa_mask[0]=11111111011111111101111111111110, sa_flags=SA_RESTART|SA_SIGINFO
SIGXFSZ: [libjvm.so+0x91f950], sa_mask[0]=11111111011111111101111111111110, sa_flags=SA_RESTART|SA_SIGINFO
SIGILL: [libjvm.so+0x91f950], sa_mask[0]=11111111011111111101111111111110, sa_flags=SA_RESTART|SA_SIGINFO
SIGUSR1: SIG_DFL, sa_mask[0]=00000000000000000000000000000000, sa_flags=none
SIGUSR2: [libjvm.so+0x920f80], sa_mask[0]=00100000000000000000000000000000, sa_flags=SA_RESTART|SA_SIGINFO
SIGHUP: [libjvm.so+0x922380], sa_mask[0]=11111111011111111101111111111110, sa_flags=SA_RESTART|SA_SIGINFO
SIGINT: [libjvm.so+0x922380], sa_mask[0]=11111111011111111101111111111110, sa_flags=SA_RESTART|SA_SIGINFO
SIGTERM: [libjvm.so+0x922380], sa_mask[0]=11111111011111111101111111111110, sa_flags=SA_RESTART|SA_SIGINFO
SIGQUIT: [libjvm.so+0x922380], sa_mask[0]=11111111011111111101111111111110, sa_flags=SA_RESTART|SA_SIGINFO


---------------  S Y S T E M  ---------------

OS:DISTRIB_ID=Ubuntu
DISTRIB_RELEASE=16.04
DISTRIB_CODENAME=xenial
DISTRIB_DESCRIPTION="Ubuntu 16.04.1 LTS"

uname:Linux 4.4.0-59-generic #80-Ubuntu SMP Fri Jan 6 17:47:47 UTC 2017 x86_64
libc:glibc 2.23 NPTL 2.23 
rlimit: STACK 8192k, CORE 0k, NPROC 31299, NOFILE 65536, AS infinity
load average:3,10 1,95 1,36

/proc/meminfo:
MemTotal:        8057804 kB
MemFree:          360840 kB
MemAvailable:     411404 kB
Buffers:           13156 kB
Cached:           329380 kB
SwapCached:            0 kB
Active:          7196416 kB
Inactive:         270192 kB
Active(anon):    7126404 kB
Inactive(anon):    87252 kB
Active(file):      70012 kB
Inactive(file):   182940 kB
Unevictable:          32 kB
Mlocked:              32 kB
SwapTotal:             0 kB
SwapFree:              0 kB
Dirty:             10156 kB
Writeback:             0 kB
AnonPages:       7107928 kB
Mapped:           255224 kB
Shmem:             89580 kB
Slab:              77904 kB
SReclaimable:      36072 kB
SUnreclaim:        41832 kB
KernelStack:       11408 kB
PageTables:        43944 kB
NFS_Unstable:          0 kB
Bounce:                0 kB
WritebackTmp:          0 kB
CommitLimit:     4028900 kB
Committed_AS:   11887208 kB
VmallocTotal:   34359738367 kB
VmallocUsed:           0 kB
VmallocChunk:          0 kB
HardwareCorrupted:     0 kB
AnonHugePages:   5314560 kB
CmaTotal:              0 kB
CmaFree:               0 kB
HugePages_Total:       0
HugePages_Free:        0
HugePages_Rsvd:        0
HugePages_Surp:        0
Hugepagesize:       2048 kB
DirectMap4k:      260072 kB
DirectMap2M:     8011776 kB


CPU:total 8 (4 cores per cpu, 2 threads per core) family 6 model 58 stepping 9, cmov, cx8, fxsr, mmx, sse, sse2, sse3, ssse3, sse4.1, sse4.2, popcnt, avx, aes, clmul, erms, ht, tsc, tscinvbit, tscinv

/proc/cpuinfo:
processor	: 0
vendor_id	: GenuineIntel
cpu family	: 6
model		: 58
model name	: Intel(R) Core(TM) i7-3630QM CPU @ 2.40GHz
stepping	: 9
microcode	: 0x15
cpu MHz		: 3154.125
cache size	: 6144 KB
physical id	: 0
siblings	: 8
core id		: 0
cpu cores	: 4
apicid		: 0
initial apicid	: 0
fpu		: yes
fpu_exception	: yes
cpuid level	: 13
wp		: yes
flags		: fpu vme de pse tsc msr pae mce cx8 apic sep mtrr pge mca cmov pat pse36 clflush dts acpi mmx fxsr sse sse2 ss ht tm pbe syscall nx rdtscp lm constant_tsc arch_perfmon pebs bts rep_good nopl xtopology nonstop_tsc aperfmperf eagerfpu pni pclmulqdq dtes64 monitor ds_cpl vmx est tm2 ssse3 cx16 xtpr pdcm pcid sse4_1 sse4_2 x2apic popcnt tsc_deadline_timer aes xsave avx f16c rdrand lahf_lm epb tpr_shadow vnmi flexpriority ept vpid fsgsbase smep erms xsaveopt dtherm ida arat pln pts
bugs		:
bogomips	: 4788.97
clflush size	: 64
cache_alignment	: 64
address sizes	: 36 bits physical, 48 bits virtual
power management:

processor	: 1
vendor_id	: GenuineIntel
cpu family	: 6
model		: 58
model name	: Intel(R) Core(TM) i7-3630QM CPU @ 2.40GHz
stepping	: 9
microcode	: 0x15
cpu MHz		: 3091.312
cache size	: 6144 KB
physical id	: 0
siblings	: 8
core id		: 1
cpu cores	: 4
apicid		: 2
initial apicid	: 2
fpu		: yes
fpu_exception	: yes
cpuid level	: 13
wp		: yes
flags		: fpu vme de pse tsc msr pae mce cx8 apic sep mtrr pge mca cmov pat pse36 clflush dts acpi mmx fxsr sse sse2 ss ht tm pbe syscall nx rdtscp lm constant_tsc arch_perfmon pebs bts rep_good nopl xtopology nonstop_tsc aperfmperf eagerfpu pni pclmulqdq dtes64 monitor ds_cpl vmx est tm2 ssse3 cx16 xtpr pdcm pcid sse4_1 sse4_2 x2apic popcnt tsc_deadline_timer aes xsave avx f16c rdrand lahf_lm epb tpr_shadow vnmi flexpriority ept vpid fsgsbase smep erms xsaveopt dtherm ida arat pln pts
bugs		:
bogomips	: 4788.97
clflush size	: 64
cache_alignment	: 64
address sizes	: 36 bits physical, 48 bits virtual
power management:

processor	: 2
vendor_id	: GenuineIntel
cpu family	: 6
model		: 58
model name	: Intel(R) Core(TM) i7-3630QM CPU @ 2.40GHz
stepping	: 9
microcode	: 0x15
cpu MHz		: 3199.968
cache size	: 6144 KB
physical id	: 0
siblings	: 8
core id		: 2
cpu cores	: 4
apicid		: 4
initial apicid	: 4
fpu		: yes
fpu_exception	: yes
cpuid level	: 13
wp		: yes
flags		: fpu vme de pse tsc msr pae mce cx8 apic sep mtrr pge mca cmov pat pse36 clflush dts acpi mmx fxsr sse sse2 ss ht tm pbe syscall nx rdtscp lm constant_tsc arch_perfmon pebs bts rep_good nopl xtopology nonstop_tsc aperfmperf eagerfpu pni pclmulqdq dtes64 monitor ds_cpl vmx est tm2 ssse3 cx16 xtpr pdcm pcid sse4_1 sse4_2 x2apic popcnt tsc_deadline_timer aes xsave avx f16c rdrand lahf_lm epb tpr_shadow vnmi flexpriority ept vpid fsgsbase smep erms xsaveopt dtherm ida arat pln pts
bugs		:
bogomips	: 4788.97
clflush size	: 64
cache_alignment	: 64
address sizes	: 36 bits physical, 48 bits virtual
power management:

processor	: 3
vendor_id	: GenuineIntel
cpu family	: 6
model		: 58
model name	: Intel(R) Core(TM) i7-3630QM CPU @ 2.40GHz
stepping	: 9
microcode	: 0x15
cpu MHz		: 3199.968
cache size	: 6144 KB
physical id	: 0
siblings	: 8
core id		: 3
cpu cores	: 4
apicid		: 6
initial apicid	: 6
fpu		: yes
fpu_exception	: yes
cpuid level	: 13
wp		: yes
flags		: fpu vme de pse tsc msr pae mce cx8 apic sep mtrr pge mca cmov pat pse36 clflush dts acpi mmx fxsr sse sse2 ss ht tm pbe syscall nx rdtscp lm constant_tsc arch_perfmon pebs bts rep_good nopl xtopology nonstop_tsc aperfmperf eagerfpu pni pclmulqdq dtes64 monitor ds_cpl vmx est tm2 ssse3 cx16 xtpr pdcm pcid sse4_1 sse4_2 x2apic popcnt tsc_deadline_timer aes xsave avx f16c rdrand lahf_lm epb tpr_shadow vnmi flexpriority ept vpid fsgsbase smep erms xsaveopt dtherm ida arat pln pts
bugs		:
bogomips	: 4788.97
clflush size	: 64
cache_alignment	: 64
address sizes	: 36 bits physical, 48 bits virtual
power management:

processor	: 4
vendor_id	: GenuineIntel
cpu family	: 6
model		: 58
model name	: Intel(R) Core(TM) i7-3630QM CPU @ 2.40GHz
stepping	: 9
microcode	: 0x15
cpu MHz		: 3199.968
cache size	: 6144 KB
physical id	: 0
siblings	: 8
core id		: 0
cpu cores	: 4
apicid		: 1
initial apicid	: 1
fpu		: yes
fpu_exception	: yes
cpuid level	: 13
wp		: yes
flags		: fpu vme de pse tsc msr pae mce cx8 apic sep mtrr pge mca cmov pat pse36 clflush dts acpi mmx fxsr sse sse2 ss ht tm pbe syscall nx rdtscp lm constant_tsc arch_perfmon pebs bts rep_good nopl xtopology nonstop_tsc aperfmperf eagerfpu pni pclmulqdq dtes64 monitor ds_cpl vmx est tm2 ssse3 cx16 xtpr pdcm pcid sse4_1 sse4_2 x2apic popcnt tsc_deadline_timer aes xsave avx f16c rdrand lahf_lm epb tpr_shadow vnmi flexpriority ept vpid fsgsbase smep erms xsaveopt dtherm ida arat pln pts
bugs		:
bogomips	: 4788.97
clflush size	: 64
cache_alignment	: 64
address sizes	: 36 bits physical, 48 bits virtual
power management:

processor	: 5
vendor_id	: GenuineIntel
cpu family	: 6
model		: 58
model name	: Intel(R) Core(TM) i7-3630QM CPU @ 2.40GHz
stepping	: 9
microcode	: 0x15
cpu MHz		: 3199.593
cache size	: 6144 KB
physical id	: 0
siblings	: 8
core id		: 1
cpu cores	: 4
apicid		: 3
initial apicid	: 3
fpu		: yes
fpu_exception	: yes
cpuid level	: 13
wp		: yes
flags		: fpu vme de pse tsc msr pae mce cx8 apic sep mtrr pge mca cmov pat pse36 clflush dts acpi mmx fxsr sse sse2 ss ht tm pbe syscall nx rdtscp lm constant_tsc arch_perfmon pebs bts rep_good nopl xtopology nonstop_tsc aperfmperf eagerfpu pni pclmulqdq dtes64 monitor ds_cpl vmx est tm2 ssse3 cx16 xtpr pdcm pcid sse4_1 sse4_2 x2apic popcnt tsc_deadline_timer aes xsave avx f16c rdrand lahf_lm epb tpr_shadow vnmi flexpriority ept vpid fsgsbase smep erms xsaveopt dtherm ida arat pln pts
bugs		:
bogomips	: 4788.97
clflush size	: 64
cache_alignment	: 64
address sizes	: 36 bits physical, 48 bits virtual
power management:

processor	: 6
vendor_id	: GenuineIntel
cpu family	: 6
model		: 58
model name	: Intel(R) Core(TM) i7-3630QM CPU @ 2.40GHz
stepping	: 9
microcode	: 0x15
cpu MHz		: 3124.031
cache size	: 6144 KB
physical id	: 0
siblings	: 8
core id		: 2
cpu cores	: 4
apicid		: 5
initial apicid	: 5
fpu		: yes
fpu_exception	: yes
cpuid level	: 13
wp		: yes
flags		: fpu vme de pse tsc msr pae mce cx8 apic sep mtrr pge mca cmov pat pse36 clflush dts acpi mmx fxsr sse sse2 ss ht tm pbe syscall nx rdtscp lm constant_tsc arch_perfmon pebs bts rep_good nopl xtopology nonstop_tsc aperfmperf eagerfpu pni pclmulqdq dtes64 monitor ds_cpl vmx est tm2 ssse3 cx16 xtpr pdcm pcid sse4_1 sse4_2 x2apic popcnt tsc_deadline_timer aes xsave avx f16c rdrand lahf_lm epb tpr_shadow vnmi flexpriority ept vpid fsgsbase smep erms xsaveopt dtherm ida arat pln pts
bugs		:
bogomips	: 4788.97
clflush size	: 64
cache_alignment	: 64
address sizes	: 36 bits physical, 48 bits virtual
power management:

processor	: 7
vendor_id	: GenuineIntel
cpu family	: 6
model		: 58
model name	: Intel(R) Core(TM) i7-3630QM CPU @ 2.40GHz
stepping	: 9
microcode	: 0x15
cpu MHz		: 3124.031
cache size	: 6144 KB
physical id	: 0
siblings	: 8
core id		: 3
cpu cores	: 4
apicid		: 7
initial apicid	: 7
fpu		: yes
fpu_exception	: yes
cpuid level	: 13
wp		: yes
flags		: fpu vme de pse tsc msr pae mce cx8 apic sep mtrr pge mca cmov pat pse36 clflush dts acpi mmx fxsr sse sse2 ss ht tm pbe syscall nx rdtscp lm constant_tsc arch_perfmon pebs bts rep_good nopl xtopology nonstop_tsc aperfmperf eagerfpu pni pclmulqdq dtes64 monitor ds_cpl vmx est tm2 ssse3 cx16 xtpr pdcm pcid sse4_1 sse4_2 x2apic popcnt tsc_deadline_timer aes xsave avx f16c rdrand lahf_lm epb tpr_shadow vnmi flexpriority ept vpid fsgsbase smep erms xsaveopt dtherm ida arat pln pts
bugs		:
bogomips	: 4788.97
clflush size	: 64
cache_alignment	: 64
address sizes	: 36 bits physical, 48 bits virtual
power management:



Memory: 4k page, physical 8057804k(360840k free), swap 0k(0k free)

vm_info: Java HotSpot(TM) 64-Bit Server VM (25.111-b14) for linux-amd64 JRE (1.8.0_111-b14), built on Sep 22 2016 16:14:03 by "java_re" with gcc 4.3.0 20080428 (Red Hat 4.3.0-8)

time: Tue Jan 24 23:35:54 2017
elapsed time: 11 seconds (0d 0h 0m 11s)

