#
# There is insufficient memory for the Java Runtime Environment to continue.
# Native memory allocation (mmap) failed to map 530055168 bytes for committing reserved memory.
# Possible reasons:
#   The system is out of physical RAM or swap space
#   In 32 bit mode, the process size limit was hit
# Possible solutions:
#   Reduce memory load on the system
#   Increase physical memory or swap space
#   Check if swap backing store is full
#   Use 64 bit Java on a 64 bit OS
#   Decrease Java heap size (-Xmx/-Xms)
#   Decrease number of Java threads
#   Decrease Java thread stack sizes (-Xss)
#   Set larger code cache with -XX:ReservedCodeCacheSize=
# This output file may be truncated or incomplete.
#
#  Out of Memory Error (os_linux.cpp:2627), pid=13285, tid=140385114924800
#
# JRE version: Java(TM) SE Runtime Environment (8.0_91-b14) (build 1.8.0_91-b14)
# Java VM: Java HotSpot(TM) 64-Bit Server VM (25.91-b14 mixed mode linux-amd64 compressed oops)
# Failed to write core dump. Core dumps have been disabled. To enable core dumping, try "ulimit -c unlimited" before starting Java again
#

---------------  T H R E A D  ---------------

Current thread (0x00007fae0c082000):  VMThread [stack: 0x00007fadf4d82000,0x00007fadf4e83000] [id=13297]

Stack: [0x00007fadf4d82000,0x00007fadf4e83000],  sp=0x00007fadf4e81120,  free space=1020k
Native frames: (J=compiled Java code, j=interpreted, Vv=VM code, C=native code)
V  [libjvm.so+0xabc18a]  VMError::report_and_die()+0x2ba
V  [libjvm.so+0x4fafeb]  report_vm_out_of_memory(char const*, int, unsigned long, VMErrorType, char const*)+0x8b
V  [libjvm.so+0x91cbb3]  os::Linux::commit_memory_impl(char*, unsigned long, bool)+0x103
V  [libjvm.so+0x91d109]  os::pd_commit_memory(char*, unsigned long, unsigned long, bool)+0x29
V  [libjvm.so+0x91740a]  os::commit_memory(char*, unsigned long, unsigned long, bool)+0x2a
V  [libjvm.so+0x98b033]  PSVirtualSpace::expand_by(unsigned long)+0x53
V  [libjvm.so+0x97b920]  PSOldGen::expand(unsigned long)+0x170
V  [libjvm.so+0x97bb2b]  PSOldGen::resize(unsigned long)+0x1cb
V  [libjvm.so+0x983801]  PSParallelCompact::invoke_no_policy(bool)+0x991
V  [libjvm.so+0x98915d]  PSScavenge::invoke()+0x1ad
V  [libjvm.so+0x9408b0]  ParallelScavengeHeap::failed_mem_allocate(unsigned long)+0x70
V  [libjvm.so+0xabdba7]  VM_ParallelGCFailedAllocation::doit()+0x97
V  [libjvm.so+0xac55d5]  VM_Operation::evaluate()+0x55
V  [libjvm.so+0xac39aa]  VMThread::evaluate_operation(VM_Operation*)+0xba
V  [libjvm.so+0xac3d2e]  VMThread::loop()+0x1ce
V  [libjvm.so+0xac41a0]  VMThread::run()+0x70
V  [libjvm.so+0x91ef78]  java_start(Thread*)+0x108

VM_Operation (0x00007fae14b77b40): ParallelGCFailedAllocation, mode: safepoint, requested by thread 0x00007fae0c00c000


---------------  P R O C E S S  ---------------

Java Threads: ( => current thread )
  0x00007fae0c2c5000 JavaThread "Monitor Ctrl-Break" daemon [_thread_in_native, id=13325, stack(0x00007fade7bc6000,0x00007fade7cc7000)]
  0x00007fae0c0ce000 JavaThread "Service Thread" daemon [_thread_blocked, id=13322, stack(0x00007fadf4124000,0x00007fadf4225000)]
  0x00007fae0c0ca800 JavaThread "C1 CompilerThread3" daemon [_thread_blocked, id=13321, stack(0x00007fadf4225000,0x00007fadf4326000)]
  0x00007fae0c0c8800 JavaThread "C2 CompilerThread2" daemon [_thread_blocked, id=13320, stack(0x00007fadf4326000,0x00007fadf4427000)]
  0x00007fae0c0c6800 JavaThread "C2 CompilerThread1" daemon [_thread_blocked, id=13319, stack(0x00007fadf4427000,0x00007fadf4528000)]
  0x00007fae0c0c4000 JavaThread "C2 CompilerThread0" daemon [_thread_blocked, id=13318, stack(0x00007fadf4528000,0x00007fadf4629000)]
  0x00007fae0c0c2800 JavaThread "Signal Dispatcher" daemon [_thread_blocked, id=13317, stack(0x00007fadf4629000,0x00007fadf472a000)]
  0x00007fae0c08e000 JavaThread "Finalizer" daemon [_thread_blocked, id=13309, stack(0x00007fadf4b80000,0x00007fadf4c81000)]
  0x00007fae0c089800 JavaThread "Reference Handler" daemon [_thread_blocked, id=13307, stack(0x00007fadf4c81000,0x00007fadf4d82000)]
  0x00007fae0c00c000 JavaThread "main" [_thread_blocked, id=13286, stack(0x00007fae14a79000,0x00007fae14b7a000)]

Other Threads:
=>0x00007fae0c082000 VMThread [stack: 0x00007fadf4d82000,0x00007fadf4e83000] [id=13297]
  0x00007fae0c0d0800 WatcherThread [stack: 0x00007fadf4023000,0x00007fadf4124000] [id=13324]

VM state:at safepoint (normal execution)

VM Mutex/Monitor currently owned by a thread:  ([mutex/lock_event])
[0x00007fae0c007db0] ExpandHeap_lock - owner thread: 0x00007fae0c082000
[0x00007fae0c008430] Threads_lock - owner thread: 0x00007fae0c082000
[0x00007fae0c008930] Heap_lock - owner thread: 0x00007fae0c00c000

Heap:
 PSYoungGen      total 1235968K, used 93562K [0x0000000716b00000, 0x000000078bb00000, 0x00000007c0000000)
  eden space 748032K, 0% used [0x0000000716b00000,0x0000000716b00000,0x0000000744580000)
  from space 487936K, 19% used [0x0000000744580000,0x000000074a0de8e0,0x0000000762200000)
  to   space 515072K, 0% used [0x000000076c400000,0x000000076c400000,0x000000078bb00000)
 ParOldGen       total 1828352K, used 1828345K [0x00000005c4000000, 0x0000000633980000, 0x0000000716b00000)
  object space 1828352K, 99% used [0x00000005c4000000,0x000000063397e508,0x0000000633980000)
 Metaspace       used 7610K, capacity 7774K, committed 7808K, reserved 1056768K
  class space    used 793K, capacity 887K, committed 896K, reserved 1048576K

Card table byte_map: [0x00007fae10858000,0x00007fae11839000] byte_map_base: 0x00007fae0da38000

Marking Bits: (ParMarkBitMap*) 0x00007fae13f56d60
 Begin Bits: [0x00007fadb8200000, 0x00007fadc0100000)
 End Bits:   [0x00007fadc0100000, 0x00007fadc8000000)

Polling page: 0x00007fae14ba5000

CodeCache: size=245760Kb used=5431Kb max_used=5444Kb free=240329Kb
 bounds [0x00007fadfd000000, 0x00007fadfd560000, 0x00007fae0c000000]
 total_blobs=1392 nmethods=1088 adapters=218
 compilation: enabled

Compilation events (10 events):
Event: 10,069 Thread 0x00007fae0c0c6800 1085       4       weka.core.Capabilities::test (728 bytes)
Event: 10,087 Thread 0x00007fae0c0c6800 nmethod 1085 0x00007fadfd551e10 code [0x00007fadfd552120, 0x00007fadfd552e78]
Event: 10,133 Thread 0x00007fae0c0c8800 1086       4       weka.core.Capabilities::test (7 bytes)
Event: 10,133 Thread 0x00007fae0c0c8800 nmethod 1086 0x00007fadfd5393d0 code [0x00007fadfd539520, 0x00007fadfd5395a8]
Event: 10,172 Thread 0x00007fae0c0c4000 1087       4       java.lang.Integer::valueOf (32 bytes)
Event: 10,173 Thread 0x00007fae0c0c4000 nmethod 1087 0x00007fadfd549910 code [0x00007fadfd549a60, 0x00007fadfd549b18]
Event: 10,228 Thread 0x00007fae0c0c6800 1088       4       java.lang.CharacterDataLatin1::toLowerCase (39 bytes)
Event: 10,229 Thread 0x00007fae0c0c6800 nmethod 1088 0x00007fadfd548110 code [0x00007fadfd548260, 0x00007fadfd548338]
Event: 10,245 Thread 0x00007fae0c0c8800 1089       4       weka.core.AttributeLocator::locate (148 bytes)
Event: 10,255 Thread 0x00007fae0c0c8800 nmethod 1089 0x00007fadfd554210 code [0x00007fadfd554400, 0x00007fadfd554d58]

GC Heap History (10 events):
Event: 8,344 GC heap after
Heap after GC invocations=22 (full 6):
 PSYoungGen      total 1007104K, used 136096K [0x0000000716b00000, 0x000000076d600000, 0x00000007c0000000)
  eden space 665088K, 0% used [0x0000000716b00000,0x0000000716b00000,0x000000073f480000)
  from space 342016K, 39% used [0x0000000755900000,0x000000075dde8348,0x000000076a700000)
  to   space 365056K, 0% used [0x000000073f480000,0x000000073f480000,0x0000000755900000)
 ParOldGen       total 1288704K, used 966387K [0x00000005c4000000, 0x0000000612a80000, 0x0000000716b00000)
  object space 1288704K, 74% used [0x00000005c4000000,0x00000005fefbcd38,0x0000000612a80000)
 Metaspace       used 7604K, capacity 7774K, committed 7808K, reserved 1056768K
  class space    used 793K, capacity 887K, committed 896K, reserved 1048576K
}
Event: 8,682 GC heap before
{Heap before GC invocations=23 (full 6):
 PSYoungGen      total 1007104K, used 801184K [0x0000000716b00000, 0x000000076d600000, 0x00000007c0000000)
  eden space 665088K, 100% used [0x0000000716b00000,0x000000073f480000,0x000000073f480000)
  from space 342016K, 39% used [0x0000000755900000,0x000000075dde8348,0x000000076a700000)
  to   space 365056K, 0% used [0x000000073f480000,0x000000073f480000,0x0000000755900000)
 ParOldGen       total 1288704K, used 966387K [0x00000005c4000000, 0x0000000612a80000, 0x0000000716b00000)
  object space 1288704K, 74% used [0x00000005c4000000,0x00000005fefbcd38,0x0000000612a80000)
 Metaspace       used 7606K, capacity 7774K, committed 7808K, reserved 1056768K
  class space    used 793K, capacity 887K, committed 896K, reserved 1048576K
Event: 8,911 GC heap after
Heap after GC invocations=23 (full 6):
 PSYoungGen      total 1030144K, used 365039K [0x0000000716b00000, 0x000000077dd80000, 0x00000007c0000000)
  eden space 665088K, 0% used [0x0000000716b00000,0x0000000716b00000,0x000000073f480000)
  from space 365056K, 99% used [0x000000073f480000,0x00000007558fbee0,0x0000000755900000)
  to   space 454144K, 0% used [0x0000000762200000,0x0000000762200000,0x000000077dd80000)
 ParOldGen       total 1288704K, used 1034203K [0x00000005c4000000, 0x0000000612a80000, 0x0000000716b00000)
  object space 1288704K, 80% used [0x00000005c4000000,0x00000006031f6d38,0x0000000612a80000)
 Metaspace       used 7606K, capacity 7774K, committed 7808K, reserved 1056768K
  class space    used 793K, capacity 887K, committed 896K, reserved 1048576K
}
Event: 9,225 GC heap before
{Heap before GC invocations=24 (full 6):
 PSYoungGen      total 1030144K, used 1030127K [0x0000000716b00000, 0x000000077dd80000, 0x00000007c0000000)
  eden space 665088K, 100% used [0x0000000716b00000,0x000000073f480000,0x000000073f480000)
  from space 365056K, 99% used [0x000000073f480000,0x00000007558fbee0,0x0000000755900000)
  to   space 454144K, 0% used [0x0000000762200000,0x0000000762200000,0x000000077dd80000)
 ParOldGen       total 1288704K, used 1034203K [0x00000005c4000000, 0x0000000612a80000, 0x0000000716b00000)
  object space 1288704K, 80% used [0x00000005c4000000,0x00000006031f6d38,0x0000000612a80000)
 Metaspace       used 7610K, capacity 7774K, committed 7808K, reserved 1056768K
  class space    used 793K, capacity 887K, committed 896K, reserved 1048576K
Event: 9,536 GC heap after
Heap after GC invocations=24 (full 6):
 PSYoungGen      total 1202176K, used 329115K [0x0000000716b00000, 0x0000000782c00000, 0x00000007c0000000)
  eden space 748032K, 0% used [0x0000000716b00000,0x0000000716b00000,0x0000000744580000)
  from space 454144K, 72% used [0x0000000762200000,0x0000000776366fb8,0x000000077dd80000)
  to   space 487936K, 0% used [0x0000000744580000,0x0000000744580000,0x0000000762200000)
 ParOldGen       total 1389568K, used 1389062K [0x00000005c4000000, 0x0000000618d00000, 0x0000000716b00000)
  object space 1389568K, 99% used [0x00000005c4000000,0x0000000618c81990,0x0000000618d00000)
 Metaspace       used 7610K, capacity 7774K, committed 7808K, reserved 1056768K
  class space    used 793K, capacity 887K, committed 896K, reserved 1048576K
}
Event: 9,536 GC heap before
{Heap before GC invocations=25 (full 7):
 PSYoungGen      total 1202176K, used 329115K [0x0000000716b00000, 0x0000000782c00000, 0x00000007c0000000)
  eden space 748032K, 0% used [0x0000000716b00000,0x0000000716b00000,0x0000000744580000)
  from space 454144K, 72% used [0x0000000762200000,0x0000000776366fb8,0x000000077dd80000)
  to   space 487936K, 0% used [0x0000000744580000,0x0000000744580000,0x0000000762200000)
 ParOldGen       total 1389568K, used 1389062K [0x00000005c4000000, 0x0000000618d00000, 0x0000000716b00000)
  object space 1389568K, 99% used [0x00000005c4000000,0x0000000618c81990,0x0000000618d00000)
 Metaspace       used 7610K, capacity 7774K, committed 7808K, reserved 1056768K
  class space    used 793K, capacity 887K, committed 896K, reserved 1048576K
Event: 10,064 GC heap after
Heap after GC invocations=25 (full 7):
 PSYoungGen      total 1202176K, used 253910K [0x0000000716b00000, 0x0000000782c00000, 0x00000007c0000000)
  eden space 748032K, 0% used [0x0000000716b00000,0x0000000716b00000,0x0000000744580000)
  from space 454144K, 55% used [0x0000000762200000,0x00000007719f5b30,0x000000077dd80000)
  to   space 487936K, 0% used [0x0000000744580000,0x0000000744580000,0x0000000762200000)
 ParOldGen       total 1828352K, used 1389076K [0x00000005c4000000, 0x0000000633980000, 0x0000000716b00000)
  object space 1828352K, 75% used [0x00000005c4000000,0x0000000618c852a8,0x0000000633980000)
 Metaspace       used 7610K, capacity 7774K, committed 7808K, reserved 1056768K
  class space    used 793K, capacity 887K, committed 896K, reserved 1048576K
}
Event: 10,398 GC heap before
{Heap before GC invocations=26 (full 7):
 PSYoungGen      total 1202176K, used 1001942K [0x0000000716b00000, 0x0000000782c00000, 0x00000007c0000000)
  eden space 748032K, 100% used [0x0000000716b00000,0x0000000744580000,0x0000000744580000)
  from space 454144K, 55% used [0x0000000762200000,0x00000007719f5b30,0x000000077dd80000)
  to   space 487936K, 0% used [0x0000000744580000,0x0000000744580000,0x0000000762200000)
 ParOldGen       total 1828352K, used 1389076K [0x00000005c4000000, 0x0000000633980000, 0x0000000716b00000)
  object space 1828352K, 75% used [0x00000005c4000000,0x0000000618c852a8,0x0000000633980000)
 Metaspace       used 7610K, capacity 7774K, committed 7808K, reserved 1056768K
  class space    used 793K, capacity 887K, committed 896K, reserved 1048576K
Event: 10,591 GC heap after
Heap after GC invocations=26 (full 7):
 PSYoungGen      total 1235968K, used 333666K [0x0000000716b00000, 0x000000078bb00000, 0x00000007c0000000)
  eden space 748032K, 0% used [0x0000000716b00000,0x0000000716b00000,0x0000000744580000)
  from space 487936K, 68% used [0x0000000744580000,0x0000000758b58820,0x0000000762200000)
  to   space 515072K, 0% used [0x000000076c400000,0x000000076c400000,0x000000078bb00000)
 ParOldGen       total 1828352K, used 1650531K [0x00000005c4000000, 0x0000000633980000, 0x0000000716b00000)
  object space 1828352K, 90% used [0x00000005c4000000,0x0000000628bd8c10,0x0000000633980000)
 Metaspace       used 7610K, capacity 7774K, committed 7808K, reserved 1056768K
  class space    used 793K, capacity 887K, committed 896K, reserved 1048576K
}
Event: 10,591 GC heap before
{Heap before GC invocations=27 (full 8):
 PSYoungGen      total 1235968K, used 333666K [0x0000000716b00000, 0x000000078bb00000, 0x00000007c0000000)
  eden space 748032K, 0% used [0x0000000716b00000,0x0000000716b00000,0x0000000744580000)
  from space 487936K, 68% used [0x0000000744580000,0x0000000758b58820,0x0000000762200000)
  to   space 515072K, 0% used [0x000000076c400000,0x000000076c400000,0x000000078bb00000)
 ParOldGen       total 1828352K, used 1650531K [0x00000005c4000000, 0x0000000633980000, 0x0000000716b00000)
  object space 1828352K, 90% used [0x00000005c4000000,0x0000000628bd8c10,0x0000000633980000)
 Metaspace       used 7610K, capacity 7774K, committed 7808K, reserved 1056768K
  class space    used 793K, capacity 887K, committed 896K, reserved 1048576K

Deoptimization events (10 events):
Event: 3,155 Thread 0x00007fae0c00c000 Uncommon trap: reason=unstable_if action=reinterpret pc=0x00007fadfd42c404 method=weka.core.StringLocator.copyStringValues(Lweka/core/Instance;ZLweka/core/Instances;Lweka/core/AttributeLocator;Lweka/core/Instances;Lweka/core/AttributeLocator;)V @ 3
Event: 3,155 Thread 0x00007fae0c00c000 Uncommon trap: reason=unstable_if action=reinterpret pc=0x00007fadfd48a554 method=weka.filters.Filter.push(Lweka/core/Instance;Z)V @ 14
Event: 3,186 Thread 0x00007fae0c00c000 Uncommon trap: reason=bimorphic action=maybe_recompile pc=0x00007fadfd497e3c method=weka.filters.Filter.useFilter(Lweka/core/Instances;Lweka/filters/Filter;)Lweka/core/Instances; @ 27
Event: 3,194 Thread 0x00007fae0c00c000 Uncommon trap: reason=unstable_if action=reinterpret pc=0x00007fadfd47434c method=weka.filters.unsupervised.attribute.Copy.input(Lweka/core/Instance;)Z @ 21
Event: 3,222 Thread 0x00007fae0c00c000 Uncommon trap: reason=unstable_if action=reinterpret pc=0x00007fadfd496504 method=weka.filters.SimpleStreamFilter.input(Lweka/core/Instance;)Z @ 21
Event: 3,272 Thread 0x00007fae0c00c000 Uncommon trap: reason=bimorphic action=maybe_recompile pc=0x00007fadfd497e3c method=weka.filters.Filter.useFilter(Lweka/core/Instances;Lweka/filters/Filter;)Lweka/core/Instances; @ 27
Event: 3,276 Thread 0x00007fae0c00c000 Uncommon trap: reason=unstable_if action=reinterpret pc=0x00007fadfd4c316c method=weka.classifiers.timeseries.core.AbstractTimeSeriesFilter.input(Lweka/core/Instance;)Z @ 21
Event: 3,276 Thread 0x00007fae0c00c000 Uncommon trap: reason=unstable_if action=reinterpret pc=0x00007fadfd4b9e10 method=java.util.LinkedList.linkLast(Ljava/lang/Object;)V @ 22
Event: 3,276 Thread 0x00007fae0c00c000 Uncommon trap: reason=unstable_if action=reinterpret pc=0x00007fadfd4bac44 method=weka.classifiers.timeseries.core.TimeSeriesTranslate.mergeInstances(Lweka/core/Instance;Lweka/core/Instance;)Lweka/core/Instance; @ 46
Event: 3,295 Thread 0x00007fae0c00c000 Uncommon trap: reason=bimorphic action=maybe_recompile pc=0x00007fadfd48ddbc method=weka.filters.Filter.useFilter(Lweka/core/Instances;Lweka/filters/Filter;)Lweka/core/Instances; @ 27

Internal exceptions (10 events):
Event: 3,109 Thread 0x00007fae0c00c000 Exception <a 'java/lang/ArrayIndexOutOfBoundsException': 40> (0x000000071ad63738) thrown at [/HUDSON/workspace/8-2-build-linux-amd64/jdk8u91/6644/hotspot/src/share/vm/interpreter/interpreterRuntime.cpp, line 366]
Event: 3,113 Thread 0x00007fae0c00c000 Exception <a 'java/lang/ClassNotFoundException': weka/filters/SimpleStreamFilterBeanInfo> (0x000000071ad85858) thrown at [/HUDSON/workspace/8-2-build-linux-amd64/jdk8u91/6644/hotspot/src/share/vm/classfile/systemDictionary.cpp, line 210]
Event: 3,113 Thread 0x00007fae0c00c000 Exception <a 'java/lang/ClassNotFoundException': weka/filters/SimpleStreamFilterCustomizer> (0x000000071ad91c30) thrown at [/HUDSON/workspace/8-2-build-linux-amd64/jdk8u91/6644/hotspot/src/share/vm/classfile/systemDictionary.cpp, line 210]
Event: 3,114 Thread 0x00007fae0c00c000 Exception <a 'java/lang/ClassNotFoundException': weka/filters/SimpleFilterBeanInfo> (0x000000071ad9f070) thrown at [/HUDSON/workspace/8-2-build-linux-amd64/jdk8u91/6644/hotspot/src/share/vm/classfile/systemDictionary.cpp, line 210]
Event: 3,114 Thread 0x00007fae0c00c000 Exception <a 'java/lang/ClassNotFoundException': weka/filters/SimpleFilterCustomizer> (0x000000071adaa908) thrown at [/HUDSON/workspace/8-2-build-linux-amd64/jdk8u91/6644/hotspot/src/share/vm/classfile/systemDictionary.cpp, line 210]
Event: 3,115 Thread 0x00007fae0c00c000 Exception <a 'java/lang/ClassNotFoundException': weka/filters/FilterBeanInfo> (0x000000071adb7040) thrown at [/HUDSON/workspace/8-2-build-linux-amd64/jdk8u91/6644/hotspot/src/share/vm/classfile/systemDictionary.cpp, line 210]
Event: 3,115 Thread 0x00007fae0c00c000 Exception <a 'java/lang/ClassNotFoundException': weka/filters/FilterCustomizer> (0x000000071adc1490) thrown at [/HUDSON/workspace/8-2-build-linux-amd64/jdk8u91/6644/hotspot/src/share/vm/classfile/systemDictionary.cpp, line 210]
Event: 3,115 Thread 0x00007fae0c00c000 Exception <a 'java/lang/ArrayIndexOutOfBoundsException': 45> (0x000000071adc89a8) thrown at [/HUDSON/workspace/8-2-build-linux-amd64/jdk8u91/6644/hotspot/src/share/vm/interpreter/interpreterRuntime.cpp, line 366]
Event: 3,276 Thread 0x00007fae0c00c000 Implicit null exception at 0x00007fadfd4b9c38 to 0x00007fadfd4b9ded
Event: 3,276 Thread 0x00007fae0c00c000 Implicit null exception at 0x00007fadfd4ba6e3 to 0x00007fadfd4bac1d

Events (10 events):
Event: 6,510 Executing VM operation: ParallelGCFailedAllocation done
Event: 6,773 Executing VM operation: ParallelGCFailedAllocation
Event: 7,323 Executing VM operation: ParallelGCFailedAllocation done
Event: 7,608 Executing VM operation: ParallelGCFailedAllocation
Event: 8,344 Executing VM operation: ParallelGCFailedAllocation done
Event: 8,682 Executing VM operation: ParallelGCFailedAllocation
Event: 8,912 Executing VM operation: ParallelGCFailedAllocation done
Event: 9,225 Executing VM operation: ParallelGCFailedAllocation
Event: 10,064 Executing VM operation: ParallelGCFailedAllocation done
Event: 10,398 Executing VM operation: ParallelGCFailedAllocation


Dynamic libraries:
00400000-00401000 r-xp 00000000 08:01 527410                             /usr/lib/jvm/java-8-oracle/bin/java
00600000-00601000 rw-p 00000000 08:01 527410                             /usr/lib/jvm/java-8-oracle/bin/java
01579000-0159a000 rw-p 00000000 00:00 0                                  [heap]
5c4000000-633980000 rw-p 00000000 00:00 0 
653300000-716b00000 ---p 00000000 00:00 0 
716b00000-78bb00000 rw-p 00000000 00:00 0 
78bb00000-7c0000000 ---p 00000000 00:00 0 
7c0000000-7c00e0000 rw-p 00000000 00:00 0 
7c00e0000-800000000 ---p 00000000 00:00 0 
7fad8c000000-7fad8c021000 rw-p 00000000 00:00 0 
7fad8c021000-7fad90000000 ---p 00000000 00:00 0 
7fad94000000-7fad94021000 rw-p 00000000 00:00 0 
7fad94021000-7fad98000000 ---p 00000000 00:00 0 
7fad98000000-7fad98021000 rw-p 00000000 00:00 0 
7fad98021000-7fad9c000000 ---p 00000000 00:00 0 
7fad9c000000-7fad9c400000 rw-p 00000000 00:00 0 
7fad9c400000-7fada0000000 ---p 00000000 00:00 0 
7fada0000000-7fada0441000 rw-p 00000000 00:00 0 
7fada0441000-7fada4000000 ---p 00000000 00:00 0 
7fada4000000-7fada4340000 rw-p 00000000 00:00 0 
7fada4340000-7fada8000000 ---p 00000000 00:00 0 
7fada8000000-7fada82f2000 rw-p 00000000 00:00 0 
7fada82f2000-7fadac000000 ---p 00000000 00:00 0 
7fadac000000-7fadac021000 rw-p 00000000 00:00 0 
7fadac021000-7fadb0000000 ---p 00000000 00:00 0 
7fadb0000000-7fadb0021000 rw-p 00000000 00:00 0 
7fadb0021000-7fadb4000000 ---p 00000000 00:00 0 
7fadb4000000-7fadb4021000 rw-p 00000000 00:00 0 
7fadb4021000-7fadb8000000 ---p 00000000 00:00 0 
7fadb8200000-7fadc8000000 rw-p 00000000 00:00 0 
7fadc8000000-7fadc8021000 rw-p 00000000 00:00 0 
7fadc8021000-7fadcc000000 ---p 00000000 00:00 0 
7fadcc000000-7fadcc295000 rw-p 00000000 00:00 0 
7fadcc295000-7fadd0000000 ---p 00000000 00:00 0 
7fadd0000000-7fadd0021000 rw-p 00000000 00:00 0 
7fadd0021000-7fadd4000000 ---p 00000000 00:00 0 
7fadd8000000-7fadd8021000 rw-p 00000000 00:00 0 
7fadd8021000-7faddc000000 ---p 00000000 00:00 0 
7fade0000000-7fade0021000 rw-p 00000000 00:00 0 
7fade0021000-7fade4000000 ---p 00000000 00:00 0 
7fade76ae000-7fade79af000 rw-p 00000000 00:00 0 
7fade79af000-7fade79c5000 r-xp 00000000 08:01 658465                     /usr/lib/jvm/java-8-oracle/jre/lib/amd64/libnet.so
7fade79c5000-7fade7bc5000 ---p 00016000 08:01 658465                     /usr/lib/jvm/java-8-oracle/jre/lib/amd64/libnet.so
7fade7bc5000-7fade7bc6000 rw-p 00016000 08:01 658465                     /usr/lib/jvm/java-8-oracle/jre/lib/amd64/libnet.so
7fade7bc6000-7fade7bc9000 ---p 00000000 00:00 0 
7fade7bc9000-7fade7cc7000 rw-p 00000000 00:00 0 
7fade7cc7000-7fade7cc8000 r-xp 00000000 08:01 3061223                    /opt/idea/bin/libbreakgen64.so
7fade7cc8000-7fade7ec7000 ---p 00001000 08:01 3061223                    /opt/idea/bin/libbreakgen64.so
7fade7ec7000-7fade7ec8000 r--p 00000000 08:01 3061223                    /opt/idea/bin/libbreakgen64.so
7fade7ec8000-7fade7ec9000 rw-p 00001000 08:01 3061223                    /opt/idea/bin/libbreakgen64.so
7fade7ec9000-7fade7ecb000 r--s 00019000 08:01 3061428                    /opt/idea/lib/idea_rt.jar
7fade7ecb000-7fade7ecd000 r--s 00027000 08:01 3280762                    /home/cycle/.m2/repository/com/github/fommil/netlib/core/1.1/core-1.1.jar
7fade7ecd000-7fade7ecf000 r--s 00016000 08:01 3296807                    /home/cycle/.m2/repository/com/googlecode/netlib-java/netlib-java/1.1/netlib-java-1.1.jar
7fade7ecf000-7fade7ee1000 r--s 00112000 08:01 2105405                    /home/cycle/.m2/repository/net/sourceforge/f2j/arpack_combined_all/0.1/arpack_combined_all-0.1.jar
7fade7ee1000-7fade7ee3000 r--s 00088000 08:01 3296805                    /home/cycle/.m2/repository/com/github/fommil/netlib/netlib-native_system-win-i686/1.1/netlib-native_system-win-i686-1.1-natives.jar
7fade7ee3000-7fade7ee4000 r--s 0009b000 08:01 3296804                    /home/cycle/.m2/repository/com/github/fommil/netlib/netlib-native_system-win-x86_64/1.1/netlib-native_system-win-x86_64-1.1-natives.jar
7fade7ee4000-7fade7ee5000 r--s 0004b000 08:01 3296801                    /home/cycle/.m2/repository/com/github/fommil/netlib/netlib-native_system-linux-armhf/1.1/netlib-native_system-linux-armhf-1.1-natives.jar
7fade7ee5000-7fade7ee6000 r--s 0006a000 08:01 3296800                    /home/cycle/.m2/repository/com/github/fommil/netlib/netlib-native_system-linux-i686/1.1/netlib-native_system-linux-i686-1.1-natives.jar
7fade7ee6000-7fade7ee7000 r--s 0006f000 08:01 3296797                    /home/cycle/.m2/repository/com/github/fommil/netlib/netlib-native_system-linux-x86_64/1.1/netlib-native_system-linux-x86_64-1.1-natives.jar
7fade7ee7000-7fade7ee8000 r--s 0000d000 08:01 3296795                    /home/cycle/.m2/repository/com/github/fommil/netlib/native_system-java/1.1/native_system-java-1.1.jar
7fade7ee8000-7fade7ee9000 r--s 00087000 08:01 3296793                    /home/cycle/.m2/repository/com/github/fommil/netlib/netlib-native_system-osx-x86_64/1.1/netlib-native_system-osx-x86_64-1.1-natives.jar
7fade7ee9000-7fade7eea000 r--s 00126000 08:01 3296792                    /home/cycle/.m2/repository/com/github/fommil/netlib/netlib-native_ref-linux-armhf/1.1/netlib-native_ref-linux-armhf-1.1-natives.jar
7fade7eea000-7fade7eeb000 r--s 001bd000 08:01 3296789                    /home/cycle/.m2/repository/com/github/fommil/netlib/netlib-native_ref-win-i686/1.1/netlib-native_ref-win-i686-1.1-natives.jar
7fade7eeb000-7fade7eed000 r--s 001aa000 08:01 3296784                    /home/cycle/.m2/repository/com/github/fommil/netlib/netlib-native_ref-linux-x86_64/1.1/netlib-native_ref-linux-x86_64-1.1-natives.jar
7fade7eed000-7fade7eef000 r--s 00001000 08:01 3296783                    /home/cycle/.m2/repository/com/github/fommil/jniloader/1.1/jniloader-1.1.jar
7fade7eef000-7fade7ef1000 r--s 001c0000 08:01 3296779                    /home/cycle/.m2/repository/com/github/fommil/netlib/netlib-native_ref-osx-x86_64/1.1/netlib-native_ref-osx-x86_64-1.1-natives.jar
7fade7ef1000-7fade7ef6000 r--s 0003d000 08:01 3296778                    /home/cycle/.m2/repository/com/googlecode/matrix-toolkits-java/mtj/1.0.4/mtj-1.0.4.jar
7fade7ef6000-7fade7efa000 r--s 0002f000 08:01 2099142                    /home/cycle/.m2/repository/nz/ac/waikato/cms/weka/thirdparty/bounce/0.18/bounce-0.18.jar
7fade7efa000-7fade7efc000 r--s 00016000 08:01 2099140                    /home/cycle/.m2/repository/nz/ac/waikato/cms/weka/thirdparty/java-cup-11b/2015.03.26/java-cup-11b-2015.03.26.jar
7fade7efc000-7fade7f5b000 r--s 00835000 08:01 2099144                    /home/cycle/.m2/repository/nz/ac/waikato/cms/weka/weka-dev/3.9.0/weka-dev-3.9.0.jar
7fade7f5b000-7fade7f61000 r--s 0004b000 08:01 2099033                    /home/cycle/.m2/repository/org/jfree/jcommon/1.0.23/jcommon-1.0.23.jar
7fade7f61000-7fade7f72000 r--s 0016e000 08:01 2099145                    /home/cycle/.m2/repository/org/jfree/jfreechart/1.0.19/jfreechart-1.0.19.jar
7fade7f72000-7fade7fed000 r--s 00a02000 08:01 2108725                    /home/cycle/programs/weka-3-8-0/weka.jar
7fade7fed000-7fade8000000 r--s 00344000 08:01 657762                     /usr/lib/jvm/java-8-oracle/jre/lib/resources.jar
7fade8000000-7fade8021000 rw-p 00000000 00:00 0 
7fade8021000-7fadec000000 ---p 00000000 00:00 0 
7fadec000000-7fadec021000 rw-p 00000000 00:00 0 
7fadec021000-7fadf0000000 ---p 00000000 00:00 0 
7fadf0000000-7fadf0021000 rw-p 00000000 00:00 0 
7fadf0021000-7fadf4000000 ---p 00000000 00:00 0 
7fadf4000000-7fadf4001000 r--s 00232000 08:01 3296788                    /home/cycle/.m2/repository/com/github/fommil/netlib/netlib-native_ref-win-x86_64/1.1/netlib-native_ref-win-x86_64-1.1-natives.jar
7fadf4001000-7fadf4003000 r--s 00012000 08:01 3288599                    /home/cycle/.m2/repository/com/github/fracpete/multisearch-weka-package/2016.6.7/multisearch-weka-package-2016.6.7.jar
7fadf4003000-7fadf4005000 r--s 00009000 08:01 2366610                    /home/cycle/wekafiles/packages/multiLayerPerceptrons/multiLayerPerceptrons.jar
7fadf4005000-7fadf4008000 r--s 0001d000 08:01 2371352                    /home/cycle/wekafiles/rplugin/pdm-RPlugin-ce-TRUNK-SNAPSHOT.jar
7fadf4008000-7fadf4023000 r--s 00208000 08:01 656981                     /usr/lib/jvm/java-8-oracle/jre/lib/deploy.jar
7fadf4023000-7fadf4024000 ---p 00000000 00:00 0 
7fadf4024000-7fadf4124000 rw-p 00000000 00:00 0 
7fadf4124000-7fadf4127000 ---p 00000000 00:00 0 
7fadf4127000-7fadf4225000 rw-p 00000000 00:00 0 
7fadf4225000-7fadf4228000 ---p 00000000 00:00 0 
7fadf4228000-7fadf4326000 rw-p 00000000 00:00 0 
7fadf4326000-7fadf4329000 ---p 00000000 00:00 0 
7fadf4329000-7fadf4427000 rw-p 00000000 00:00 0 
7fadf4427000-7fadf442a000 ---p 00000000 00:00 0 
7fadf442a000-7fadf4528000 rw-p 00000000 00:00 0 
7fadf4528000-7fadf452b000 ---p 00000000 00:00 0 
7fadf452b000-7fadf4629000 rw-p 00000000 00:00 0 
7fadf4629000-7fadf462c000 ---p 00000000 00:00 0 
7fadf462c000-7fadf472a000 rw-p 00000000 00:00 0 
7fadf472a000-7fadf4b80000 r--p 00000000 08:01 525718                     /usr/lib/locale/locale-archive
7fadf4b80000-7fadf4b83000 ---p 00000000 00:00 0 
7fadf4b83000-7fadf4c81000 rw-p 00000000 00:00 0 
7fadf4c81000-7fadf4c84000 ---p 00000000 00:00 0 
7fadf4c84000-7fadf4d82000 rw-p 00000000 00:00 0 
7fadf4d82000-7fadf4d83000 ---p 00000000 00:00 0 
7fadf4d83000-7fadf6ee0000 rw-p 00000000 00:00 0 
7fadf6ee0000-7fadf7020000 ---p 00000000 00:00 0 
7fadf7020000-7fadf8000000 rw-p 00000000 00:00 0 
7fadf8000000-7fadf8021000 rw-p 00000000 00:00 0 
7fadf8021000-7fadfc000000 ---p 00000000 00:00 0 
7fadfc000000-7fadfc001000 r--s 0016b000 08:01 3296786                    /home/cycle/.m2/repository/com/github/fommil/netlib/netlib-native_ref-linux-i686/1.1/netlib-native_ref-linux-i686-1.1-natives.jar
7fadfc001000-7fadfc006000 r--s 00045000 08:01 2366296                    /home/cycle/wekafiles/packages/timeseriesForecasting/timeseriesForecasting1.0.24.jar
7fadfc006000-7fadfc019000 r--s 000d6000 08:01 657005                     /usr/lib/jvm/java-8-oracle/jre/lib/plugin.jar
7fadfc019000-7fadfc2c0000 rw-p 00000000 00:00 0 
7fadfc2c0000-7fadfc499000 r--s 03d1f000 08:01 657724                     /usr/lib/jvm/java-8-oracle/jre/lib/rt.jar
7fadfc499000-7fadfc8e7000 rw-p 00000000 00:00 0 
7fadfc8e7000-7fadfd000000 ---p 00000000 00:00 0 
7fadfd000000-7fadfd560000 rwxp 00000000 00:00 0 
7fadfd560000-7fae0c000000 ---p 00000000 00:00 0 
7fae0c000000-7fae0c5d8000 rw-p 00000000 00:00 0 
7fae0c5d8000-7fae10000000 ---p 00000000 00:00 0 
7fae10000000-7fae10001000 r--s 0000d000 08:01 3296780                    /home/cycle/.m2/repository/com/github/fommil/netlib/native_ref-java/1.1/native_ref-java-1.1.jar
7fae10001000-7fae10050000 rw-p 00000000 00:00 0 
7fae10050000-7fae10051000 ---p 00000000 00:00 0 
7fae10051000-7fae10151000 rw-p 00000000 00:00 0 
7fae10151000-7fae10152000 ---p 00000000 00:00 0 
7fae10152000-7fae10252000 rw-p 00000000 00:00 0 
7fae10252000-7fae10253000 ---p 00000000 00:00 0 
7fae10253000-7fae10353000 rw-p 00000000 00:00 0 
7fae10353000-7fae10354000 ---p 00000000 00:00 0 
7fae10354000-7fae10454000 rw-p 00000000 00:00 0 
7fae10454000-7fae10455000 ---p 00000000 00:00 0 
7fae10455000-7fae10555000 rw-p 00000000 00:00 0 
7fae10555000-7fae10556000 ---p 00000000 00:00 0 
7fae10556000-7fae10656000 rw-p 00000000 00:00 0 
7fae10656000-7fae10657000 ---p 00000000 00:00 0 
7fae10657000-7fae10757000 rw-p 00000000 00:00 0 
7fae10757000-7fae10758000 ---p 00000000 00:00 0 
7fae10758000-7fae10bd5000 rw-p 00000000 00:00 0 
7fae10bd5000-7fae112ed000 ---p 00000000 00:00 0 
7fae112ed000-7fae11696000 rw-p 00000000 00:00 0 
7fae11696000-7fae11838000 ---p 00000000 00:00 0 
7fae11838000-7fae1184f000 rw-p 00000000 00:00 0 
7fae1184f000-7fae11bf9000 ---p 00000000 00:00 0 
7fae11bf9000-7fae11c13000 r-xp 00000000 08:01 658461                     /usr/lib/jvm/java-8-oracle/jre/lib/amd64/libzip.so
7fae11c13000-7fae11e13000 ---p 0001a000 08:01 658461                     /usr/lib/jvm/java-8-oracle/jre/lib/amd64/libzip.so
7fae11e13000-7fae11e14000 rw-p 0001a000 08:01 658461                     /usr/lib/jvm/java-8-oracle/jre/lib/amd64/libzip.so
7fae11e14000-7fae11e1f000 r-xp 00000000 08:01 1447430                    /lib/x86_64-linux-gnu/libnss_files-2.23.so
7fae11e1f000-7fae1201e000 ---p 0000b000 08:01 1447430                    /lib/x86_64-linux-gnu/libnss_files-2.23.so
7fae1201e000-7fae1201f000 r--p 0000a000 08:01 1447430                    /lib/x86_64-linux-gnu/libnss_files-2.23.so
7fae1201f000-7fae12020000 rw-p 0000b000 08:01 1447430                    /lib/x86_64-linux-gnu/libnss_files-2.23.so
7fae12020000-7fae12026000 rw-p 00000000 00:00 0 
7fae12026000-7fae12031000 r-xp 00000000 08:01 1447427                    /lib/x86_64-linux-gnu/libnss_nis-2.23.so
7fae12031000-7fae12230000 ---p 0000b000 08:01 1447427                    /lib/x86_64-linux-gnu/libnss_nis-2.23.so
7fae12230000-7fae12231000 r--p 0000a000 08:01 1447427                    /lib/x86_64-linux-gnu/libnss_nis-2.23.so
7fae12231000-7fae12232000 rw-p 0000b000 08:01 1447427                    /lib/x86_64-linux-gnu/libnss_nis-2.23.so
7fae12232000-7fae12248000 r-xp 00000000 08:01 1447425                    /lib/x86_64-linux-gnu/libnsl-2.23.so
7fae12248000-7fae12447000 ---p 00016000 08:01 1447425                    /lib/x86_64-linux-gnu/libnsl-2.23.so
7fae12447000-7fae12448000 r--p 00015000 08:01 1447425                    /lib/x86_64-linux-gnu/libnsl-2.23.so
7fae12448000-7fae12449000 rw-p 00016000 08:01 1447425                    /lib/x86_64-linux-gnu/libnsl-2.23.so
7fae12449000-7fae1244b000 rw-p 00000000 00:00 0 
7fae1244b000-7fae12453000 r-xp 00000000 08:01 1447423                    /lib/x86_64-linux-gnu/libnss_compat-2.23.so
7fae12453000-7fae12652000 ---p 00008000 08:01 1447423                    /lib/x86_64-linux-gnu/libnss_compat-2.23.so
7fae12652000-7fae12653000 r--p 00007000 08:01 1447423                    /lib/x86_64-linux-gnu/libnss_compat-2.23.so
7fae12653000-7fae12654000 rw-p 00008000 08:01 1447423                    /lib/x86_64-linux-gnu/libnss_compat-2.23.so
7fae12654000-7fae1267e000 r-xp 00000000 08:01 658456                     /usr/lib/jvm/java-8-oracle/jre/lib/amd64/libjava.so
7fae1267e000-7fae1287e000 ---p 0002a000 08:01 658456                     /usr/lib/jvm/java-8-oracle/jre/lib/amd64/libjava.so
7fae1287e000-7fae12880000 rw-p 0002a000 08:01 658456                     /usr/lib/jvm/java-8-oracle/jre/lib/amd64/libjava.so
7fae12880000-7fae1288d000 r-xp 00000000 08:01 658460                     /usr/lib/jvm/java-8-oracle/jre/lib/amd64/libverify.so
7fae1288d000-7fae12a8d000 ---p 0000d000 08:01 658460                     /usr/lib/jvm/java-8-oracle/jre/lib/amd64/libverify.so
7fae12a8d000-7fae12a8f000 rw-p 0000d000 08:01 658460                     /usr/lib/jvm/java-8-oracle/jre/lib/amd64/libverify.so
7fae12a8f000-7fae12a96000 r-xp 00000000 08:01 1447439                    /lib/x86_64-linux-gnu/librt-2.23.so
7fae12a96000-7fae12c95000 ---p 00007000 08:01 1447439                    /lib/x86_64-linux-gnu/librt-2.23.so
7fae12c95000-7fae12c96000 r--p 00006000 08:01 1447439                    /lib/x86_64-linux-gnu/librt-2.23.so
7fae12c96000-7fae12c97000 rw-p 00007000 08:01 1447439                    /lib/x86_64-linux-gnu/librt-2.23.so
7fae12c97000-7fae12d9f000 r-xp 00000000 08:01 1447436                    /lib/x86_64-linux-gnu/libm-2.23.so
7fae12d9f000-7fae12f9e000 ---p 00108000 08:01 1447436                    /lib/x86_64-linux-gnu/libm-2.23.so
7fae12f9e000-7fae12f9f000 r--p 00107000 08:01 1447436                    /lib/x86_64-linux-gnu/libm-2.23.so
7fae12f9f000-7fae12fa0000 rw-p 00108000 08:01 1447436                    /lib/x86_64-linux-gnu/libm-2.23.so
7fae12fa0000-7fae13c60000 r-xp 00000000 08:01 658438                     /usr/lib/jvm/java-8-oracle/jre/lib/amd64/server/libjvm.so
7fae13c60000-7fae13e60000 ---p 00cc0000 08:01 658438                     /usr/lib/jvm/java-8-oracle/jre/lib/amd64/server/libjvm.so
7fae13e60000-7fae13f38000 rw-p 00cc0000 08:01 658438                     /usr/lib/jvm/java-8-oracle/jre/lib/amd64/server/libjvm.so
7fae13f38000-7fae13f83000 rw-p 00000000 00:00 0 
7fae13f83000-7fae14143000 r-xp 00000000 08:01 1447444                    /lib/x86_64-linux-gnu/libc-2.23.so
7fae14143000-7fae14342000 ---p 001c0000 08:01 1447444                    /lib/x86_64-linux-gnu/libc-2.23.so
7fae14342000-7fae14346000 r--p 001bf000 08:01 1447444                    /lib/x86_64-linux-gnu/libc-2.23.so
7fae14346000-7fae14348000 rw-p 001c3000 08:01 1447444                    /lib/x86_64-linux-gnu/libc-2.23.so
7fae14348000-7fae1434c000 rw-p 00000000 00:00 0 
7fae1434c000-7fae1434f000 r-xp 00000000 08:01 1447445                    /lib/x86_64-linux-gnu/libdl-2.23.so
7fae1434f000-7fae1454e000 ---p 00003000 08:01 1447445                    /lib/x86_64-linux-gnu/libdl-2.23.so
7fae1454e000-7fae1454f000 r--p 00002000 08:01 1447445                    /lib/x86_64-linux-gnu/libdl-2.23.so
7fae1454f000-7fae14550000 rw-p 00003000 08:01 1447445                    /lib/x86_64-linux-gnu/libdl-2.23.so
7fae14550000-7fae14565000 r-xp 00000000 08:01 529189                     /usr/lib/jvm/java-8-oracle/lib/amd64/jli/libjli.so
7fae14565000-7fae14765000 ---p 00015000 08:01 529189                     /usr/lib/jvm/java-8-oracle/lib/amd64/jli/libjli.so
7fae14765000-7fae14766000 rw-p 00015000 08:01 529189                     /usr/lib/jvm/java-8-oracle/lib/amd64/jli/libjli.so
7fae14766000-7fae1477e000 r-xp 00000000 08:01 1447443                    /lib/x86_64-linux-gnu/libpthread-2.23.so
7fae1477e000-7fae1497d000 ---p 00018000 08:01 1447443                    /lib/x86_64-linux-gnu/libpthread-2.23.so
7fae1497d000-7fae1497e000 r--p 00017000 08:01 1447443                    /lib/x86_64-linux-gnu/libpthread-2.23.so
7fae1497e000-7fae1497f000 rw-p 00018000 08:01 1447443                    /lib/x86_64-linux-gnu/libpthread-2.23.so
7fae1497f000-7fae14983000 rw-p 00000000 00:00 0 
7fae14983000-7fae149a9000 r-xp 00000000 08:01 1447440                    /lib/x86_64-linux-gnu/ld-2.23.so
7fae149a9000-7fae149aa000 r--s 00005000 08:01 2099141                    /home/cycle/.m2/repository/nz/ac/waikato/cms/weka/thirdparty/java-cup-11b-runtime/2015.03.26/java-cup-11b-runtime-2015.03.26.jar
7fae149aa000-7fae149ac000 r--s 0000b000 08:01 2371202                    /home/cycle/wekafiles/rengine-weka-inject-classes.jar
7fae149ac000-7fae149ad000 r--s 00003000 08:01 2366363                    /home/cycle/wekafiles/packages/timeSeriesFilters/timeSeriesFilters.jar
7fae149ad000-7fae149af000 r--s 00027000 08:01 3539097                    /home/cycle/programs/intellij dependencies/core-1.1.2(1).jar
7fae149af000-7fae149b1000 r--s 00027000 08:01 3539096                    /home/cycle/programs/intellij dependencies/core-1.1.2.jar
7fae149b1000-7fae149b2000 r--s 00000000 08:01 656987                     /usr/lib/jvm/java-8-oracle/jre/lib/management-agent.jar
7fae149b2000-7fae14a79000 rw-p 00000000 00:00 0 
7fae14a79000-7fae14a7c000 ---p 00000000 00:00 0 
7fae14a7c000-7fae14b7e000 rw-p 00000000 00:00 0 
7fae14b7e000-7fae14b82000 r--s 00097000 08:01 657776                     /usr/lib/jvm/java-8-oracle/jre/lib/jsse.jar
7fae14b82000-7fae14b84000 r--s 00007000 08:01 658483                     /usr/lib/jvm/java-8-oracle/jre/lib/jfxswt.jar
7fae14b84000-7fae14b89000 r--s 00084000 08:01 656980                     /usr/lib/jvm/java-8-oracle/jre/lib/jfr.jar
7fae14b89000-7fae14b8c000 r--s 0001a000 08:01 658481                     /usr/lib/jvm/java-8-oracle/jre/lib/jce.jar
7fae14b8c000-7fae14b96000 r--s 0006c000 08:01 656990                     /usr/lib/jvm/java-8-oracle/jre/lib/javaws.jar
7fae14b96000-7fae14b9c000 r--s 002f8000 08:01 657722                     /usr/lib/jvm/java-8-oracle/jre/lib/charsets.jar
7fae14b9c000-7fae14ba4000 rw-s 00000000 08:01 3539073                    /tmp/hsperfdata_cycle/13285
7fae14ba4000-7fae14ba5000 rw-p 00000000 00:00 0 
7fae14ba5000-7fae14ba6000 ---p 00000000 00:00 0 
7fae14ba6000-7fae14ba8000 rw-p 00000000 00:00 0 
7fae14ba8000-7fae14ba9000 r--p 00025000 08:01 1447440                    /lib/x86_64-linux-gnu/ld-2.23.so
7fae14ba9000-7fae14baa000 rw-p 00026000 08:01 1447440                    /lib/x86_64-linux-gnu/ld-2.23.so
7fae14baa000-7fae14bab000 rw-p 00000000 00:00 0 
7ffe32441000-7ffe32463000 rw-p 00000000 00:00 0                          [stack]
7ffe325f8000-7ffe325fa000 r--p 00000000 00:00 0                          [vvar]
7ffe325fa000-7ffe325fc000 r-xp 00000000 00:00 0                          [vdso]
ffffffffff600000-ffffffffff601000 r-xp 00000000 00:00 0                  [vsyscall]

VM Arguments:
jvm_args: -Xmx8128m -Didea.launcher.port=7535 -Didea.launcher.bin.path=/opt/idea/bin -Dfile.encoding=UTF-8 
java_command: com.intellij.rt.execution.application.AppMain src.normalInput
java_class_path (initial): /usr/lib/jvm/java-8-oracle/jre/lib/charsets.jar:/usr/lib/jvm/java-8-oracle/jre/lib/deploy.jar:/usr/lib/jvm/java-8-oracle/jre/lib/ext/cldrdata.jar:/usr/lib/jvm/java-8-oracle/jre/lib/ext/dnsns.jar:/usr/lib/jvm/java-8-oracle/jre/lib/ext/jaccess.jar:/usr/lib/jvm/java-8-oracle/jre/lib/ext/jfxrt.jar:/usr/lib/jvm/java-8-oracle/jre/lib/ext/localedata.jar:/usr/lib/jvm/java-8-oracle/jre/lib/ext/nashorn.jar:/usr/lib/jvm/java-8-oracle/jre/lib/ext/sunec.jar:/usr/lib/jvm/java-8-oracle/jre/lib/ext/sunjce_provider.jar:/usr/lib/jvm/java-8-oracle/jre/lib/ext/sunpkcs11.jar:/usr/lib/jvm/java-8-oracle/jre/lib/ext/zipfs.jar:/usr/lib/jvm/java-8-oracle/jre/lib/javaws.jar:/usr/lib/jvm/java-8-oracle/jre/lib/jce.jar:/usr/lib/jvm/java-8-oracle/jre/lib/jfr.jar:/usr/lib/jvm/java-8-oracle/jre/lib/jfxswt.jar:/usr/lib/jvm/java-8-oracle/jre/lib/jsse.jar:/usr/lib/jvm/java-8-oracle/jre/lib/management-agent.jar:/usr/lib/jvm/java-8-oracle/jre/lib/plugin.jar:/usr/lib/jvm/java-8-oracle/jre/lib/resources.jar:/usr/lib/jvm/java-8-oracle/jre/lib/rt.jar:/home/cycle/workspace/wekaforecasting/target/classes:/home/cycle/programs/OpenBLAS-master:/home/cycle/programs/intellij dependencies/core-1.1.2.jar:/home/cycle/programs/intellij dependencies/core-1.1.2(1).jar:/home/cycle/wekafiles/packages/timeSeriesFilters/timeSeriesFilters.jar:/home/cycle/wekafiles/packages/timeseriesForecasting/timeseriesForecasting1.0.24.jar:/home/cycle/wekafiles/rengine-weka-inject-classes.jar:/home/cycle/wekafiles/rplugin/pdm-RPlugin-ce-TRUNK-SNAPSHOT.jar:/home/cycle/programs/weka-3-8-0/weka.jar:/home/cycle/wekafiles/packages/multiLayerPerceptrons/multiLayerPerceptrons.jar:/home/cycle/.m2/repository/org/jfree/jfreechart/1.0.19/jfreechart-1.0.19.jar:/home/cycle/.m2/repository/org/jfree/jcommon/1.0.23/jcommon-1.0.23.jar:/home/cycle/.m2/repository/com/github/fracpete/multisearch-weka-package/2016.6.7/multisearch-weka-package-2016.6.7.jar:/home/cycle/.m2/repository/nz/ac/waikato/cms/weka/weka-dev/3.9.0/weka-dev-3.
Launcher Type: SUN_STANDARD

Environment Variables:
PATH=/usr/local/sbin:/usr/local/bin:/usr/sbin:/usr/bin:/sbin:/bin:/usr/games:/usr/local/games:/snap/bin
SHELL=/bin/bash
DISPLAY=:0

Signal Handlers:
SIGSEGV: [libjvm.so+0xabca10], sa_mask[0]=11111111011111111101111111111110, sa_flags=SA_RESTART|SA_SIGINFO
SIGBUS: [libjvm.so+0xabca10], sa_mask[0]=11111111011111111101111111111110, sa_flags=SA_RESTART|SA_SIGINFO
SIGFPE: [libjvm.so+0x919a20], sa_mask[0]=11111111011111111101111111111110, sa_flags=SA_RESTART|SA_SIGINFO
SIGPIPE: [libjvm.so+0x919a20], sa_mask[0]=11111111011111111101111111111110, sa_flags=SA_RESTART|SA_SIGINFO
SIGXFSZ: [libjvm.so+0x919a20], sa_mask[0]=11111111011111111101111111111110, sa_flags=SA_RESTART|SA_SIGINFO
SIGILL: [libjvm.so+0x919a20], sa_mask[0]=11111111011111111101111111111110, sa_flags=SA_RESTART|SA_SIGINFO
SIGUSR1: SIG_DFL, sa_mask[0]=00000000000000000000000000000000, sa_flags=none
SIGUSR2: [libjvm.so+0x91b050], sa_mask[0]=00100000000000000000000000000000, sa_flags=SA_RESTART|SA_SIGINFO
SIGHUP: [libjvm.so+0x91c450], sa_mask[0]=11111111011111111101111111111110, sa_flags=SA_RESTART|SA_SIGINFO
SIGINT: [libjvm.so+0x91c450], sa_mask[0]=11111111011111111101111111111110, sa_flags=SA_RESTART|SA_SIGINFO
SIGTERM: [libjvm.so+0x91c450], sa_mask[0]=11111111011111111101111111111110, sa_flags=SA_RESTART|SA_SIGINFO
SIGQUIT: [libjvm.so+0x91c450], sa_mask[0]=11111111011111111101111111111110, sa_flags=SA_RESTART|SA_SIGINFO


---------------  S Y S T E M  ---------------

OS:DISTRIB_ID=Ubuntu
DISTRIB_RELEASE=16.04
DISTRIB_CODENAME=xenial
DISTRIB_DESCRIPTION="Ubuntu 16.04 LTS"

uname:Linux 4.4.0-53-generic #74-Ubuntu SMP Fri Dec 2 15:59:10 UTC 2016 x86_64
libc:glibc 2.23 NPTL 2.23 
rlimit: STACK 8192k, CORE 0k, NPROC 31325, NOFILE 65536, AS infinity
load average:0,66 1,72 2,56

/proc/meminfo:
MemTotal:        8057844 kB
MemFree:          155588 kB
MemAvailable:     373960 kB
Buffers:           51708 kB
Cached:           959476 kB
SwapCached:            0 kB
Active:          4776228 kB
Inactive:        2920484 kB
Active(anon):    4568936 kB
Inactive(anon):  2717348 kB
Active(file):     207292 kB
Inactive(file):   203136 kB
Unevictable:          32 kB
Mlocked:              32 kB
SwapTotal:             0 kB
SwapFree:              0 kB
Dirty:             14212 kB
Writeback:             0 kB
AnonPages:       6685024 kB
Mapped:           250416 kB
Shmem:            601660 kB
Slab:             102908 kB
SReclaimable:      56700 kB
SUnreclaim:        46208 kB
KernelStack:       12704 kB
PageTables:        44900 kB
NFS_Unstable:          0 kB
Bounce:                0 kB
WritebackTmp:          0 kB
CommitLimit:     4028920 kB
Committed_AS:   11746152 kB
VmallocTotal:   34359738367 kB
VmallocUsed:           0 kB
VmallocChunk:          0 kB
HardwareCorrupted:     0 kB
AnonHugePages:   3053568 kB
CmaTotal:              0 kB
CmaFree:               0 kB
HugePages_Total:       0
HugePages_Free:        0
HugePages_Rsvd:        0
HugePages_Surp:        0
Hugepagesize:       2048 kB
DirectMap4k:      200680 kB
DirectMap2M:     8071168 kB


CPU:total 8 (4 cores per cpu, 2 threads per core) family 6 model 58 stepping 9, cmov, cx8, fxsr, mmx, sse, sse2, sse3, ssse3, sse4.1, sse4.2, popcnt, avx, aes, clmul, erms, ht, tsc, tscinvbit, tscinv

/proc/cpuinfo:
processor	: 0
vendor_id	: GenuineIntel
cpu family	: 6
model		: 58
model name	: Intel(R) Core(TM) i7-3630QM CPU @ 2.40GHz
stepping	: 9
microcode	: 0x15
cpu MHz		: 3272.062
cache size	: 6144 KB
physical id	: 0
siblings	: 8
core id		: 0
cpu cores	: 4
apicid		: 0
initial apicid	: 0
fpu		: yes
fpu_exception	: yes
cpuid level	: 13
wp		: yes
flags		: fpu vme de pse tsc msr pae mce cx8 apic sep mtrr pge mca cmov pat pse36 clflush dts acpi mmx fxsr sse sse2 ss ht tm pbe syscall nx rdtscp lm constant_tsc arch_perfmon pebs bts rep_good nopl xtopology nonstop_tsc aperfmperf eagerfpu pni pclmulqdq dtes64 monitor ds_cpl vmx est tm2 ssse3 cx16 xtpr pdcm pcid sse4_1 sse4_2 x2apic popcnt tsc_deadline_timer aes xsave avx f16c rdrand lahf_lm epb tpr_shadow vnmi flexpriority ept vpid fsgsbase smep erms xsaveopt dtherm ida arat pln pts
bugs		:
bogomips	: 4789.46
clflush size	: 64
cache_alignment	: 64
address sizes	: 36 bits physical, 48 bits virtual
power management:

processor	: 1
vendor_id	: GenuineIntel
cpu family	: 6
model		: 58
model name	: Intel(R) Core(TM) i7-3630QM CPU @ 2.40GHz
stepping	: 9
microcode	: 0x15
cpu MHz		: 3101.250
cache size	: 6144 KB
physical id	: 0
siblings	: 8
core id		: 1
cpu cores	: 4
apicid		: 2
initial apicid	: 2
fpu		: yes
fpu_exception	: yes
cpuid level	: 13
wp		: yes
flags		: fpu vme de pse tsc msr pae mce cx8 apic sep mtrr pge mca cmov pat pse36 clflush dts acpi mmx fxsr sse sse2 ss ht tm pbe syscall nx rdtscp lm constant_tsc arch_perfmon pebs bts rep_good nopl xtopology nonstop_tsc aperfmperf eagerfpu pni pclmulqdq dtes64 monitor ds_cpl vmx est tm2 ssse3 cx16 xtpr pdcm pcid sse4_1 sse4_2 x2apic popcnt tsc_deadline_timer aes xsave avx f16c rdrand lahf_lm epb tpr_shadow vnmi flexpriority ept vpid fsgsbase smep erms xsaveopt dtherm ida arat pln pts
bugs		:
bogomips	: 4789.46
clflush size	: 64
cache_alignment	: 64
address sizes	: 36 bits physical, 48 bits virtual
power management:

processor	: 2
vendor_id	: GenuineIntel
cpu family	: 6
model		: 58
model name	: Intel(R) Core(TM) i7-3630QM CPU @ 2.40GHz
stepping	: 9
microcode	: 0x15
cpu MHz		: 3310.500
cache size	: 6144 KB
physical id	: 0
siblings	: 8
core id		: 2
cpu cores	: 4
apicid		: 4
initial apicid	: 4
fpu		: yes
fpu_exception	: yes
cpuid level	: 13
wp		: yes
flags		: fpu vme de pse tsc msr pae mce cx8 apic sep mtrr pge mca cmov pat pse36 clflush dts acpi mmx fxsr sse sse2 ss ht tm pbe syscall nx rdtscp lm constant_tsc arch_perfmon pebs bts rep_good nopl xtopology nonstop_tsc aperfmperf eagerfpu pni pclmulqdq dtes64 monitor ds_cpl vmx est tm2 ssse3 cx16 xtpr pdcm pcid sse4_1 sse4_2 x2apic popcnt tsc_deadline_timer aes xsave avx f16c rdrand lahf_lm epb tpr_shadow vnmi flexpriority ept vpid fsgsbase smep erms xsaveopt dtherm ida arat pln pts
bugs		:
bogomips	: 4789.46
clflush size	: 64
cache_alignment	: 64
address sizes	: 36 bits physical, 48 bits virtual
power management:

processor	: 3
vendor_id	: GenuineIntel
cpu family	: 6
model		: 58
model name	: Intel(R) Core(TM) i7-3630QM CPU @ 2.40GHz
stepping	: 9
microcode	: 0x15
cpu MHz		: 2959.218
cache size	: 6144 KB
physical id	: 0
siblings	: 8
core id		: 3
cpu cores	: 4
apicid		: 6
initial apicid	: 6
fpu		: yes
fpu_exception	: yes
cpuid level	: 13
wp		: yes
flags		: fpu vme de pse tsc msr pae mce cx8 apic sep mtrr pge mca cmov pat pse36 clflush dts acpi mmx fxsr sse sse2 ss ht tm pbe syscall nx rdtscp lm constant_tsc arch_perfmon pebs bts rep_good nopl xtopology nonstop_tsc aperfmperf eagerfpu pni pclmulqdq dtes64 monitor ds_cpl vmx est tm2 ssse3 cx16 xtpr pdcm pcid sse4_1 sse4_2 x2apic popcnt tsc_deadline_timer aes xsave avx f16c rdrand lahf_lm epb tpr_shadow vnmi flexpriority ept vpid fsgsbase smep erms xsaveopt dtherm ida arat pln pts
bugs		:
bogomips	: 4789.46
clflush size	: 64
cache_alignment	: 64
address sizes	: 36 bits physical, 48 bits virtual
power management:

processor	: 4
vendor_id	: GenuineIntel
cpu family	: 6
model		: 58
model name	: Intel(R) Core(TM) i7-3630QM CPU @ 2.40GHz
stepping	: 9
microcode	: 0x15
cpu MHz		: 3199.312
cache size	: 6144 KB
physical id	: 0
siblings	: 8
core id		: 0
cpu cores	: 4
apicid		: 1
initial apicid	: 1
fpu		: yes
fpu_exception	: yes
cpuid level	: 13
wp		: yes
flags		: fpu vme de pse tsc msr pae mce cx8 apic sep mtrr pge mca cmov pat pse36 clflush dts acpi mmx fxsr sse sse2 ss ht tm pbe syscall nx rdtscp lm constant_tsc arch_perfmon pebs bts rep_good nopl xtopology nonstop_tsc aperfmperf eagerfpu pni pclmulqdq dtes64 monitor ds_cpl vmx est tm2 ssse3 cx16 xtpr pdcm pcid sse4_1 sse4_2 x2apic popcnt tsc_deadline_timer aes xsave avx f16c rdrand lahf_lm epb tpr_shadow vnmi flexpriority ept vpid fsgsbase smep erms xsaveopt dtherm ida arat pln pts
bugs		:
bogomips	: 4789.46
clflush size	: 64
cache_alignment	: 64
address sizes	: 36 bits physical, 48 bits virtual
power management:

processor	: 5
vendor_id	: GenuineIntel
cpu family	: 6
model		: 58
model name	: Intel(R) Core(TM) i7-3630QM CPU @ 2.40GHz
stepping	: 9
microcode	: 0x15
cpu MHz		: 3198.093
cache size	: 6144 KB
physical id	: 0
siblings	: 8
core id		: 1
cpu cores	: 4
apicid		: 3
initial apicid	: 3
fpu		: yes
fpu_exception	: yes
cpuid level	: 13
wp		: yes
flags		: fpu vme de pse tsc msr pae mce cx8 apic sep mtrr pge mca cmov pat pse36 clflush dts acpi mmx fxsr sse sse2 ss ht tm pbe syscall nx rdtscp lm constant_tsc arch_perfmon pebs bts rep_good nopl xtopology nonstop_tsc aperfmperf eagerfpu pni pclmulqdq dtes64 monitor ds_cpl vmx est tm2 ssse3 cx16 xtpr pdcm pcid sse4_1 sse4_2 x2apic popcnt tsc_deadline_timer aes xsave avx f16c rdrand lahf_lm epb tpr_shadow vnmi flexpriority ept vpid fsgsbase smep erms xsaveopt dtherm ida arat pln pts
bugs		:
bogomips	: 4789.46
clflush size	: 64
cache_alignment	: 64
address sizes	: 36 bits physical, 48 bits virtual
power management:

processor	: 6
vendor_id	: GenuineIntel
cpu family	: 6
model		: 58
model name	: Intel(R) Core(TM) i7-3630QM CPU @ 2.40GHz
stepping	: 9
microcode	: 0x15
cpu MHz		: 3199.968
cache size	: 6144 KB
physical id	: 0
siblings	: 8
core id		: 2
cpu cores	: 4
apicid		: 5
initial apicid	: 5
fpu		: yes
fpu_exception	: yes
cpuid level	: 13
wp		: yes
flags		: fpu vme de pse tsc msr pae mce cx8 apic sep mtrr pge mca cmov pat pse36 clflush dts acpi mmx fxsr sse sse2 ss ht tm pbe syscall nx rdtscp lm constant_tsc arch_perfmon pebs bts rep_good nopl xtopology nonstop_tsc aperfmperf eagerfpu pni pclmulqdq dtes64 monitor ds_cpl vmx est tm2 ssse3 cx16 xtpr pdcm pcid sse4_1 sse4_2 x2apic popcnt tsc_deadline_timer aes xsave avx f16c rdrand lahf_lm epb tpr_shadow vnmi flexpriority ept vpid fsgsbase smep erms xsaveopt dtherm ida arat pln pts
bugs		:
bogomips	: 4789.46
clflush size	: 64
cache_alignment	: 64
address sizes	: 36 bits physical, 48 bits virtual
power management:

processor	: 7
vendor_id	: GenuineIntel
cpu family	: 6
model		: 58
model name	: Intel(R) Core(TM) i7-3630QM CPU @ 2.40GHz
stepping	: 9
microcode	: 0x15
cpu MHz		: 3188.531
cache size	: 6144 KB
physical id	: 0
siblings	: 8
core id		: 3
cpu cores	: 4
apicid		: 7
initial apicid	: 7
fpu		: yes
fpu_exception	: yes
cpuid level	: 13
wp		: yes
flags		: fpu vme de pse tsc msr pae mce cx8 apic sep mtrr pge mca cmov pat pse36 clflush dts acpi mmx fxsr sse sse2 ss ht tm pbe syscall nx rdtscp lm constant_tsc arch_perfmon pebs bts rep_good nopl xtopology nonstop_tsc aperfmperf eagerfpu pni pclmulqdq dtes64 monitor ds_cpl vmx est tm2 ssse3 cx16 xtpr pdcm pcid sse4_1 sse4_2 x2apic popcnt tsc_deadline_timer aes xsave avx f16c rdrand lahf_lm epb tpr_shadow vnmi flexpriority ept vpid fsgsbase smep erms xsaveopt dtherm ida arat pln pts
bugs		:
bogomips	: 4789.46
clflush size	: 64
cache_alignment	: 64
address sizes	: 36 bits physical, 48 bits virtual
power management:



Memory: 4k page, physical 8057844k(155588k free), swap 0k(0k free)

vm_info: Java HotSpot(TM) 64-Bit Server VM (25.91-b14) for linux-amd64 JRE (1.8.0_91-b14), built on Apr  1 2016 00:57:21 by "java_re" with gcc 4.3.0 20080428 (Red Hat 4.3.0-8)

time: Sat Dec 17 12:18:42 2016
elapsed time: 11 seconds (0d 0h 0m 11s)

