#
# There is insufficient memory for the Java Runtime Environment to continue.
# Native memory allocation (mmap) failed to map 121634816 bytes for committing reserved memory.
# Possible reasons:
#   The system is out of physical RAM or swap space
#   In 32 bit mode, the process size limit was hit
# Possible solutions:
#   Reduce memory load on the system
#   Increase physical memory or swap space
#   Check if swap backing store is full
#   Use 64 bit Java on a 64 bit OS
#   Decrease Java heap size (-Xmx/-Xms)
#   Decrease number of Java threads
#   Decrease Java thread stack sizes (-Xss)
#   Set larger code cache with -XX:ReservedCodeCacheSize=
# This output file may be truncated or incomplete.
#
#  Out of Memory Error (os_linux.cpp:2627), pid=7161, tid=0x00007f5ebe1e9700
#
# JRE version: Java(TM) SE Runtime Environment (8.0_111-b14) (build 1.8.0_111-b14)
# Java VM: Java HotSpot(TM) 64-Bit Server VM (25.111-b14 mixed mode linux-amd64 compressed oops)
# Failed to write core dump. Core dumps have been disabled. To enable core dumping, try "ulimit -c unlimited" before starting Java again
#

---------------  T H R E A D  ---------------

Current thread (0x00007f5f00082000):  VMThread [stack: 0x00007f5ebe0e9000,0x00007f5ebe1ea000] [id=7181]

Stack: [0x00007f5ebe0e9000,0x00007f5ebe1ea000],  sp=0x00007f5ebe1e82a0,  free space=1020k
Native frames: (J=compiled Java code, j=interpreted, Vv=VM code, C=native code)
V  [libjvm.so+0xac5c2a]  VMError::report_and_die()+0x2ba
V  [libjvm.so+0x4fc50b]  report_vm_out_of_memory(char const*, int, unsigned long, VMErrorType, char const*)+0x8b
V  [libjvm.so+0x922ae3]  os::Linux::commit_memory_impl(char*, unsigned long, bool)+0x103
V  [libjvm.so+0x923039]  os::pd_commit_memory(char*, unsigned long, unsigned long, bool)+0x29
V  [libjvm.so+0x91d33a]  os::commit_memory(char*, unsigned long, unsigned long, bool)+0x2a
V  [libjvm.so+0x991ac3]  PSVirtualSpace::expand_by(unsigned long)+0x53
V  [libjvm.so+0x992ec8]  PSYoungGen::resize_generation(unsigned long, unsigned long)+0xf8
V  [libjvm.so+0x992022]  PSYoungGen::resize(unsigned long, unsigned long)+0x22
V  [libjvm.so+0x98f2fb]  PSScavenge::invoke_no_policy()+0xf3b
V  [libjvm.so+0x98fa81]  PSScavenge::invoke()+0x41
V  [libjvm.so+0x9467d0]  ParallelScavengeHeap::failed_mem_allocate(unsigned long)+0x70
V  [libjvm.so+0xac7647]  VM_ParallelGCFailedAllocation::doit()+0x97
V  [libjvm.so+0xacf125]  VM_Operation::evaluate()+0x55
V  [libjvm.so+0xacd4fa]  VMThread::evaluate_operation(VM_Operation*)+0xba
V  [libjvm.so+0xacd87e]  VMThread::loop()+0x1ce
V  [libjvm.so+0xacdcf0]  VMThread::run()+0x70
V  [libjvm.so+0x924ea8]  java_start(Thread*)+0x108

VM_Operation (0x00007f5f09daca30): ParallelGCFailedAllocation, mode: safepoint, requested by thread 0x00007f5f0000c000


---------------  P R O C E S S  ---------------

Java Threads: ( => current thread )
  0x00007f5f002a5800 JavaThread "Monitor Ctrl-Break" daemon [_thread_in_native, id=7200, stack(0x00007f5ebc980000,0x00007f5ebca81000)]
  0x00007f5f000cd800 JavaThread "Service Thread" daemon [_thread_blocked, id=7198, stack(0x00007f5ebcda4000,0x00007f5ebcea5000)]
  0x00007f5f000ca800 JavaThread "C1 CompilerThread3" daemon [_thread_blocked, id=7197, stack(0x00007f5ebcea5000,0x00007f5ebcfa6000)]
  0x00007f5f000c8800 JavaThread "C2 CompilerThread2" daemon [_thread_blocked, id=7196, stack(0x00007f5ebcfa6000,0x00007f5ebd0a7000)]
  0x00007f5f000c6800 JavaThread "C2 CompilerThread1" daemon [_thread_blocked, id=7194, stack(0x00007f5ebd0a7000,0x00007f5ebd1a8000)]
  0x00007f5f000c3800 JavaThread "C2 CompilerThread0" daemon [_thread_blocked, id=7193, stack(0x00007f5ebd1a8000,0x00007f5ebd2a9000)]
  0x00007f5f000c2000 JavaThread "Signal Dispatcher" daemon [_thread_blocked, id=7191, stack(0x00007f5ebd2a9000,0x00007f5ebd3aa000)]
  0x00007f5f0008e000 JavaThread "Finalizer" daemon [_thread_blocked, id=7185, stack(0x00007f5ebdee7000,0x00007f5ebdfe8000)]
  0x00007f5f00089800 JavaThread "Reference Handler" daemon [_thread_blocked, id=7183, stack(0x00007f5ebdfe8000,0x00007f5ebe0e9000)]
  0x00007f5f0000c000 JavaThread "main" [_thread_blocked, id=7163, stack(0x00007f5f09cae000,0x00007f5f09daf000)]

Other Threads:
=>0x00007f5f00082000 VMThread [stack: 0x00007f5ebe0e9000,0x00007f5ebe1ea000] [id=7181]
  0x00007f5f000d0800 WatcherThread [stack: 0x00007f5ebcca3000,0x00007f5ebcda4000] [id=7199]

VM state:at safepoint (normal execution)

VM Mutex/Monitor currently owned by a thread:  ([mutex/lock_event])
[0x00007f5f00008230] Threads_lock - owner thread: 0x00007f5f00082000
[0x00007f5f00008730] Heap_lock - owner thread: 0x00007f5f0000c000

Heap:
 PSYoungGen      total 1369600K, used 379013K [0x0000000716b00000, 0x0000000792000000, 0x00000007c0000000)
  eden space 893440K, 0% used [0x0000000716b00000,0x0000000716b00000,0x000000074d380000)
  from space 476160K, 79% used [0x0000000774f00000,0x000000078c121768,0x0000000792000000)
  to   space 431104K, 0% used [0x000000074d380000,0x000000074d380000,0x0000000767880000)
 ParOldGen       total 2428416K, used 2405096K [0x00000005c4000000, 0x0000000658380000, 0x0000000716b00000)
  object space 2428416K, 99% used [0x00000005c4000000,0x0000000656cba3e8,0x0000000658380000)
 Metaspace       used 8876K, capacity 9054K, committed 9216K, reserved 1056768K
  class space    used 937K, capacity 1015K, committed 1024K, reserved 1048576K

Card table byte_map: [0x00007f5f05a78000,0x00007f5f06a59000] byte_map_base: 0x00007f5f02c58000

Marking Bits: (ParMarkBitMap*) 0x00007f5f09182220
 Begin Bits: [0x00007f5ed4200000, 0x00007f5edc100000)
 End Bits:   [0x00007f5edc100000, 0x00007f5ee4000000)

Polling page: 0x00007f5f09dd1000

CodeCache: size=245760Kb used=6080Kb max_used=6093Kb free=239679Kb
 bounds [0x00007f5ef1000000, 0x00007f5ef1600000, 0x00007f5f00000000]
 total_blobs=1605 nmethods=1224 adapters=295
 compilation: enabled

Compilation events (10 events):
Event: 7,627 Thread 0x00007f5f000ca800 1222       3       weka.filters.Filter::getOptions (89 bytes)
Event: 7,628 Thread 0x00007f5f000ca800 nmethod 1222 0x00007f5ef15de8d0 code [0x00007f5ef15deae0, 0x00007f5ef15df4c8]
Event: 7,628 Thread 0x00007f5f000ca800 1224       3       weka.filters.SimpleStreamFilter::process (45 bytes)
Event: 7,629 Thread 0x00007f5f000ca800 nmethod 1224 0x00007f5ef15dc2d0 code [0x00007f5ef15dc5c0, 0x00007f5ef15dda58]
Event: 7,690 Thread 0x00007f5f000c6800 1225       4       weka.core.Instances::insertAttributeAt (370 bytes)
Event: 7,695 Thread 0x00007f5f000c8800 1226       4       weka.core.Instances::renameAttribute (206 bytes)
Event: 7,756 Thread 0x00007f5f000c6800 nmethod 1225 0x00007f5ef15f0450 code [0x00007f5ef15f07e0, 0x00007f5ef15f2ff0]
Event: 7,783 Thread 0x00007f5f000ca800 1227       3       java.util.regex.Matcher::replaceFirst (62 bytes)
Event: 7,783 Thread 0x00007f5f000ca800 nmethod 1227 0x00007f5ef15dae10 code [0x00007f5ef15db040, 0x00007f5ef15dbe18]
Event: 7,792 Thread 0x00007f5f000c8800 nmethod 1226 0x00007f5ef15f52d0 code [0x00007f5ef15f5680, 0x00007f5ef15f7d80]

GC Heap History (10 events):
Event: 5,548 GC heap after
Heap after GC invocations=26 (full 7):
 PSYoungGen      total 1101824K, used 309887K [0x0000000716b00000, 0x000000077fa00000, 0x00000007c0000000)
  eden space 751616K, 0% used [0x0000000716b00000,0x0000000716b00000,0x0000000744900000)
  from space 350208K, 88% used [0x0000000744900000,0x000000075779fde0,0x0000000759f00000)
  to   space 394752K, 0% used [0x0000000767880000,0x0000000767880000,0x000000077fa00000)
 ParOldGen       total 1464832K, used 1464661K [0x00000005c4000000, 0x000000061d680000, 0x0000000716b00000)
  object space 1464832K, 99% used [0x00000005c4000000,0x000000061d655578,0x000000061d680000)
 Metaspace       used 8871K, capacity 9054K, committed 9216K, reserved 1056768K
  class space    used 937K, capacity 1015K, committed 1024K, reserved 1048576K
}
Event: 5,548 GC heap before
{Heap before GC invocations=27 (full 8):
 PSYoungGen      total 1101824K, used 309887K [0x0000000716b00000, 0x000000077fa00000, 0x00000007c0000000)
  eden space 751616K, 0% used [0x0000000716b00000,0x0000000716b00000,0x0000000744900000)
  from space 350208K, 88% used [0x0000000744900000,0x000000075779fde0,0x0000000759f00000)
  to   space 394752K, 0% used [0x0000000767880000,0x0000000767880000,0x000000077fa00000)
 ParOldGen       total 1464832K, used 1464661K [0x00000005c4000000, 0x000000061d680000, 0x0000000716b00000)
  object space 1464832K, 99% used [0x00000005c4000000,0x000000061d655578,0x000000061d680000)
 Metaspace       used 8871K, capacity 9054K, committed 9216K, reserved 1056768K
  class space    used 937K, capacity 1015K, committed 1024K, reserved 1048576K
Event: 5,814 GC heap after
Heap after GC invocations=27 (full 8):
 PSYoungGen      total 1101824K, used 243517K [0x0000000716b00000, 0x000000077fa00000, 0x00000007c0000000)
  eden space 751616K, 0% used [0x0000000716b00000,0x0000000716b00000,0x0000000744900000)
  from space 350208K, 69% used [0x0000000744900000,0x00000007536cf7c0,0x0000000759f00000)
  to   space 394752K, 0% used [0x0000000767880000,0x0000000767880000,0x000000077fa00000)
 ParOldGen       total 1911808K, used 1464447K [0x00000005c4000000, 0x0000000638b00000, 0x0000000716b00000)
  object space 1911808K, 76% used [0x00000005c4000000,0x000000061d61fe00,0x0000000638b00000)
 Metaspace       used 8871K, capacity 9054K, committed 9216K, reserved 1056768K
  class space    used 937K, capacity 1015K, committed 1024K, reserved 1048576K
}
Event: 6,071 GC heap before
{Heap before GC invocations=28 (full 8):
 PSYoungGen      total 1101824K, used 995133K [0x0000000716b00000, 0x000000077fa00000, 0x00000007c0000000)
  eden space 751616K, 100% used [0x0000000716b00000,0x0000000744900000,0x0000000744900000)
  from space 350208K, 69% used [0x0000000744900000,0x00000007536cf7c0,0x0000000759f00000)
  to   space 394752K, 0% used [0x0000000767880000,0x0000000767880000,0x000000077fa00000)
 ParOldGen       total 1911808K, used 1464447K [0x00000005c4000000, 0x0000000638b00000, 0x0000000716b00000)
  object space 1911808K, 76% used [0x00000005c4000000,0x000000061d61fe00,0x0000000638b00000)
 Metaspace       used 8872K, capacity 9054K, committed 9216K, reserved 1056768K
  class space    used 937K, capacity 1015K, committed 1024K, reserved 1048576K
Event: 6,344 GC heap after
Heap after GC invocations=28 (full 8):
 PSYoungGen      total 1288192K, used 313745K [0x0000000716b00000, 0x0000000784100000, 0x00000007c0000000)
  eden space 893440K, 0% used [0x0000000716b00000,0x0000000716b00000,0x000000074d380000)
  from space 394752K, 79% used [0x0000000767880000,0x000000077aae4668,0x000000077fa00000)
  to   space 431104K, 0% used [0x000000074d380000,0x000000074d380000,0x0000000767880000)
 ParOldGen       total 1911808K, used 1739299K [0x00000005c4000000, 0x0000000638b00000, 0x0000000716b00000)
  object space 1911808K, 90% used [0x00000005c4000000,0x000000062e288fe0,0x0000000638b00000)
 Metaspace       used 8872K, capacity 9054K, committed 9216K, reserved 1056768K
  class space    used 937K, capacity 1015K, committed 1024K, reserved 1048576K
}
Event: 6,344 GC heap before
{Heap before GC invocations=29 (full 9):
 PSYoungGen      total 1288192K, used 313745K [0x0000000716b00000, 0x0000000784100000, 0x00000007c0000000)
  eden space 893440K, 0% used [0x0000000716b00000,0x0000000716b00000,0x000000074d380000)
  from space 394752K, 79% used [0x0000000767880000,0x000000077aae4668,0x000000077fa00000)
  to   space 431104K, 0% used [0x000000074d380000,0x000000074d380000,0x0000000767880000)
 ParOldGen       total 1911808K, used 1739299K [0x00000005c4000000, 0x0000000638b00000, 0x0000000716b00000)
  object space 1911808K, 90% used [0x00000005c4000000,0x000000062e288fe0,0x0000000638b00000)
 Metaspace       used 8872K, capacity 9054K, committed 9216K, reserved 1056768K
  class space    used 937K, capacity 1015K, committed 1024K, reserved 1048576K
Event: 6,958 GC heap after
Heap after GC invocations=29 (full 9):
 PSYoungGen      total 1288192K, used 88301K [0x0000000716b00000, 0x0000000784100000, 0x00000007c0000000)
  eden space 893440K, 0% used [0x0000000716b00000,0x0000000716b00000,0x000000074d380000)
  from space 394752K, 22% used [0x0000000767880000,0x000000076cebb698,0x000000077fa00000)
  to   space 431104K, 0% used [0x000000074d380000,0x000000074d380000,0x0000000767880000)
 ParOldGen       total 2428416K, used 1911449K [0x00000005c4000000, 0x0000000658380000, 0x0000000716b00000)
  object space 2428416K, 78% used [0x00000005c4000000,0x0000000638aa66c8,0x0000000658380000)
 Metaspace       used 8872K, capacity 9054K, committed 9216K, reserved 1056768K
  class space    used 937K, capacity 1015K, committed 1024K, reserved 1048576K
}
Event: 7,359 GC heap before
{Heap before GC invocations=30 (full 9):
 PSYoungGen      total 1288192K, used 981741K [0x0000000716b00000, 0x0000000784100000, 0x00000007c0000000)
  eden space 893440K, 100% used [0x0000000716b00000,0x000000074d380000,0x000000074d380000)
  from space 394752K, 22% used [0x0000000767880000,0x000000076cebb698,0x000000077fa00000)
  to   space 431104K, 0% used [0x000000074d380000,0x000000074d380000,0x0000000767880000)
 ParOldGen       total 2428416K, used 1911449K [0x00000005c4000000, 0x0000000658380000, 0x0000000716b00000)
  object space 2428416K, 78% used [0x00000005c4000000,0x0000000638aa66c8,0x0000000658380000)
 Metaspace       used 8872K, capacity 9054K, committed 9216K, reserved 1056768K
  class space    used 937K, capacity 1015K, committed 1024K, reserved 1048576K
Event: 7,522 GC heap after
Heap after GC invocations=30 (full 9):
 PSYoungGen      total 1324544K, used 357600K [0x0000000716b00000, 0x0000000792000000, 0x00000007c0000000)
  eden space 893440K, 0% used [0x0000000716b00000,0x0000000716b00000,0x000000074d380000)
  from space 431104K, 82% used [0x000000074d380000,0x00000007630b8270,0x0000000767880000)
  to   space 476160K, 0% used [0x0000000774f00000,0x0000000774f00000,0x0000000792000000)
 ParOldGen       total 2428416K, used 2019416K [0x00000005c4000000, 0x0000000658380000, 0x0000000716b00000)
  object space 2428416K, 83% used [0x00000005c4000000,0x000000063f416178,0x0000000658380000)
 Metaspace       used 8872K, capacity 9054K, committed 9216K, reserved 1056768K
  class space    used 937K, capacity 1015K, committed 1024K, reserved 1048576K
}
Event: 7,924 GC heap before
{Heap before GC invocations=31 (full 9):
 PSYoungGen      total 1324544K, used 1251040K [0x0000000716b00000, 0x0000000792000000, 0x00000007c0000000)
  eden space 893440K, 100% used [0x0000000716b00000,0x000000074d380000,0x000000074d380000)
  from space 431104K, 82% used [0x000000074d380000,0x00000007630b8270,0x0000000767880000)
  to   space 476160K, 0% used [0x0000000774f00000,0x0000000774f00000,0x0000000792000000)
 ParOldGen       total 2428416K, used 2019416K [0x00000005c4000000, 0x0000000658380000, 0x0000000716b00000)
  object space 2428416K, 83% used [0x00000005c4000000,0x000000063f416178,0x0000000658380000)
 Metaspace       used 8876K, capacity 9054K, committed 9216K, reserved 1056768K
  class space    used 937K, capacity 1015K, committed 1024K, reserved 1048576K

Deoptimization events (10 events):
Event: 1,066 Thread 0x00007f5f0000c000 Uncommon trap: reason=unstable_if action=reinterpret pc=0x00007f5ef1259490 method=java.lang.String.trim()Ljava/lang/String; @ 23
Event: 1,098 Thread 0x00007f5f0000c000 Uncommon trap: reason=unstable_if action=reinterpret pc=0x00007f5ef13af184 method=weka.core.RelationalLocator.copyRelationalValues(Lweka/core/Instance;ZLweka/core/Instances;Lweka/core/AttributeLocator;Lweka/core/Instances;Lweka/core/AttributeLocator;)V @ 
Event: 1,103 Thread 0x00007f5f0000c000 Uncommon trap: reason=unstable_if action=reinterpret pc=0x00007f5ef13a9444 method=weka.core.StringLocator.copyStringValues(Lweka/core/Instance;ZLweka/core/Instances;Lweka/core/AttributeLocator;Lweka/core/Instances;Lweka/core/AttributeLocator;)V @ 3
Event: 1,105 Thread 0x00007f5f0000c000 Uncommon trap: reason=unstable_if action=reinterpret pc=0x00007f5ef13b33b4 method=weka.filters.Filter.push(Lweka/core/Instance;Z)V @ 10
Event: 1,120 Thread 0x00007f5f0000c000 Uncommon trap: reason=unstable_if action=reinterpret pc=0x00007f5ef13ab8bc method=weka.filters.unsupervised.attribute.Copy.input(Lweka/core/Instance;)Z @ 21
Event: 1,120 Thread 0x00007f5f0000c000 Uncommon trap: reason=unstable_if action=reinterpret pc=0x00007f5ef13d310c method=weka.core.Queue.push(Ljava/lang/Object;)Ljava/lang/Object; @ 14
Event: 1,127 Thread 0x00007f5f0000c000 Uncommon trap: reason=unstable_if action=reinterpret pc=0x00007f5ef13a9d24 method=weka.core.Queue.push(Ljava/lang/Object;)Ljava/lang/Object; @ 14
Event: 1,132 Thread 0x00007f5f0000c000 Uncommon trap: reason=unstable_if action=reinterpret pc=0x00007f5ef13d8534 method=java.util.LinkedList.linkLast(Ljava/lang/Object;)V @ 22
Event: 1,142 Thread 0x00007f5f0000c000 Uncommon trap: reason=unstable_if action=reinterpret pc=0x00007f5ef13e93a8 method=weka.classifiers.timeseries.core.TimeSeriesTranslate.mergeInstances(Lweka/core/Instance;Lweka/core/Instance;)Lweka/core/Instance; @ 46
Event: 4,784 Thread 0x00007f5f0000c000 Uncommon trap: reason=unstable_if action=reinterpret pc=0x00007f5ef1497260 method=java.lang.Integer.valueOf(I)Ljava/lang/Integer; @ 10

Internal exceptions (10 events):
Event: 1,083 Thread 0x00007f5f0000c000 Exception <a 'java/lang/ArrayIndexOutOfBoundsException'> (0x00000007175faa28) thrown at [/HUDSON3/workspace/8-2-build-linux-amd64/jdk8u111/7883/hotspot/src/share/vm/runtime/sharedRuntime.cpp, line 605]
Event: 1,085 Thread 0x00007f5f0000c000 Exception <a 'java/lang/ClassNotFoundException': weka/filters/SimpleStreamFilterBeanInfo> (0x0000000717616e88) thrown at [/HUDSON3/workspace/8-2-build-linux-amd64/jdk8u111/7883/hotspot/src/share/vm/classfile/systemDictionary.cpp, line 210]
Event: 1,085 Thread 0x00007f5f0000c000 Exception <a 'java/lang/ClassNotFoundException': weka/filters/SimpleStreamFilterCustomizer> (0x0000000717621358) thrown at [/HUDSON3/workspace/8-2-build-linux-amd64/jdk8u111/7883/hotspot/src/share/vm/classfile/systemDictionary.cpp, line 210]
Event: 1,085 Thread 0x00007f5f0000c000 Exception <a 'java/lang/ClassNotFoundException': weka/filters/SimpleFilterBeanInfo> (0x000000071762c7c0) thrown at [/HUDSON3/workspace/8-2-build-linux-amd64/jdk8u111/7883/hotspot/src/share/vm/classfile/systemDictionary.cpp, line 210]
Event: 1,086 Thread 0x00007f5f0000c000 Exception <a 'java/lang/ClassNotFoundException': weka/filters/SimpleFilterCustomizer> (0x0000000717636290) thrown at [/HUDSON3/workspace/8-2-build-linux-amd64/jdk8u111/7883/hotspot/src/share/vm/classfile/systemDictionary.cpp, line 210]
Event: 1,086 Thread 0x00007f5f0000c000 Exception <a 'java/lang/ClassNotFoundException': weka/filters/FilterBeanInfo> (0x0000000717640d68) thrown at [/HUDSON3/workspace/8-2-build-linux-amd64/jdk8u111/7883/hotspot/src/share/vm/classfile/systemDictionary.cpp, line 210]
Event: 1,087 Thread 0x00007f5f0000c000 Exception <a 'java/lang/ClassNotFoundException': weka/filters/FilterCustomizer> (0x0000000717649890) thrown at [/HUDSON3/workspace/8-2-build-linux-amd64/jdk8u111/7883/hotspot/src/share/vm/classfile/systemDictionary.cpp, line 210]
Event: 1,087 Thread 0x00007f5f0000c000 Exception <a 'java/lang/ArrayIndexOutOfBoundsException'> (0x00000007176515b8) thrown at [/HUDSON3/workspace/8-2-build-linux-amd64/jdk8u111/7883/hotspot/src/share/vm/runtime/sharedRuntime.cpp, line 605]
Event: 1,132 Thread 0x00007f5f0000c000 Implicit null exception at 0x00007f5ef13d84d9 to 0x00007f5ef13d8519
Event: 1,142 Thread 0x00007f5f0000c000 Implicit null exception at 0x00007f5ef13e8e43 to 0x00007f5ef13e9381

Events (10 events):
Event: 6,958 Executing VM operation: ParallelGCFailedAllocation done
Event: 7,355 Thread 0x00007f5f0000c000 DEOPT PACKING pc=0x00007f5ef156993f sp=0x00007f5f09dacb00
Event: 7,355 Thread 0x00007f5f0000c000 DEOPT UNPACKING pc=0x00007f5ef1047633 sp=0x00007f5f09dac920 mode 0
Event: 7,359 Executing VM operation: ParallelGCFailedAllocation
Event: 7,522 Executing VM operation: ParallelGCFailedAllocation done
Event: 7,690 Thread 0x00007f5f0000c000 DEOPT PACKING pc=0x00007f5ef1532fa5 sp=0x00007f5f09dac980
Event: 7,690 Thread 0x00007f5f0000c000 DEOPT UNPACKING pc=0x00007f5ef1047633 sp=0x00007f5f09dac828 mode 0
Event: 7,695 Thread 0x00007f5f0000c000 DEOPT PACKING pc=0x00007f5ef153aef4 sp=0x00007f5f09dac950
Event: 7,695 Thread 0x00007f5f0000c000 DEOPT UNPACKING pc=0x00007f5ef1047633 sp=0x00007f5f09dac778 mode 0
Event: 7,924 Executing VM operation: ParallelGCFailedAllocation


Dynamic libraries:
00400000-00401000 r-xp 00000000 08:01 4202095                            /lib/jvm/jdk1.8.0_111/bin/java
00600000-00601000 rw-p 00000000 08:01 4202095                            /lib/jvm/jdk1.8.0_111/bin/java
0136d000-0138e000 rw-p 00000000 00:00 0                                  [heap]
5c4000000-658380000 rw-p 00000000 00:00 0 
658380000-716b00000 ---p 00000000 00:00 0 
716b00000-792000000 rw-p 00000000 00:00 0 
799400000-7c0000000 ---p 00000000 00:00 0 
7c0000000-7c0100000 rw-p 00000000 00:00 0 
7c0100000-800000000 ---p 00000000 00:00 0 
7f5e8d487000-7f5e8d49d000 r-xp 00000000 08:01 4198895                    /lib/x86_64-linux-gnu/libgcc_s.so.1
7f5e8d49d000-7f5e8d69c000 ---p 00016000 08:01 4198895                    /lib/x86_64-linux-gnu/libgcc_s.so.1
7f5e8d69c000-7f5e8d69d000 rw-p 00015000 08:01 4198895                    /lib/x86_64-linux-gnu/libgcc_s.so.1
7f5e8d69d000-7f5e8d6db000 r-xp 00000000 08:01 5374292                    /usr/lib/x86_64-linux-gnu/libquadmath.so.0.0.0
7f5e8d6db000-7f5e8d8da000 ---p 0003e000 08:01 5374292                    /usr/lib/x86_64-linux-gnu/libquadmath.so.0.0.0
7f5e8d8da000-7f5e8d8db000 r--p 0003d000 08:01 5374292                    /usr/lib/x86_64-linux-gnu/libquadmath.so.0.0.0
7f5e8d8db000-7f5e8d8dc000 rw-p 0003e000 08:01 5374292                    /usr/lib/x86_64-linux-gnu/libquadmath.so.0.0.0
7f5e8d8dc000-7f5e8ded0000 r-xp 00000000 08:01 5385627                    /usr/lib/lapack/liblapack.so.3.6.0
7f5e8ded0000-7f5e8e0cf000 ---p 005f4000 08:01 5385627                    /usr/lib/lapack/liblapack.so.3.6.0
7f5e8e0cf000-7f5e8e0d0000 r--p 005f3000 08:01 5385627                    /usr/lib/lapack/liblapack.so.3.6.0
7f5e8e0d0000-7f5e8e0d4000 rw-p 005f4000 08:01 5385627                    /usr/lib/lapack/liblapack.so.3.6.0
7f5e8e0d4000-7f5e8e142000 r-xp 00000000 08:01 5385606                    /usr/lib/libblas/libblas.so.3.6.0
7f5e8e142000-7f5e8e341000 ---p 0006e000 08:01 5385606                    /usr/lib/libblas/libblas.so.3.6.0
7f5e8e341000-7f5e8e342000 r--p 0006d000 08:01 5385606                    /usr/lib/libblas/libblas.so.3.6.0
7f5e8e342000-7f5e8e343000 rw-p 0006e000 08:01 5385606                    /usr/lib/libblas/libblas.so.3.6.0
7f5e8e343000-7f5e8e46c000 r-xp 00000000 08:01 5385581                    /usr/lib/x86_64-linux-gnu/libgfortran.so.3.0.0
7f5e8e46c000-7f5e8e66b000 ---p 00129000 08:01 5385581                    /usr/lib/x86_64-linux-gnu/libgfortran.so.3.0.0
7f5e8e66b000-7f5e8e66c000 r--p 00128000 08:01 5385581                    /usr/lib/x86_64-linux-gnu/libgfortran.so.3.0.0
7f5e8e66c000-7f5e8e66e000 rw-p 00129000 08:01 5385581                    /usr/lib/x86_64-linux-gnu/libgfortran.so.3.0.0
7f5e8e66e000-7f5e8e7fc000 r-xp 00000000 08:01 1048637                    /tmp/jniloader2033362614447888959netlib-native_system-linux-x86_64.so
7f5e8e7fc000-7f5e8e9fb000 ---p 0018e000 08:01 1048637                    /tmp/jniloader2033362614447888959netlib-native_system-linux-x86_64.so
7f5e8e9fb000-7f5e8e9fd000 rw-p 0018d000 08:01 1048637                    /tmp/jniloader2033362614447888959netlib-native_system-linux-x86_64.so
7f5e8e9fd000-7f5e8e9fe000 rw-p 00000000 00:00 0 
7f5e8e9fe000-7f5e8ea0f000 r-xp 00000000 08:01 4202204                    /lib/jvm/jdk1.8.0_111/jre/lib/amd64/libnio.so
7f5e8ea0f000-7f5e8ec0e000 ---p 00011000 08:01 4202204                    /lib/jvm/jdk1.8.0_111/jre/lib/amd64/libnio.so
7f5e8ec0e000-7f5e8ec0f000 rw-p 00010000 08:01 4202204                    /lib/jvm/jdk1.8.0_111/jre/lib/amd64/libnio.so
7f5e8ec0f000-7f5e8ec14000 r-xp 00000000 08:01 5382155                    /usr/lib/x86_64-linux-gnu/libXdmcp.so.6.0.0
7f5e8ec14000-7f5e8ee13000 ---p 00005000 08:01 5382155                    /usr/lib/x86_64-linux-gnu/libXdmcp.so.6.0.0
7f5e8ee13000-7f5e8ee14000 r--p 00004000 08:01 5382155                    /usr/lib/x86_64-linux-gnu/libXdmcp.so.6.0.0
7f5e8ee14000-7f5e8ee15000 rw-p 00005000 08:01 5382155                    /usr/lib/x86_64-linux-gnu/libXdmcp.so.6.0.0
7f5e8ee15000-7f5e8ee17000 r-xp 00000000 08:01 5382144                    /usr/lib/x86_64-linux-gnu/libXau.so.6.0.0
7f5e8ee17000-7f5e8f017000 ---p 00002000 08:01 5382144                    /usr/lib/x86_64-linux-gnu/libXau.so.6.0.0
7f5e8f017000-7f5e8f018000 r--p 00002000 08:01 5382144                    /usr/lib/x86_64-linux-gnu/libXau.so.6.0.0
7f5e8f018000-7f5e8f019000 rw-p 00003000 08:01 5382144                    /usr/lib/x86_64-linux-gnu/libXau.so.6.0.0
7f5e8f019000-7f5e8f03a000 r-xp 00000000 08:01 5383522                    /usr/lib/x86_64-linux-gnu/libxcb.so.1.1.0
7f5e8f03a000-7f5e8f239000 ---p 00021000 08:01 5383522                    /usr/lib/x86_64-linux-gnu/libxcb.so.1.1.0
7f5e8f239000-7f5e8f23a000 r--p 00020000 08:01 5383522                    /usr/lib/x86_64-linux-gnu/libxcb.so.1.1.0
7f5e8f23a000-7f5e8f23b000 rw-p 00021000 08:01 5383522                    /usr/lib/x86_64-linux-gnu/libxcb.so.1.1.0
7f5e8f23b000-7f5e8f24a000 r-xp 00000000 08:01 5382165                    /usr/lib/x86_64-linux-gnu/libXi.so.6.1.0
7f5e8f24a000-7f5e8f449000 ---p 0000f000 08:01 5382165                    /usr/lib/x86_64-linux-gnu/libXi.so.6.1.0
7f5e8f449000-7f5e8f44a000 r--p 0000e000 08:01 5382165                    /usr/lib/x86_64-linux-gnu/libXi.so.6.1.0
7f5e8f44a000-7f5e8f44b000 rw-p 0000f000 08:01 5382165                    /usr/lib/x86_64-linux-gnu/libXi.so.6.1.0
7f5e8f44b000-7f5e8f450000 r-xp 00000000 08:01 5382183                    /usr/lib/x86_64-linux-gnu/libXtst.so.6.1.0
7f5e8f450000-7f5e8f64f000 ---p 00005000 08:01 5382183                    /usr/lib/x86_64-linux-gnu/libXtst.so.6.1.0
7f5e8f64f000-7f5e8f650000 r--p 00004000 08:01 5382183                    /usr/lib/x86_64-linux-gnu/libXtst.so.6.1.0
7f5e8f650000-7f5e8f651000 rw-p 00005000 08:01 5382183                    /usr/lib/x86_64-linux-gnu/libXtst.so.6.1.0
7f5e8f651000-7f5e8f65a000 r-xp 00000000 08:01 5382177                    /usr/lib/x86_64-linux-gnu/libXrender.so.1.3.0
7f5e8f65a000-7f5e8f859000 ---p 00009000 08:01 5382177                    /usr/lib/x86_64-linux-gnu/libXrender.so.1.3.0
7f5e8f859000-7f5e8f85a000 r--p 00008000 08:01 5382177                    /usr/lib/x86_64-linux-gnu/libXrender.so.1.3.0
7f5e8f85a000-7f5e8f85b000 rw-p 00009000 08:01 5382177                    /usr/lib/x86_64-linux-gnu/libXrender.so.1.3.0
7f5e8f85b000-7f5e8f990000 r-xp 00000000 08:01 5382140                    /usr/lib/x86_64-linux-gnu/libX11.so.6.3.0
7f5e8f990000-7f5e8fb90000 ---p 00135000 08:01 5382140                    /usr/lib/x86_64-linux-gnu/libX11.so.6.3.0
7f5e8fb90000-7f5e8fb91000 r--p 00135000 08:01 5382140                    /usr/lib/x86_64-linux-gnu/libX11.so.6.3.0
7f5e8fb91000-7f5e8fb95000 rw-p 00136000 08:01 5382140                    /usr/lib/x86_64-linux-gnu/libX11.so.6.3.0
7f5e8fb95000-7f5e8fba6000 r-xp 00000000 08:01 5382157                    /usr/lib/x86_64-linux-gnu/libXext.so.6.4.0
7f5e8fba6000-7f5e8fda5000 ---p 00011000 08:01 5382157                    /usr/lib/x86_64-linux-gnu/libXext.so.6.4.0
7f5e8fda5000-7f5e8fda6000 r--p 00010000 08:01 5382157                    /usr/lib/x86_64-linux-gnu/libXext.so.6.4.0
7f5e8fda6000-7f5e8fda7000 rw-p 00011000 08:01 5382157                    /usr/lib/x86_64-linux-gnu/libXext.so.6.4.0
7f5e8fda7000-7f5e8fdfb000 r-xp 00000000 08:01 4202206                    /lib/jvm/jdk1.8.0_111/jre/lib/amd64/libawt_xawt.so
7f5e8fdfb000-7f5e8fffb000 ---p 00054000 08:01 4202206                    /lib/jvm/jdk1.8.0_111/jre/lib/amd64/libawt_xawt.so
7f5e8fffb000-7f5e8ffff000 rw-p 00054000 08:01 4202206                    /lib/jvm/jdk1.8.0_111/jre/lib/amd64/libawt_xawt.so
7f5e8ffff000-7f5e90000000 rw-p 00000000 00:00 0 
7f5e90000000-7f5e90021000 rw-p 00000000 00:00 0 
7f5e90021000-7f5e94000000 ---p 00000000 00:00 0 
7f5e94000000-7f5e94058000 rw-p 00000000 00:00 0 
7f5e94058000-7f5e98000000 ---p 00000000 00:00 0 
7f5e98000000-7f5e985b3000 rw-p 00000000 00:00 0 
7f5e985b3000-7f5e9c000000 ---p 00000000 00:00 0 
7f5e9c000000-7f5e9c021000 rw-p 00000000 00:00 0 
7f5e9c021000-7f5ea0000000 ---p 00000000 00:00 0 
7f5ea0000000-7f5ea089d000 rw-p 00000000 00:00 0 
7f5ea089d000-7f5ea4000000 ---p 00000000 00:00 0 
7f5ea4000000-7f5ea51fc000 rw-p 00000000 00:00 0 
7f5ea51fc000-7f5ea8000000 ---p 00000000 00:00 0 
7f5ea8000000-7f5ea8021000 rw-p 00000000 00:00 0 
7f5ea8021000-7f5eac000000 ---p 00000000 00:00 0 
7f5eac000000-7f5eacbe7000 rw-p 00000000 00:00 0 
7f5eacbe7000-7f5eb0000000 ---p 00000000 00:00 0 
7f5eb0000000-7f5eb0021000 rw-p 00000000 00:00 0 
7f5eb0021000-7f5eb4000000 ---p 00000000 00:00 0 
7f5eb4000000-7f5eb4021000 rw-p 00000000 00:00 0 
7f5eb4021000-7f5eb8000000 ---p 00000000 00:00 0 
7f5eb8000000-7f5eb828e000 rw-p 00000000 00:00 0 
7f5eb828e000-7f5ebc000000 ---p 00000000 00:00 0 
7f5ebc16c000-7f5ebc188000 r--s 00393000 08:01 4202262                    /lib/jvm/jdk1.8.0_111/jre/lib/ext/cldrdata.jar
7f5ebc188000-7f5ebc192000 r--s 00116000 08:01 4202259                    /lib/jvm/jdk1.8.0_111/jre/lib/ext/localedata.jar
7f5ebc192000-7f5ebc196000 r--s 00097000 08:01 4202123                    /lib/jvm/jdk1.8.0_111/jre/lib/jsse.jar
7f5ebc196000-7f5ebc238000 r-xp 00000000 08:01 4202239                    /lib/jvm/jdk1.8.0_111/jre/lib/amd64/libawt.so
7f5ebc238000-7f5ebc438000 ---p 000a2000 08:01 4202239                    /lib/jvm/jdk1.8.0_111/jre/lib/amd64/libawt.so
7f5ebc438000-7f5ebc444000 rw-p 000a2000 08:01 4202239                    /lib/jvm/jdk1.8.0_111/jre/lib/amd64/libawt.so
7f5ebc444000-7f5ebc769000 rw-p 00000000 00:00 0 
7f5ebc769000-7f5ebc77f000 r-xp 00000000 08:01 4202179                    /lib/jvm/jdk1.8.0_111/jre/lib/amd64/libnet.so
7f5ebc77f000-7f5ebc97f000 ---p 00016000 08:01 4202179                    /lib/jvm/jdk1.8.0_111/jre/lib/amd64/libnet.so
7f5ebc97f000-7f5ebc980000 rw-p 00016000 08:01 4202179                    /lib/jvm/jdk1.8.0_111/jre/lib/amd64/libnet.so
7f5ebc980000-7f5ebc983000 ---p 00000000 00:00 0 
7f5ebc983000-7f5ebca81000 rw-p 00000000 00:00 0 
7f5ebca81000-7f5ebca82000 r-xp 00000000 08:01 5125191                    /home/cycle/programs/idea-IU-163.10154.41/bin/libbreakgen64.so
7f5ebca82000-7f5ebcc81000 ---p 00001000 08:01 5125191                    /home/cycle/programs/idea-IU-163.10154.41/bin/libbreakgen64.so
7f5ebcc81000-7f5ebcc82000 r--p 00000000 08:01 5125191                    /home/cycle/programs/idea-IU-163.10154.41/bin/libbreakgen64.so
7f5ebcc82000-7f5ebcc83000 rw-p 00001000 08:01 5125191                    /home/cycle/programs/idea-IU-163.10154.41/bin/libbreakgen64.so
7f5ebcc83000-7f5ebcc85000 r--s 00019000 08:01 5116969                    /home/cycle/programs/idea-IU-163.10154.41/lib/idea_rt.jar
7f5ebcc85000-7f5ebcc86000 r--s 00003000 08:01 4725519                    /home/cycle/wekafiles/classifierattrsel/classifierBasedAttributeSelection.jar
7f5ebcc86000-7f5ebcc88000 r--s 00027000 08:01 4990706                    /home/cycle/.m2/repository/com/github/fommil/netlib/core/1.1/core-1.1.jar
7f5ebcc88000-7f5ebcc8a000 r--s 00016000 08:01 5515098                    /home/cycle/.m2/repository/com/googlecode/netlib-java/netlib-java/1.1/netlib-java-1.1.jar
7f5ebcc8a000-7f5ebcc9c000 r--s 00112000 08:01 4855231                    /home/cycle/.m2/repository/net/sourceforge/f2j/arpack_combined_all/0.1/arpack_combined_all-0.1.jar
7f5ebcc9c000-7f5ebcc9e000 r--s 00088000 08:01 5515096                    /home/cycle/.m2/repository/com/github/fommil/netlib/netlib-native_system-win-i686/1.1/netlib-native_system-win-i686-1.1-natives.jar
7f5ebcc9e000-7f5ebcc9f000 r--s 0009b000 08:01 5515094                    /home/cycle/.m2/repository/com/github/fommil/netlib/netlib-native_system-win-x86_64/1.1/netlib-native_system-win-x86_64-1.1-natives.jar
7f5ebcc9f000-7f5ebcca0000 r--s 0004b000 08:01 5515092                    /home/cycle/.m2/repository/com/github/fommil/netlib/netlib-native_system-linux-armhf/1.1/netlib-native_system-linux-armhf-1.1-natives.jar
7f5ebcca0000-7f5ebcca1000 r--s 0006a000 08:01 5515090                    /home/cycle/.m2/repository/com/github/fommil/netlib/netlib-native_system-linux-i686/1.1/netlib-native_system-linux-i686-1.1-natives.jar
7f5ebcca1000-7f5ebcca2000 r--s 0006f000 08:01 5384655                    /home/cycle/.m2/repository/com/github/fommil/netlib/netlib-native_system-linux-x86_64/1.1/netlib-native_system-linux-x86_64-1.1-natives.jar
7f5ebcca2000-7f5ebcca3000 r--s 0000d000 08:01 5384653                    /home/cycle/.m2/repository/com/github/fommil/netlib/native_system-java/1.1/native_system-java-1.1.jar
7f5ebcca3000-7f5ebcca4000 ---p 00000000 00:00 0 
7f5ebcca4000-7f5ebcda4000 rw-p 00000000 00:00 0 
7f5ebcda4000-7f5ebcda7000 ---p 00000000 00:00 0 
7f5ebcda7000-7f5ebcea5000 rw-p 00000000 00:00 0 
7f5ebcea5000-7f5ebcea8000 ---p 00000000 00:00 0 
7f5ebcea8000-7f5ebcfa6000 rw-p 00000000 00:00 0 
7f5ebcfa6000-7f5ebcfa9000 ---p 00000000 00:00 0 
7f5ebcfa9000-7f5ebd0a7000 rw-p 00000000 00:00 0 
7f5ebd0a7000-7f5ebd0aa000 ---p 00000000 00:00 0 
7f5ebd0aa000-7f5ebd1a8000 rw-p 00000000 00:00 0 
7f5ebd1a8000-7f5ebd1ab000 ---p 00000000 00:00 0 
7f5ebd1ab000-7f5ebd2a9000 rw-p 00000000 00:00 0 
7f5ebd2a9000-7f5ebd2ac000 ---p 00000000 00:00 0 
7f5ebd2ac000-7f5ebd3aa000 rw-p 00000000 00:00 0 
7f5ebd3aa000-7f5ebdee7000 r--p 00000000 08:01 5381162                    /usr/lib/locale/locale-archive
7f5ebdee7000-7f5ebdeea000 ---p 00000000 00:00 0 
7f5ebdeea000-7f5ebdfe8000 rw-p 00000000 00:00 0 
7f5ebdfe8000-7f5ebdfeb000 ---p 00000000 00:00 0 
7f5ebdfeb000-7f5ebe0e9000 rw-p 00000000 00:00 0 
7f5ebe0e9000-7f5ebe0ea000 ---p 00000000 00:00 0 
7f5ebe0ea000-7f5ec0000000 rw-p 00000000 00:00 0 
7f5ec0000000-7f5ec0021000 rw-p 00000000 00:00 0 
7f5ec0021000-7f5ec4000000 ---p 00000000 00:00 0 
7f5ec4000000-7f5ec4021000 rw-p 00000000 00:00 0 
7f5ec4021000-7f5ec8000000 ---p 00000000 00:00 0 
7f5ec8000000-7f5ec8021000 rw-p 00000000 00:00 0 
7f5ec8021000-7f5ecc000000 ---p 00000000 00:00 0 
7f5ecc000000-7f5ecc021000 rw-p 00000000 00:00 0 
7f5ecc021000-7f5ed0000000 ---p 00000000 00:00 0 
7f5ed0000000-7f5ed0021000 rw-p 00000000 00:00 0 
7f5ed0021000-7f5ed4000000 ---p 00000000 00:00 0 
7f5ed4000000-7f5ed4001000 r--s 00087000 08:01 5384651                    /home/cycle/.m2/repository/com/github/fommil/netlib/netlib-native_system-osx-x86_64/1.1/netlib-native_system-osx-x86_64-1.1-natives.jar
7f5ed4001000-7f5ed4002000 r--s 00126000 08:01 5384650                    /home/cycle/.m2/repository/com/github/fommil/netlib/netlib-native_ref-linux-armhf/1.1/netlib-native_ref-linux-armhf-1.1-natives.jar
7f5ed4002000-7f5ed4003000 r--s 001bd000 08:01 5384647                    /home/cycle/.m2/repository/com/github/fommil/netlib/netlib-native_ref-win-i686/1.1/netlib-native_ref-win-i686-1.1-natives.jar
7f5ed4003000-7f5ed4004000 r--s 00232000 08:01 5384645                    /home/cycle/.m2/repository/com/github/fommil/netlib/netlib-native_ref-win-x86_64/1.1/netlib-native_ref-win-x86_64-1.1-natives.jar
7f5ed4004000-7f5ed4005000 r--s 0016b000 08:01 5384643                    /home/cycle/.m2/repository/com/github/fommil/netlib/netlib-native_ref-linux-i686/1.1/netlib-native_ref-linux-i686-1.1-natives.jar
7f5ed4005000-7f5ed4007000 r--s 001aa000 08:01 5247342                    /home/cycle/.m2/repository/com/github/fommil/netlib/netlib-native_ref-linux-x86_64/1.1/netlib-native_ref-linux-x86_64-1.1-natives.jar
7f5ed4007000-7f5ed4009000 r--s 00001000 08:01 4990714                    /home/cycle/.m2/repository/com/github/fommil/jniloader/1.1/jniloader-1.1.jar
7f5ed4009000-7f5ed400e000 r--s 0003d000 08:01 4722174                    /home/cycle/.m2/repository/com/googlecode/matrix-toolkits-java/mtj/1.0.4/mtj-1.0.4.jar
7f5ed400e000-7f5ed4012000 r--s 0002f000 08:01 4722171                    /home/cycle/.m2/repository/nz/ac/waikato/cms/weka/thirdparty/bounce/0.18/bounce-0.18.jar
7f5ed4012000-7f5ed4072000 r--s 00855000 08:01 5515088                    /home/cycle/.m2/repository/nz/ac/waikato/cms/weka/weka-dev/3.9.1/weka-dev-3.9.1.jar
7f5ed4072000-7f5ed4078000 r--s 0004b000 08:01 4722163                    /home/cycle/.m2/repository/org/jfree/jcommon/1.0.23/jcommon-1.0.23.jar
7f5ed4078000-7f5ed4089000 r--s 0016e000 08:01 4722161                    /home/cycle/.m2/repository/org/jfree/jfreechart/1.0.19/jfreechart-1.0.19.jar
7f5ed4089000-7f5ed409c000 r--s 00345000 08:01 4202308                    /lib/jvm/jdk1.8.0_111/jre/lib/resources.jar
7f5ed409c000-7f5ee4000000 rw-p 00000000 00:00 0 
7f5ee4000000-7f5ee4021000 rw-p 00000000 00:00 0 
7f5ee4021000-7f5ee8000000 ---p 00000000 00:00 0 
7f5ee8000000-7f5ee8021000 rw-p 00000000 00:00 0 
7f5ee8021000-7f5eec000000 ---p 00000000 00:00 0 
7f5eec000000-7f5eec021000 rw-p 00000000 00:00 0 
7f5eec021000-7f5ef0000000 ---p 00000000 00:00 0 
7f5ef0000000-7f5ef0001000 r--s 0000d000 08:01 4990707                    /home/cycle/.m2/repository/com/github/fommil/netlib/native_ref-java/1.1/native_ref-java-1.1.jar
7f5ef0001000-7f5ef0003000 r--s 001c0000 08:01 4990704                    /home/cycle/.m2/repository/com/github/fommil/netlib/netlib-native_ref-osx-x86_64/1.1/netlib-native_ref-osx-x86_64-1.1-natives.jar
7f5ef0003000-7f5ef0005000 r--s 00016000 08:01 4722167                    /home/cycle/.m2/repository/nz/ac/waikato/cms/weka/thirdparty/java-cup-11b/2015.03.26/java-cup-11b-2015.03.26.jar
7f5ef0005000-7f5ef0020000 r--s 00208000 08:01 4202287                    /lib/jvm/jdk1.8.0_111/jre/lib/deploy.jar
7f5ef0020000-7f5ef1000000 rw-p 00000000 00:00 0 
7f5ef1000000-7f5ef1600000 rwxp 00000000 00:00 0 
7f5ef1600000-7f5f00000000 ---p 00000000 00:00 0 
7f5f00000000-7f5f00662000 rw-p 00000000 00:00 0 
7f5f00662000-7f5f04000000 ---p 00000000 00:00 0 
7f5f04000000-7f5f04001000 r--s 00005000 08:01 4722170                    /home/cycle/.m2/repository/nz/ac/waikato/cms/weka/thirdparty/java-cup-11b-runtime/2015.03.26/java-cup-11b-runtime-2015.03.26.jar
7f5f04001000-7f5f04003000 r--s 00012000 08:01 4722165                    /home/cycle/.m2/repository/com/github/fracpete/multisearch-weka-package/2016.6.7/multisearch-weka-package-2016.6.7.jar
7f5f04003000-7f5f04006000 r--s 0001d000 08:01 4854774                    /home/cycle/wekafiles/rplugin/pdm-RPlugin-ce-TRUNK-SNAPSHOT.jar
7f5f04006000-7f5f04018000 r--s 000d6000 08:01 4202307                    /lib/jvm/jdk1.8.0_111/jre/lib/plugin.jar
7f5f04018000-7f5f04531000 rw-p 00000000 00:00 0 
7f5f04531000-7f5f04709000 r--s 03d2a000 08:01 4202171                    /lib/jvm/jdk1.8.0_111/jre/lib/rt.jar
7f5f04709000-7f5f047da000 rw-p 00000000 00:00 0 
7f5f047da000-7f5f047db000 ---p 00000000 00:00 0 
7f5f047db000-7f5f048db000 rw-p 00000000 00:00 0 
7f5f048db000-7f5f048dc000 ---p 00000000 00:00 0 
7f5f048dc000-7f5f049dc000 rw-p 00000000 00:00 0 
7f5f049dc000-7f5f049dd000 ---p 00000000 00:00 0 
7f5f049dd000-7f5f04add000 rw-p 00000000 00:00 0 
7f5f04add000-7f5f04ade000 ---p 00000000 00:00 0 
7f5f04ade000-7f5f04bde000 rw-p 00000000 00:00 0 
7f5f04bde000-7f5f04bdf000 ---p 00000000 00:00 0 
7f5f04bdf000-7f5f04cdf000 rw-p 00000000 00:00 0 
7f5f04cdf000-7f5f04ce0000 ---p 00000000 00:00 0 
7f5f04ce0000-7f5f04de0000 rw-p 00000000 00:00 0 
7f5f04de0000-7f5f04de1000 ---p 00000000 00:00 0 
7f5f04de1000-7f5f04ee1000 rw-p 00000000 00:00 0 
7f5f04ee1000-7f5f04ee2000 ---p 00000000 00:00 0 
7f5f04ee2000-7f5f05484000 rw-p 00000000 00:00 0 
7f5f05484000-7f5f05a78000 ---p 00000000 00:00 0 
7f5f05a78000-7f5f05f1a000 rw-p 00000000 00:00 0 
7f5f05f1a000-7f5f0650d000 ---p 00000000 00:00 0 
7f5f0650d000-7f5f068e8000 rw-p 00000000 00:00 0 
7f5f068e8000-7f5f06a58000 ---p 00000000 00:00 0 
7f5f06a58000-7f5f06a71000 rw-p 00000000 00:00 0 
7f5f06a71000-7f5f06e19000 ---p 00000000 00:00 0 
7f5f06e19000-7f5f06e33000 r-xp 00000000 08:01 4202202                    /lib/jvm/jdk1.8.0_111/jre/lib/amd64/libzip.so
7f5f06e33000-7f5f07033000 ---p 0001a000 08:01 4202202                    /lib/jvm/jdk1.8.0_111/jre/lib/amd64/libzip.so
7f5f07033000-7f5f07034000 rw-p 0001a000 08:01 4202202                    /lib/jvm/jdk1.8.0_111/jre/lib/amd64/libzip.so
7f5f07034000-7f5f0703f000 r-xp 00000000 08:01 4202347                    /lib/x86_64-linux-gnu/libnss_files-2.23.so
7f5f0703f000-7f5f0723e000 ---p 0000b000 08:01 4202347                    /lib/x86_64-linux-gnu/libnss_files-2.23.so
7f5f0723e000-7f5f0723f000 r--p 0000a000 08:01 4202347                    /lib/x86_64-linux-gnu/libnss_files-2.23.so
7f5f0723f000-7f5f07240000 rw-p 0000b000 08:01 4202347                    /lib/x86_64-linux-gnu/libnss_files-2.23.so
7f5f07240000-7f5f07246000 rw-p 00000000 00:00 0 
7f5f07246000-7f5f07251000 r-xp 00000000 08:01 4202332                    /lib/x86_64-linux-gnu/libnss_nis-2.23.so
7f5f07251000-7f5f07450000 ---p 0000b000 08:01 4202332                    /lib/x86_64-linux-gnu/libnss_nis-2.23.so
7f5f07450000-7f5f07451000 r--p 0000a000 08:01 4202332                    /lib/x86_64-linux-gnu/libnss_nis-2.23.so
7f5f07451000-7f5f07452000 rw-p 0000b000 08:01 4202332                    /lib/x86_64-linux-gnu/libnss_nis-2.23.so
7f5f07452000-7f5f07468000 r-xp 00000000 08:01 4202343                    /lib/x86_64-linux-gnu/libnsl-2.23.so
7f5f07468000-7f5f07667000 ---p 00016000 08:01 4202343                    /lib/x86_64-linux-gnu/libnsl-2.23.so
7f5f07667000-7f5f07668000 r--p 00015000 08:01 4202343                    /lib/x86_64-linux-gnu/libnsl-2.23.so
7f5f07668000-7f5f07669000 rw-p 00016000 08:01 4202343                    /lib/x86_64-linux-gnu/libnsl-2.23.so
7f5f07669000-7f5f0766b000 rw-p 00000000 00:00 0 
7f5f0766b000-7f5f07673000 r-xp 00000000 08:01 4202344                    /lib/x86_64-linux-gnu/libnss_compat-2.23.so
7f5f07673000-7f5f07872000 ---p 00008000 08:01 4202344                    /lib/x86_64-linux-gnu/libnss_compat-2.23.so
7f5f07872000-7f5f07873000 r--p 00007000 08:01 4202344                    /lib/x86_64-linux-gnu/libnss_compat-2.23.so
7f5f07873000-7f5f07874000 rw-p 00008000 08:01 4202344                    /lib/x86_64-linux-gnu/libnss_compat-2.23.so
7f5f07874000-7f5f0789f000 r-xp 00000000 08:01 4202229                    /lib/jvm/jdk1.8.0_111/jre/lib/amd64/libjava.so
7f5f0789f000-7f5f07a9e000 ---p 0002b000 08:01 4202229                    /lib/jvm/jdk1.8.0_111/jre/lib/amd64/libjava.so
7f5f07a9e000-7f5f07aa0000 rw-p 0002a000 08:01 4202229                    /lib/jvm/jdk1.8.0_111/jre/lib/amd64/libjava.so
7f5f07aa0000-7f5f07aad000 r-xp 00000000 08:01 4202180                    /lib/jvm/jdk1.8.0_111/jre/lib/amd64/libverify.so
7f5f07aad000-7f5f07cac000 ---p 0000d000 08:01 4202180                    /lib/jvm/jdk1.8.0_111/jre/lib/amd64/libverify.so
7f5f07cac000-7f5f07cae000 rw-p 0000c000 08:01 4202180                    /lib/jvm/jdk1.8.0_111/jre/lib/amd64/libverify.so
7f5f07cae000-7f5f07cb5000 r-xp 00000000 08:01 4202331                    /lib/x86_64-linux-gnu/librt-2.23.so
7f5f07cb5000-7f5f07eb4000 ---p 00007000 08:01 4202331                    /lib/x86_64-linux-gnu/librt-2.23.so
7f5f07eb4000-7f5f07eb5000 r--p 00006000 08:01 4202331                    /lib/x86_64-linux-gnu/librt-2.23.so
7f5f07eb5000-7f5f07eb6000 rw-p 00007000 08:01 4202331                    /lib/x86_64-linux-gnu/librt-2.23.so
7f5f07eb6000-7f5f07fbe000 r-xp 00000000 08:01 4202341                    /lib/x86_64-linux-gnu/libm-2.23.so
7f5f07fbe000-7f5f081bd000 ---p 00108000 08:01 4202341                    /lib/x86_64-linux-gnu/libm-2.23.so
7f5f081bd000-7f5f081be000 r--p 00107000 08:01 4202341                    /lib/x86_64-linux-gnu/libm-2.23.so
7f5f081be000-7f5f081bf000 rw-p 00108000 08:01 4202341                    /lib/x86_64-linux-gnu/libm-2.23.so
7f5f081bf000-7f5f08e8c000 r-xp 00000000 08:01 4202233                    /lib/jvm/jdk1.8.0_111/jre/lib/amd64/server/libjvm.so
7f5f08e8c000-7f5f0908b000 ---p 00ccd000 08:01 4202233                    /lib/jvm/jdk1.8.0_111/jre/lib/amd64/server/libjvm.so
7f5f0908b000-7f5f09164000 rw-p 00ccc000 08:01 4202233                    /lib/jvm/jdk1.8.0_111/jre/lib/amd64/server/libjvm.so
7f5f09164000-7f5f091af000 rw-p 00000000 00:00 0 
7f5f091af000-7f5f0936e000 r-xp 00000000 08:01 4202336                    /lib/x86_64-linux-gnu/libc-2.23.so
7f5f0936e000-7f5f0956e000 ---p 001bf000 08:01 4202336                    /lib/x86_64-linux-gnu/libc-2.23.so
7f5f0956e000-7f5f09572000 r--p 001bf000 08:01 4202336                    /lib/x86_64-linux-gnu/libc-2.23.so
7f5f09572000-7f5f09574000 rw-p 001c3000 08:01 4202336                    /lib/x86_64-linux-gnu/libc-2.23.so
7f5f09574000-7f5f09578000 rw-p 00000000 00:00 0 
7f5f09578000-7f5f0957b000 r-xp 00000000 08:01 4202335                    /lib/x86_64-linux-gnu/libdl-2.23.so
7f5f0957b000-7f5f0977a000 ---p 00003000 08:01 4202335                    /lib/x86_64-linux-gnu/libdl-2.23.so
7f5f0977a000-7f5f0977b000 r--p 00002000 08:01 4202335                    /lib/x86_64-linux-gnu/libdl-2.23.so
7f5f0977b000-7f5f0977c000 rw-p 00003000 08:01 4202335                    /lib/x86_64-linux-gnu/libdl-2.23.so
7f5f0977c000-7f5f09791000 r-xp 00000000 08:01 4201314                    /lib/jvm/jdk1.8.0_111/lib/amd64/jli/libjli.so
7f5f09791000-7f5f09991000 ---p 00015000 08:01 4201314                    /lib/jvm/jdk1.8.0_111/lib/amd64/jli/libjli.so
7f5f09991000-7f5f09992000 rw-p 00015000 08:01 4201314                    /lib/jvm/jdk1.8.0_111/lib/amd64/jli/libjli.so
7f5f09992000-7f5f099aa000 r-xp 00000000 08:01 4202342                    /lib/x86_64-linux-gnu/libpthread-2.23.so
7f5f099aa000-7f5f09ba9000 ---p 00018000 08:01 4202342                    /lib/x86_64-linux-gnu/libpthread-2.23.so
7f5f09ba9000-7f5f09baa000 r--p 00017000 08:01 4202342                    /lib/x86_64-linux-gnu/libpthread-2.23.so
7f5f09baa000-7f5f09bab000 rw-p 00018000 08:01 4202342                    /lib/x86_64-linux-gnu/libpthread-2.23.so
7f5f09bab000-7f5f09baf000 rw-p 00000000 00:00 0 
7f5f09baf000-7f5f09bd5000 r-xp 00000000 08:01 4198774                    /lib/x86_64-linux-gnu/ld-2.23.so
7f5f09bd5000-7f5f09bd7000 r--s 00009000 08:01 4465959                    /home/cycle/wekafiles/multiLayerPerceptrons1.0.10/multiLayerPerceptrons.jar
7f5f09bd7000-7f5f09bd9000 r--s 0000b000 08:01 4464048                    /home/cycle/wekafiles/rengine-weka-inject-classes.jar
7f5f09bd9000-7f5f09bde000 r--s 00046000 08:01 1048652                    /home/cycle/wekafiles/timeseriesForecasting-1.0.24.jar
7f5f09bde000-7f5f09be2000 r--s 00097000 08:01 4202123                    /lib/jvm/jdk1.8.0_111/jre/lib/jsse.jar
7f5f09be2000-7f5f09be7000 r--s 00084000 08:01 4202278                    /lib/jvm/jdk1.8.0_111/jre/lib/jfr.jar
7f5f09be7000-7f5f09cae000 rw-p 00000000 00:00 0 
7f5f09cae000-7f5f09cb1000 ---p 00000000 00:00 0 
7f5f09cb1000-7f5f09db3000 rw-p 00000000 00:00 0 
7f5f09db3000-7f5f09db4000 r--s 00000000 08:01 4202250                    /lib/jvm/jdk1.8.0_111/jre/lib/management-agent.jar
7f5f09db4000-7f5f09db6000 r--s 00007000 08:01 4202244                    /lib/jvm/jdk1.8.0_111/jre/lib/jfxswt.jar
7f5f09db6000-7f5f09db9000 r--s 0001a000 08:01 4202312                    /lib/jvm/jdk1.8.0_111/jre/lib/jce.jar
7f5f09db9000-7f5f09dc3000 r--s 0006c000 08:01 4202286                    /lib/jvm/jdk1.8.0_111/jre/lib/javaws.jar
7f5f09dc3000-7f5f09dc8000 r--s 002f9000 08:01 4202124                    /lib/jvm/jdk1.8.0_111/jre/lib/charsets.jar
7f5f09dc8000-7f5f09dd0000 rw-s 00000000 08:01 1048631                    /tmp/hsperfdata_cycle/7161
7f5f09dd0000-7f5f09dd1000 rw-p 00000000 00:00 0 
7f5f09dd1000-7f5f09dd2000 ---p 00000000 00:00 0 
7f5f09dd2000-7f5f09dd4000 rw-p 00000000 00:00 0 
7f5f09dd4000-7f5f09dd5000 r--p 00025000 08:01 4198774                    /lib/x86_64-linux-gnu/ld-2.23.so
7f5f09dd5000-7f5f09dd6000 rw-p 00026000 08:01 4198774                    /lib/x86_64-linux-gnu/ld-2.23.so
7f5f09dd6000-7f5f09dd7000 rw-p 00000000 00:00 0 
7ffce1329000-7ffce134b000 rw-p 00000000 00:00 0                          [stack]
7ffce137f000-7ffce1381000 r--p 00000000 00:00 0                          [vvar]
7ffce1381000-7ffce1383000 r-xp 00000000 00:00 0                          [vdso]
ffffffffff600000-ffffffffff601000 r-xp 00000000 00:00 0                  [vsyscall]

VM Arguments:
jvm_args: -Xmx8128m -Didea.launcher.port=7538 -Didea.launcher.bin.path=/home/cycle/programs/idea-IU-163.10154.41/bin -Dfile.encoding=UTF-8 
java_command: com.intellij.rt.execution.application.AppMain src.normalInput
java_class_path (initial): /lib/jvm/jdk1.8.0_111/jre/lib/charsets.jar:/lib/jvm/jdk1.8.0_111/jre/lib/deploy.jar:/lib/jvm/jdk1.8.0_111/jre/lib/ext/cldrdata.jar:/lib/jvm/jdk1.8.0_111/jre/lib/ext/dnsns.jar:/lib/jvm/jdk1.8.0_111/jre/lib/ext/jaccess.jar:/lib/jvm/jdk1.8.0_111/jre/lib/ext/jfxrt.jar:/lib/jvm/jdk1.8.0_111/jre/lib/ext/localedata.jar:/lib/jvm/jdk1.8.0_111/jre/lib/ext/nashorn.jar:/lib/jvm/jdk1.8.0_111/jre/lib/ext/sunec.jar:/lib/jvm/jdk1.8.0_111/jre/lib/ext/sunjce_provider.jar:/lib/jvm/jdk1.8.0_111/jre/lib/ext/sunpkcs11.jar:/lib/jvm/jdk1.8.0_111/jre/lib/ext/zipfs.jar:/lib/jvm/jdk1.8.0_111/jre/lib/javaws.jar:/lib/jvm/jdk1.8.0_111/jre/lib/jce.jar:/lib/jvm/jdk1.8.0_111/jre/lib/jfr.jar:/lib/jvm/jdk1.8.0_111/jre/lib/jfxswt.jar:/lib/jvm/jdk1.8.0_111/jre/lib/jsse.jar:/lib/jvm/jdk1.8.0_111/jre/lib/management-agent.jar:/lib/jvm/jdk1.8.0_111/jre/lib/plugin.jar:/lib/jvm/jdk1.8.0_111/jre/lib/resources.jar:/lib/jvm/jdk1.8.0_111/jre/lib/rt.jar:/home/cycle/workspace/wekaforecasting-new-features/target/classes:/home/cycle/wekafiles/timeseriesForecasting-1.0.24.jar:/home/cycle/wekafiles/rengine-weka-inject-classes.jar:/home/cycle/wekafiles/rplugin/pdm-RPlugin-ce-TRUNK-SNAPSHOT.jar:/home/cycle/wekafiles/multiLayerPerceptrons1.0.10/multiLayerPerceptrons.jar:/home/cycle/.m2/repository/org/jfree/jfreechart/1.0.19/jfreechart-1.0.19.jar:/home/cycle/.m2/repository/org/jfree/jcommon/1.0.23/jcommon-1.0.23.jar:/home/cycle/.m2/repository/com/github/fracpete/multisearch-weka-package/2016.6.7/multisearch-weka-package-2016.6.7.jar:/home/cycle/.m2/repository/nz/ac/waikato/cms/weka/weka-dev/3.9.1/weka-dev-3.9.1.jar:/home/cycle/.m2/repository/nz/ac/waikato/cms/weka/thirdparty/java-cup-11b/2015.03.26/java-cup-11b-2015.03.26.jar:/home/cycle/.m2/repository/nz/ac/waikato/cms/weka/thirdparty/java-cup-11b-runtime/2015.03.26/java-cup-11b-runtime-2015.03.26.jar:/home/cycle/.m2/repository/nz/ac/waikato/cms/weka/thirdparty/bounce/0.18/bounce-0.18.jar:/home/cycle/.m2/repository/com/googlecode/matrix-toolk
Launcher Type: SUN_STANDARD

Environment Variables:
PATH=/home/cycle/bin:/home/cycle/.local/bin:/usr/local/sbin:/usr/local/bin:/usr/sbin:/usr/bin:/sbin:/bin:/usr/games:/usr/local/games:/snap/bin
LD_LIBRARY_PATH=/home/cycle/programs/idea-IU-163.10154.41/bin:
SHELL=/bin/bash
DISPLAY=:0

Signal Handlers:
SIGSEGV: [libjvm.so+0xac64b0], sa_mask[0]=11111111011111111101111111111110, sa_flags=SA_RESTART|SA_SIGINFO
SIGBUS: [libjvm.so+0xac64b0], sa_mask[0]=11111111011111111101111111111110, sa_flags=SA_RESTART|SA_SIGINFO
SIGFPE: [libjvm.so+0x91f950], sa_mask[0]=11111111011111111101111111111110, sa_flags=SA_RESTART|SA_SIGINFO
SIGPIPE: [libjvm.so+0x91f950], sa_mask[0]=11111111011111111101111111111110, sa_flags=SA_RESTART|SA_SIGINFO
SIGXFSZ: [libjvm.so+0x91f950], sa_mask[0]=11111111011111111101111111111110, sa_flags=SA_RESTART|SA_SIGINFO
SIGILL: [libjvm.so+0x91f950], sa_mask[0]=11111111011111111101111111111110, sa_flags=SA_RESTART|SA_SIGINFO
SIGUSR1: SIG_DFL, sa_mask[0]=00000000000000000000000000000000, sa_flags=none
SIGUSR2: [libjvm.so+0x920f80], sa_mask[0]=00100000000000000000000000000000, sa_flags=SA_RESTART|SA_SIGINFO
SIGHUP: [libjvm.so+0x922380], sa_mask[0]=11111111011111111101111111111110, sa_flags=SA_RESTART|SA_SIGINFO
SIGINT: [libjvm.so+0x922380], sa_mask[0]=11111111011111111101111111111110, sa_flags=SA_RESTART|SA_SIGINFO
SIGTERM: [libjvm.so+0x922380], sa_mask[0]=11111111011111111101111111111110, sa_flags=SA_RESTART|SA_SIGINFO
SIGQUIT: [libjvm.so+0x922380], sa_mask[0]=11111111011111111101111111111110, sa_flags=SA_RESTART|SA_SIGINFO


---------------  S Y S T E M  ---------------

OS:DISTRIB_ID=Ubuntu
DISTRIB_RELEASE=16.04
DISTRIB_CODENAME=xenial
DISTRIB_DESCRIPTION="Ubuntu 16.04.1 LTS"

uname:Linux 4.4.0-59-generic #80-Ubuntu SMP Fri Jan 6 17:47:47 UTC 2017 x86_64
libc:glibc 2.23 NPTL 2.23 
rlimit: STACK 8192k, CORE 0k, NPROC 31299, NOFILE 65536, AS infinity
load average:3,71 1,45 1,15

/proc/meminfo:
MemTotal:        8057804 kB
MemFree:          142920 kB
MemAvailable:      42176 kB
Buffers:            1192 kB
Cached:           125556 kB
SwapCached:            0 kB
Active:          7572060 kB
Inactive:         111088 kB
Active(anon):    7559896 kB
Inactive(anon):    88736 kB
Active(file):      12164 kB
Inactive(file):    22352 kB
Unevictable:          32 kB
Mlocked:              32 kB
SwapTotal:             0 kB
SwapFree:              0 kB
Dirty:               924 kB
Writeback:             0 kB
AnonPages:       7541404 kB
Mapped:           144036 kB
Shmem:             91060 kB
Slab:              77892 kB
SReclaimable:      35892 kB
SUnreclaim:        42000 kB
KernelStack:       11264 kB
PageTables:        45492 kB
NFS_Unstable:          0 kB
Bounce:                0 kB
WritebackTmp:          0 kB
CommitLimit:     4028900 kB
Committed_AS:   12004524 kB
VmallocTotal:   34359738367 kB
VmallocUsed:           0 kB
VmallocChunk:          0 kB
HardwareCorrupted:     0 kB
AnonHugePages:   5105664 kB
CmaTotal:              0 kB
CmaFree:               0 kB
HugePages_Total:       0
HugePages_Free:        0
HugePages_Rsvd:        0
HugePages_Surp:        0
Hugepagesize:       2048 kB
DirectMap4k:      260072 kB
DirectMap2M:     8011776 kB


CPU:total 8 (4 cores per cpu, 2 threads per core) family 6 model 58 stepping 9, cmov, cx8, fxsr, mmx, sse, sse2, sse3, ssse3, sse4.1, sse4.2, popcnt, avx, aes, clmul, erms, ht, tsc, tscinvbit, tscinv

/proc/cpuinfo:
processor	: 0
vendor_id	: GenuineIntel
cpu family	: 6
model		: 58
model name	: Intel(R) Core(TM) i7-3630QM CPU @ 2.40GHz
stepping	: 9
microcode	: 0x15
cpu MHz		: 1200.468
cache size	: 6144 KB
physical id	: 0
siblings	: 8
core id		: 0
cpu cores	: 4
apicid		: 0
initial apicid	: 0
fpu		: yes
fpu_exception	: yes
cpuid level	: 13
wp		: yes
flags		: fpu vme de pse tsc msr pae mce cx8 apic sep mtrr pge mca cmov pat pse36 clflush dts acpi mmx fxsr sse sse2 ss ht tm pbe syscall nx rdtscp lm constant_tsc arch_perfmon pebs bts rep_good nopl xtopology nonstop_tsc aperfmperf eagerfpu pni pclmulqdq dtes64 monitor ds_cpl vmx est tm2 ssse3 cx16 xtpr pdcm pcid sse4_1 sse4_2 x2apic popcnt tsc_deadline_timer aes xsave avx f16c rdrand lahf_lm epb tpr_shadow vnmi flexpriority ept vpid fsgsbase smep erms xsaveopt dtherm ida arat pln pts
bugs		:
bogomips	: 4788.97
clflush size	: 64
cache_alignment	: 64
address sizes	: 36 bits physical, 48 bits virtual
power management:

processor	: 1
vendor_id	: GenuineIntel
cpu family	: 6
model		: 58
model name	: Intel(R) Core(TM) i7-3630QM CPU @ 2.40GHz
stepping	: 9
microcode	: 0x15
cpu MHz		: 1200.093
cache size	: 6144 KB
physical id	: 0
siblings	: 8
core id		: 1
cpu cores	: 4
apicid		: 2
initial apicid	: 2
fpu		: yes
fpu_exception	: yes
cpuid level	: 13
wp		: yes
flags		: fpu vme de pse tsc msr pae mce cx8 apic sep mtrr pge mca cmov pat pse36 clflush dts acpi mmx fxsr sse sse2 ss ht tm pbe syscall nx rdtscp lm constant_tsc arch_perfmon pebs bts rep_good nopl xtopology nonstop_tsc aperfmperf eagerfpu pni pclmulqdq dtes64 monitor ds_cpl vmx est tm2 ssse3 cx16 xtpr pdcm pcid sse4_1 sse4_2 x2apic popcnt tsc_deadline_timer aes xsave avx f16c rdrand lahf_lm epb tpr_shadow vnmi flexpriority ept vpid fsgsbase smep erms xsaveopt dtherm ida arat pln pts
bugs		:
bogomips	: 4788.97
clflush size	: 64
cache_alignment	: 64
address sizes	: 36 bits physical, 48 bits virtual
power management:

processor	: 2
vendor_id	: GenuineIntel
cpu family	: 6
model		: 58
model name	: Intel(R) Core(TM) i7-3630QM CPU @ 2.40GHz
stepping	: 9
microcode	: 0x15
cpu MHz		: 1275.937
cache size	: 6144 KB
physical id	: 0
siblings	: 8
core id		: 2
cpu cores	: 4
apicid		: 4
initial apicid	: 4
fpu		: yes
fpu_exception	: yes
cpuid level	: 13
wp		: yes
flags		: fpu vme de pse tsc msr pae mce cx8 apic sep mtrr pge mca cmov pat pse36 clflush dts acpi mmx fxsr sse sse2 ss ht tm pbe syscall nx rdtscp lm constant_tsc arch_perfmon pebs bts rep_good nopl xtopology nonstop_tsc aperfmperf eagerfpu pni pclmulqdq dtes64 monitor ds_cpl vmx est tm2 ssse3 cx16 xtpr pdcm pcid sse4_1 sse4_2 x2apic popcnt tsc_deadline_timer aes xsave avx f16c rdrand lahf_lm epb tpr_shadow vnmi flexpriority ept vpid fsgsbase smep erms xsaveopt dtherm ida arat pln pts
bugs		:
bogomips	: 4788.97
clflush size	: 64
cache_alignment	: 64
address sizes	: 36 bits physical, 48 bits virtual
power management:

processor	: 3
vendor_id	: GenuineIntel
cpu family	: 6
model		: 58
model name	: Intel(R) Core(TM) i7-3630QM CPU @ 2.40GHz
stepping	: 9
microcode	: 0x15
cpu MHz		: 1200.000
cache size	: 6144 KB
physical id	: 0
siblings	: 8
core id		: 3
cpu cores	: 4
apicid		: 6
initial apicid	: 6
fpu		: yes
fpu_exception	: yes
cpuid level	: 13
wp		: yes
flags		: fpu vme de pse tsc msr pae mce cx8 apic sep mtrr pge mca cmov pat pse36 clflush dts acpi mmx fxsr sse sse2 ss ht tm pbe syscall nx rdtscp lm constant_tsc arch_perfmon pebs bts rep_good nopl xtopology nonstop_tsc aperfmperf eagerfpu pni pclmulqdq dtes64 monitor ds_cpl vmx est tm2 ssse3 cx16 xtpr pdcm pcid sse4_1 sse4_2 x2apic popcnt tsc_deadline_timer aes xsave avx f16c rdrand lahf_lm epb tpr_shadow vnmi flexpriority ept vpid fsgsbase smep erms xsaveopt dtherm ida arat pln pts
bugs		:
bogomips	: 4788.97
clflush size	: 64
cache_alignment	: 64
address sizes	: 36 bits physical, 48 bits virtual
power management:

processor	: 4
vendor_id	: GenuineIntel
cpu family	: 6
model		: 58
model name	: Intel(R) Core(TM) i7-3630QM CPU @ 2.40GHz
stepping	: 9
microcode	: 0x15
cpu MHz		: 1199.156
cache size	: 6144 KB
physical id	: 0
siblings	: 8
core id		: 0
cpu cores	: 4
apicid		: 1
initial apicid	: 1
fpu		: yes
fpu_exception	: yes
cpuid level	: 13
wp		: yes
flags		: fpu vme de pse tsc msr pae mce cx8 apic sep mtrr pge mca cmov pat pse36 clflush dts acpi mmx fxsr sse sse2 ss ht tm pbe syscall nx rdtscp lm constant_tsc arch_perfmon pebs bts rep_good nopl xtopology nonstop_tsc aperfmperf eagerfpu pni pclmulqdq dtes64 monitor ds_cpl vmx est tm2 ssse3 cx16 xtpr pdcm pcid sse4_1 sse4_2 x2apic popcnt tsc_deadline_timer aes xsave avx f16c rdrand lahf_lm epb tpr_shadow vnmi flexpriority ept vpid fsgsbase smep erms xsaveopt dtherm ida arat pln pts
bugs		:
bogomips	: 4788.97
clflush size	: 64
cache_alignment	: 64
address sizes	: 36 bits physical, 48 bits virtual
power management:

processor	: 5
vendor_id	: GenuineIntel
cpu family	: 6
model		: 58
model name	: Intel(R) Core(TM) i7-3630QM CPU @ 2.40GHz
stepping	: 9
microcode	: 0x15
cpu MHz		: 1200.093
cache size	: 6144 KB
physical id	: 0
siblings	: 8
core id		: 1
cpu cores	: 4
apicid		: 3
initial apicid	: 3
fpu		: yes
fpu_exception	: yes
cpuid level	: 13
wp		: yes
flags		: fpu vme de pse tsc msr pae mce cx8 apic sep mtrr pge mca cmov pat pse36 clflush dts acpi mmx fxsr sse sse2 ss ht tm pbe syscall nx rdtscp lm constant_tsc arch_perfmon pebs bts rep_good nopl xtopology nonstop_tsc aperfmperf eagerfpu pni pclmulqdq dtes64 monitor ds_cpl vmx est tm2 ssse3 cx16 xtpr pdcm pcid sse4_1 sse4_2 x2apic popcnt tsc_deadline_timer aes xsave avx f16c rdrand lahf_lm epb tpr_shadow vnmi flexpriority ept vpid fsgsbase smep erms xsaveopt dtherm ida arat pln pts
bugs		:
bogomips	: 4788.97
clflush size	: 64
cache_alignment	: 64
address sizes	: 36 bits physical, 48 bits virtual
power management:

processor	: 6
vendor_id	: GenuineIntel
cpu family	: 6
model		: 58
model name	: Intel(R) Core(TM) i7-3630QM CPU @ 2.40GHz
stepping	: 9
microcode	: 0x15
cpu MHz		: 1200.093
cache size	: 6144 KB
physical id	: 0
siblings	: 8
core id		: 2
cpu cores	: 4
apicid		: 5
initial apicid	: 5
fpu		: yes
fpu_exception	: yes
cpuid level	: 13
wp		: yes
flags		: fpu vme de pse tsc msr pae mce cx8 apic sep mtrr pge mca cmov pat pse36 clflush dts acpi mmx fxsr sse sse2 ss ht tm pbe syscall nx rdtscp lm constant_tsc arch_perfmon pebs bts rep_good nopl xtopology nonstop_tsc aperfmperf eagerfpu pni pclmulqdq dtes64 monitor ds_cpl vmx est tm2 ssse3 cx16 xtpr pdcm pcid sse4_1 sse4_2 x2apic popcnt tsc_deadline_timer aes xsave avx f16c rdrand lahf_lm epb tpr_shadow vnmi flexpriority ept vpid fsgsbase smep erms xsaveopt dtherm ida arat pln pts
bugs		:
bogomips	: 4788.97
clflush size	: 64
cache_alignment	: 64
address sizes	: 36 bits physical, 48 bits virtual
power management:

processor	: 7
vendor_id	: GenuineIntel
cpu family	: 6
model		: 58
model name	: Intel(R) Core(TM) i7-3630QM CPU @ 2.40GHz
stepping	: 9
microcode	: 0x15
cpu MHz		: 1200.000
cache size	: 6144 KB
physical id	: 0
siblings	: 8
core id		: 3
cpu cores	: 4
apicid		: 7
initial apicid	: 7
fpu		: yes
fpu_exception	: yes
cpuid level	: 13
wp		: yes
flags		: fpu vme de pse tsc msr pae mce cx8 apic sep mtrr pge mca cmov pat pse36 clflush dts acpi mmx fxsr sse sse2 ss ht tm pbe syscall nx rdtscp lm constant_tsc arch_perfmon pebs bts rep_good nopl xtopology nonstop_tsc aperfmperf eagerfpu pni pclmulqdq dtes64 monitor ds_cpl vmx est tm2 ssse3 cx16 xtpr pdcm pcid sse4_1 sse4_2 x2apic popcnt tsc_deadline_timer aes xsave avx f16c rdrand lahf_lm epb tpr_shadow vnmi flexpriority ept vpid fsgsbase smep erms xsaveopt dtherm ida arat pln pts
bugs		:
bogomips	: 4788.97
clflush size	: 64
cache_alignment	: 64
address sizes	: 36 bits physical, 48 bits virtual
power management:



Memory: 4k page, physical 8057804k(142920k free), swap 0k(0k free)

vm_info: Java HotSpot(TM) 64-Bit Server VM (25.111-b14) for linux-amd64 JRE (1.8.0_111-b14), built on Sep 22 2016 16:14:03 by "java_re" with gcc 4.3.0 20080428 (Red Hat 4.3.0-8)

time: Tue Jan 24 23:34:37 2017
elapsed time: 23 seconds (0d 0h 0m 23s)

